<?xml version="1.0" encoding="UTF-8"?>
<testsuites name="GC_SmokeTest" time="108" tests="1" failures="0" errors="0">
   <testsuite name="GC_SmokeTest" tests="1" failures="0" errors="0" time="108" timestamp="2019-06-20 11:30:48" hostname="promantus inc - G10PROLT025" id="Test Suites/GC_SmokeTest">
      <properties>
         <property name="deviceName" value=""/>
         <property name="devicePlatform" value=""/>
         <property name="logFolder" value="H:\\Git Projects\\Usgbc_LeedOnline_ScoreCard\\Usgbc_LeedOnline_ScoreCard\\Reports\\GC_SmokeTest\\20190620_113041"/>
         <property name="logFiles" value="H:\\Git Projects\\Usgbc_LeedOnline_ScoreCard\\Usgbc_LeedOnline_ScoreCard\\Reports\\GC_SmokeTest\\20190620_113041\\execution0.log"/>
         <property name="attachments" value=""/>
         <property name="hostName" value="promantus inc - G10PROLT025"/>
         <property name="os" value="Windows 10 64bit"/>
         <property name="katalonVersion" value="6.1.3.3"/>
         <property name="browser" value="Chrome 74.0.3729.169"/>
         <property name="hostAddress" value="192.168.232.1"/>
         <property name="sessionId" value="238348d674f165925a9510ca7206f9df"/>
         <property name="seleniumVersion" value="3.7.1"/>
         <property name="proxyInformation" value="ProxyInformation{proxyOption=NO_PROXY, proxyServerType=HTTP, password=, proxyServerAddress=, proxyServerPort=0}"/>
         <property name="platform" value="Windows 10"/>
      </properties>
      <testcase name="Test Cases/GreenCleaning/TC_GC_CleaningProducts" classname="Test Cases/GreenCleaning/TC_GC_CleaningProducts" status="PASSED">
         <system-out><![CDATA[2019-06-20 11:30:48 - [TEST_CASE][PASSED] - Test Cases/GreenCleaning/TC_GC_CleaningProducts: Test Cases/GreenCleaning/TC_GC_CleaningProducts

2019-06-20 11:30:48 - [TEST_STEP][PASSED] - Start listener action : sampleBeforeTestCase: null

2019-06-20 11:30:48 - [TEST_STEP][PASSED] - openBrowser(""): Browser is opened with url: ''

2019-06-20 11:30:49 - [MESSAGE][INFO] - Starting 'Chrome' driver

2019-06-20 11:30:49 - [MESSAGE][INFO] - User set preference: ['args', '[--window-size=1920,1080]']

2019-06-20 11:30:49 - [MESSAGE][INFO] - Action delay is set to 0 seconds

2019-06-20 11:30:53 - [MESSAGE][PASSED] - Browser is opened with url: ''

2019-06-20 11:30:53 - [TEST_STEP][PASSED] - driver = getWebDriver(): null

2019-06-20 11:30:53 - [TEST_STEP][PASSED] - println("The driver is ########### " + driver): null

2019-06-20 11:30:53 - [TEST_STEP][PASSED] - downloadPath = "H:\Git Projects\Usgbc_LeedOnline_ScoreCard\Usgbc_LeedOnline_ScoreCard\Include\TestData\DownloadedFiles": null

2019-06-20 11:30:53 - [TEST_STEP][PASSED] - projectKeywords().sendCommandForDownloadChromeHeadLess(driver.getCommandExecutor(), driver.getSessionId(), downloadPath): null

2019-06-20 11:30:53 - [TEST_STEP][PASSED] - runWithCucumberRunner(greenCleaningForm.Runner_GC_CleaningProducts): Run with 'greenCleaningForm.Runner_GC_CleaningProducts' was passed

2019-06-20 11:30:55 - [TEST_CASE][PASSED] - Test Cases/GreenCleaning/TC_GC_Navigate: Test Cases/GreenCleaning/TC_GC_Navigate

2019-06-20 11:30:56 - [TEST_STEP][PASSED] - runWithCucumberRunner(greenCleaningForm.Runner_NavigationGC): Run with 'greenCleaningForm.Runner_NavigationGC' was passed

2019-06-20 11:30:56 - [TEST_CASE][PASSED] - Test Cases/Login/TC_Login: Test Cases/Login/TC_Login

2019-06-20 11:30:57 - [TEST_STEP][PASSED] - runWithCucumberRunner(common.Runner_Login): Run with 'common.Runner_Login' was passed

2019-06-20 11:30:59 - [MESSAGE][PASSED] - Navigate to 'https://leedonline-stg.usgbc.org' successfully

2019-06-20 11:31:01 - [MESSAGE][PASSED] - Delayed 2 second(s)

2019-06-20 11:31:01 - [MESSAGE][PASSED] - Text 'automationbdd1@gmail.com' is set on object 'Object Repository/Login/input_username'

2019-06-20 11:31:01 - [MESSAGE][PASSED] - Text 'initpass' is set on object 'Object Repository/Login/input_password'

2019-06-20 11:31:04 - [MESSAGE][PASSED] - Delayed 3 second(s)

2019-06-20 11:31:04 - [MESSAGE][PASSED] - Scroll to object 'Object Repository/Login/span_End User License Agreement' successfully

2019-06-20 11:31:04 - [MESSAGE][PASSED] - Object 'Object Repository/Login/span_End User License Agreement' is visible

2019-06-20 11:31:04 - [MESSAGE][PASSED] - Object 'Object Repository/Login/span_End User License Agreement' is checked

2019-06-20 11:31:05 - [MESSAGE][PASSED] - Delayed 1 second(s)

2019-06-20 11:31:06 - [MESSAGE][PASSED] - Object: 'Object Repository/Login/button_Log In' is clicked on

2019-06-20 11:31:10 - [MESSAGE][PASSED] - Object: '' is clicked on

2019-06-20 11:31:11 - [MESSAGE][PASSED] - Object: 'Object Repository/Login/a_Credits' is clicked on

2019-06-20 11:31:11 - [MESSAGE][PASSED] - Run with 'common.Runner_Login' was passed

2019-06-20 11:31:11 - [MESSAGE][PASSED] - Call Test Case 'Test Cases/Login/TC_Login' successfully

2019-06-20 11:31:12 - [MESSAGE][PASSED] - Scroll to object 'Object Repository/Green_Cleaning/Navigation/div_Green Cleaning' successfully

2019-06-20 11:31:12 - [MESSAGE][PASSED] - Object 'Object Repository/Green_Cleaning/Navigation/div_Green Cleaning' is present

2019-06-20 11:31:12 - [MESSAGE][PASSED] - Text of object 'Object Repository/Green_Cleaning/Navigation/h3_Status' is: 'ATTEMPTED'

2019-06-20 11:31:12 - [MESSAGE][PASSED] - Text of object 'Object Repository/Green_Cleaning/Navigation/divval' is: 'ATTEMPTED'

2019-06-20 11:31:12 - [MESSAGE][PASSED] - Text of object 'Object Repository/Green_Cleaning/Navigation/h3_Status' is: 'ATTEMPTED'

2019-06-20 11:31:12 - [MESSAGE][PASSED] - Object: 'Object Repository/Green_Cleaning/Navigation/div_Green Cleaning' is clicked on

2019-06-20 11:31:15 - [MESSAGE][PASSED] - Delayed 3 second(s)

2019-06-20 11:31:17 - [MESSAGE][PASSED] - Object: 'Object Repository/Green_Cleaning/Navigation/span_(V01)' is clicked on

2019-06-20 11:31:17 - [MESSAGE][PASSED] - Object 'Object Repository/Green_Cleaning/Navigation/div_GreenCleaningPolicyCreditLib' is present

2019-06-20 11:31:17 - [MESSAGE][PASSED] - Run with 'greenCleaningForm.Runner_NavigationGC' was passed

2019-06-20 11:31:17 - [MESSAGE][PASSED] - Call Test Case 'Test Cases/GreenCleaning/TC_GC_Navigate' successfully

2019-06-20 11:31:17 - [MESSAGE][PASSED] - Object 'Object Repository/Green_Cleaning/CleaningPrdctsMaterials_Opt4/input_option4' is present

2019-06-20 11:31:18 - [MESSAGE][PASSED] - Object: 'Object Repository/Green_Cleaning/CleaningPrdctsMaterials_Opt4/input_option4' is clicked on

2019-06-20 11:31:20 - [MESSAGE][PASSED] - Delayed 2 second(s)

2019-06-20 11:31:20 - [MESSAGE][PASSED] - Text 'Option 4: Cleaning products and materials' is present on page 

2019-06-20 11:31:20 - [MESSAGE][PASSED] - Scroll to object 'Object Repository/Green_Cleaning/Powered_Cleaning_Opt3/AddFile_UploadGC_Calc/p_GC_calculator' successfully

2019-06-20 11:31:20 - [MESSAGE][PASSED] - Object 'Object Repository/Green_Cleaning/Powered_Cleaning_Opt3/AddFile_UploadGC_Calc/p_GC_calculator' is present

2019-06-20 11:31:20 - [MESSAGE][PASSED] - Object 'Object Repository/Green_Cleaning/Powered_Cleaning_Opt3/AddFile_UploadGC_Calc/btn_GC_calculator' has attribute 'class' with value 'tiny ui button'

2019-06-20 11:31:20 - [MESSAGE][PASSED] - File 'H:\Git Projects\Usgbc_LeedOnline_ScoreCard\Usgbc_LeedOnline_ScoreCard\Include\TestData\MultipleFileDiffExt\SampleGIFImage_350kbmb.gif' sent to object: 'Object Repository/Green_Cleaning/Powered_Cleaning_Opt3/AddFile_UploadGC_Calc/input_GC_Calc'

2019-06-20 11:31:21 - [MESSAGE][PASSED] - Delayed 1 second(s)

2019-06-20 11:31:22 - [MESSAGE][PASSED] - Object 'Object Repository/Green_Cleaning/Powered_Cleaning_Opt3/AddFile_UploadGC_Calc/btn_GC_calculator' has attribute 'class' with value 'tiny ui button'

2019-06-20 11:31:22 - [MESSAGE][PASSED] - File 'H:\Git Projects\Usgbc_LeedOnline_ScoreCard\Usgbc_LeedOnline_ScoreCard\Include\TestData\MultipleFileDiffExt\SamplePPTFile_1000kb.ppt' sent to object: 'Object Repository/Green_Cleaning/Powered_Cleaning_Opt3/AddFile_UploadGC_Calc/input_GC_Calc'

2019-06-20 11:31:23 - [MESSAGE][PASSED] - Delayed 1 second(s)

2019-06-20 11:31:23 - [MESSAGE][PASSED] - Object 'Object Repository/Green_Cleaning/Powered_Cleaning_Opt3/AddFile_UploadGC_Calc/btn_GC_calculator' has attribute 'class' with value 'tiny ui button'

2019-06-20 11:31:23 - [MESSAGE][PASSED] - File 'H:\Git Projects\Usgbc_LeedOnline_ScoreCard\Usgbc_LeedOnline_ScoreCard\Include\TestData\MultipleFileDiffExt\ZZ.pdf' sent to object: 'Object Repository/Green_Cleaning/Powered_Cleaning_Opt3/AddFile_UploadGC_Calc/input_GC_Calc'

2019-06-20 11:31:24 - [MESSAGE][PASSED] - Delayed 1 second(s)

2019-06-20 11:31:24 - [MESSAGE][PASSED] - Object 'Object Repository/Green_Cleaning/CleaningPrdctsMaterials_Opt4/AddFile_Upload_executedContract/p_executedContract' is present

2019-06-20 11:31:25 - [MESSAGE][PASSED] - Scroll to object 'Object Repository/Green_Cleaning/CleaningPrdctsMaterials_Opt4/AddFile_Upload_executedContract/p_executedContract' successfully

2019-06-20 11:31:25 - [MESSAGE][PASSED] - Object 'Object Repository/Green_Cleaning/CleaningPrdctsMaterials_Opt4/AddFile_Upload_executedContract/Button_executedContract' has attribute 'class' with value 'tiny ui button'

2019-06-20 11:31:25 - [MESSAGE][PASSED] - File 'H:\Git Projects\Usgbc_LeedOnline_ScoreCard\Usgbc_LeedOnline_ScoreCard\Include\TestData\MultipleFileDiffExt\SampleGIFImage_350kbmb.gif' sent to object: 'Object Repository/Green_Cleaning/CleaningPrdctsMaterials_Opt4/AddFile_Upload_executedContract/input_executedContract'

2019-06-20 11:31:26 - [MESSAGE][PASSED] - Delayed 1 second(s)

2019-06-20 11:31:26 - [MESSAGE][PASSED] - Object 'Object Repository/Green_Cleaning/CleaningPrdctsMaterials_Opt4/AddFile_Upload_executedContract/Button_executedContract' has attribute 'class' with value 'tiny ui button'

2019-06-20 11:31:26 - [MESSAGE][PASSED] - File 'H:\Git Projects\Usgbc_LeedOnline_ScoreCard\Usgbc_LeedOnline_ScoreCard\Include\TestData\MultipleFileDiffExt\SamplePPTFile_1000kb.ppt' sent to object: 'Object Repository/Green_Cleaning/CleaningPrdctsMaterials_Opt4/AddFile_Upload_executedContract/input_executedContract'

2019-06-20 11:31:27 - [MESSAGE][PASSED] - Delayed 1 second(s)

2019-06-20 11:31:27 - [MESSAGE][PASSED] - Object 'Object Repository/Green_Cleaning/CleaningPrdctsMaterials_Opt4/AddFile_Upload_executedContract/Button_executedContract' has attribute 'class' with value 'tiny ui button'

2019-06-20 11:31:27 - [MESSAGE][PASSED] - File 'H:\Git Projects\Usgbc_LeedOnline_ScoreCard\Usgbc_LeedOnline_ScoreCard\Include\TestData\MultipleFileDiffExt\ZZ.pdf' sent to object: 'Object Repository/Green_Cleaning/CleaningPrdctsMaterials_Opt4/AddFile_Upload_executedContract/input_executedContract'

2019-06-20 11:31:28 - [MESSAGE][PASSED] - Delayed 1 second(s)

2019-06-20 11:31:28 - [MESSAGE][PASSED] - Object 'Object Repository/Green_Cleaning/CleaningPrdctsMaterials_Opt4/AddFile_Upload_MSDS/p_msds' is present

2019-06-20 11:31:28 - [MESSAGE][PASSED] - Scroll to object 'Object Repository/Green_Cleaning/CleaningPrdctsMaterials_Opt4/AddFile_Upload_MSDS/p_msds' successfully

2019-06-20 11:31:28 - [MESSAGE][PASSED] - Object 'Object Repository/Green_Cleaning/CleaningPrdctsMaterials_Opt4/AddFile_Upload_MSDS/Button_msds' has attribute 'class' with value 'tiny ui button'

2019-06-20 11:31:28 - [MESSAGE][PASSED] - File 'H:\Git Projects\Usgbc_LeedOnline_ScoreCard\Usgbc_LeedOnline_ScoreCard\Include\TestData\MultipleFileDiffExt\SampleGIFImage_350kbmb.gif' sent to object: 'Object Repository/Green_Cleaning/CleaningPrdctsMaterials_Opt4/AddFile_Upload_MSDS/input_MSDS'

2019-06-20 11:31:29 - [MESSAGE][PASSED] - Delayed 1 second(s)

2019-06-20 11:31:29 - [MESSAGE][PASSED] - Object 'Object Repository/Green_Cleaning/CleaningPrdctsMaterials_Opt4/AddFile_Upload_MSDS/Button_msds' has attribute 'class' with value 'tiny ui button'

2019-06-20 11:31:29 - [MESSAGE][PASSED] - File 'H:\Git Projects\Usgbc_LeedOnline_ScoreCard\Usgbc_LeedOnline_ScoreCard\Include\TestData\MultipleFileDiffExt\SamplePPTFile_1000kb.ppt' sent to object: 'Object Repository/Green_Cleaning/CleaningPrdctsMaterials_Opt4/AddFile_Upload_MSDS/input_MSDS'

2019-06-20 11:31:31 - [MESSAGE][PASSED] - Delayed 1 second(s)

2019-06-20 11:31:31 - [MESSAGE][PASSED] - Object 'Object Repository/Green_Cleaning/CleaningPrdctsMaterials_Opt4/AddFile_Upload_MSDS/Button_msds' has attribute 'class' with value 'tiny ui button'

2019-06-20 11:31:31 - [MESSAGE][PASSED] - File 'H:\Git Projects\Usgbc_LeedOnline_ScoreCard\Usgbc_LeedOnline_ScoreCard\Include\TestData\MultipleFileDiffExt\ZZ.pdf' sent to object: 'Object Repository/Green_Cleaning/CleaningPrdctsMaterials_Opt4/AddFile_Upload_MSDS/input_MSDS'

2019-06-20 11:31:32 - [MESSAGE][PASSED] - Delayed 1 second(s)

2019-06-20 11:31:32 - [MESSAGE][PASSED] - Object 'Object Repository/Green_Cleaning/CleaningPrdctsMaterials_Opt4/input_percentbycost' is present

2019-06-20 11:31:32 - [MESSAGE][PASSED] - Scroll to object 'Object Repository/Green_Cleaning/CleaningPrdctsMaterials_Opt4/input_percentbycost' successfully

2019-06-20 11:31:32 - [MESSAGE][PASSED] - Text '141' is set on object 'Object Repository/Green_Cleaning/CleaningPrdctsMaterials_Opt4/input_percentbycost'

2019-06-20 11:31:35 - [MESSAGE][PASSED] - Delayed 3 second(s)

2019-06-20 11:31:35 - [MESSAGE][PASSED] - Attribute 'value' of object 'Object Repository/Green_Cleaning/CleaningPrdctsMaterials_Opt4/input_percentbycost' is: '141'

2019-06-20 11:31:36 - [MESSAGE][PASSED] - Actual text '141' and expected text '141' are matched 

2019-06-20 11:31:36 - [MESSAGE][PASSED] - Object 'Object Repository/Green_Cleaning/CleaningPrdctsMaterials_Opt4/input_percent_cleaning_products' is present

2019-06-20 11:31:36 - [MESSAGE][PASSED] - Scroll to object 'Object Repository/Green_Cleaning/CleaningPrdctsMaterials_Opt4/input_percent_cleaning_products' successfully

2019-06-20 11:31:36 - [MESSAGE][PASSED] - Text '141' is set on object 'Object Repository/Green_Cleaning/CleaningPrdctsMaterials_Opt4/input_percent_cleaning_products'

2019-06-20 11:31:39 - [MESSAGE][PASSED] - Delayed 3 second(s)

2019-06-20 11:31:39 - [MESSAGE][PASSED] - Attribute 'value' of object 'Object Repository/Green_Cleaning/CleaningPrdctsMaterials_Opt4/input_percent_cleaning_products' is: '141'

2019-06-20 11:31:39 - [MESSAGE][PASSED] - Actual text '141' and expected text '141' are matched 

2019-06-20 11:31:49 - [MESSAGE][PASSED] - Delayed 10 second(s)

2019-06-20 11:31:49 - [MESSAGE][PASSED] - Scroll to object 'Object Repository/Green_Cleaning/button_Save' successfully

2019-06-20 11:31:49 - [MESSAGE][PASSED] - Object 'Object Repository/Green_Cleaning/button_Save' is visible

2019-06-20 11:31:49 - [MESSAGE][PASSED] - Object: 'Object Repository/Green_Cleaning/button_Save' is clicked on

2019-06-20 11:31:51 - [MESSAGE][PASSED] - Delayed 2 second(s)

2019-06-20 11:31:51 - [MESSAGE][PASSED] - Text 'Form data saved successfully.' is present on page 

2019-06-20 11:31:51 - [MESSAGE][PASSED] - Scroll to object 'Object Repository/Green_Cleaning/icon_pdf' successfully

2019-06-20 11:31:51 - [MESSAGE][PASSED] - Object 'Object Repository/Green_Cleaning/icon_pdf' is present

2019-06-20 11:31:56 - [MESSAGE][PASSED] - Delayed 5 second(s)

2019-06-20 11:31:57 - [MESSAGE][PASSED] - Object: 'Object Repository/Green_Cleaning/icon_pdf' is clicked on

2019-06-20 11:32:07 - [MESSAGE][PASSED] - Delayed 10 second(s)

2019-06-20 11:32:12 - [MESSAGE][PASSED] - Delayed 5 second(s)

2019-06-20 11:32:12 - [MESSAGE][PASSED] - Scroll to object 'Object Repository/Green_Cleaning/Powered_Cleaning_Opt3/AddFile_UploadGC_Calc/p_GC_calculator' successfully

2019-06-20 11:32:15 - [MESSAGE][PASSED] - Delayed 2 second(s)

2019-06-20 11:32:20 - [MESSAGE][PASSED] - Delayed 5 second(s)

2019-06-20 11:32:20 - [MESSAGE][PASSED] - Scroll to object 'Object Repository/Green_Cleaning/CleaningPrdctsMaterials_Opt4/AddFile_Upload_executedContract/p_executedContract' successfully

2019-06-20 11:32:22 - [MESSAGE][PASSED] - Delayed 2 second(s)

2019-06-20 11:32:27 - [MESSAGE][PASSED] - Delayed 5 second(s)

2019-06-20 11:32:27 - [MESSAGE][PASSED] - Scroll to object 'Object Repository/Green_Cleaning/CleaningPrdctsMaterials_Opt4/AddFile_Upload_MSDS/p_msds' successfully

2019-06-20 11:32:29 - [MESSAGE][PASSED] - Delayed 2 second(s)

2019-06-20 11:32:29 - [MESSAGE][PASSED] - Attribute 'value' of object 'Object Repository/Green_Cleaning/CleaningPrdctsMaterials_Opt4/input_percentbycost' is: '141'

2019-06-20 11:32:33 - [MESSAGE][PASSED] - Delayed 3 second(s)

2019-06-20 11:32:33 - [MESSAGE][PASSED] - Attribute 'value' of object 'Object Repository/Green_Cleaning/CleaningPrdctsMaterials_Opt4/input_percent_cleaning_products' is: '141'

2019-06-20 11:32:36 - [MESSAGE][PASSED] - Delayed 3 second(s)

2019-06-20 11:32:36 - [MESSAGE][PASSED] - Run with 'greenCleaningForm.Runner_GC_CleaningProducts' was passed

2019-06-20 11:32:36 - [TEST_STEP][PASSED] - Start listener action : sampleAfterTestCase: Browser is closed

2019-06-20 11:32:36 - [TEST_STEP][PASSED] - closeBrowser(): Browser is closed

2019-06-20 11:32:37 - [MESSAGE][PASSED] - Browser is closed]]></system-out>
         <system-err><![CDATA[]]></system-err>
      </testcase>
      <system-out><![CDATA[2019-06-20 11:30:48 - [TEST_SUITE][PASSED] - GC_SmokeTest: Test Cases/GreenCleaning/TC_GC_CleaningProducts]]></system-out>
      <system-err><![CDATA[]]></system-err>
   </testsuite>
</testsuites>
