<?xml version="1.0" encoding="UTF-8"?>
<testsuites name="IPM_SmokeTest" time="76" tests="1" failures="0" errors="0">
   <testsuite name="IPM_SmokeTest" tests="1" failures="0" errors="0" time="76" timestamp="2019-06-10 15:40:49" hostname="Promantus Inc - G10PROLT021" id="Test Suites/IPM_SmokeTest">
      <properties>
         <property name="deviceName" value=""/>
         <property name="devicePlatform" value=""/>
         <property name="logFolder" value="G:\\Sabareesh\\MyGitRepos\\Usgbc_LeedOnline_ScoreCard\\Usgbc_LeedOnline_ScoreCard\\Reports\\IPM_SmokeTest\\20190610_154045"/>
         <property name="logFiles" value="G:\\Sabareesh\\MyGitRepos\\Usgbc_LeedOnline_ScoreCard\\Usgbc_LeedOnline_ScoreCard\\Reports\\IPM_SmokeTest\\20190610_154045\\execution0.log"/>
         <property name="attachments" value=""/>
         <property name="hostName" value="Promantus Inc - G10PROLT021"/>
         <property name="os" value="Windows 10 64bit"/>
         <property name="katalonVersion" value="6.0.5.4"/>
         <property name="browser" value="Chrome 74.0.3729.169"/>
         <property name="hostAddress" value="192.168.1.100"/>
         <property name="sessionId" value="a95150210c9da610139a71b3d21ca795"/>
         <property name="seleniumVersion" value="3.7.1"/>
         <property name="proxyInformation" value="ProxyInformation{proxyOption=NO_PROXY, proxyServerType=HTTP, password=, proxyServerAddress=, proxyServerPort=0}"/>
         <property name="platform" value="Windows 10"/>
      </properties>
      <testcase name="Test Cases/IntegratedPestManagement/TC_Delete_Files_IPM_InHouse_Program" classname="Test Cases/IntegratedPestManagement/TC_Delete_Files_IPM_InHouse_Program" status="PASSED">
         <system-out><![CDATA[2019-06-10 15:40:49 - [TEST_CASE][PASSED] - Test Cases/IntegratedPestManagement/TC_Delete_Files_IPM_InHouse_Program: Test Cases/IntegratedPestManagement/TC_Delete_Files_IPM_InHouse_Program

2019-06-10 15:40:49 - [TEST_STEP][PASSED] - Start listener action : sampleBeforeTestCase: null

2019-06-10 15:40:49 - [TEST_STEP][PASSED] - openBrowser(""): Browser is opened with url: ''

2019-06-10 15:40:50 - [MESSAGE][INFO] - Starting 'Chrome' driver

2019-06-10 15:40:50 - [MESSAGE][INFO] - User set preference: ['args', '[--window-size=1920,1080]']

2019-06-10 15:40:50 - [MESSAGE][INFO] - Action delay is set to 0 seconds

2019-06-10 15:40:54 - [MESSAGE][PASSED] - Browser is opened with url: ''

2019-06-10 15:40:54 - [TEST_STEP][PASSED] - driver = getWebDriver(): null

2019-06-10 15:40:54 - [TEST_STEP][PASSED] - println("The driver is ########### " + driver): null

2019-06-10 15:40:54 - [TEST_STEP][PASSED] - downloadPath = "G:\Sabareesh\MyGitRepos\Usgbc_LeedOnline_ScoreCard\Usgbc_LeedOnline_ScoreCard\Include\TestData\DownloadedFiles": null

2019-06-10 15:40:54 - [TEST_STEP][PASSED] - projectKeywords().sendCommandForDownloadChromeHeadLess(driver.getCommandExecutor(), driver.getSessionId(), downloadPath): null

2019-06-10 15:40:55 - [TEST_STEP][PASSED] - runWithCucumberRunner(integratedPestMgmtForm.Runner_Delete_Files_IPM_InHouse_Program): Run with 'integratedPestMgmtForm.Runner_Delete_Files_IPM_InHouse_Program' was passed

2019-06-10 15:40:57 - [TEST_CASE][PASSED] - Test Cases/IntegratedPestManagement/TC_NavigateToIPM: Test Cases/IntegratedPestManagement/TC_NavigateToIPM

2019-06-10 15:40:58 - [TEST_STEP][PASSED] - runWithCucumberRunner(integratedPestMgmtForm.Runner_NavigateToIPM): Run with 'integratedPestMgmtForm.Runner_NavigateToIPM' was passed

2019-06-10 15:41:00 - [TEST_CASE][PASSED] - Test Cases/Login/TC_Login: Test Cases/Login/TC_Login

2019-06-10 15:41:00 - [TEST_STEP][PASSED] - runWithCucumberRunner(common.Runner_Login): Run with 'common.Runner_Login' was passed

2019-06-10 15:41:04 - [MESSAGE][PASSED] - Navigate to 'https://leedonline-stg.usgbc.org' successfully

2019-06-10 15:41:06 - [MESSAGE][PASSED] - Delayed 2 second(s)

2019-06-10 15:41:06 - [MESSAGE][PASSED] - Text 'jaypeejay@hotmail.com' is set on object 'Object Repository/Login/input_username'

2019-06-10 15:41:07 - [MESSAGE][PASSED] - Text 'initpass' is set on object 'Object Repository/Login/input_password'

2019-06-10 15:41:10 - [MESSAGE][PASSED] - Delayed 3 second(s)

2019-06-10 15:41:10 - [MESSAGE][PASSED] - Scroll to object 'Object Repository/Login/span_End User License Agreement' successfully

2019-06-10 15:41:10 - [MESSAGE][PASSED] - Object 'Object Repository/Login/span_End User License Agreement' is visible

2019-06-10 15:41:10 - [MESSAGE][PASSED] - Object 'Object Repository/Login/span_End User License Agreement' is checked

2019-06-10 15:41:11 - [MESSAGE][PASSED] - Delayed 1 second(s)

2019-06-10 15:41:11 - [MESSAGE][PASSED] - Object: 'Object Repository/Login/button_Log In' is clicked on

2019-06-10 15:41:18 - [MESSAGE][PASSED] - Object: '' is clicked on

2019-06-10 15:41:20 - [MESSAGE][PASSED] - Object: 'Object Repository/Login/a_Credits' is clicked on

2019-06-10 15:41:20 - [MESSAGE][PASSED] - Run with 'common.Runner_Login' was passed

2019-06-10 15:41:20 - [MESSAGE][PASSED] - Call Test Case 'Test Cases/Login/TC_Login' successfully

2019-06-10 15:41:21 - [MESSAGE][PASSED] - Scroll to object 'Object Repository/IntegratedPestMgmt/Navigation/div_Integrated Pest Management' successfully

2019-06-10 15:41:21 - [MESSAGE][PASSED] - Object 'Object Repository/IntegratedPestMgmt/Navigation/div_Integrated Pest Management' is present

2019-06-10 15:41:21 - [MESSAGE][PASSED] - Text of object 'Object Repository/IntegratedPestMgmt/Navigation/h3_Status' is: 'ATTEMPTED'

2019-06-10 15:41:21 - [MESSAGE][PASSED] - Text of object 'Object Repository/IntegratedPestMgmt/Navigation/h3_Status' is: 'ATTEMPTED'

2019-06-10 15:41:21 - [MESSAGE][PASSED] - Object: 'Object Repository/IntegratedPestMgmt/Navigation/div_Integrated Pest Management' is clicked on

2019-06-10 15:41:25 - [MESSAGE][PASSED] - Object: 'Object Repository/IntegratedPestMgmt/Navigation/a_Form (V01)' is clicked on

2019-06-10 15:41:25 - [MESSAGE][PASSED] - Object 'Object Repository/IntegratedPestMgmt/Navigation/div_IPMForm' is present

2019-06-10 15:41:25 - [MESSAGE][PASSED] - Run with 'integratedPestMgmtForm.Runner_NavigateToIPM' was passed

2019-06-10 15:41:25 - [MESSAGE][PASSED] - Call Test Case 'Test Cases/IntegratedPestManagement/TC_NavigateToIPM' successfully

2019-06-10 15:41:25 - [MESSAGE][PASSED] - Object: 'Object Repository/IntegratedPestMgmt/Option_IPMProgram/Input_Option1_RadioBtn' is clicked on

2019-06-10 15:41:27 - [MESSAGE][PASSED] - Delayed 2 second(s)

2019-06-10 15:41:27 - [MESSAGE][PASSED] - Scroll to object 'Object Repository/IntegratedPestMgmt/Option_IPMProgram/AddFile_IntegratedPestMngmnt/table_IntegratedPestMgmt' successfully

2019-06-10 15:41:28 - [MESSAGE][PASSED] - Object 'Object Repository/IntegratedPestMgmt/Option_IPMProgram/AddFile_IntegratedPestMngmnt/table_IntegratedPestMgmt' is present

2019-06-10 15:41:28 - [MESSAGE][PASSED] - Scroll to object 'Object Repository/IntegratedPestMgmt/Option_IPMProgram/AddFile_IntegratedPestMngmnt/p_IntegrartedPestMngnt' successfully

2019-06-10 15:41:29 - [MESSAGE][PASSED] - Delayed 1 second(s)

2019-06-10 15:41:29 - [MESSAGE][PASSED] - Object: '' is clicked on

2019-06-10 15:41:31 - [MESSAGE][PASSED] - Delayed 2 second(s)

2019-06-10 15:41:31 - [MESSAGE][PASSED] - Object: 'Object Repository/LightPollutionReduction/FixtureShielding/button_Yes' is clicked on

2019-06-10 15:41:32 - [MESSAGE][PASSED] - Delayed 1 second(s)

2019-06-10 15:41:32 - [MESSAGE][PASSED] - Object: '' is clicked on

2019-06-10 15:41:34 - [MESSAGE][PASSED] - Delayed 2 second(s)

2019-06-10 15:41:35 - [MESSAGE][PASSED] - Object: 'Object Repository/LightPollutionReduction/FixtureShielding/button_Yes' is clicked on

2019-06-10 15:41:36 - [MESSAGE][PASSED] - Delayed 1 second(s)

2019-06-10 15:41:36 - [MESSAGE][PASSED] - Object: '' is clicked on

2019-06-10 15:41:38 - [MESSAGE][PASSED] - Delayed 2 second(s)

2019-06-10 15:41:38 - [MESSAGE][PASSED] - Object: 'Object Repository/LightPollutionReduction/FixtureShielding/button_Yes' is clicked on

2019-06-10 15:41:40 - [MESSAGE][PASSED] - Delayed 2 second(s)

2019-06-10 15:41:40 - [MESSAGE][PASSED] - Web element with id: 'Object Repository/IntegratedPestMgmt/Option_IPMProgram/AddFile_IntegratedPestMngmnt/table_IntegratedPestMgmt' located by 'By.xpath: //*[@id="pestMangePlanDocs_files" or @id="contractDocs_files"]/table
' is not present after '30' second(s)

2019-06-10 15:41:40 - [MESSAGE][PASSED] - Scroll to object 'Object Repository/IntegratedPestMgmt/Option_IPMProgram/AddFile_Examples_Documentation/table_ExamplesDocs' successfully

2019-06-10 15:41:40 - [MESSAGE][PASSED] - Object 'Object Repository/IntegratedPestMgmt/Option_IPMProgram/AddFile_Examples_Documentation/table_ExamplesDocs' is present

2019-06-10 15:41:40 - [MESSAGE][PASSED] - Scroll to object 'Object Repository/IntegratedPestMgmt/Option_IPMProgram/AddFile_Examples_Documentation/p_AddFileDocumentation' successfully

2019-06-10 15:41:41 - [MESSAGE][PASSED] - Delayed 1 second(s)

2019-06-10 15:41:42 - [MESSAGE][PASSED] - Object: '' is clicked on

2019-06-10 15:41:44 - [MESSAGE][PASSED] - Delayed 2 second(s)

2019-06-10 15:41:44 - [MESSAGE][PASSED] - Object: 'Object Repository/LightPollutionReduction/FixtureShielding/button_Yes' is clicked on

2019-06-10 15:41:45 - [MESSAGE][PASSED] - Delayed 1 second(s)

2019-06-10 15:41:45 - [MESSAGE][PASSED] - Object: '' is clicked on

2019-06-10 15:41:47 - [MESSAGE][PASSED] - Delayed 2 second(s)

2019-06-10 15:41:47 - [MESSAGE][PASSED] - Object: 'Object Repository/LightPollutionReduction/FixtureShielding/button_Yes' is clicked on

2019-06-10 15:41:48 - [MESSAGE][PASSED] - Delayed 1 second(s)

2019-06-10 15:41:48 - [MESSAGE][PASSED] - Object: '' is clicked on

2019-06-10 15:41:50 - [MESSAGE][PASSED] - Delayed 2 second(s)

2019-06-10 15:41:50 - [MESSAGE][PASSED] - Object: 'Object Repository/LightPollutionReduction/FixtureShielding/button_Yes' is clicked on

2019-06-10 15:41:52 - [MESSAGE][PASSED] - Delayed 2 second(s)

2019-06-10 15:41:52 - [MESSAGE][PASSED] - Web element with id: 'Object Repository/IntegratedPestMgmt/Option_IPMProgram/AddFile_Examples_Documentation/table_ExamplesDocs' located by 'By.xpath: //*[@id="pestControlStrategiesDocs_files"]/table' is not present after '30' second(s)

2019-06-10 15:41:52 - [MESSAGE][PASSED] - Scroll to object 'Object Repository/IntegratedPestMgmt/Option_IPMProgram/AddFile_PestcideAppList/table_PesticideAppList' successfully

2019-06-10 15:41:53 - [MESSAGE][PASSED] - Object 'Object Repository/IntegratedPestMgmt/Option_IPMProgram/AddFile_PestcideAppList/table_PesticideAppList' is present

2019-06-10 15:41:53 - [MESSAGE][PASSED] - Scroll to object 'Object Repository/IntegratedPestMgmt/Option_IPMProgram/AddFile_PestcideAppList/p_Pesticide_AddFile' successfully

2019-06-10 15:41:54 - [MESSAGE][PASSED] - Delayed 1 second(s)

2019-06-10 15:41:54 - [MESSAGE][PASSED] - Object: '' is clicked on

2019-06-10 15:41:56 - [MESSAGE][PASSED] - Delayed 2 second(s)

2019-06-10 15:41:56 - [MESSAGE][PASSED] - Object: 'Object Repository/LightPollutionReduction/FixtureShielding/button_Yes' is clicked on

2019-06-10 15:41:57 - [MESSAGE][PASSED] - Delayed 1 second(s)

2019-06-10 15:41:57 - [MESSAGE][PASSED] - Object: '' is clicked on

2019-06-10 15:41:59 - [MESSAGE][PASSED] - Delayed 2 second(s)

2019-06-10 15:41:59 - [MESSAGE][PASSED] - Object: 'Object Repository/LightPollutionReduction/FixtureShielding/button_Yes' is clicked on

2019-06-10 15:42:00 - [MESSAGE][PASSED] - Delayed 1 second(s)

2019-06-10 15:42:00 - [MESSAGE][PASSED] - Object: '' is clicked on

2019-06-10 15:42:02 - [MESSAGE][PASSED] - Delayed 2 second(s)

2019-06-10 15:42:03 - [MESSAGE][PASSED] - Object: 'Object Repository/LightPollutionReduction/FixtureShielding/button_Yes' is clicked on

2019-06-10 15:42:05 - [MESSAGE][PASSED] - Delayed 2 second(s)

2019-06-10 15:42:05 - [MESSAGE][PASSED] - Web element with id: 'Object Repository/IntegratedPestMgmt/Option_IPMProgram/AddFile_PestcideAppList/table_PesticideAppList' located by 'By.xpath: //*[@id="pesticideAppList_files" or @id="contractorCertDocs_files"]/table' is not present after '30' second(s)

2019-06-10 15:42:05 - [MESSAGE][PASSED] - Run with 'integratedPestMgmtForm.Runner_Delete_Files_IPM_InHouse_Program' was passed

2019-06-10 15:42:05 - [TEST_STEP][PASSED] - Start listener action : sampleAfterTestCase: Browser is closed

2019-06-10 15:42:05 - [TEST_STEP][PASSED] - closeBrowser(): Browser is closed

2019-06-10 15:42:06 - [MESSAGE][PASSED] - Browser is closed]]></system-out>
         <system-err><![CDATA[]]></system-err>
      </testcase>
      <system-out><![CDATA[2019-06-10 15:40:49 - [TEST_SUITE][PASSED] - IPM_SmokeTest: Test Cases/IntegratedPestManagement/TC_Delete_Files_IPM_InHouse_Program]]></system-out>
      <system-err><![CDATA[]]></system-err>
   </testsuite>
</testsuites>
