<?xml version="1.0" encoding="UTF-8"?>
<testsuites name="GC_SmokeTest" time="237" tests="4" failures="0" errors="0">
   <testsuite name="GC_SmokeTest" tests="4" failures="0" errors="0" time="237" timestamp="2019-06-19 19:03:22" hostname="promantus inc - G10PROLT025" id="Test Suites/GC_SmokeTest">
      <properties>
         <property name="deviceName" value=""/>
         <property name="devicePlatform" value=""/>
         <property name="logFolder" value="H:\\Git Projects\\Usgbc_LeedOnline_ScoreCard\\Usgbc_LeedOnline_ScoreCard\\Reports\\GC_SmokeTest\\20190619_190314"/>
         <property name="logFiles" value="H:\\Git Projects\\Usgbc_LeedOnline_ScoreCard\\Usgbc_LeedOnline_ScoreCard\\Reports\\GC_SmokeTest\\20190619_190314\\execution0.log"/>
         <property name="attachments" value=""/>
         <property name="hostName" value="promantus inc - G10PROLT025"/>
         <property name="os" value="Windows 10 64bit"/>
         <property name="katalonVersion" value="6.1.3.3"/>
         <property name="browser" value="Chrome 74.0.3729.169"/>
         <property name="hostAddress" value="192.168.232.1"/>
         <property name="sessionId" value="31e7c0de9b7fb1c3be394b5f226d1b8b"/>
         <property name="seleniumVersion" value="3.7.1"/>
         <property name="proxyInformation" value="ProxyInformation{proxyOption=NO_PROXY, proxyServerType=HTTP, password=, proxyServerAddress=, proxyServerPort=0}"/>
         <property name="platform" value="Windows 10"/>
      </properties>
      <testcase name="Test Cases/GreenCleaning/TC_GC_PoweredCleaning" classname="Test Cases/GreenCleaning/TC_GC_PoweredCleaning" status="PASSED">
         <system-out><![CDATA[2019-06-19 19:03:23 - [TEST_CASE][PASSED] - Test Cases/GreenCleaning/TC_GC_PoweredCleaning: Test Cases/GreenCleaning/TC_GC_PoweredCleaning

2019-06-19 19:03:23 - [TEST_STEP][PASSED] - Start listener action : sampleBeforeTestCase: null

2019-06-19 19:03:23 - [TEST_STEP][PASSED] - openBrowser(""): Browser is opened with url: ''

2019-06-19 19:03:23 - [MESSAGE][INFO] - Starting 'Chrome' driver

2019-06-19 19:03:23 - [MESSAGE][INFO] - User set preference: ['args', '[--window-size=1920,1080]']

2019-06-19 19:03:23 - [MESSAGE][INFO] - Action delay is set to 0 seconds

2019-06-19 19:03:27 - [MESSAGE][PASSED] - Browser is opened with url: ''

2019-06-19 19:03:27 - [TEST_STEP][PASSED] - driver = getWebDriver(): null

2019-06-19 19:03:27 - [TEST_STEP][PASSED] - println("The driver is ########### " + driver): null

2019-06-19 19:03:27 - [TEST_STEP][PASSED] - downloadPath = "H:\Git Projects\Usgbc_LeedOnline_ScoreCard\Usgbc_LeedOnline_ScoreCard\Include\TestData\DownloadedFiles": null

2019-06-19 19:03:27 - [TEST_STEP][PASSED] - projectKeywords().sendCommandForDownloadChromeHeadLess(driver.getCommandExecutor(), driver.getSessionId(), downloadPath): null

2019-06-19 19:03:28 - [TEST_STEP][PASSED] - runWithCucumberRunner(greenCleaningForm.Runner_GC_PoweredCleaning): Run with 'greenCleaningForm.Runner_GC_PoweredCleaning' was passed

2019-06-19 19:03:31 - [TEST_CASE][PASSED] - Test Cases/GreenCleaning/TC_GC_Navigate: Test Cases/GreenCleaning/TC_GC_Navigate

2019-06-19 19:03:31 - [TEST_STEP][PASSED] - runWithCucumberRunner(greenCleaningForm.Runner_NavigationGC): Run with 'greenCleaningForm.Runner_NavigationGC' was passed

2019-06-19 19:03:31 - [TEST_CASE][PASSED] - Test Cases/Login/TC_Login: Test Cases/Login/TC_Login

2019-06-19 19:03:32 - [TEST_STEP][PASSED] - runWithCucumberRunner(common.Runner_Login): Run with 'common.Runner_Login' was passed

2019-06-19 19:03:34 - [MESSAGE][PASSED] - Navigate to 'https://leedonline-stg.usgbc.org' successfully

2019-06-19 19:03:36 - [MESSAGE][PASSED] - Delayed 2 second(s)

2019-06-19 19:03:37 - [MESSAGE][PASSED] - Text 'automationbdd1@gmail.com' is set on object 'Object Repository/Login/input_username'

2019-06-19 19:03:37 - [MESSAGE][PASSED] - Text 'initpass' is set on object 'Object Repository/Login/input_password'

2019-06-19 19:03:40 - [MESSAGE][PASSED] - Delayed 3 second(s)

2019-06-19 19:03:40 - [MESSAGE][PASSED] - Scroll to object 'Object Repository/Login/span_End User License Agreement' successfully

2019-06-19 19:03:40 - [MESSAGE][PASSED] - Object 'Object Repository/Login/span_End User License Agreement' is visible

2019-06-19 19:03:40 - [MESSAGE][PASSED] - Object 'Object Repository/Login/span_End User License Agreement' is checked

2019-06-19 19:03:41 - [MESSAGE][PASSED] - Delayed 1 second(s)

2019-06-19 19:03:41 - [MESSAGE][PASSED] - Object: 'Object Repository/Login/button_Log In' is clicked on

2019-06-19 19:03:46 - [MESSAGE][PASSED] - Object: '' is clicked on

2019-06-19 19:03:48 - [MESSAGE][PASSED] - Object: 'Object Repository/Login/a_Credits' is clicked on

2019-06-19 19:03:48 - [MESSAGE][PASSED] - Run with 'common.Runner_Login' was passed

2019-06-19 19:03:48 - [MESSAGE][PASSED] - Call Test Case 'Test Cases/Login/TC_Login' successfully

2019-06-19 19:03:48 - [MESSAGE][PASSED] - Scroll to object 'Object Repository/Green_Cleaning/Navigation/div_Green Cleaning' successfully

2019-06-19 19:03:48 - [MESSAGE][PASSED] - Object 'Object Repository/Green_Cleaning/Navigation/div_Green Cleaning' is present

2019-06-19 19:03:48 - [MESSAGE][PASSED] - Text of object 'Object Repository/Green_Cleaning/Navigation/h3_Status' is: 'ATTEMPTED'

2019-06-19 19:03:48 - [MESSAGE][PASSED] - Text of object 'Object Repository/Green_Cleaning/Navigation/divval' is: 'ATTEMPTED'

2019-06-19 19:03:48 - [MESSAGE][PASSED] - Text of object 'Object Repository/Green_Cleaning/Navigation/h3_Status' is: 'ATTEMPTED'

2019-06-19 19:03:48 - [MESSAGE][PASSED] - Object: 'Object Repository/Green_Cleaning/Navigation/div_Green Cleaning' is clicked on

2019-06-19 19:03:51 - [MESSAGE][PASSED] - Delayed 3 second(s)

2019-06-19 19:03:55 - [MESSAGE][PASSED] - Object: 'Object Repository/Green_Cleaning/Navigation/span_(V01)' is clicked on

2019-06-19 19:03:55 - [MESSAGE][PASSED] - Object 'Object Repository/Green_Cleaning/Navigation/div_GreenCleaningPolicyCreditLib' is present

2019-06-19 19:03:55 - [MESSAGE][PASSED] - Run with 'greenCleaningForm.Runner_NavigationGC' was passed

2019-06-19 19:03:55 - [MESSAGE][PASSED] - Call Test Case 'Test Cases/GreenCleaning/TC_GC_Navigate' successfully

2019-06-19 19:03:55 - [MESSAGE][PASSED] - Object 'Object Repository/Green_Cleaning/Powered_Cleaning_Opt3/input_option3' is present

2019-06-19 19:03:55 - [MESSAGE][PASSED] - Object: 'Object Repository/Green_Cleaning/Powered_Cleaning_Opt3/input_option3' is clicked on

2019-06-19 19:03:57 - [MESSAGE][PASSED] - Delayed 2 second(s)

2019-06-19 19:03:57 - [MESSAGE][PASSED] - Text 'Option 3. Powered cleaning equipment' is present on page 

2019-06-19 19:03:57 - [MESSAGE][PASSED] - Scroll to object 'Object Repository/Green_Cleaning/Powered_Cleaning_Opt3/AddFile_UploadGC_Calc/p_GC_calculator' successfully

2019-06-19 19:03:58 - [MESSAGE][PASSED] - Object 'Object Repository/Green_Cleaning/Powered_Cleaning_Opt3/AddFile_UploadGC_Calc/p_GC_calculator' is present

2019-06-19 19:03:58 - [MESSAGE][PASSED] - Object 'Object Repository/Green_Cleaning/Powered_Cleaning_Opt3/AddFile_UploadGC_Calc/btn_GC_calculator' has attribute 'class' with value 'tiny ui button'

2019-06-19 19:03:58 - [MESSAGE][PASSED] - File 'H:\Git Projects\Usgbc_LeedOnline_ScoreCard\Usgbc_LeedOnline_ScoreCard\Include\TestData\MultipleFileDiffExt\SampleGIFImage_350kbmb.gif' sent to object: 'Object Repository/Green_Cleaning/Powered_Cleaning_Opt3/AddFile_UploadGC_Calc/input_GC_Calc'

2019-06-19 19:03:59 - [MESSAGE][PASSED] - Delayed 1 second(s)

2019-06-19 19:04:00 - [MESSAGE][PASSED] - Object 'Object Repository/Green_Cleaning/Powered_Cleaning_Opt3/AddFile_UploadGC_Calc/btn_GC_calculator' has attribute 'class' with value 'tiny ui button'

2019-06-19 19:04:00 - [MESSAGE][PASSED] - File 'H:\Git Projects\Usgbc_LeedOnline_ScoreCard\Usgbc_LeedOnline_ScoreCard\Include\TestData\MultipleFileDiffExt\SamplePPTFile_1000kb.ppt' sent to object: 'Object Repository/Green_Cleaning/Powered_Cleaning_Opt3/AddFile_UploadGC_Calc/input_GC_Calc'

2019-06-19 19:04:01 - [MESSAGE][PASSED] - Delayed 1 second(s)

2019-06-19 19:04:01 - [MESSAGE][PASSED] - Object 'Object Repository/Green_Cleaning/Powered_Cleaning_Opt3/AddFile_UploadGC_Calc/btn_GC_calculator' has attribute 'class' with value 'tiny ui button'

2019-06-19 19:04:01 - [MESSAGE][PASSED] - File 'H:\Git Projects\Usgbc_LeedOnline_ScoreCard\Usgbc_LeedOnline_ScoreCard\Include\TestData\MultipleFileDiffExt\ZZ.pdf' sent to object: 'Object Repository/Green_Cleaning/Powered_Cleaning_Opt3/AddFile_UploadGC_Calc/input_GC_Calc'

2019-06-19 19:04:02 - [MESSAGE][PASSED] - Delayed 1 second(s)

2019-06-19 19:04:03 - [MESSAGE][PASSED] - Scroll to object 'Object Repository/Green_Cleaning/Powered_Cleaning_Opt3/input_Percent by cost' successfully

2019-06-19 19:04:03 - [MESSAGE][PASSED] - Object 'Object Repository/Green_Cleaning/Powered_Cleaning_Opt3/input_Percent by cost' is present

2019-06-19 19:04:03 - [MESSAGE][PASSED] - Text '141' is set on object 'Object Repository/Green_Cleaning/Powered_Cleaning_Opt3/input_Percent by cost'

2019-06-19 19:04:06 - [MESSAGE][PASSED] - Delayed 3 second(s)

2019-06-19 19:04:06 - [MESSAGE][PASSED] - Attribute 'value' of object 'Object Repository/Green_Cleaning/Powered_Cleaning_Opt3/input_Percent by cost' is: '141'

2019-06-19 19:04:06 - [MESSAGE][PASSED] - Actual text '141' and expected text '141' are matched 

2019-06-19 19:04:16 - [MESSAGE][PASSED] - Delayed 10 second(s)

2019-06-19 19:04:16 - [MESSAGE][PASSED] - Scroll to object 'Object Repository/Green_Cleaning/button_Save' successfully

2019-06-19 19:04:16 - [MESSAGE][PASSED] - Object 'Object Repository/Green_Cleaning/button_Save' is visible

2019-06-19 19:04:16 - [MESSAGE][PASSED] - Object: 'Object Repository/Green_Cleaning/button_Save' is clicked on

2019-06-19 19:04:18 - [MESSAGE][PASSED] - Delayed 2 second(s)

2019-06-19 19:04:19 - [MESSAGE][PASSED] - Text 'Form data saved successfully.' is present on page 

2019-06-19 19:04:19 - [MESSAGE][PASSED] - Scroll to object 'Object Repository/Green_Cleaning/icon_pdf' successfully

2019-06-19 19:04:19 - [MESSAGE][PASSED] - Object 'Object Repository/Green_Cleaning/icon_pdf' is present

2019-06-19 19:04:24 - [MESSAGE][PASSED] - Delayed 5 second(s)

2019-06-19 19:04:24 - [MESSAGE][PASSED] - Object: 'Object Repository/Green_Cleaning/icon_pdf' is clicked on

2019-06-19 19:04:34 - [MESSAGE][PASSED] - Delayed 10 second(s)

2019-06-19 19:04:40 - [MESSAGE][PASSED] - Delayed 5 second(s)

2019-06-19 19:04:40 - [MESSAGE][PASSED] - Scroll to object 'Object Repository/Green_Cleaning/Powered_Cleaning_Opt3/AddFile_UploadGC_Calc/p_GC_calculator' successfully

2019-06-19 19:04:42 - [MESSAGE][PASSED] - Delayed 2 second(s)

2019-06-19 19:04:43 - [MESSAGE][PASSED] - Attribute 'value' of object 'Object Repository/Green_Cleaning/Powered_Cleaning_Opt3/input_Percent by cost' is: '141'

2019-06-19 19:04:46 - [MESSAGE][PASSED] - Delayed 3 second(s)

2019-06-19 19:04:46 - [MESSAGE][PASSED] - Run with 'greenCleaningForm.Runner_GC_PoweredCleaning' was passed

2019-06-19 19:04:46 - [TEST_STEP][PASSED] - Start listener action : sampleAfterTestCase: Browser is closed

2019-06-19 19:04:46 - [TEST_STEP][PASSED] - closeBrowser(): Browser is closed

2019-06-19 19:04:47 - [MESSAGE][PASSED] - Browser is closed]]></system-out>
         <system-err><![CDATA[]]></system-err>
      </testcase>
      <testcase name="Test Cases/GreenCleaning/TC_GC_VerifyUploadedFiles_PoweredCleaning" classname="Test Cases/GreenCleaning/TC_GC_VerifyUploadedFiles_PoweredCleaning" status="PASSED">
         <system-out><![CDATA[2019-06-19 19:04:47 - [TEST_CASE][PASSED] - Test Cases/GreenCleaning/TC_GC_VerifyUploadedFiles_PoweredCleaning: Test Cases/GreenCleaning/TC_GC_VerifyUploadedFiles_PoweredCleaning

2019-06-19 19:04:47 - [TEST_STEP][PASSED] - Start listener action : sampleBeforeTestCase: null

2019-06-19 19:04:47 - [TEST_STEP][PASSED] - openBrowser(""): Browser is opened with url: ''

2019-06-19 19:04:47 - [MESSAGE][INFO] - Starting 'Chrome' driver

2019-06-19 19:04:47 - [MESSAGE][INFO] - User set preference: ['args', '[--window-size=1920,1080]']

2019-06-19 19:04:49 - [MESSAGE][PASSED] - Browser is opened with url: ''

2019-06-19 19:04:49 - [TEST_STEP][PASSED] - driver = getWebDriver(): null

2019-06-19 19:04:49 - [TEST_STEP][PASSED] - println("The driver is ########### " + driver): null

2019-06-19 19:04:49 - [TEST_STEP][PASSED] - downloadPath = "H:\Git Projects\Usgbc_LeedOnline_ScoreCard\Usgbc_LeedOnline_ScoreCard\Include\TestData\DownloadedFiles": null

2019-06-19 19:04:49 - [TEST_STEP][PASSED] - projectKeywords().sendCommandForDownloadChromeHeadLess(driver.getCommandExecutor(), driver.getSessionId(), downloadPath): null

2019-06-19 19:04:50 - [TEST_STEP][PASSED] - runWithCucumberRunner(greenCleaningForm.Runner_GC_VerifyUploadedFiles_PoweredCleaning): Run with 'greenCleaningForm.Runner_GC_VerifyUploadedFiles_PoweredCleaning' was passed

2019-06-19 19:04:50 - [TEST_CASE][PASSED] - Test Cases/GreenCleaning/TC_GC_Navigate: Test Cases/GreenCleaning/TC_GC_Navigate

2019-06-19 19:04:50 - [TEST_STEP][PASSED] - runWithCucumberRunner(greenCleaningForm.Runner_NavigationGC): Run with 'greenCleaningForm.Runner_NavigationGC' was passed

2019-06-19 19:04:51 - [TEST_CASE][PASSED] - Test Cases/Login/TC_Login: Test Cases/Login/TC_Login

2019-06-19 19:04:51 - [TEST_STEP][PASSED] - runWithCucumberRunner(common.Runner_Login): Run with 'common.Runner_Login' was passed

2019-06-19 19:04:54 - [MESSAGE][PASSED] - Navigate to 'https://leedonline-stg.usgbc.org' successfully

2019-06-19 19:04:56 - [MESSAGE][PASSED] - Delayed 2 second(s)

2019-06-19 19:04:56 - [MESSAGE][PASSED] - Text 'automationbdd1@gmail.com' is set on object 'Object Repository/Login/input_username'

2019-06-19 19:04:56 - [MESSAGE][PASSED] - Text 'initpass' is set on object 'Object Repository/Login/input_password'

2019-06-19 19:04:59 - [MESSAGE][PASSED] - Delayed 3 second(s)

2019-06-19 19:04:59 - [MESSAGE][PASSED] - Scroll to object 'Object Repository/Login/span_End User License Agreement' successfully

2019-06-19 19:04:59 - [MESSAGE][PASSED] - Object 'Object Repository/Login/span_End User License Agreement' is visible

2019-06-19 19:04:59 - [MESSAGE][PASSED] - Object 'Object Repository/Login/span_End User License Agreement' is checked

2019-06-19 19:05:00 - [MESSAGE][PASSED] - Delayed 1 second(s)

2019-06-19 19:05:00 - [MESSAGE][PASSED] - Object: 'Object Repository/Login/button_Log In' is clicked on

2019-06-19 19:05:05 - [MESSAGE][PASSED] - Object: '' is clicked on

2019-06-19 19:05:07 - [MESSAGE][PASSED] - Object: 'Object Repository/Login/a_Credits' is clicked on

2019-06-19 19:05:07 - [MESSAGE][PASSED] - Run with 'common.Runner_Login' was passed

2019-06-19 19:05:07 - [MESSAGE][PASSED] - Call Test Case 'Test Cases/Login/TC_Login' successfully

2019-06-19 19:05:07 - [MESSAGE][PASSED] - Scroll to object 'Object Repository/Green_Cleaning/Navigation/div_Green Cleaning' successfully

2019-06-19 19:05:07 - [MESSAGE][PASSED] - Object 'Object Repository/Green_Cleaning/Navigation/div_Green Cleaning' is present

2019-06-19 19:05:07 - [MESSAGE][PASSED] - Text of object 'Object Repository/Green_Cleaning/Navigation/h3_Status' is: 'ATTEMPTED'

2019-06-19 19:05:07 - [MESSAGE][PASSED] - Text of object 'Object Repository/Green_Cleaning/Navigation/divval' is: 'ATTEMPTED'

2019-06-19 19:05:07 - [MESSAGE][PASSED] - Text of object 'Object Repository/Green_Cleaning/Navigation/h3_Status' is: 'ATTEMPTED'

2019-06-19 19:05:07 - [MESSAGE][PASSED] - Object: 'Object Repository/Green_Cleaning/Navigation/div_Green Cleaning' is clicked on

2019-06-19 19:05:10 - [MESSAGE][PASSED] - Delayed 3 second(s)

2019-06-19 19:05:13 - [MESSAGE][PASSED] - Object: 'Object Repository/Green_Cleaning/Navigation/span_(V01)' is clicked on

2019-06-19 19:05:14 - [MESSAGE][PASSED] - Object 'Object Repository/Green_Cleaning/Navigation/div_GreenCleaningPolicyCreditLib' is present

2019-06-19 19:05:14 - [MESSAGE][PASSED] - Run with 'greenCleaningForm.Runner_NavigationGC' was passed

2019-06-19 19:05:14 - [MESSAGE][PASSED] - Call Test Case 'Test Cases/GreenCleaning/TC_GC_Navigate' successfully

2019-06-19 19:05:14 - [MESSAGE][PASSED] - Scroll to object 'Object Repository/Green_Cleaning/Powered_Cleaning_Opt3/AddFile_UploadGC_Calc/Table_GC_Calc' successfully

2019-06-19 19:05:14 - [MESSAGE][PASSED] - Object 'Object Repository/Green_Cleaning/Powered_Cleaning_Opt3/AddFile_UploadGC_Calc/Table_GC_Calc' is present

2019-06-19 19:05:14 - [MESSAGE][PASSED] - Text of object '' is: 'SampleGIFImage_350kbmb.gif'

2019-06-19 19:05:14 - [MESSAGE][PASSED] - SampleGIFImage_350kbmb.gif is equal to SampleGIFImage_350kbmb.gif

2019-06-19 19:05:14 - [MESSAGE][PASSED] - Actual text 'SampleGIFImage_350kbmb.gif' and expected text 'SampleGIFImage_350kbmb.gif' are matched 

2019-06-19 19:05:14 - [MESSAGE][PASSED] - Text of object '' is: 'SamplePPTFile_1000kb.ppt'

2019-06-19 19:05:14 - [MESSAGE][PASSED] - SamplePPTFile_1000kb.ppt is equal to SamplePPTFile_1000kb.ppt

2019-06-19 19:05:14 - [MESSAGE][PASSED] - Actual text 'SamplePPTFile_1000kb.ppt' and expected text 'SamplePPTFile_1000kb.ppt' are matched 

2019-06-19 19:05:14 - [MESSAGE][PASSED] - Text of object '' is: 'ZZ.pdf'

2019-06-19 19:05:15 - [MESSAGE][PASSED] - ZZ.pdf is equal to ZZ.pdf

2019-06-19 19:05:15 - [MESSAGE][PASSED] - Actual text 'ZZ.pdf' and expected text 'ZZ.pdf' are matched 

2019-06-19 19:05:15 - [MESSAGE][PASSED] - Run with 'greenCleaningForm.Runner_GC_VerifyUploadedFiles_PoweredCleaning' was passed

2019-06-19 19:05:15 - [TEST_STEP][PASSED] - Start listener action : sampleAfterTestCase: Browser is closed

2019-06-19 19:05:15 - [TEST_STEP][PASSED] - closeBrowser(): Browser is closed

2019-06-19 19:05:16 - [MESSAGE][PASSED] - Browser is closed]]></system-out>
         <system-err><![CDATA[]]></system-err>
      </testcase>
      <testcase name="Test Cases/GreenCleaning/TC_GC_DownloadFiles_PoweredCleaning" classname="Test Cases/GreenCleaning/TC_GC_DownloadFiles_PoweredCleaning" status="PASSED">
         <system-out><![CDATA[2019-06-19 19:05:16 - [TEST_CASE][PASSED] - Test Cases/GreenCleaning/TC_GC_DownloadFiles_PoweredCleaning: Test Cases/GreenCleaning/TC_GC_DownloadFiles_PoweredCleaning

2019-06-19 19:05:16 - [TEST_STEP][PASSED] - Start listener action : sampleBeforeTestCase: null

2019-06-19 19:05:16 - [TEST_STEP][PASSED] - openBrowser(""): Browser is opened with url: ''

2019-06-19 19:05:16 - [MESSAGE][INFO] - Starting 'Chrome' driver

2019-06-19 19:05:16 - [MESSAGE][INFO] - User set preference: ['args', '[--window-size=1920,1080]']

2019-06-19 19:05:18 - [MESSAGE][PASSED] - Browser is opened with url: ''

2019-06-19 19:05:18 - [TEST_STEP][PASSED] - driver = getWebDriver(): null

2019-06-19 19:05:18 - [TEST_STEP][PASSED] - println("The driver is ########### " + driver): null

2019-06-19 19:05:18 - [TEST_STEP][PASSED] - downloadPath = "H:\Git Projects\Usgbc_LeedOnline_ScoreCard\Usgbc_LeedOnline_ScoreCard\Include\TestData\DownloadedFiles": null

2019-06-19 19:05:18 - [TEST_STEP][PASSED] - projectKeywords().sendCommandForDownloadChromeHeadLess(driver.getCommandExecutor(), driver.getSessionId(), downloadPath): null

2019-06-19 19:05:18 - [TEST_STEP][PASSED] - runWithCucumberRunner(greenCleaningForm.Runner_GC_DownloadFiles_PoweredCleaning): Run with 'greenCleaningForm.Runner_GC_DownloadFiles_PoweredCleaning' was passed

2019-06-19 19:05:19 - [TEST_CASE][PASSED] - Test Cases/GreenCleaning/TC_GC_Navigate: Test Cases/GreenCleaning/TC_GC_Navigate

2019-06-19 19:05:19 - [TEST_STEP][PASSED] - runWithCucumberRunner(greenCleaningForm.Runner_NavigationGC): Run with 'greenCleaningForm.Runner_NavigationGC' was passed

2019-06-19 19:05:20 - [TEST_CASE][PASSED] - Test Cases/Login/TC_Login: Test Cases/Login/TC_Login

2019-06-19 19:05:20 - [TEST_STEP][PASSED] - runWithCucumberRunner(common.Runner_Login): Run with 'common.Runner_Login' was passed

2019-06-19 19:05:22 - [MESSAGE][PASSED] - Navigate to 'https://leedonline-stg.usgbc.org' successfully

2019-06-19 19:05:24 - [MESSAGE][PASSED] - Delayed 2 second(s)

2019-06-19 19:05:25 - [MESSAGE][PASSED] - Text 'automationbdd1@gmail.com' is set on object 'Object Repository/Login/input_username'

2019-06-19 19:05:25 - [MESSAGE][PASSED] - Text 'initpass' is set on object 'Object Repository/Login/input_password'

2019-06-19 19:05:28 - [MESSAGE][PASSED] - Delayed 3 second(s)

2019-06-19 19:05:28 - [MESSAGE][PASSED] - Scroll to object 'Object Repository/Login/span_End User License Agreement' successfully

2019-06-19 19:05:28 - [MESSAGE][PASSED] - Object 'Object Repository/Login/span_End User License Agreement' is visible

2019-06-19 19:05:28 - [MESSAGE][PASSED] - Object 'Object Repository/Login/span_End User License Agreement' is checked

2019-06-19 19:05:29 - [MESSAGE][PASSED] - Delayed 1 second(s)

2019-06-19 19:05:29 - [MESSAGE][PASSED] - Object: 'Object Repository/Login/button_Log In' is clicked on

2019-06-19 19:05:34 - [MESSAGE][PASSED] - Object: '' is clicked on

2019-06-19 19:05:35 - [MESSAGE][PASSED] - Object: 'Object Repository/Login/a_Credits' is clicked on

2019-06-19 19:05:35 - [MESSAGE][PASSED] - Run with 'common.Runner_Login' was passed

2019-06-19 19:05:35 - [MESSAGE][PASSED] - Call Test Case 'Test Cases/Login/TC_Login' successfully

2019-06-19 19:05:35 - [MESSAGE][PASSED] - Scroll to object 'Object Repository/Green_Cleaning/Navigation/div_Green Cleaning' successfully

2019-06-19 19:05:35 - [MESSAGE][PASSED] - Object 'Object Repository/Green_Cleaning/Navigation/div_Green Cleaning' is present

2019-06-19 19:05:35 - [MESSAGE][PASSED] - Text of object 'Object Repository/Green_Cleaning/Navigation/h3_Status' is: 'ATTEMPTED'

2019-06-19 19:05:35 - [MESSAGE][PASSED] - Text of object 'Object Repository/Green_Cleaning/Navigation/divval' is: 'ATTEMPTED'

2019-06-19 19:05:35 - [MESSAGE][PASSED] - Text of object 'Object Repository/Green_Cleaning/Navigation/h3_Status' is: 'ATTEMPTED'

2019-06-19 19:05:36 - [MESSAGE][PASSED] - Object: 'Object Repository/Green_Cleaning/Navigation/div_Green Cleaning' is clicked on

2019-06-19 19:05:39 - [MESSAGE][PASSED] - Delayed 3 second(s)

2019-06-19 19:05:41 - [MESSAGE][PASSED] - Object: 'Object Repository/Green_Cleaning/Navigation/span_(V01)' is clicked on

2019-06-19 19:05:41 - [MESSAGE][PASSED] - Object 'Object Repository/Green_Cleaning/Navigation/div_GreenCleaningPolicyCreditLib' is present

2019-06-19 19:05:41 - [MESSAGE][PASSED] - Run with 'greenCleaningForm.Runner_NavigationGC' was passed

2019-06-19 19:05:41 - [MESSAGE][PASSED] - Call Test Case 'Test Cases/GreenCleaning/TC_GC_Navigate' successfully

2019-06-19 19:05:41 - [MESSAGE][PASSED] - Scroll to object 'Object Repository/Green_Cleaning/Powered_Cleaning_Opt3/AddFile_UploadGC_Calc/Table_GC_Calc' successfully

2019-06-19 19:05:42 - [MESSAGE][PASSED] - Object 'Object Repository/Green_Cleaning/Powered_Cleaning_Opt3/AddFile_UploadGC_Calc/Table_GC_Calc' is present

2019-06-19 19:05:42 - [MESSAGE][PASSED] - Scroll to object 'Object Repository/Green_Cleaning/Powered_Cleaning_Opt3/AddFile_UploadGC_Calc/p_GC_calculator' successfully

2019-06-19 19:05:44 - [MESSAGE][PASSED] - Delayed 2 second(s)

2019-06-19 19:05:44 - [MESSAGE][PASSED] - Object: 'Object Repository/Green_Cleaning/Powered_Cleaning_Opt3/AddFile_UploadGC_Calc/p_GC_calculator' is hovered

2019-06-19 19:05:44 - [MESSAGE][PASSED] - Object: '' is clicked on

2019-06-19 19:05:44 - [MESSAGE][PASSED] - Text of object '' is: 'ZZ.pdf'

2019-06-19 19:05:54 - [MESSAGE][PASSED] - Delayed 10 second(s)

2019-06-19 19:05:54 - [MESSAGE][PASSED] - Object: 'Object Repository/Green_Cleaning/Powered_Cleaning_Opt3/AddFile_UploadGC_Calc/p_GC_calculator' is hovered

2019-06-19 19:05:56 - [MESSAGE][PASSED] - Delayed 2 second(s)

2019-06-19 19:05:58 - [MESSAGE][PASSED] - Delayed 2 second(s)

2019-06-19 19:05:58 - [MESSAGE][PASSED] - Object: 'Object Repository/Green_Cleaning/Powered_Cleaning_Opt3/AddFile_UploadGC_Calc/p_GC_calculator' is hovered

2019-06-19 19:05:59 - [MESSAGE][PASSED] - Object: '' is clicked on

2019-06-19 19:05:59 - [MESSAGE][PASSED] - Text of object '' is: 'SamplePPTFile_1000kb.ppt'

2019-06-19 19:06:09 - [MESSAGE][PASSED] - Delayed 10 second(s)

2019-06-19 19:06:09 - [MESSAGE][PASSED] - Object: 'Object Repository/Green_Cleaning/Powered_Cleaning_Opt3/AddFile_UploadGC_Calc/p_GC_calculator' is hovered

2019-06-19 19:06:11 - [MESSAGE][PASSED] - Delayed 2 second(s)

2019-06-19 19:06:13 - [MESSAGE][PASSED] - Delayed 2 second(s)

2019-06-19 19:06:13 - [MESSAGE][PASSED] - Object: 'Object Repository/Green_Cleaning/Powered_Cleaning_Opt3/AddFile_UploadGC_Calc/p_GC_calculator' is hovered

2019-06-19 19:06:13 - [MESSAGE][PASSED] - Object: '' is clicked on

2019-06-19 19:06:13 - [MESSAGE][PASSED] - Text of object '' is: 'SampleGIFImage_350kbmb.gif'

2019-06-19 19:06:23 - [MESSAGE][PASSED] - Delayed 10 second(s)

2019-06-19 19:06:23 - [MESSAGE][PASSED] - Object: 'Object Repository/Green_Cleaning/Powered_Cleaning_Opt3/AddFile_UploadGC_Calc/p_GC_calculator' is hovered

2019-06-19 19:06:25 - [MESSAGE][PASSED] - Delayed 2 second(s)

2019-06-19 19:06:28 - [MESSAGE][PASSED] - Delayed 3 second(s)

2019-06-19 19:06:30 - [MESSAGE][PASSED] - Delayed 2 second(s)

2019-06-19 19:06:32 - [MESSAGE][PASSED] - Delayed 1 second(s)

2019-06-19 19:06:32 - [MESSAGE][PASSED] - SampleGIFImage_350kbmb.gif exist in H:/Git Projects/Usgbc_LeedOnline_ScoreCard/Usgbc_LeedOnline_ScoreCard/Include/TestData/DownloadedFiles and was deleted

2019-06-19 19:06:32 - [MESSAGE][PASSED] - 

2019-06-19 19:06:32 - [MESSAGE][PASSED] - Actual text 'SampleGIFImage_350kbmb.gif' and expected text 'SampleGIFImage_350kbmb.gif' are matched 

2019-06-19 19:06:34 - [MESSAGE][PASSED] - Delayed 2 second(s)

2019-06-19 19:06:35 - [MESSAGE][PASSED] - Delayed 1 second(s)

2019-06-19 19:06:35 - [MESSAGE][PASSED] - SamplePPTFile_1000kb.ppt exist in H:/Git Projects/Usgbc_LeedOnline_ScoreCard/Usgbc_LeedOnline_ScoreCard/Include/TestData/DownloadedFiles and was deleted

2019-06-19 19:06:35 - [MESSAGE][PASSED] - 

2019-06-19 19:06:35 - [MESSAGE][PASSED] - Actual text 'SamplePPTFile_1000kb.ppt' and expected text 'SamplePPTFile_1000kb.ppt' are matched 

2019-06-19 19:06:37 - [MESSAGE][PASSED] - Delayed 2 second(s)

2019-06-19 19:06:38 - [MESSAGE][PASSED] - Delayed 1 second(s)

2019-06-19 19:06:38 - [MESSAGE][PASSED] - ZZ.pdf exist in H:/Git Projects/Usgbc_LeedOnline_ScoreCard/Usgbc_LeedOnline_ScoreCard/Include/TestData/DownloadedFiles and was deleted

2019-06-19 19:06:38 - [MESSAGE][PASSED] - 

2019-06-19 19:06:38 - [MESSAGE][PASSED] - Actual text 'ZZ.pdf' and expected text 'ZZ.pdf' are matched 

2019-06-19 19:06:38 - [MESSAGE][PASSED] - Run with 'greenCleaningForm.Runner_GC_DownloadFiles_PoweredCleaning' was passed

2019-06-19 19:06:38 - [TEST_STEP][PASSED] - Start listener action : sampleAfterTestCase: Browser is closed

2019-06-19 19:06:38 - [TEST_STEP][PASSED] - closeBrowser(): Browser is closed

2019-06-19 19:06:39 - [MESSAGE][PASSED] - Browser is closed]]></system-out>
         <system-err><![CDATA[]]></system-err>
      </testcase>
      <testcase name="Test Cases/GreenCleaning/TC_GC_DeleteUploadedFiles_PoweredCleaning" classname="Test Cases/GreenCleaning/TC_GC_DeleteUploadedFiles_PoweredCleaning" status="PASSED">
         <system-out><![CDATA[2019-06-19 19:06:39 - [TEST_CASE][PASSED] - Test Cases/GreenCleaning/TC_GC_DeleteUploadedFiles_PoweredCleaning: Test Cases/GreenCleaning/TC_GC_DeleteUploadedFiles_PoweredCleaning

2019-06-19 19:06:39 - [TEST_STEP][PASSED] - Start listener action : sampleBeforeTestCase: null

2019-06-19 19:06:39 - [TEST_STEP][PASSED] - openBrowser(""): Browser is opened with url: ''

2019-06-19 19:06:39 - [MESSAGE][INFO] - Starting 'Chrome' driver

2019-06-19 19:06:39 - [MESSAGE][INFO] - User set preference: ['args', '[--window-size=1920,1080]']

2019-06-19 19:06:41 - [MESSAGE][PASSED] - Browser is opened with url: ''

2019-06-19 19:06:41 - [TEST_STEP][PASSED] - driver = getWebDriver(): null

2019-06-19 19:06:41 - [TEST_STEP][PASSED] - println("The driver is ########### " + driver): null

2019-06-19 19:06:41 - [TEST_STEP][PASSED] - downloadPath = "H:\Git Projects\Usgbc_LeedOnline_ScoreCard\Usgbc_LeedOnline_ScoreCard\Include\TestData\DownloadedFiles": null

2019-06-19 19:06:41 - [TEST_STEP][PASSED] - projectKeywords().sendCommandForDownloadChromeHeadLess(driver.getCommandExecutor(), driver.getSessionId(), downloadPath): null

2019-06-19 19:06:42 - [TEST_STEP][PASSED] - runWithCucumberRunner(greenCleaningForm.Runner_GC_DeleteUploadedFiles_PoweredCleaning): Run with 'greenCleaningForm.Runner_GC_DeleteUploadedFiles_PoweredCleaning' was passed

2019-06-19 19:06:42 - [TEST_CASE][PASSED] - Test Cases/GreenCleaning/TC_GC_Navigate: Test Cases/GreenCleaning/TC_GC_Navigate

2019-06-19 19:06:42 - [TEST_STEP][PASSED] - runWithCucumberRunner(greenCleaningForm.Runner_NavigationGC): Run with 'greenCleaningForm.Runner_NavigationGC' was passed

2019-06-19 19:06:43 - [TEST_CASE][PASSED] - Test Cases/Login/TC_Login: Test Cases/Login/TC_Login

2019-06-19 19:06:43 - [TEST_STEP][PASSED] - runWithCucumberRunner(common.Runner_Login): Run with 'common.Runner_Login' was passed

2019-06-19 19:06:47 - [MESSAGE][PASSED] - Navigate to 'https://leedonline-stg.usgbc.org' successfully

2019-06-19 19:06:49 - [MESSAGE][PASSED] - Delayed 2 second(s)

2019-06-19 19:06:50 - [MESSAGE][PASSED] - Text 'automationbdd1@gmail.com' is set on object 'Object Repository/Login/input_username'

2019-06-19 19:06:50 - [MESSAGE][PASSED] - Text 'initpass' is set on object 'Object Repository/Login/input_password'

2019-06-19 19:06:53 - [MESSAGE][PASSED] - Delayed 3 second(s)

2019-06-19 19:06:53 - [MESSAGE][PASSED] - Scroll to object 'Object Repository/Login/span_End User License Agreement' successfully

2019-06-19 19:06:53 - [MESSAGE][PASSED] - Object 'Object Repository/Login/span_End User License Agreement' is visible

2019-06-19 19:06:53 - [MESSAGE][PASSED] - Object 'Object Repository/Login/span_End User License Agreement' is checked

2019-06-19 19:06:54 - [MESSAGE][PASSED] - Delayed 1 second(s)

2019-06-19 19:06:54 - [MESSAGE][PASSED] - Object: 'Object Repository/Login/button_Log In' is clicked on

2019-06-19 19:06:58 - [MESSAGE][PASSED] - Object: '' is clicked on

2019-06-19 19:07:00 - [MESSAGE][PASSED] - Object: 'Object Repository/Login/a_Credits' is clicked on

2019-06-19 19:07:00 - [MESSAGE][PASSED] - Run with 'common.Runner_Login' was passed

2019-06-19 19:07:00 - [MESSAGE][PASSED] - Call Test Case 'Test Cases/Login/TC_Login' successfully

2019-06-19 19:07:00 - [MESSAGE][PASSED] - Scroll to object 'Object Repository/Green_Cleaning/Navigation/div_Green Cleaning' successfully

2019-06-19 19:07:00 - [MESSAGE][PASSED] - Object 'Object Repository/Green_Cleaning/Navigation/div_Green Cleaning' is present

2019-06-19 19:07:00 - [MESSAGE][PASSED] - Text of object 'Object Repository/Green_Cleaning/Navigation/h3_Status' is: 'ATTEMPTED'

2019-06-19 19:07:00 - [MESSAGE][PASSED] - Text of object 'Object Repository/Green_Cleaning/Navigation/divval' is: 'ATTEMPTED'

2019-06-19 19:07:00 - [MESSAGE][PASSED] - Text of object 'Object Repository/Green_Cleaning/Navigation/h3_Status' is: 'ATTEMPTED'

2019-06-19 19:07:01 - [MESSAGE][PASSED] - Object: 'Object Repository/Green_Cleaning/Navigation/div_Green Cleaning' is clicked on

2019-06-19 19:07:04 - [MESSAGE][PASSED] - Delayed 3 second(s)

2019-06-19 19:07:06 - [MESSAGE][PASSED] - Object: 'Object Repository/Green_Cleaning/Navigation/span_(V01)' is clicked on

2019-06-19 19:07:06 - [MESSAGE][PASSED] - Object 'Object Repository/Green_Cleaning/Navigation/div_GreenCleaningPolicyCreditLib' is present

2019-06-19 19:07:06 - [MESSAGE][PASSED] - Run with 'greenCleaningForm.Runner_NavigationGC' was passed

2019-06-19 19:07:06 - [MESSAGE][PASSED] - Call Test Case 'Test Cases/GreenCleaning/TC_GC_Navigate' successfully

2019-06-19 19:07:07 - [MESSAGE][PASSED] - Scroll to object 'Object Repository/Green_Cleaning/Powered_Cleaning_Opt3/AddFile_UploadGC_Calc/Table_GC_Calc' successfully

2019-06-19 19:07:07 - [MESSAGE][PASSED] - Object 'Object Repository/Green_Cleaning/Powered_Cleaning_Opt3/AddFile_UploadGC_Calc/Table_GC_Calc' is present

2019-06-19 19:07:07 - [MESSAGE][PASSED] - Scroll to object 'Object Repository/Green_Cleaning/Powered_Cleaning_Opt3/AddFile_UploadGC_Calc/p_GC_calculator' successfully

2019-06-19 19:07:08 - [MESSAGE][PASSED] - Delayed 1 second(s)

2019-06-19 19:07:08 - [MESSAGE][PASSED] - Object: '' is clicked on

2019-06-19 19:07:10 - [MESSAGE][PASSED] - Delayed 2 second(s)

2019-06-19 19:07:10 - [MESSAGE][PASSED] - Object: 'Object Repository/LightPollutionReduction/FixtureShielding/button_Yes' is clicked on

2019-06-19 19:07:11 - [MESSAGE][PASSED] - Delayed 1 second(s)

2019-06-19 19:07:11 - [MESSAGE][PASSED] - Object: '' is clicked on

2019-06-19 19:07:13 - [MESSAGE][PASSED] - Delayed 2 second(s)

2019-06-19 19:07:14 - [MESSAGE][PASSED] - Object: 'Object Repository/LightPollutionReduction/FixtureShielding/button_Yes' is clicked on

2019-06-19 19:07:15 - [MESSAGE][PASSED] - Delayed 1 second(s)

2019-06-19 19:07:15 - [MESSAGE][PASSED] - Object: '' is clicked on

2019-06-19 19:07:17 - [MESSAGE][PASSED] - Delayed 2 second(s)

2019-06-19 19:07:17 - [MESSAGE][PASSED] - Object: 'Object Repository/LightPollutionReduction/FixtureShielding/button_Yes' is clicked on

2019-06-19 19:07:19 - [MESSAGE][PASSED] - Delayed 2 second(s)

2019-06-19 19:07:19 - [MESSAGE][PASSED] - Web element with id: 'Object Repository/Green_Cleaning/Powered_Cleaning_Opt3/AddFile_UploadGC_Calc/Table_GC_Calc' located by 'By.xpath: //*[@id='esPlanDocs_files' or @id='pceCalculatorDocs_files' or @id='cpmCalculatorDocs_files']/table' is not present after '30' second(s)

2019-06-19 19:07:19 - [MESSAGE][PASSED] - Run with 'greenCleaningForm.Runner_GC_DeleteUploadedFiles_PoweredCleaning' was passed

2019-06-19 19:07:19 - [TEST_STEP][PASSED] - Start listener action : sampleAfterTestCase: Browser is closed

2019-06-19 19:07:19 - [TEST_STEP][PASSED] - closeBrowser(): Browser is closed

2019-06-19 19:07:20 - [MESSAGE][PASSED] - Browser is closed]]></system-out>
         <system-err><![CDATA[]]></system-err>
      </testcase>
      <system-out><![CDATA[2019-06-19 19:03:22 - [TEST_SUITE][PASSED] - GC_SmokeTest: Test Cases/GreenCleaning/TC_GC_DeleteUploadedFiles_PoweredCleaning]]></system-out>
      <system-err><![CDATA[]]></system-err>
   </testsuite>
</testsuites>
