<?xml version="1.0" encoding="UTF-8"?>
<testsuites name="GC_SmokeTest" time="289" tests="4" failures="0" errors="0">
   <testsuite name="GC_SmokeTest" tests="4" failures="0" errors="0" time="289" timestamp="2019-06-19 18:57:42" hostname="promantus inc - G10PROLT025" id="Test Suites/GC_SmokeTest">
      <properties>
         <property name="deviceName" value=""/>
         <property name="devicePlatform" value=""/>
         <property name="logFolder" value="H:\\Git Projects\\Usgbc_LeedOnline_ScoreCard\\Usgbc_LeedOnline_ScoreCard\\Reports\\GC_SmokeTest\\20190619_185734"/>
         <property name="logFiles" value="H:\\Git Projects\\Usgbc_LeedOnline_ScoreCard\\Usgbc_LeedOnline_ScoreCard\\Reports\\GC_SmokeTest\\20190619_185734\\execution0.log"/>
         <property name="attachments" value=""/>
         <property name="hostName" value="promantus inc - G10PROLT025"/>
         <property name="os" value="Windows 10 64bit"/>
         <property name="katalonVersion" value="6.1.3.3"/>
         <property name="browser" value="Chrome 74.0.3729.169"/>
         <property name="hostAddress" value="192.168.232.1"/>
         <property name="sessionId" value="37e70a3678d1638503fab8dc7f42faaa"/>
         <property name="seleniumVersion" value="3.7.1"/>
         <property name="proxyInformation" value="ProxyInformation{proxyOption=NO_PROXY, proxyServerType=HTTP, password=, proxyServerAddress=, proxyServerPort=0}"/>
         <property name="platform" value="Windows 10"/>
      </properties>
      <testcase name="Test Cases/GreenCleaning/TC_GC_EntrywaySystems" classname="Test Cases/GreenCleaning/TC_GC_EntrywaySystems" status="PASSED">
         <system-out><![CDATA[2019-06-19 18:57:42 - [TEST_CASE][PASSED] - Test Cases/GreenCleaning/TC_GC_EntrywaySystems: Test Cases/GreenCleaning/TC_GC_EntrywaySystems

2019-06-19 18:57:42 - [TEST_STEP][PASSED] - Start listener action : sampleBeforeTestCase: null

2019-06-19 18:57:42 - [TEST_STEP][PASSED] - openBrowser(""): Browser is opened with url: ''

2019-06-19 18:57:42 - [MESSAGE][INFO] - Starting 'Chrome' driver

2019-06-19 18:57:42 - [MESSAGE][INFO] - User set preference: ['args', '[--window-size=1920,1080]']

2019-06-19 18:57:42 - [MESSAGE][INFO] - Action delay is set to 0 seconds

2019-06-19 18:57:46 - [MESSAGE][PASSED] - Browser is opened with url: ''

2019-06-19 18:57:46 - [TEST_STEP][PASSED] - driver = getWebDriver(): null

2019-06-19 18:57:46 - [TEST_STEP][PASSED] - println("The driver is ########### " + driver): null

2019-06-19 18:57:46 - [TEST_STEP][PASSED] - downloadPath = "H:\Git Projects\Usgbc_LeedOnline_ScoreCard\Usgbc_LeedOnline_ScoreCard\Include\TestData\DownloadedFiles": null

2019-06-19 18:57:46 - [TEST_STEP][PASSED] - projectKeywords().sendCommandForDownloadChromeHeadLess(driver.getCommandExecutor(), driver.getSessionId(), downloadPath): null

2019-06-19 18:57:46 - [TEST_STEP][PASSED] - runWithCucumberRunner(greenCleaningForm.Runner_GC_EntrywaySystems): Run with 'greenCleaningForm.Runner_GC_EntrywaySystems' was passed

2019-06-19 18:57:49 - [TEST_CASE][PASSED] - Test Cases/GreenCleaning/TC_GC_Navigate: Test Cases/GreenCleaning/TC_GC_Navigate

2019-06-19 18:57:49 - [TEST_STEP][PASSED] - runWithCucumberRunner(greenCleaningForm.Runner_NavigationGC): Run with 'greenCleaningForm.Runner_NavigationGC' was passed

2019-06-19 18:57:50 - [TEST_CASE][PASSED] - Test Cases/Login/TC_Login: Test Cases/Login/TC_Login

2019-06-19 18:57:50 - [TEST_STEP][PASSED] - runWithCucumberRunner(common.Runner_Login): Run with 'common.Runner_Login' was passed

2019-06-19 18:57:53 - [MESSAGE][PASSED] - Navigate to 'https://leedonline-stg.usgbc.org' successfully

2019-06-19 18:57:55 - [MESSAGE][PASSED] - Delayed 2 second(s)

2019-06-19 18:57:55 - [MESSAGE][PASSED] - Text 'automationbdd1@gmail.com' is set on object 'Object Repository/Login/input_username'

2019-06-19 18:57:55 - [MESSAGE][PASSED] - Text 'initpass' is set on object 'Object Repository/Login/input_password'

2019-06-19 18:57:58 - [MESSAGE][PASSED] - Delayed 3 second(s)

2019-06-19 18:57:59 - [MESSAGE][PASSED] - Scroll to object 'Object Repository/Login/span_End User License Agreement' successfully

2019-06-19 18:57:59 - [MESSAGE][PASSED] - Object 'Object Repository/Login/span_End User License Agreement' is visible

2019-06-19 18:57:59 - [MESSAGE][PASSED] - Object 'Object Repository/Login/span_End User License Agreement' is checked

2019-06-19 18:58:00 - [MESSAGE][PASSED] - Delayed 1 second(s)

2019-06-19 18:58:00 - [MESSAGE][PASSED] - Object: 'Object Repository/Login/button_Log In' is clicked on

2019-06-19 18:58:05 - [MESSAGE][PASSED] - Object: '' is clicked on

2019-06-19 18:58:06 - [MESSAGE][PASSED] - Object: 'Object Repository/Login/a_Credits' is clicked on

2019-06-19 18:58:07 - [MESSAGE][PASSED] - Run with 'common.Runner_Login' was passed

2019-06-19 18:58:07 - [MESSAGE][PASSED] - Call Test Case 'Test Cases/Login/TC_Login' successfully

2019-06-19 18:58:07 - [MESSAGE][PASSED] - Scroll to object 'Object Repository/Green_Cleaning/Navigation/div_Green Cleaning' successfully

2019-06-19 18:58:07 - [MESSAGE][PASSED] - Object 'Object Repository/Green_Cleaning/Navigation/div_Green Cleaning' is present

2019-06-19 18:58:07 - [MESSAGE][PASSED] - Text of object 'Object Repository/Green_Cleaning/Navigation/h3_Status' is: 'ATTEMPTED'

2019-06-19 18:58:07 - [MESSAGE][PASSED] - Text of object 'Object Repository/Green_Cleaning/Navigation/divval' is: 'ATTEMPTED'

2019-06-19 18:58:07 - [MESSAGE][PASSED] - Text of object 'Object Repository/Green_Cleaning/Navigation/h3_Status' is: 'ATTEMPTED'

2019-06-19 18:58:07 - [MESSAGE][PASSED] - Object: 'Object Repository/Green_Cleaning/Navigation/div_Green Cleaning' is clicked on

2019-06-19 18:58:10 - [MESSAGE][PASSED] - Delayed 3 second(s)

2019-06-19 18:58:13 - [MESSAGE][PASSED] - Object: 'Object Repository/Green_Cleaning/Navigation/span_(V01)' is clicked on

2019-06-19 18:58:13 - [MESSAGE][PASSED] - Object 'Object Repository/Green_Cleaning/Navigation/div_GreenCleaningPolicyCreditLib' is present

2019-06-19 18:58:13 - [MESSAGE][PASSED] - Run with 'greenCleaningForm.Runner_NavigationGC' was passed

2019-06-19 18:58:13 - [MESSAGE][PASSED] - Call Test Case 'Test Cases/GreenCleaning/TC_GC_Navigate' successfully

2019-06-19 18:58:14 - [MESSAGE][PASSED] - Object 'Object Repository/Green_Cleaning/Entryway_systems_Opt2/input_option2' is present

2019-06-19 18:58:14 - [MESSAGE][PASSED] - Object: 'Object Repository/Green_Cleaning/Entryway_systems_Opt2/input_option2' is clicked on

2019-06-19 18:58:16 - [MESSAGE][PASSED] - Delayed 2 second(s)

2019-06-19 18:58:16 - [MESSAGE][PASSED] - Text 'Option 2: Entryway systems' is present on page 

2019-06-19 18:58:16 - [MESSAGE][PASSED] - Object 'Object Repository/Green_Cleaning/Entryway_systems_Opt2/AddFile_Uploadphotos/p_Upload photos' is present

2019-06-19 18:58:16 - [MESSAGE][PASSED] - Scroll to object 'Object Repository/Green_Cleaning/Entryway_systems_Opt2/AddFile_Uploadphotos/p_Upload photos' successfully

2019-06-19 18:58:16 - [MESSAGE][PASSED] - Object 'Object Repository/Green_Cleaning/Entryway_systems_Opt2/AddFile_Uploadphotos/Button_EWS_AddFile' has attribute 'class' with value 'tiny ui button'

2019-06-19 18:58:17 - [MESSAGE][PASSED] - File 'H:\Git Projects\Usgbc_LeedOnline_ScoreCard\Usgbc_LeedOnline_ScoreCard\Include\TestData\MultipleFileDiffExt\SampleGIFImage_350kbmb.gif' sent to object: 'Object Repository/Green_Cleaning/Entryway_systems_Opt2/AddFile_Uploadphotos/input_permanent'

2019-06-19 18:58:18 - [MESSAGE][PASSED] - Delayed 1 second(s)

2019-06-19 18:58:19 - [MESSAGE][PASSED] - Object 'Object Repository/Green_Cleaning/Entryway_systems_Opt2/AddFile_Uploadphotos/Button_EWS_AddFile' has attribute 'class' with value 'tiny ui button'

2019-06-19 18:58:19 - [MESSAGE][PASSED] - File 'H:\Git Projects\Usgbc_LeedOnline_ScoreCard\Usgbc_LeedOnline_ScoreCard\Include\TestData\MultipleFileDiffExt\SamplePPTFile_1000kb.ppt' sent to object: 'Object Repository/Green_Cleaning/Entryway_systems_Opt2/AddFile_Uploadphotos/input_permanent'

2019-06-19 18:58:20 - [MESSAGE][PASSED] - Delayed 1 second(s)

2019-06-19 18:58:21 - [MESSAGE][PASSED] - Object 'Object Repository/Green_Cleaning/Entryway_systems_Opt2/AddFile_Uploadphotos/Button_EWS_AddFile' has attribute 'class' with value 'tiny ui button'

2019-06-19 18:58:21 - [MESSAGE][PASSED] - File 'H:\Git Projects\Usgbc_LeedOnline_ScoreCard\Usgbc_LeedOnline_ScoreCard\Include\TestData\MultipleFileDiffExt\ZZ.pdf' sent to object: 'Object Repository/Green_Cleaning/Entryway_systems_Opt2/AddFile_Uploadphotos/input_permanent'

2019-06-19 18:58:22 - [MESSAGE][PASSED] - Delayed 1 second(s)

2019-06-19 18:58:22 - [MESSAGE][PASSED] - Scroll to object 'Object Repository/Green_Cleaning/Entryway_systems_Opt2/WeeklyBasis_EditorBox/p_weekly basis' successfully

2019-06-19 18:58:22 - [MESSAGE][PASSED] - Object 'Object Repository/Green_Cleaning/Entryway_systems_Opt2/WeeklyBasis_EditorBox/p_weekly basis' is present

2019-06-19 18:58:27 - [MESSAGE][PASSED] - Text 'Known that everybody have the personal aim. It is defferent . For example, there are some people think that the most important thing in them life is career. While there are other people think that is family. me too. The most important thing with my life is my small and big family. Because I see the mind is the most important. Let think that if you are verry rich while you alway are worry and sad, you will feel not happy. So I think we should spend many time for looking after our family. When we have a happy family, we will have power to try. At that time we will work better. How do you think. Anna and Henry go to the doctor. Anna has an ultrasound scan. 3SZMU' is set on object 'Object Repository/Green_Cleaning/Entryway_systems_Opt2/WeeklyBasis_EditorBox/body_EntrywaySys'

2019-06-19 18:58:30 - [MESSAGE][PASSED] - Delayed 3 second(s)

2019-06-19 18:58:30 - [MESSAGE][PASSED] - Text of object 'Object Repository/Green_Cleaning/Entryway_systems_Opt2/WeeklyBasis_EditorBox/body_EntrywaySys' is: 'Known that everybody have the personal aim. It is defferent . For example, there are some people think that the most important thing in them life is career. While there are other people think that is family. me too. The most important thing with my life is my small and big family. Because I see the mind is the most important. Let think that if you are verry rich while you alway are worry and sad, you will feel not happy. So I think we should spend many time for looking after our family. When we have a happy family, we will have power to try. At that time we will work better. How do you think. Anna and Henry go to the doctor. Anna has an ultrasound scan. 3SZMU'

2019-06-19 18:58:30 - [MESSAGE][PASSED] - Actual text 'Known that everybody have the personal aim. It is defferent . For example, there are some people think that the most important thing in them life is career. While there are other people think that is family. me too. The most important thing with my life is my small and big family. Because I see the mind is the most important. Let think that if you are verry rich while you alway are worry and sad, you will feel not happy. So I think we should spend many time for looking after our family. When we have a happy family, we will have power to try. At that time we will work better. How do you think. Anna and Henry go to the doctor. Anna has an ultrasound scan. 3SZMU' and expected text 'Known that everybody have the personal aim. It is defferent . For example, there are some people think that the most important thing in them life is career. While there are other people think that is family. me too. The most important thing with my life is my small and big family. Because I see the mind is the most important. Let think that if you are verry rich while you alway are worry and sad, you will feel not happy. So I think we should spend many time for looking after our family. When we have a happy family, we will have power to try. At that time we will work better. How do you think. Anna and Henry go to the doctor. Anna has an ultrasound scan. 3SZMU' are matched 

2019-06-19 18:58:40 - [MESSAGE][PASSED] - Delayed 10 second(s)

2019-06-19 18:58:40 - [MESSAGE][PASSED] - Scroll to object 'Object Repository/Green_Cleaning/button_Save' successfully

2019-06-19 18:58:40 - [MESSAGE][PASSED] - Object 'Object Repository/Green_Cleaning/button_Save' is visible

2019-06-19 18:58:40 - [MESSAGE][PASSED] - Object: 'Object Repository/Green_Cleaning/button_Save' is clicked on

2019-06-19 18:58:42 - [MESSAGE][PASSED] - Delayed 2 second(s)

2019-06-19 18:58:43 - [MESSAGE][PASSED] - Text 'Form data saved successfully.' is present on page 

2019-06-19 18:58:43 - [MESSAGE][PASSED] - Scroll to object 'Object Repository/Green_Cleaning/icon_pdf' successfully

2019-06-19 18:58:43 - [MESSAGE][PASSED] - Object 'Object Repository/Green_Cleaning/icon_pdf' is present

2019-06-19 18:58:48 - [MESSAGE][PASSED] - Delayed 5 second(s)

2019-06-19 18:58:48 - [MESSAGE][PASSED] - Object: 'Object Repository/Green_Cleaning/icon_pdf' is clicked on

2019-06-19 18:58:58 - [MESSAGE][PASSED] - Delayed 10 second(s)

2019-06-19 18:59:04 - [MESSAGE][PASSED] - Delayed 5 second(s)

2019-06-19 18:59:04 - [MESSAGE][PASSED] - Scroll to object 'Object Repository/Green_Cleaning/Entryway_systems_Opt2/AddFile_Uploadphotos/p_Upload photos' successfully

2019-06-19 18:59:07 - [MESSAGE][PASSED] - Delayed 2 second(s)

2019-06-19 18:59:12 - [MESSAGE][PASSED] - Delayed 5 second(s)

2019-06-19 18:59:12 - [MESSAGE][PASSED] - Scroll to object 'Object Repository/Green_Cleaning/Entryway_systems_Opt2/WeeklyBasis_EditorBox/p_weekly basis' successfully

2019-06-19 18:59:12 - [MESSAGE][PASSED] - Text of object 'Object Repository/Green_Cleaning/Entryway_systems_Opt2/WeeklyBasis_EditorBox/body_EntrywaySys' is: 'Known that everybody have the personal aim. It is defferent . For example, there are some people think that the most important thing in them life is career. While there are other people think that is family. me too. The most important thing with my life is my small and big family. Because I see the mind is the most important. Let think that if you are verry rich while you alway are worry and sad, you will feel not happy. So I think we should spend many time for looking after our family. When we have a happy family, we will have power to try. At that time we will work better. How do you think. Anna and Henry go to the doctor. Anna has an ultrasound scan. 3SZMU'

2019-06-19 18:59:14 - [MESSAGE][PASSED] - Delayed 2 second(s)

2019-06-19 18:59:16 - [MESSAGE][PASSED] - Refresh successfully

2019-06-19 18:59:16 - [MESSAGE][PASSED] - Text of object 'Object Repository/Green_Cleaning/Entryway_systems_Opt2/WeeklyBasis_EditorBox/body_EntrywaySys' is: 'Known that everybody have the personal aim. It is defferent . For example, there are some people think that the most important thing in them life is career. While there are other people think that is family. me too. The most important thing with my life is my small and big family. Because I see the mind is the most important. Let think that if you are verry rich while you alway are worry and sad, you will feel not happy. So I think we should spend many time for looking after our family. When we have a happy family, we will have power to try. At that time we will work better. How do you think. Anna and Henry go to the doctor. Anna has an ultrasound scan. 3SZMU'

2019-06-19 18:59:16 - [MESSAGE][PASSED] - Actual text 'Known that everybody have the personal aim. It is defferent . For example, there are some people think that the most important thing in them life is career. While there are other people think that is family. me too. The most important thing with my life is my small and big family. Because I see the mind is the most important. Let think that if you are verry rich while you alway are worry and sad, you will feel not happy. So I think we should spend many time for looking after our family. When we have a happy family, we will have power to try. At that time we will work better. How do you think. Anna and Henry go to the doctor. Anna has an ultrasound scan. 3SZMU' and expected text 'Known that everybody have the personal aim. It is defferent . For example, there are some people think that the most important thing in them life is career. While there are other people think that is family. me too. The most important thing with my life is my small and big family. Because I see the mind is the most important. Let think that if you are verry rich while you alway are worry and sad, you will feel not happy. So I think we should spend many time for looking after our family. When we have a happy family, we will have power to try. At that time we will work better. How do you think. Anna and Henry go to the doctor. Anna has an ultrasound scan. 3SZMU' are matched 

2019-06-19 18:59:18 - [MESSAGE][PASSED] - Delayed 2 second(s)

2019-06-19 18:59:19 - [MESSAGE][PASSED] - Navigate back successfully

2019-06-19 18:59:21 - [MESSAGE][PASSED] - Delayed 2 second(s)

2019-06-19 18:59:21 - [MESSAGE][PASSED] - Text of object 'Object Repository/Green_Cleaning/Navigation/h3_Status' is: 'ATTEMPTED'

2019-06-19 18:59:21 - [MESSAGE][PASSED] - Object: 'Object Repository/Green_Cleaning/a_MarkReadyForReview' is clicked on

2019-06-19 18:59:26 - [MESSAGE][PASSED] - Delayed 5 second(s)

2019-06-19 18:59:26 - [MESSAGE][PASSED] - Text of object 'Object Repository/Green_Cleaning/Navigation/h3_Status' is: 'READY FOR REVIEW'

2019-06-19 18:59:26 - [MESSAGE][PASSED] - Run with 'greenCleaningForm.Runner_GC_EntrywaySystems' was passed

2019-06-19 18:59:26 - [TEST_STEP][PASSED] - Start listener action : sampleAfterTestCase: Browser is closed

2019-06-19 18:59:26 - [TEST_STEP][PASSED] - closeBrowser(): Browser is closed

2019-06-19 18:59:27 - [MESSAGE][PASSED] - Browser is closed]]></system-out>
         <system-err><![CDATA[]]></system-err>
      </testcase>
      <testcase name="Test Cases/GreenCleaning/TC_GC_VerifyUploadedFiles_EntrywaySys" classname="Test Cases/GreenCleaning/TC_GC_VerifyUploadedFiles_EntrywaySys" status="PASSED">
         <system-out><![CDATA[2019-06-19 18:59:27 - [TEST_CASE][PASSED] - Test Cases/GreenCleaning/TC_GC_VerifyUploadedFiles_EntrywaySys: Test Cases/GreenCleaning/TC_GC_VerifyUploadedFiles_EntrywaySys

2019-06-19 18:59:27 - [TEST_STEP][PASSED] - Start listener action : sampleBeforeTestCase: null

2019-06-19 18:59:27 - [TEST_STEP][PASSED] - openBrowser(""): Browser is opened with url: ''

2019-06-19 18:59:27 - [MESSAGE][INFO] - Starting 'Chrome' driver

2019-06-19 18:59:27 - [MESSAGE][INFO] - User set preference: ['args', '[--window-size=1920,1080]']

2019-06-19 18:59:30 - [MESSAGE][PASSED] - Browser is opened with url: ''

2019-06-19 18:59:30 - [TEST_STEP][PASSED] - driver = getWebDriver(): null

2019-06-19 18:59:30 - [TEST_STEP][PASSED] - println("The driver is ########### " + driver): null

2019-06-19 18:59:30 - [TEST_STEP][PASSED] - downloadPath = "H:\Git Projects\Usgbc_LeedOnline_ScoreCard\Usgbc_LeedOnline_ScoreCard\Include\TestData\DownloadedFiles": null

2019-06-19 18:59:30 - [TEST_STEP][PASSED] - projectKeywords().sendCommandForDownloadChromeHeadLess(driver.getCommandExecutor(), driver.getSessionId(), downloadPath): null

2019-06-19 18:59:30 - [TEST_STEP][PASSED] - runWithCucumberRunner(greenCleaningForm.Runner_GC_VerifyUploadedFiles_EntrywaySys): Run with 'greenCleaningForm.Runner_GC_VerifyUploadedFiles_EntrywaySys' was passed

2019-06-19 18:59:31 - [TEST_CASE][PASSED] - Test Cases/GreenCleaning/TC_GC_Navigate: Test Cases/GreenCleaning/TC_GC_Navigate

2019-06-19 18:59:31 - [TEST_STEP][PASSED] - runWithCucumberRunner(greenCleaningForm.Runner_NavigationGC): Run with 'greenCleaningForm.Runner_NavigationGC' was passed

2019-06-19 18:59:31 - [TEST_CASE][PASSED] - Test Cases/Login/TC_Login: Test Cases/Login/TC_Login

2019-06-19 18:59:31 - [TEST_STEP][PASSED] - runWithCucumberRunner(common.Runner_Login): Run with 'common.Runner_Login' was passed

2019-06-19 18:59:35 - [MESSAGE][PASSED] - Navigate to 'https://leedonline-stg.usgbc.org' successfully

2019-06-19 18:59:37 - [MESSAGE][PASSED] - Delayed 2 second(s)

2019-06-19 18:59:37 - [MESSAGE][PASSED] - Text 'automationbdd1@gmail.com' is set on object 'Object Repository/Login/input_username'

2019-06-19 18:59:37 - [MESSAGE][PASSED] - Text 'initpass' is set on object 'Object Repository/Login/input_password'

2019-06-19 18:59:40 - [MESSAGE][PASSED] - Delayed 3 second(s)

2019-06-19 18:59:40 - [MESSAGE][PASSED] - Scroll to object 'Object Repository/Login/span_End User License Agreement' successfully

2019-06-19 18:59:40 - [MESSAGE][PASSED] - Object 'Object Repository/Login/span_End User License Agreement' is visible

2019-06-19 18:59:40 - [MESSAGE][PASSED] - Object 'Object Repository/Login/span_End User License Agreement' is checked

2019-06-19 18:59:41 - [MESSAGE][PASSED] - Delayed 1 second(s)

2019-06-19 18:59:41 - [MESSAGE][PASSED] - Object: 'Object Repository/Login/button_Log In' is clicked on

2019-06-19 18:59:47 - [MESSAGE][PASSED] - Object: '' is clicked on

2019-06-19 18:59:49 - [MESSAGE][PASSED] - Object: 'Object Repository/Login/a_Credits' is clicked on

2019-06-19 18:59:49 - [MESSAGE][PASSED] - Run with 'common.Runner_Login' was passed

2019-06-19 18:59:49 - [MESSAGE][PASSED] - Call Test Case 'Test Cases/Login/TC_Login' successfully

2019-06-19 18:59:49 - [MESSAGE][PASSED] - Scroll to object 'Object Repository/Green_Cleaning/Navigation/div_Green Cleaning' successfully

2019-06-19 18:59:49 - [MESSAGE][PASSED] - Object 'Object Repository/Green_Cleaning/Navigation/div_Green Cleaning' is present

2019-06-19 18:59:50 - [MESSAGE][PASSED] - Text of object 'Object Repository/Green_Cleaning/Navigation/h3_Status' is: 'READY FOR REVIEW'

2019-06-19 18:59:50 - [MESSAGE][PASSED] - Text of object 'Object Repository/Green_Cleaning/Navigation/divval' is: 'READY FOR REVIEW'

2019-06-19 18:59:50 - [MESSAGE][PASSED] - Object: 'Object Repository/Green_Cleaning/a_MarkReadyForReview' is clicked on

2019-06-19 18:59:55 - [MESSAGE][PASSED] - Delayed 5 second(s)

2019-06-19 18:59:55 - [MESSAGE][PASSED] - Text of object 'Object Repository/Green_Cleaning/Navigation/h3_Status' is: 'ATTEMPTED'

2019-06-19 18:59:55 - [MESSAGE][PASSED] - Object: 'Object Repository/Green_Cleaning/Navigation/div_Green Cleaning' is clicked on

2019-06-19 18:59:58 - [MESSAGE][PASSED] - Delayed 3 second(s)

2019-06-19 19:00:01 - [MESSAGE][PASSED] - Object: 'Object Repository/Green_Cleaning/Navigation/span_(V01)' is clicked on

2019-06-19 19:00:01 - [MESSAGE][PASSED] - Object 'Object Repository/Green_Cleaning/Navigation/div_GreenCleaningPolicyCreditLib' is present

2019-06-19 19:00:01 - [MESSAGE][PASSED] - Run with 'greenCleaningForm.Runner_NavigationGC' was passed

2019-06-19 19:00:01 - [MESSAGE][PASSED] - Call Test Case 'Test Cases/GreenCleaning/TC_GC_Navigate' successfully

2019-06-19 19:00:01 - [MESSAGE][PASSED] - Scroll to object 'Object Repository/Green_Cleaning/Entryway_systems_Opt2/AddFile_Uploadphotos/Table_photos' successfully

2019-06-19 19:00:02 - [MESSAGE][PASSED] - Object 'Object Repository/Green_Cleaning/Entryway_systems_Opt2/AddFile_Uploadphotos/Table_photos' is present

2019-06-19 19:00:02 - [MESSAGE][PASSED] - Text of object '' is: 'SampleGIFImage_350kbmb.gif'

2019-06-19 19:00:02 - [MESSAGE][PASSED] - SampleGIFImage_350kbmb.gif is equal to SampleGIFImage_350kbmb.gif

2019-06-19 19:00:02 - [MESSAGE][PASSED] - Actual text 'SampleGIFImage_350kbmb.gif' and expected text 'SampleGIFImage_350kbmb.gif' are matched 

2019-06-19 19:00:02 - [MESSAGE][PASSED] - Text of object '' is: 'SamplePPTFile_1000kb.ppt'

2019-06-19 19:00:02 - [MESSAGE][PASSED] - SamplePPTFile_1000kb.ppt is equal to SamplePPTFile_1000kb.ppt

2019-06-19 19:00:02 - [MESSAGE][PASSED] - Actual text 'SamplePPTFile_1000kb.ppt' and expected text 'SamplePPTFile_1000kb.ppt' are matched 

2019-06-19 19:00:02 - [MESSAGE][PASSED] - Text of object '' is: 'ZZ.pdf'

2019-06-19 19:00:02 - [MESSAGE][PASSED] - ZZ.pdf is equal to ZZ.pdf

2019-06-19 19:00:02 - [MESSAGE][PASSED] - Actual text 'ZZ.pdf' and expected text 'ZZ.pdf' are matched 

2019-06-19 19:00:02 - [MESSAGE][PASSED] - Run with 'greenCleaningForm.Runner_GC_VerifyUploadedFiles_EntrywaySys' was passed

2019-06-19 19:00:02 - [TEST_STEP][PASSED] - Start listener action : sampleAfterTestCase: Browser is closed

2019-06-19 19:00:02 - [TEST_STEP][PASSED] - closeBrowser(): Browser is closed

2019-06-19 19:00:03 - [MESSAGE][PASSED] - Browser is closed]]></system-out>
         <system-err><![CDATA[]]></system-err>
      </testcase>
      <testcase name="Test Cases/GreenCleaning/TC_GC_DownloadFiles_EntrywaySys" classname="Test Cases/GreenCleaning/TC_GC_DownloadFiles_EntrywaySys" status="PASSED">
         <system-out><![CDATA[2019-06-19 19:00:03 - [TEST_CASE][PASSED] - Test Cases/GreenCleaning/TC_GC_DownloadFiles_EntrywaySys: Test Cases/GreenCleaning/TC_GC_DownloadFiles_EntrywaySys

2019-06-19 19:00:03 - [TEST_STEP][PASSED] - Start listener action : sampleBeforeTestCase: null

2019-06-19 19:00:03 - [TEST_STEP][PASSED] - openBrowser(""): Browser is opened with url: ''

2019-06-19 19:00:03 - [MESSAGE][INFO] - Starting 'Chrome' driver

2019-06-19 19:00:03 - [MESSAGE][INFO] - User set preference: ['args', '[--window-size=1920,1080]']

2019-06-19 19:00:06 - [MESSAGE][PASSED] - Browser is opened with url: ''

2019-06-19 19:00:06 - [TEST_STEP][PASSED] - driver = getWebDriver(): null

2019-06-19 19:00:06 - [TEST_STEP][PASSED] - println("The driver is ########### " + driver): null

2019-06-19 19:00:06 - [TEST_STEP][PASSED] - downloadPath = "H:\Git Projects\Usgbc_LeedOnline_ScoreCard\Usgbc_LeedOnline_ScoreCard\Include\TestData\DownloadedFiles": null

2019-06-19 19:00:06 - [TEST_STEP][PASSED] - projectKeywords().sendCommandForDownloadChromeHeadLess(driver.getCommandExecutor(), driver.getSessionId(), downloadPath): null

2019-06-19 19:00:06 - [TEST_STEP][PASSED] - runWithCucumberRunner(greenCleaningForm.Runner_GC_DownloadFiles_EntrywaySys): Run with 'greenCleaningForm.Runner_GC_DownloadFiles_EntrywaySys' was passed

2019-06-19 19:00:07 - [TEST_CASE][PASSED] - Test Cases/GreenCleaning/TC_GC_Navigate: Test Cases/GreenCleaning/TC_GC_Navigate

2019-06-19 19:00:07 - [TEST_STEP][PASSED] - runWithCucumberRunner(greenCleaningForm.Runner_NavigationGC): Run with 'greenCleaningForm.Runner_NavigationGC' was passed

2019-06-19 19:00:07 - [TEST_CASE][PASSED] - Test Cases/Login/TC_Login: Test Cases/Login/TC_Login

2019-06-19 19:00:07 - [TEST_STEP][PASSED] - runWithCucumberRunner(common.Runner_Login): Run with 'common.Runner_Login' was passed

2019-06-19 19:00:10 - [MESSAGE][PASSED] - Navigate to 'https://leedonline-stg.usgbc.org' successfully

2019-06-19 19:00:12 - [MESSAGE][PASSED] - Delayed 2 second(s)

2019-06-19 19:00:12 - [MESSAGE][PASSED] - Text 'automationbdd1@gmail.com' is set on object 'Object Repository/Login/input_username'

2019-06-19 19:00:12 - [MESSAGE][PASSED] - Text 'initpass' is set on object 'Object Repository/Login/input_password'

2019-06-19 19:00:15 - [MESSAGE][PASSED] - Delayed 3 second(s)

2019-06-19 19:00:15 - [MESSAGE][PASSED] - Scroll to object 'Object Repository/Login/span_End User License Agreement' successfully

2019-06-19 19:00:15 - [MESSAGE][PASSED] - Object 'Object Repository/Login/span_End User License Agreement' is visible

2019-06-19 19:00:15 - [MESSAGE][PASSED] - Object 'Object Repository/Login/span_End User License Agreement' is checked

2019-06-19 19:00:16 - [MESSAGE][PASSED] - Delayed 1 second(s)

2019-06-19 19:00:16 - [MESSAGE][PASSED] - Object: 'Object Repository/Login/button_Log In' is clicked on

2019-06-19 19:00:21 - [MESSAGE][PASSED] - Object: '' is clicked on

2019-06-19 19:00:23 - [MESSAGE][PASSED] - Object: 'Object Repository/Login/a_Credits' is clicked on

2019-06-19 19:00:23 - [MESSAGE][PASSED] - Run with 'common.Runner_Login' was passed

2019-06-19 19:00:23 - [MESSAGE][PASSED] - Call Test Case 'Test Cases/Login/TC_Login' successfully

2019-06-19 19:00:23 - [MESSAGE][PASSED] - Scroll to object 'Object Repository/Green_Cleaning/Navigation/div_Green Cleaning' successfully

2019-06-19 19:00:23 - [MESSAGE][PASSED] - Object 'Object Repository/Green_Cleaning/Navigation/div_Green Cleaning' is present

2019-06-19 19:00:23 - [MESSAGE][PASSED] - Text of object 'Object Repository/Green_Cleaning/Navigation/h3_Status' is: 'ATTEMPTED'

2019-06-19 19:00:23 - [MESSAGE][PASSED] - Text of object 'Object Repository/Green_Cleaning/Navigation/divval' is: 'ATTEMPTED'

2019-06-19 19:00:23 - [MESSAGE][PASSED] - Text of object 'Object Repository/Green_Cleaning/Navigation/h3_Status' is: 'ATTEMPTED'

2019-06-19 19:00:23 - [MESSAGE][PASSED] - Object: 'Object Repository/Green_Cleaning/Navigation/div_Green Cleaning' is clicked on

2019-06-19 19:00:26 - [MESSAGE][PASSED] - Delayed 3 second(s)

2019-06-19 19:00:30 - [MESSAGE][PASSED] - Object: 'Object Repository/Green_Cleaning/Navigation/span_(V01)' is clicked on

2019-06-19 19:00:30 - [MESSAGE][PASSED] - Object 'Object Repository/Green_Cleaning/Navigation/div_GreenCleaningPolicyCreditLib' is present

2019-06-19 19:00:30 - [MESSAGE][PASSED] - Run with 'greenCleaningForm.Runner_NavigationGC' was passed

2019-06-19 19:00:30 - [MESSAGE][PASSED] - Call Test Case 'Test Cases/GreenCleaning/TC_GC_Navigate' successfully

2019-06-19 19:00:30 - [MESSAGE][PASSED] - Scroll to object 'Object Repository/Green_Cleaning/Entryway_systems_Opt2/AddFile_Uploadphotos/Table_photos' successfully

2019-06-19 19:00:30 - [MESSAGE][PASSED] - Object 'Object Repository/Green_Cleaning/Entryway_systems_Opt2/AddFile_Uploadphotos/Table_photos' is present

2019-06-19 19:00:30 - [MESSAGE][PASSED] - Scroll to object 'Object Repository/Green_Cleaning/Entryway_systems_Opt2/AddFile_Uploadphotos/p_Upload photos' successfully

2019-06-19 19:00:32 - [MESSAGE][PASSED] - Delayed 2 second(s)

2019-06-19 19:00:32 - [MESSAGE][PASSED] - Object: 'Object Repository/Green_Cleaning/Entryway_systems_Opt2/AddFile_Uploadphotos/p_Upload photos' is hovered

2019-06-19 19:00:33 - [MESSAGE][PASSED] - Object: '' is clicked on

2019-06-19 19:00:33 - [MESSAGE][PASSED] - Text of object '' is: 'ZZ.pdf'

2019-06-19 19:00:43 - [MESSAGE][PASSED] - Delayed 10 second(s)

2019-06-19 19:00:43 - [MESSAGE][PASSED] - Object: 'Object Repository/Green_Cleaning/Entryway_systems_Opt2/AddFile_Uploadphotos/p_Upload photos' is hovered

2019-06-19 19:00:45 - [MESSAGE][PASSED] - Delayed 2 second(s)

2019-06-19 19:00:47 - [MESSAGE][PASSED] - Delayed 2 second(s)

2019-06-19 19:00:47 - [MESSAGE][PASSED] - Object: 'Object Repository/Green_Cleaning/Entryway_systems_Opt2/AddFile_Uploadphotos/p_Upload photos' is hovered

2019-06-19 19:00:48 - [MESSAGE][PASSED] - Object: '' is clicked on

2019-06-19 19:00:48 - [MESSAGE][PASSED] - Text of object '' is: 'SamplePPTFile_1000kb.ppt'

2019-06-19 19:00:58 - [MESSAGE][PASSED] - Delayed 10 second(s)

2019-06-19 19:01:08 - [MESSAGE][PASSED] - Delayed 10 second(s)

2019-06-19 19:01:18 - [MESSAGE][PASSED] - Delayed 10 second(s)

2019-06-19 19:01:18 - [MESSAGE][PASSED] - Object: 'Object Repository/Green_Cleaning/Entryway_systems_Opt2/AddFile_Uploadphotos/p_Upload photos' is hovered

2019-06-19 19:01:20 - [MESSAGE][PASSED] - Delayed 2 second(s)

2019-06-19 19:01:22 - [MESSAGE][PASSED] - Delayed 2 second(s)

2019-06-19 19:01:22 - [MESSAGE][PASSED] - Object: 'Object Repository/Green_Cleaning/Entryway_systems_Opt2/AddFile_Uploadphotos/p_Upload photos' is hovered

2019-06-19 19:01:22 - [MESSAGE][PASSED] - Object: '' is clicked on

2019-06-19 19:01:22 - [MESSAGE][PASSED] - Text of object '' is: 'SampleGIFImage_350kbmb.gif'

2019-06-19 19:01:32 - [MESSAGE][PASSED] - Delayed 10 second(s)

2019-06-19 19:01:33 - [MESSAGE][PASSED] - Object: 'Object Repository/Green_Cleaning/Entryway_systems_Opt2/AddFile_Uploadphotos/p_Upload photos' is hovered

2019-06-19 19:01:35 - [MESSAGE][PASSED] - Delayed 2 second(s)

2019-06-19 19:01:38 - [MESSAGE][PASSED] - Delayed 3 second(s)

2019-06-19 19:01:40 - [MESSAGE][PASSED] - Delayed 2 second(s)

2019-06-19 19:01:41 - [MESSAGE][PASSED] - Delayed 1 second(s)

2019-06-19 19:01:41 - [MESSAGE][PASSED] - SampleGIFImage_350kbmb.gif exist in H:/Git Projects/Usgbc_LeedOnline_ScoreCard/Usgbc_LeedOnline_ScoreCard/Include/TestData/DownloadedFiles and was deleted

2019-06-19 19:01:41 - [MESSAGE][PASSED] - 

2019-06-19 19:01:41 - [MESSAGE][PASSED] - Actual text 'SampleGIFImage_350kbmb.gif' and expected text 'SampleGIFImage_350kbmb.gif' are matched 

2019-06-19 19:01:43 - [MESSAGE][PASSED] - Delayed 2 second(s)

2019-06-19 19:01:44 - [MESSAGE][PASSED] - Delayed 1 second(s)

2019-06-19 19:01:44 - [MESSAGE][PASSED] - SamplePPTFile_1000kb.ppt exist in H:/Git Projects/Usgbc_LeedOnline_ScoreCard/Usgbc_LeedOnline_ScoreCard/Include/TestData/DownloadedFiles and was deleted

2019-06-19 19:01:44 - [MESSAGE][PASSED] - 

2019-06-19 19:01:44 - [MESSAGE][PASSED] - Actual text 'SamplePPTFile_1000kb.ppt' and expected text 'SamplePPTFile_1000kb.ppt' are matched 

2019-06-19 19:01:46 - [MESSAGE][PASSED] - Delayed 2 second(s)

2019-06-19 19:01:47 - [MESSAGE][PASSED] - Delayed 1 second(s)

2019-06-19 19:01:47 - [MESSAGE][PASSED] - ZZ.pdf exist in H:/Git Projects/Usgbc_LeedOnline_ScoreCard/Usgbc_LeedOnline_ScoreCard/Include/TestData/DownloadedFiles and was deleted

2019-06-19 19:01:47 - [MESSAGE][PASSED] - 

2019-06-19 19:01:47 - [MESSAGE][PASSED] - Actual text 'ZZ.pdf' and expected text 'ZZ.pdf' are matched 

2019-06-19 19:01:47 - [MESSAGE][PASSED] - Run with 'greenCleaningForm.Runner_GC_DownloadFiles_EntrywaySys' was passed

2019-06-19 19:01:47 - [TEST_STEP][PASSED] - Start listener action : sampleAfterTestCase: Browser is closed

2019-06-19 19:01:47 - [TEST_STEP][PASSED] - closeBrowser(): Browser is closed

2019-06-19 19:01:48 - [MESSAGE][PASSED] - Browser is closed]]></system-out>
         <system-err><![CDATA[]]></system-err>
      </testcase>
      <testcase name="Test Cases/GreenCleaning/TC_GC_DeleteUploadedFiles_EntrywaySys" classname="Test Cases/GreenCleaning/TC_GC_DeleteUploadedFiles_EntrywaySys" status="PASSED">
         <system-out><![CDATA[2019-06-19 19:01:48 - [TEST_CASE][PASSED] - Test Cases/GreenCleaning/TC_GC_DeleteUploadedFiles_EntrywaySys: Test Cases/GreenCleaning/TC_GC_DeleteUploadedFiles_EntrywaySys

2019-06-19 19:01:48 - [TEST_STEP][PASSED] - Start listener action : sampleBeforeTestCase: null

2019-06-19 19:01:48 - [TEST_STEP][PASSED] - openBrowser(""): Browser is opened with url: ''

2019-06-19 19:01:48 - [MESSAGE][INFO] - Starting 'Chrome' driver

2019-06-19 19:01:48 - [MESSAGE][INFO] - User set preference: ['args', '[--window-size=1920,1080]']

2019-06-19 19:01:51 - [MESSAGE][PASSED] - Browser is opened with url: ''

2019-06-19 19:01:51 - [TEST_STEP][PASSED] - driver = getWebDriver(): null

2019-06-19 19:01:51 - [TEST_STEP][PASSED] - println("The driver is ########### " + driver): null

2019-06-19 19:01:51 - [TEST_STEP][PASSED] - downloadPath = "H:\Git Projects\Usgbc_LeedOnline_ScoreCard\Usgbc_LeedOnline_ScoreCard\Include\TestData\DownloadedFiles": null

2019-06-19 19:01:51 - [TEST_STEP][PASSED] - projectKeywords().sendCommandForDownloadChromeHeadLess(driver.getCommandExecutor(), driver.getSessionId(), downloadPath): null

2019-06-19 19:01:51 - [TEST_STEP][PASSED] - runWithCucumberRunner(greenCleaningForm.Runner_GC_DeleteUploadedFiles_EntrywaySys): Run with 'greenCleaningForm.Runner_GC_DeleteUploadedFiles_EntrywaySys' was passed

2019-06-19 19:01:52 - [TEST_CASE][PASSED] - Test Cases/GreenCleaning/TC_GC_Navigate: Test Cases/GreenCleaning/TC_GC_Navigate

2019-06-19 19:01:52 - [TEST_STEP][PASSED] - runWithCucumberRunner(greenCleaningForm.Runner_NavigationGC): Run with 'greenCleaningForm.Runner_NavigationGC' was passed

2019-06-19 19:01:53 - [TEST_CASE][PASSED] - Test Cases/Login/TC_Login: Test Cases/Login/TC_Login

2019-06-19 19:01:53 - [TEST_STEP][PASSED] - runWithCucumberRunner(common.Runner_Login): Run with 'common.Runner_Login' was passed

2019-06-19 19:01:56 - [MESSAGE][PASSED] - Navigate to 'https://leedonline-stg.usgbc.org' successfully

2019-06-19 19:01:58 - [MESSAGE][PASSED] - Delayed 2 second(s)

2019-06-19 19:01:58 - [MESSAGE][PASSED] - Text 'automationbdd1@gmail.com' is set on object 'Object Repository/Login/input_username'

2019-06-19 19:01:59 - [MESSAGE][PASSED] - Text 'initpass' is set on object 'Object Repository/Login/input_password'

2019-06-19 19:02:02 - [MESSAGE][PASSED] - Delayed 3 second(s)

2019-06-19 19:02:02 - [MESSAGE][PASSED] - Scroll to object 'Object Repository/Login/span_End User License Agreement' successfully

2019-06-19 19:02:02 - [MESSAGE][PASSED] - Object 'Object Repository/Login/span_End User License Agreement' is visible

2019-06-19 19:02:02 - [MESSAGE][PASSED] - Object 'Object Repository/Login/span_End User License Agreement' is checked

2019-06-19 19:02:03 - [MESSAGE][PASSED] - Delayed 1 second(s)

2019-06-19 19:02:03 - [MESSAGE][PASSED] - Object: 'Object Repository/Login/button_Log In' is clicked on

2019-06-19 19:02:08 - [MESSAGE][PASSED] - Object: '' is clicked on

2019-06-19 19:02:09 - [MESSAGE][PASSED] - Object: 'Object Repository/Login/a_Credits' is clicked on

2019-06-19 19:02:09 - [MESSAGE][PASSED] - Run with 'common.Runner_Login' was passed

2019-06-19 19:02:09 - [MESSAGE][PASSED] - Call Test Case 'Test Cases/Login/TC_Login' successfully

2019-06-19 19:02:09 - [MESSAGE][PASSED] - Scroll to object 'Object Repository/Green_Cleaning/Navigation/div_Green Cleaning' successfully

2019-06-19 19:02:09 - [MESSAGE][PASSED] - Object 'Object Repository/Green_Cleaning/Navigation/div_Green Cleaning' is present

2019-06-19 19:02:09 - [MESSAGE][PASSED] - Text of object 'Object Repository/Green_Cleaning/Navigation/h3_Status' is: 'ATTEMPTED'

2019-06-19 19:02:09 - [MESSAGE][PASSED] - Text of object 'Object Repository/Green_Cleaning/Navigation/divval' is: 'ATTEMPTED'

2019-06-19 19:02:09 - [MESSAGE][PASSED] - Text of object 'Object Repository/Green_Cleaning/Navigation/h3_Status' is: 'ATTEMPTED'

2019-06-19 19:02:10 - [MESSAGE][PASSED] - Object: 'Object Repository/Green_Cleaning/Navigation/div_Green Cleaning' is clicked on

2019-06-19 19:02:13 - [MESSAGE][PASSED] - Delayed 3 second(s)

2019-06-19 19:02:16 - [MESSAGE][PASSED] - Object: 'Object Repository/Green_Cleaning/Navigation/span_(V01)' is clicked on

2019-06-19 19:02:16 - [MESSAGE][PASSED] - Object 'Object Repository/Green_Cleaning/Navigation/div_GreenCleaningPolicyCreditLib' is present

2019-06-19 19:02:16 - [MESSAGE][PASSED] - Run with 'greenCleaningForm.Runner_NavigationGC' was passed

2019-06-19 19:02:16 - [MESSAGE][PASSED] - Call Test Case 'Test Cases/GreenCleaning/TC_GC_Navigate' successfully

2019-06-19 19:02:16 - [MESSAGE][PASSED] - Scroll to object 'Object Repository/Green_Cleaning/Entryway_systems_Opt2/AddFile_Uploadphotos/Table_photos' successfully

2019-06-19 19:02:16 - [MESSAGE][PASSED] - Object 'Object Repository/Green_Cleaning/Entryway_systems_Opt2/AddFile_Uploadphotos/Table_photos' is present

2019-06-19 19:02:17 - [MESSAGE][PASSED] - Scroll to object 'Object Repository/Green_Cleaning/Entryway_systems_Opt2/AddFile_Uploadphotos/p_Upload photos' successfully

2019-06-19 19:02:18 - [MESSAGE][PASSED] - Delayed 1 second(s)

2019-06-19 19:02:18 - [MESSAGE][PASSED] - Object: '' is clicked on

2019-06-19 19:02:20 - [MESSAGE][PASSED] - Delayed 2 second(s)

2019-06-19 19:02:20 - [MESSAGE][PASSED] - Object: 'Object Repository/LightPollutionReduction/FixtureShielding/button_Yes' is clicked on

2019-06-19 19:02:21 - [MESSAGE][PASSED] - Delayed 1 second(s)

2019-06-19 19:02:22 - [MESSAGE][PASSED] - Object: '' is clicked on

2019-06-19 19:02:24 - [MESSAGE][PASSED] - Delayed 2 second(s)

2019-06-19 19:02:24 - [MESSAGE][PASSED] - Object: 'Object Repository/LightPollutionReduction/FixtureShielding/button_Yes' is clicked on

2019-06-19 19:02:25 - [MESSAGE][PASSED] - Delayed 1 second(s)

2019-06-19 19:02:25 - [MESSAGE][PASSED] - Object: '' is clicked on

2019-06-19 19:02:27 - [MESSAGE][PASSED] - Delayed 2 second(s)

2019-06-19 19:02:27 - [MESSAGE][PASSED] - Object: 'Object Repository/LightPollutionReduction/FixtureShielding/button_Yes' is clicked on

2019-06-19 19:02:29 - [MESSAGE][PASSED] - Delayed 2 second(s)

2019-06-19 19:02:30 - [MESSAGE][PASSED] - Web element with id: 'Object Repository/Green_Cleaning/Entryway_systems_Opt2/AddFile_Uploadphotos/Table_photos' located by 'By.xpath: //*[@id="esPlanDocs_files"]/table' is not present after '30' second(s)

2019-06-19 19:02:30 - [MESSAGE][PASSED] - Run with 'greenCleaningForm.Runner_GC_DeleteUploadedFiles_EntrywaySys' was passed

2019-06-19 19:02:30 - [TEST_STEP][PASSED] - Start listener action : sampleAfterTestCase: Browser is closed

2019-06-19 19:02:30 - [TEST_STEP][PASSED] - closeBrowser(): Browser is closed

2019-06-19 19:02:31 - [MESSAGE][PASSED] - Browser is closed]]></system-out>
         <system-err><![CDATA[]]></system-err>
      </testcase>
      <system-out><![CDATA[2019-06-19 18:57:42 - [TEST_SUITE][PASSED] - GC_SmokeTest: Test Cases/GreenCleaning/TC_GC_DeleteUploadedFiles_EntrywaySys]]></system-out>
      <system-err><![CDATA[]]></system-err>
   </testsuite>
</testsuites>
