<?xml version="1.0" encoding="UTF-8"?>
<testsuites name="GC_SmokeTest" time="1909" tests="17" failures="0" errors="0">
   <testsuite name="GC_SmokeTest" tests="17" failures="0" errors="0" time="1909" timestamp="2019-06-22 18:27:59" hostname="promantus inc - G10PROLT025" id="Test Suites/GC_SmokeTest">
      <properties>
         <property name="deviceName" value=""/>
         <property name="devicePlatform" value=""/>
         <property name="logFolder" value="H:\\Git Projects\\Usgbc_LeedOnline_ScoreCard\\Usgbc_LeedOnline_ScoreCard\\Reports\\GC_SmokeTest\\20190622_182755"/>
         <property name="logFiles" value="H:\\Git Projects\\Usgbc_LeedOnline_ScoreCard\\Usgbc_LeedOnline_ScoreCard\\Reports\\GC_SmokeTest\\20190622_182755\\execution0.log"/>
         <property name="attachments" value=""/>
         <property name="hostName" value="promantus inc - G10PROLT025"/>
         <property name="os" value="Windows 10 64bit"/>
         <property name="katalonVersion" value="6.1.3.3"/>
         <property name="browser" value="Chrome 75.0.3770.100"/>
         <property name="hostAddress" value="192.168.232.1"/>
         <property name="sessionId" value="800bcb18faf55d039ef2e43d0bb33a64"/>
         <property name="seleniumVersion" value="3.7.1"/>
         <property name="proxyInformation" value="ProxyInformation{proxyOption=NO_PROXY, proxyServerType=HTTP, password=, proxyServerAddress=, proxyServerPort=0}"/>
         <property name="platform" value="Windows 10"/>
      </properties>
      <testcase name="Test Cases/GreenCleaning/TC_GC_Custodial" classname="Test Cases/GreenCleaning/TC_GC_Custodial" status="PASSED">
         <system-out><![CDATA[2019-06-22 18:28:00 - [TEST_CASE][PASSED] - Test Cases/GreenCleaning/TC_GC_Custodial: Test Cases/GreenCleaning/TC_GC_Custodial

2019-06-22 18:28:00 - [TEST_STEP][PASSED] - Start listener action : sampleBeforeTestCase: null

2019-06-22 18:28:00 - [TEST_STEP][PASSED] - openBrowser(""): Browser is opened with url: ''

2019-06-22 18:28:01 - [MESSAGE][INFO] - Starting 'Chrome (headless)' driver

2019-06-22 18:28:01 - [MESSAGE][INFO] - User set preference: ['args', '[--window-size=1920,1080]']

2019-06-22 18:28:01 - [MESSAGE][INFO] - Action delay is set to 0 seconds

2019-06-22 18:28:04 - [MESSAGE][PASSED] - Browser is opened with url: ''

2019-06-22 18:28:04 - [TEST_STEP][PASSED] - driver = getWebDriver(): null

2019-06-22 18:28:04 - [TEST_STEP][PASSED] - println("The driver is ########### " + driver): null

2019-06-22 18:28:04 - [TEST_STEP][PASSED] - downloadPath = "H:\Git Projects\Usgbc_LeedOnline_ScoreCard\Usgbc_LeedOnline_ScoreCard\Include\TestData\DownloadedFiles": null

2019-06-22 18:28:04 - [TEST_STEP][PASSED] - projectKeywords().sendCommandForDownloadChromeHeadLess(driver.getCommandExecutor(), driver.getSessionId(), downloadPath): null

2019-06-22 18:28:05 - [TEST_STEP][PASSED] - runWithCucumberRunner(greenCleaningForm.Runner_GreenCleaning): Run with 'greenCleaningForm.Runner_GreenCleaning' was passed

2019-06-22 18:28:11 - [TEST_CASE][PASSED] - Test Cases/GreenCleaning/TC_GC_Navigate: Test Cases/GreenCleaning/TC_GC_Navigate

2019-06-22 18:28:11 - [TEST_STEP][PASSED] - runWithCucumberRunner(greenCleaningForm.Runner_NavigationGC): Run with 'greenCleaningForm.Runner_NavigationGC' was passed

2019-06-22 18:28:12 - [TEST_CASE][PASSED] - Test Cases/Login/TC_Login: Test Cases/Login/TC_Login

2019-06-22 18:28:13 - [TEST_STEP][PASSED] - runWithCucumberRunner(common.Runner_Login): Run with 'common.Runner_Login' was passed

2019-06-22 18:28:19 - [MESSAGE][PASSED] - Navigate to 'https://leedonline-stg.usgbc.org' successfully

2019-06-22 18:28:21 - [MESSAGE][PASSED] - Delayed 2 second(s)

2019-06-22 18:28:21 - [MESSAGE][PASSED] - Text 'automationbdd1@gmail.com' is set on object 'Object Repository/Login/input_username'

2019-06-22 18:28:21 - [MESSAGE][PASSED] - Text 'initpass' is set on object 'Object Repository/Login/input_password'

2019-06-22 18:28:24 - [MESSAGE][PASSED] - Delayed 3 second(s)

2019-06-22 18:28:25 - [MESSAGE][PASSED] - Scroll to object 'Object Repository/Login/span_End User License Agreement' successfully

2019-06-22 18:28:25 - [MESSAGE][PASSED] - Object 'Object Repository/Login/span_End User License Agreement' is visible

2019-06-22 18:28:25 - [MESSAGE][PASSED] - Object 'Object Repository/Login/span_End User License Agreement' is checked

2019-06-22 18:28:26 - [MESSAGE][PASSED] - Delayed 1 second(s)

2019-06-22 18:28:26 - [MESSAGE][PASSED] - Object: 'Object Repository/Login/button_Log In' is clicked on

2019-06-22 18:28:35 - [MESSAGE][PASSED] - Object: '' is clicked on

2019-06-22 18:28:38 - [MESSAGE][PASSED] - Object: 'Object Repository/Login/a_Credits' is clicked on

2019-06-22 18:28:38 - [MESSAGE][PASSED] - Run with 'common.Runner_Login' was passed

2019-06-22 18:28:38 - [MESSAGE][PASSED] - Call Test Case 'Test Cases/Login/TC_Login' successfully

2019-06-22 18:28:38 - [MESSAGE][PASSED] - Scroll to object 'Object Repository/Green_Cleaning/Navigation/div_Green Cleaning' successfully

2019-06-22 18:28:38 - [MESSAGE][PASSED] - Object 'Object Repository/Green_Cleaning/Navigation/div_Green Cleaning' is present

2019-06-22 18:28:38 - [MESSAGE][PASSED] - Text of object 'Object Repository/Green_Cleaning/Navigation/h3_Status' is: 'ATTEMPTED'

2019-06-22 18:28:38 - [MESSAGE][PASSED] - Text of object 'Object Repository/Green_Cleaning/Navigation/divval' is: 'ATTEMPTED'

2019-06-22 18:28:38 - [MESSAGE][PASSED] - Text of object 'Object Repository/Green_Cleaning/Navigation/h3_Status' is: 'ATTEMPTED'

2019-06-22 18:28:38 - [MESSAGE][PASSED] - Object: 'Object Repository/Green_Cleaning/Navigation/div_Green Cleaning' is clicked on

2019-06-22 18:28:41 - [MESSAGE][PASSED] - Delayed 3 second(s)

2019-06-22 18:28:47 - [MESSAGE][PASSED] - Object: 'Object Repository/Green_Cleaning/Navigation/span_(V01)' is clicked on

2019-06-22 18:28:47 - [MESSAGE][PASSED] - Object 'Object Repository/Green_Cleaning/Navigation/div_GreenCleaningPolicyCreditLib' is present

2019-06-22 18:28:47 - [MESSAGE][PASSED] - Run with 'greenCleaningForm.Runner_NavigationGC' was passed

2019-06-22 18:28:47 - [MESSAGE][PASSED] - Call Test Case 'Test Cases/GreenCleaning/TC_GC_Navigate' successfully

2019-06-22 18:28:47 - [MESSAGE][PASSED] - Object 'Object Repository/Green_Cleaning/Custodial_Effectiveness_Opt1/input_SelectOption' is present

2019-06-22 18:28:50 - [MESSAGE][PASSED] - Delayed 3 second(s)

2019-06-22 18:28:51 - [MESSAGE][PASSED] - Object: 'Object Repository/Green_Cleaning/Custodial_Effectiveness_Opt1/input_SelectOption' is clicked on

2019-06-22 18:28:54 - [MESSAGE][PASSED] - Delayed 3 second(s)

2019-06-22 18:28:54 - [MESSAGE][PASSED] - Text 'Option 1. Custodial effectiveness assessment' is present on page 

2019-06-22 18:28:54 - [MESSAGE][PASSED] - Scroll to object 'Object Repository/Green_Cleaning/Custodial_Effectiveness_Opt1/ProceduresEditorBox_Custodial/p_procedures and routine Inspection' successfully

2019-06-22 18:28:54 - [MESSAGE][PASSED] - Object 'Object Repository/Green_Cleaning/Custodial_Effectiveness_Opt1/ProceduresEditorBox_Custodial/p_procedures and routine Inspection' is present

2019-06-22 18:29:00 - [MESSAGE][PASSED] - Text 'Known that everybody have the personal aim. It is defferent . For example, there are some people think that the most important thing in them life is career. While there are other people think that is family. me too. The most important thing with my life is my small and big family. Because I see the mind is the most important. Let think that if you are verry rich while you alway are worry and sad, you will feel not happy. So I think we should spend many time for looking after our family. When we have a happy family, we will have power to try. At that time we will work better. How do you think. Anna and Henry go to the doctor. Anna has an ultrasound scan. X623J' is set on object 'Object Repository/Green_Cleaning/Custodial_Effectiveness_Opt1/ProceduresEditorBox_Custodial/body_custodialText'

2019-06-22 18:29:03 - [MESSAGE][PASSED] - Delayed 3 second(s)

2019-06-22 18:29:03 - [MESSAGE][PASSED] - Text of object 'Object Repository/Green_Cleaning/Custodial_Effectiveness_Opt1/ProceduresEditorBox_Custodial/body_custodialText' is: 'Known that everybody have the personal aim. It is defferent . For example, there are some people think that the most important thing in them life is career. While there are other people think that is family. me too. The most important thing with my life is my small and big family. Because I see the mind is the most important. Let think that if you are verry rich while you alway are worry and sad, you will feel not happy. So I think we should spend many time for looking after our family. When we have a happy family, we will have power to try. At that time we will work better. How do you think. Anna and Henry go to the doctor. Anna has an ultrasound scan. X623J'

2019-06-22 18:29:03 - [MESSAGE][PASSED] - Actual text 'Known that everybody have the personal aim. It is defferent . For example, there are some people think that the most important thing in them life is career. While there are other people think that is family. me too. The most important thing with my life is my small and big family. Because I see the mind is the most important. Let think that if you are verry rich while you alway are worry and sad, you will feel not happy. So I think we should spend many time for looking after our family. When we have a happy family, we will have power to try. At that time we will work better. How do you think. Anna and Henry go to the doctor. Anna has an ultrasound scan. X623J' and expected text 'Known that everybody have the personal aim. It is defferent . For example, there are some people think that the most important thing in them life is career. While there are other people think that is family. me too. The most important thing with my life is my small and big family. Because I see the mind is the most important. Let think that if you are verry rich while you alway are worry and sad, you will feel not happy. So I think we should spend many time for looking after our family. When we have a happy family, we will have power to try. At that time we will work better. How do you think. Anna and Henry go to the doctor. Anna has an ultrasound scan. X623J' are matched 

2019-06-22 18:29:03 - [MESSAGE][WARNING] - Timeout '0' is invalid. Using default page load timeout: '30'

2019-06-22 18:29:03 - [MESSAGE][PASSED] - Scroll to object 'Object Repository/Green_Cleaning/Custodial_Effectiveness_Opt1/AddFile_UploadCustodialEffectivenessAudit/p_Custodial Effectiveness' successfully

2019-06-22 18:29:03 - [MESSAGE][PASSED] - Object 'Object Repository/Green_Cleaning/Custodial_Effectiveness_Opt1/AddFile_UploadCustodialEffectivenessAudit/p_Custodial Effectiveness' is present

2019-06-22 18:29:03 - [MESSAGE][PASSED] - Object 'Object Repository/Green_Cleaning/Custodial_Effectiveness_Opt1/AddFile_UploadCustodialEffectivenessAudit/Button_Custodial' has attribute 'class' with value 'tiny ui button'

2019-06-22 18:29:03 - [MESSAGE][PASSED] - File 'H:\Git Projects\Usgbc_LeedOnline_ScoreCard\Usgbc_LeedOnline_ScoreCard\Include\TestData\MultipleFileDiffExt\SampleGIFImage_350kbmb.gif' sent to object: 'Object Repository/Green_Cleaning/Custodial_Effectiveness_Opt1/AddFile_UploadCustodialEffectivenessAudit/input_custodial'

2019-06-22 18:29:04 - [MESSAGE][PASSED] - Delayed 1 second(s)

2019-06-22 18:29:12 - [MESSAGE][PASSED] - Object 'Object Repository/Green_Cleaning/Custodial_Effectiveness_Opt1/AddFile_UploadCustodialEffectivenessAudit/Button_Custodial' has attribute 'class' with value 'tiny ui button'

2019-06-22 18:29:12 - [MESSAGE][PASSED] - File 'H:\Git Projects\Usgbc_LeedOnline_ScoreCard\Usgbc_LeedOnline_ScoreCard\Include\TestData\MultipleFileDiffExt\SamplePPTFile_1000kb.ppt' sent to object: 'Object Repository/Green_Cleaning/Custodial_Effectiveness_Opt1/AddFile_UploadCustodialEffectivenessAudit/input_custodial'

2019-06-22 18:29:13 - [MESSAGE][PASSED] - Delayed 1 second(s)

2019-06-22 18:29:33 - [MESSAGE][PASSED] - Object 'Object Repository/Green_Cleaning/Custodial_Effectiveness_Opt1/AddFile_UploadCustodialEffectivenessAudit/Button_Custodial' has attribute 'class' with value 'tiny ui button'

2019-06-22 18:29:33 - [MESSAGE][PASSED] - File 'H:\Git Projects\Usgbc_LeedOnline_ScoreCard\Usgbc_LeedOnline_ScoreCard\Include\TestData\MultipleFileDiffExt\ZZ.pdf' sent to object: 'Object Repository/Green_Cleaning/Custodial_Effectiveness_Opt1/AddFile_UploadCustodialEffectivenessAudit/input_custodial'

2019-06-22 18:29:34 - [MESSAGE][PASSED] - Delayed 1 second(s)

2019-06-22 18:29:34 - [MESSAGE][WARNING] - Timeout '0' is invalid. Using default page load timeout: '30'

2019-06-22 18:29:35 - [MESSAGE][PASSED] - Scroll to object 'Object Repository/Green_Cleaning/Custodial_Effectiveness_Opt1/input_Overall score' successfully

2019-06-22 18:29:35 - [MESSAGE][PASSED] - Object 'Object Repository/Green_Cleaning/Custodial_Effectiveness_Opt1/input_Overall score' is present

2019-06-22 18:29:35 - [MESSAGE][PASSED] - Text '141' is set on object 'Object Repository/Green_Cleaning/Custodial_Effectiveness_Opt1/input_Overall score'

2019-06-22 18:29:35 - [MESSAGE][PASSED] - Attribute 'value' of object 'Object Repository/Green_Cleaning/Custodial_Effectiveness_Opt1/input_Overall score' is: '141'

2019-06-22 18:29:35 - [MESSAGE][PASSED] - Actual text '141' and expected text '141' are matched 

2019-06-22 18:29:35 - [MESSAGE][WARNING] - Timeout '0' is invalid. Using default page load timeout: '30'

2019-06-22 18:29:35 - [MESSAGE][PASSED] - Scroll to object 'Object Repository/Green_Cleaning/Custodial_Effectiveness_Opt1/input_date' successfully

2019-06-22 18:29:35 - [MESSAGE][PASSED] - Object 'Object Repository/Green_Cleaning/Custodial_Effectiveness_Opt1/input_date' is present

2019-06-22 18:29:35 - [MESSAGE][PASSED] - Object: 'Object Repository/Green_Cleaning/Custodial_Effectiveness_Opt1/input_date' is clicked on

2019-06-22 18:29:35 - [MESSAGE][PASSED] - Object: 'Object Repository/Green_Cleaning/Custodial_Effectiveness_Opt1/input_date_Field' is clicked on

2019-06-22 18:29:36 - [MESSAGE][PASSED] - Attribute 'value' of object 'Object Repository/Green_Cleaning/Custodial_Effectiveness_Opt1/input_date' is: '14 Jun 2019'

2019-06-22 18:29:36 - [MESSAGE][PASSED] - Scroll to object 'Object Repository/Green_Cleaning/Custodial_Effectiveness_Opt1/OpportunitiesEditorBox_Custodial/p_opportunities' successfully

2019-06-22 18:29:36 - [MESSAGE][PASSED] - Object 'Object Repository/Green_Cleaning/Custodial_Effectiveness_Opt1/OpportunitiesEditorBox_Custodial/p_opportunities' is present

2019-06-22 18:29:40 - [MESSAGE][PASSED] - Text 'Known that everybody have the personal aim. It is defferent . For example, there are some people think that the most important thing in them life is career. While there are other people think that is family. me too. The most important thing with my life is my small and big family. Because I see the mind is the most important. Let think that if you are verry rich while you alway are worry and sad, you will feel not happy. So I think we should spend many time for looking after our family. When we have a happy family, we will have power to try. At that time we will work better. How do you think. Anna and Henry go to the doctor. Anna has an ultrasound scan. X623J' is set on object 'Object Repository/Green_Cleaning/Custodial_Effectiveness_Opt1/OpportunitiesEditorBox_Custodial/body_textOpportunities'

2019-06-22 18:29:43 - [MESSAGE][PASSED] - Delayed 3 second(s)

2019-06-22 18:29:43 - [MESSAGE][PASSED] - Text of object 'Object Repository/Green_Cleaning/Custodial_Effectiveness_Opt1/OpportunitiesEditorBox_Custodial/body_textOpportunities' is: 'Known that everybody have the personal aim. It is defferent . For example, there are some people think that the most important thing in them life is career. While there are other people think that is family. me too. The most important thing with my life is my small and big family. Because I see the mind is the most important. Let think that if you are verry rich while you alway are worry and sad, you will feel not happy. So I think we should spend many time for looking after our family. When we have a happy family, we will have power to try. At that time we will work better. How do you think. Anna and Henry go to the doctor. Anna has an ultrasound scan. X623J'

2019-06-22 18:29:43 - [MESSAGE][PASSED] - Actual text 'Known that everybody have the personal aim. It is defferent . For example, there are some people think that the most important thing in them life is career. While there are other people think that is family. me too. The most important thing with my life is my small and big family. Because I see the mind is the most important. Let think that if you are verry rich while you alway are worry and sad, you will feel not happy. So I think we should spend many time for looking after our family. When we have a happy family, we will have power to try. At that time we will work better. How do you think. Anna and Henry go to the doctor. Anna has an ultrasound scan. X623J' and expected text 'Known that everybody have the personal aim. It is defferent . For example, there are some people think that the most important thing in them life is career. While there are other people think that is family. me too. The most important thing with my life is my small and big family. Because I see the mind is the most important. Let think that if you are verry rich while you alway are worry and sad, you will feel not happy. So I think we should spend many time for looking after our family. When we have a happy family, we will have power to try. At that time we will work better. How do you think. Anna and Henry go to the doctor. Anna has an ultrasound scan. X623J' are matched 

2019-06-22 18:29:43 - [MESSAGE][PASSED] - Object 'Object Repository/Green_Cleaning/SpecialCircumstances/AddFile_additionalDoc_Sc/p_SC_additionalDoc' is present

2019-06-22 18:29:44 - [MESSAGE][PASSED] - Scroll to object 'Object Repository/Green_Cleaning/SpecialCircumstances/AddFile_additionalDoc_Sc/p_SC_additionalDoc' successfully

2019-06-22 18:29:44 - [MESSAGE][PASSED] - Object 'Object Repository/Green_Cleaning/SpecialCircumstances/AddFile_additionalDoc_Sc/Button_SC_AddFile' has attribute 'class' with value 'tiny ui button'

2019-06-22 18:29:44 - [MESSAGE][PASSED] - File 'H:\Git Projects\Usgbc_LeedOnline_ScoreCard\Usgbc_LeedOnline_ScoreCard\Include\TestData\MultipleFileDiffExt\SampleGIFImage_350kbmb.gif' sent to object: 'Object Repository/Green_Cleaning/SpecialCircumstances/AddFile_additionalDoc_Sc/input_SCAddFile'

2019-06-22 18:29:45 - [MESSAGE][PASSED] - Delayed 1 second(s)

2019-06-22 18:29:53 - [MESSAGE][PASSED] - Object 'Object Repository/Green_Cleaning/SpecialCircumstances/AddFile_additionalDoc_Sc/Button_SC_AddFile' has attribute 'class' with value 'tiny ui button'

2019-06-22 18:29:53 - [MESSAGE][PASSED] - File 'H:\Git Projects\Usgbc_LeedOnline_ScoreCard\Usgbc_LeedOnline_ScoreCard\Include\TestData\MultipleFileDiffExt\SamplePPTFile_1000kb.ppt' sent to object: 'Object Repository/Green_Cleaning/SpecialCircumstances/AddFile_additionalDoc_Sc/input_SCAddFile'

2019-06-22 18:29:54 - [MESSAGE][PASSED] - Delayed 1 second(s)

2019-06-22 18:30:23 - [MESSAGE][PASSED] - Object 'Object Repository/Green_Cleaning/SpecialCircumstances/AddFile_additionalDoc_Sc/Button_SC_AddFile' has attribute 'class' with value 'tiny ui button'

2019-06-22 18:30:23 - [MESSAGE][PASSED] - File 'H:\Git Projects\Usgbc_LeedOnline_ScoreCard\Usgbc_LeedOnline_ScoreCard\Include\TestData\MultipleFileDiffExt\ZZ.pdf' sent to object: 'Object Repository/Green_Cleaning/SpecialCircumstances/AddFile_additionalDoc_Sc/input_SCAddFile'

2019-06-22 18:30:24 - [MESSAGE][PASSED] - Delayed 1 second(s)

2019-06-22 18:30:24 - [MESSAGE][PASSED] - Scroll to object 'Object Repository/Green_Cleaning/SpecialCircumstances/SC_EditorBox/p_SC_Editorbox' successfully

2019-06-22 18:30:24 - [MESSAGE][PASSED] - Object 'Object Repository/Green_Cleaning/SpecialCircumstances/SC_EditorBox/p_SC_Editorbox' is present

2019-06-22 18:30:31 - [MESSAGE][PASSED] - Text 'Known that everybody have the personal aim. It is defferent . For example, there are some people think that the most important thing in them life is career. While there are other people think that is family. me too. The most important thing with my life is my small and big family. Because I see the mind is the most important. Let think that if you are verry rich while you alway are worry and sad, you will feel not happy. So I think we should spend many time for looking after our family. When we have a happy family, we will have power to try. At that time we will work better. How do you think. Anna and Henry go to the doctor. Anna has an ultrasound scan. X623J' is set on object 'Object Repository/Green_Cleaning/SpecialCircumstances/SC_EditorBox/body_SC_EditorBox'

2019-06-22 18:30:34 - [MESSAGE][PASSED] - Delayed 3 second(s)

2019-06-22 18:30:34 - [MESSAGE][PASSED] - Text of object 'Object Repository/Green_Cleaning/SpecialCircumstances/SC_EditorBox/body_SC_EditorBox' is: 'Known that everybody have the personal aim. It is defferent . For example, there are some people think that the most important thing in them life is career. While there are other people think that is family. me too. The most important thing with my life is my small and big family. Because I see the mind is the most important. Let think that if you are verry rich while you alway are worry and sad, you will feel not happy. So I think we should spend many time for looking after our family. When we have a happy family, we will have power to try. At that time we will work better. How do you think. Anna and Henry go to the doctor. Anna has an ultrasound scan. X623J'

2019-06-22 18:30:34 - [MESSAGE][PASSED] - Actual text 'Known that everybody have the personal aim. It is defferent . For example, there are some people think that the most important thing in them life is career. While there are other people think that is family. me too. The most important thing with my life is my small and big family. Because I see the mind is the most important. Let think that if you are verry rich while you alway are worry and sad, you will feel not happy. So I think we should spend many time for looking after our family. When we have a happy family, we will have power to try. At that time we will work better. How do you think. Anna and Henry go to the doctor. Anna has an ultrasound scan. X623J' and expected text 'Known that everybody have the personal aim. It is defferent . For example, there are some people think that the most important thing in them life is career. While there are other people think that is family. me too. The most important thing with my life is my small and big family. Because I see the mind is the most important. Let think that if you are verry rich while you alway are worry and sad, you will feel not happy. So I think we should spend many time for looking after our family. When we have a happy family, we will have power to try. At that time we will work better. How do you think. Anna and Henry go to the doctor. Anna has an ultrasound scan. X623J' are matched 

2019-06-22 18:30:44 - [MESSAGE][PASSED] - Delayed 10 second(s)

2019-06-22 18:30:44 - [MESSAGE][PASSED] - Scroll to object 'Object Repository/Green_Cleaning/button_Save' successfully

2019-06-22 18:30:44 - [MESSAGE][PASSED] - Object 'Object Repository/Green_Cleaning/button_Save' is visible

2019-06-22 18:30:44 - [MESSAGE][PASSED] - Object: 'Object Repository/Green_Cleaning/button_Save' is clicked on

2019-06-22 18:30:46 - [MESSAGE][PASSED] - Delayed 2 second(s)

2019-06-22 18:30:47 - [MESSAGE][PASSED] - Text 'Form data saved successfully.' is present on page 

2019-06-22 18:30:47 - [MESSAGE][PASSED] - Scroll to object 'Object Repository/Green_Cleaning/icon_pdf' successfully

2019-06-22 18:30:47 - [MESSAGE][PASSED] - Object 'Object Repository/Green_Cleaning/icon_pdf' is present

2019-06-22 18:30:52 - [MESSAGE][PASSED] - Delayed 5 second(s)

2019-06-22 18:30:52 - [MESSAGE][PASSED] - Object: 'Object Repository/Green_Cleaning/icon_pdf' is clicked on

2019-06-22 18:31:02 - [MESSAGE][PASSED] - Delayed 10 second(s)

2019-06-22 18:31:08 - [MESSAGE][PASSED] - Delayed 5 second(s)

2019-06-22 18:31:09 - [MESSAGE][PASSED] - Scroll to object 'Object Repository/Green_Cleaning/Custodial_Effectiveness_Opt1/ProceduresEditorBox_Custodial/p_procedures and routine Inspection' successfully

2019-06-22 18:31:09 - [MESSAGE][PASSED] - Text of object 'Object Repository/Green_Cleaning/Custodial_Effectiveness_Opt1/ProceduresEditorBox_Custodial/body_custodialText' is: 'Known that everybody have the personal aim. It is defferent . For example, there are some people think that the most important thing in them life is career. While there are other people think that is family. me too. The most important thing with my life is my small and big family. Because I see the mind is the most important. Let think that if you are verry rich while you alway are worry and sad, you will feel not happy. So I think we should spend many time for looking after our family. When we have a happy family, we will have power to try. At that time we will work better. How do you think. Anna and Henry go to the doctor. Anna has an ultrasound scan. X623J'

2019-06-22 18:31:11 - [MESSAGE][PASSED] - Delayed 2 second(s)

2019-06-22 18:31:16 - [MESSAGE][PASSED] - Delayed 5 second(s)

2019-06-22 18:31:16 - [MESSAGE][PASSED] - Scroll to object 'Object Repository/Green_Cleaning/Custodial_Effectiveness_Opt1/AddFile_UploadCustodialEffectivenessAudit/p_Custodial Effectiveness' successfully

2019-06-22 18:31:19 - [MESSAGE][PASSED] - Delayed 2 second(s)

2019-06-22 18:31:19 - [MESSAGE][PASSED] - Attribute 'value' of object 'Object Repository/Green_Cleaning/Custodial_Effectiveness_Opt1/input_Overall score' is: '141'

2019-06-22 18:31:22 - [MESSAGE][PASSED] - Delayed 3 second(s)

2019-06-22 18:31:22 - [MESSAGE][PASSED] - Attribute 'value' of object 'Object Repository/Green_Cleaning/Custodial_Effectiveness_Opt1/input_date' is: '14 Jun 2019'

2019-06-22 18:31:25 - [MESSAGE][PASSED] - Delayed 3 second(s)

2019-06-22 18:31:30 - [MESSAGE][PASSED] - Delayed 5 second(s)

2019-06-22 18:31:30 - [MESSAGE][PASSED] - Scroll to object 'Object Repository/Green_Cleaning/Custodial_Effectiveness_Opt1/OpportunitiesEditorBox_Custodial/p_opportunities' successfully

2019-06-22 18:31:30 - [MESSAGE][PASSED] - Text of object 'Object Repository/Green_Cleaning/Custodial_Effectiveness_Opt1/OpportunitiesEditorBox_Custodial/body_textOpportunities' is: 'Known that everybody have the personal aim. It is defferent . For example, there are some people think that the most important thing in them life is career. While there are other people think that is family. me too. The most important thing with my life is my small and big family. Because I see the mind is the most important. Let think that if you are verry rich while you alway are worry and sad, you will feel not happy. So I think we should spend many time for looking after our family. When we have a happy family, we will have power to try. At that time we will work better. How do you think. Anna and Henry go to the doctor. Anna has an ultrasound scan. X623J'

2019-06-22 18:31:33 - [MESSAGE][PASSED] - Delayed 2 second(s)

2019-06-22 18:31:38 - [MESSAGE][PASSED] - Delayed 5 second(s)

2019-06-22 18:31:38 - [MESSAGE][PASSED] - Scroll to object 'Object Repository/Green_Cleaning/SpecialCircumstances/SC_EditorBox/p_SC_Editorbox' successfully

2019-06-22 18:31:38 - [MESSAGE][PASSED] - Text of object 'Object Repository/Green_Cleaning/SpecialCircumstances/SC_EditorBox/body_SC_EditorBox' is: 'Known that everybody have the personal aim. It is defferent . For example, there are some people think that the most important thing in them life is career. While there are other people think that is family. me too. The most important thing with my life is my small and big family. Because I see the mind is the most important. Let think that if you are verry rich while you alway are worry and sad, you will feel not happy. So I think we should spend many time for looking after our family. When we have a happy family, we will have power to try. At that time we will work better. How do you think. Anna and Henry go to the doctor. Anna has an ultrasound scan. X623J'

2019-06-22 18:31:40 - [MESSAGE][PASSED] - Delayed 2 second(s)

2019-06-22 18:31:45 - [MESSAGE][PASSED] - Delayed 5 second(s)

2019-06-22 18:31:45 - [MESSAGE][PASSED] - Scroll to object 'Object Repository/Green_Cleaning/SpecialCircumstances/AddFile_additionalDoc_Sc/p_SC_additionalDoc' successfully

2019-06-22 18:31:47 - [MESSAGE][PASSED] - Delayed 2 second(s)

2019-06-22 18:31:48 - [MESSAGE][PASSED] - Refresh successfully

2019-06-22 18:31:51 - [MESSAGE][PASSED] - Text of object 'Object Repository/Green_Cleaning/Custodial_Effectiveness_Opt1/ProceduresEditorBox_Custodial/body_custodialText' is: 'Known that everybody have the personal aim. It is defferent . For example, there are some people think that the most important thing in them life is career. While there are other people think that is family. me too. The most important thing with my life is my small and big family. Because I see the mind is the most important. Let think that if you are verry rich while you alway are worry and sad, you will feel not happy. So I think we should spend many time for looking after our family. When we have a happy family, we will have power to try. At that time we will work better. How do you think. Anna and Henry go to the doctor. Anna has an ultrasound scan. X623J'

2019-06-22 18:31:51 - [MESSAGE][PASSED] - Actual text 'Known that everybody have the personal aim. It is defferent . For example, there are some people think that the most important thing in them life is career. While there are other people think that is family. me too. The most important thing with my life is my small and big family. Because I see the mind is the most important. Let think that if you are verry rich while you alway are worry and sad, you will feel not happy. So I think we should spend many time for looking after our family. When we have a happy family, we will have power to try. At that time we will work better. How do you think. Anna and Henry go to the doctor. Anna has an ultrasound scan. X623J' and expected text 'Known that everybody have the personal aim. It is defferent . For example, there are some people think that the most important thing in them life is career. While there are other people think that is family. me too. The most important thing with my life is my small and big family. Because I see the mind is the most important. Let think that if you are verry rich while you alway are worry and sad, you will feel not happy. So I think we should spend many time for looking after our family. When we have a happy family, we will have power to try. At that time we will work better. How do you think. Anna and Henry go to the doctor. Anna has an ultrasound scan. X623J' are matched 

2019-06-22 18:31:51 - [MESSAGE][PASSED] - Text of object 'Object Repository/Green_Cleaning/SpecialCircumstances/SC_EditorBox/body_SC_EditorBox' is: 'Known that everybody have the personal aim. It is defferent . For example, there are some people think that the most important thing in them life is career. While there are other people think that is family. me too. The most important thing with my life is my small and big family. Because I see the mind is the most important. Let think that if you are verry rich while you alway are worry and sad, you will feel not happy. So I think we should spend many time for looking after our family. When we have a happy family, we will have power to try. At that time we will work better. How do you think. Anna and Henry go to the doctor. Anna has an ultrasound scan. X623J'

2019-06-22 18:31:51 - [MESSAGE][PASSED] - Actual text 'Known that everybody have the personal aim. It is defferent . For example, there are some people think that the most important thing in them life is career. While there are other people think that is family. me too. The most important thing with my life is my small and big family. Because I see the mind is the most important. Let think that if you are verry rich while you alway are worry and sad, you will feel not happy. So I think we should spend many time for looking after our family. When we have a happy family, we will have power to try. At that time we will work better. How do you think. Anna and Henry go to the doctor. Anna has an ultrasound scan. X623J' and expected text 'Known that everybody have the personal aim. It is defferent . For example, there are some people think that the most important thing in them life is career. While there are other people think that is family. me too. The most important thing with my life is my small and big family. Because I see the mind is the most important. Let think that if you are verry rich while you alway are worry and sad, you will feel not happy. So I think we should spend many time for looking after our family. When we have a happy family, we will have power to try. At that time we will work better. How do you think. Anna and Henry go to the doctor. Anna has an ultrasound scan. X623J' are matched 

2019-06-22 18:31:51 - [MESSAGE][PASSED] - Run with 'greenCleaningForm.Runner_GreenCleaning' was passed

2019-06-22 18:31:51 - [TEST_STEP][PASSED] - Start listener action : sampleAfterTestCase: Browser is closed

2019-06-22 18:31:51 - [TEST_STEP][PASSED] - closeBrowser(): Browser is closed

2019-06-22 18:31:52 - [MESSAGE][PASSED] - Browser is closed]]></system-out>
         <system-err><![CDATA[]]></system-err>
      </testcase>
      <testcase name="Test Cases/GreenCleaning/TC_GC_VerifyUploadedFiles_Custodial" classname="Test Cases/GreenCleaning/TC_GC_VerifyUploadedFiles_Custodial" status="PASSED">
         <system-out><![CDATA[2019-06-22 18:31:52 - [TEST_CASE][PASSED] - Test Cases/GreenCleaning/TC_GC_VerifyUploadedFiles_Custodial: Test Cases/GreenCleaning/TC_GC_VerifyUploadedFiles_Custodial

2019-06-22 18:31:52 - [TEST_STEP][PASSED] - Start listener action : sampleBeforeTestCase: null

2019-06-22 18:31:52 - [TEST_STEP][PASSED] - openBrowser(""): Browser is opened with url: ''

2019-06-22 18:31:52 - [MESSAGE][INFO] - Starting 'Chrome (headless)' driver

2019-06-22 18:31:52 - [MESSAGE][INFO] - User set preference: ['args', '[--window-size=1920,1080]']

2019-06-22 18:31:54 - [MESSAGE][PASSED] - Browser is opened with url: ''

2019-06-22 18:31:54 - [TEST_STEP][PASSED] - driver = getWebDriver(): null

2019-06-22 18:31:54 - [TEST_STEP][PASSED] - println("The driver is ########### " + driver): null

2019-06-22 18:31:54 - [TEST_STEP][PASSED] - downloadPath = "H:\Git Projects\Usgbc_LeedOnline_ScoreCard\Usgbc_LeedOnline_ScoreCard\Include\TestData\DownloadedFiles": null

2019-06-22 18:31:54 - [TEST_STEP][PASSED] - projectKeywords().sendCommandForDownloadChromeHeadLess(driver.getCommandExecutor(), driver.getSessionId(), downloadPath): null

2019-06-22 18:31:54 - [TEST_STEP][PASSED] - runWithCucumberRunner(greenCleaningForm.Runner_GC_VerifyUploadedFiles_Custodial): Run with 'greenCleaningForm.Runner_GC_VerifyUploadedFiles_Custodial' was passed

2019-06-22 18:31:56 - [TEST_CASE][PASSED] - Test Cases/GreenCleaning/TC_GC_Navigate: Test Cases/GreenCleaning/TC_GC_Navigate

2019-06-22 18:31:56 - [TEST_STEP][PASSED] - runWithCucumberRunner(greenCleaningForm.Runner_NavigationGC): Run with 'greenCleaningForm.Runner_NavigationGC' was passed

2019-06-22 18:31:57 - [TEST_CASE][PASSED] - Test Cases/Login/TC_Login: Test Cases/Login/TC_Login

2019-06-22 18:31:57 - [TEST_STEP][PASSED] - runWithCucumberRunner(common.Runner_Login): Run with 'common.Runner_Login' was passed

2019-06-22 18:32:05 - [MESSAGE][PASSED] - Navigate to 'https://leedonline-stg.usgbc.org' successfully

2019-06-22 18:32:07 - [MESSAGE][PASSED] - Delayed 2 second(s)

2019-06-22 18:32:07 - [MESSAGE][PASSED] - Text 'automationbdd1@gmail.com' is set on object 'Object Repository/Login/input_username'

2019-06-22 18:32:08 - [MESSAGE][PASSED] - Text 'initpass' is set on object 'Object Repository/Login/input_password'

2019-06-22 18:32:11 - [MESSAGE][PASSED] - Delayed 3 second(s)

2019-06-22 18:32:11 - [MESSAGE][PASSED] - Scroll to object 'Object Repository/Login/span_End User License Agreement' successfully

2019-06-22 18:32:11 - [MESSAGE][PASSED] - Object 'Object Repository/Login/span_End User License Agreement' is visible

2019-06-22 18:32:11 - [MESSAGE][PASSED] - Object 'Object Repository/Login/span_End User License Agreement' is checked

2019-06-22 18:32:12 - [MESSAGE][PASSED] - Delayed 1 second(s)

2019-06-22 18:32:12 - [MESSAGE][PASSED] - Object: 'Object Repository/Login/button_Log In' is clicked on

2019-06-22 18:32:25 - [MESSAGE][PASSED] - Object: '' is clicked on

2019-06-22 18:32:29 - [MESSAGE][PASSED] - Object: 'Object Repository/Login/a_Credits' is clicked on

2019-06-22 18:32:29 - [MESSAGE][PASSED] - Run with 'common.Runner_Login' was passed

2019-06-22 18:32:29 - [MESSAGE][PASSED] - Call Test Case 'Test Cases/Login/TC_Login' successfully

2019-06-22 18:32:29 - [MESSAGE][PASSED] - Scroll to object 'Object Repository/Green_Cleaning/Navigation/div_Green Cleaning' successfully

2019-06-22 18:32:29 - [MESSAGE][PASSED] - Object 'Object Repository/Green_Cleaning/Navigation/div_Green Cleaning' is present

2019-06-22 18:32:29 - [MESSAGE][PASSED] - Text of object 'Object Repository/Green_Cleaning/Navigation/h3_Status' is: 'ATTEMPTED'

2019-06-22 18:32:29 - [MESSAGE][PASSED] - Text of object 'Object Repository/Green_Cleaning/Navigation/divval' is: 'ATTEMPTED'

2019-06-22 18:32:29 - [MESSAGE][PASSED] - Text of object 'Object Repository/Green_Cleaning/Navigation/h3_Status' is: 'ATTEMPTED'

2019-06-22 18:32:29 - [MESSAGE][PASSED] - Object: 'Object Repository/Green_Cleaning/Navigation/div_Green Cleaning' is clicked on

2019-06-22 18:32:32 - [MESSAGE][PASSED] - Delayed 3 second(s)

2019-06-22 18:32:42 - [MESSAGE][PASSED] - Object: 'Object Repository/Green_Cleaning/Navigation/span_(V01)' is clicked on

2019-06-22 18:32:42 - [MESSAGE][PASSED] - Object 'Object Repository/Green_Cleaning/Navigation/div_GreenCleaningPolicyCreditLib' is present

2019-06-22 18:32:42 - [MESSAGE][PASSED] - Run with 'greenCleaningForm.Runner_NavigationGC' was passed

2019-06-22 18:32:42 - [MESSAGE][PASSED] - Call Test Case 'Test Cases/GreenCleaning/TC_GC_Navigate' successfully

2019-06-22 18:32:42 - [MESSAGE][PASSED] - Scroll to object 'Object Repository/Green_Cleaning/Custodial_Effectiveness_Opt1/AddFile_UploadCustodialEffectivenessAudit/Table_Custodial' successfully

2019-06-22 18:32:42 - [MESSAGE][PASSED] - Object 'Object Repository/Green_Cleaning/Custodial_Effectiveness_Opt1/AddFile_UploadCustodialEffectivenessAudit/Table_Custodial' is present

2019-06-22 18:32:43 - [MESSAGE][PASSED] - Text of object '' is: 'SampleGIFImage_350kbmb.gif'

2019-06-22 18:32:43 - [MESSAGE][PASSED] - SampleGIFImage_350kbmb.gif is equal to SampleGIFImage_350kbmb.gif

2019-06-22 18:32:43 - [MESSAGE][PASSED] - Actual text 'SampleGIFImage_350kbmb.gif' and expected text 'SampleGIFImage_350kbmb.gif' are matched 

2019-06-22 18:32:43 - [MESSAGE][PASSED] - Text of object '' is: 'SamplePPTFile_1000kb.ppt'

2019-06-22 18:32:43 - [MESSAGE][PASSED] - SamplePPTFile_1000kb.ppt is equal to SamplePPTFile_1000kb.ppt

2019-06-22 18:32:43 - [MESSAGE][PASSED] - Actual text 'SamplePPTFile_1000kb.ppt' and expected text 'SamplePPTFile_1000kb.ppt' are matched 

2019-06-22 18:32:43 - [MESSAGE][PASSED] - Text of object '' is: 'ZZ.pdf'

2019-06-22 18:32:43 - [MESSAGE][PASSED] - ZZ.pdf is equal to ZZ.pdf

2019-06-22 18:32:43 - [MESSAGE][PASSED] - Actual text 'ZZ.pdf' and expected text 'ZZ.pdf' are matched 

2019-06-22 18:32:43 - [MESSAGE][PASSED] - Scroll to object 'Object Repository/Green_Cleaning/SpecialCircumstances/AddFile_additionalDoc_Sc/Table_SC' successfully

2019-06-22 18:32:44 - [MESSAGE][PASSED] - Object 'Object Repository/Green_Cleaning/SpecialCircumstances/AddFile_additionalDoc_Sc/Table_SC' is present

2019-06-22 18:32:44 - [MESSAGE][PASSED] - Text of object '' is: 'SampleGIFImage_350kbmb.gif'

2019-06-22 18:32:44 - [MESSAGE][PASSED] - SampleGIFImage_350kbmb.gif is equal to SampleGIFImage_350kbmb.gif

2019-06-22 18:32:44 - [MESSAGE][PASSED] - Actual text 'SampleGIFImage_350kbmb.gif' and expected text 'SampleGIFImage_350kbmb.gif' are matched 

2019-06-22 18:32:44 - [MESSAGE][PASSED] - Text of object '' is: 'SamplePPTFile_1000kb.ppt'

2019-06-22 18:32:44 - [MESSAGE][PASSED] - SamplePPTFile_1000kb.ppt is equal to SamplePPTFile_1000kb.ppt

2019-06-22 18:32:44 - [MESSAGE][PASSED] - Actual text 'SamplePPTFile_1000kb.ppt' and expected text 'SamplePPTFile_1000kb.ppt' are matched 

2019-06-22 18:32:44 - [MESSAGE][PASSED] - Text of object '' is: 'ZZ.pdf'

2019-06-22 18:32:44 - [MESSAGE][PASSED] - ZZ.pdf is equal to ZZ.pdf

2019-06-22 18:32:44 - [MESSAGE][PASSED] - Actual text 'ZZ.pdf' and expected text 'ZZ.pdf' are matched 

2019-06-22 18:32:44 - [MESSAGE][PASSED] - Run with 'greenCleaningForm.Runner_GC_VerifyUploadedFiles_Custodial' was passed

2019-06-22 18:32:44 - [TEST_STEP][PASSED] - Start listener action : sampleAfterTestCase: Browser is closed

2019-06-22 18:32:44 - [TEST_STEP][PASSED] - closeBrowser(): Browser is closed

2019-06-22 18:32:45 - [MESSAGE][PASSED] - Browser is closed]]></system-out>
         <system-err><![CDATA[]]></system-err>
      </testcase>
      <testcase name="Test Cases/GreenCleaning/TC_GC_DownloadFiles_Custodial" classname="Test Cases/GreenCleaning/TC_GC_DownloadFiles_Custodial" status="PASSED">
         <system-out><![CDATA[2019-06-22 18:32:45 - [TEST_CASE][PASSED] - Test Cases/GreenCleaning/TC_GC_DownloadFiles_Custodial: Test Cases/GreenCleaning/TC_GC_DownloadFiles_Custodial

2019-06-22 18:32:45 - [TEST_STEP][PASSED] - Start listener action : sampleBeforeTestCase: null

2019-06-22 18:32:45 - [TEST_STEP][PASSED] - openBrowser(""): Browser is opened with url: ''

2019-06-22 18:32:45 - [MESSAGE][INFO] - Starting 'Chrome (headless)' driver

2019-06-22 18:32:45 - [MESSAGE][INFO] - User set preference: ['args', '[--window-size=1920,1080]']

2019-06-22 18:32:48 - [MESSAGE][PASSED] - Browser is opened with url: ''

2019-06-22 18:32:48 - [TEST_STEP][PASSED] - driver = getWebDriver(): null

2019-06-22 18:32:48 - [TEST_STEP][PASSED] - println("The driver is ########### " + driver): null

2019-06-22 18:32:48 - [TEST_STEP][PASSED] - downloadPath = "H:\Git Projects\Usgbc_LeedOnline_ScoreCard\Usgbc_LeedOnline_ScoreCard\Include\TestData\DownloadedFiles": null

2019-06-22 18:32:48 - [TEST_STEP][PASSED] - projectKeywords().sendCommandForDownloadChromeHeadLess(driver.getCommandExecutor(), driver.getSessionId(), downloadPath): null

2019-06-22 18:32:48 - [TEST_STEP][PASSED] - runWithCucumberRunner(greenCleaningForm.Runner_GC_DownloadFiles_Custodial): Run with 'greenCleaningForm.Runner_GC_DownloadFiles_Custodial' was passed

2019-06-22 18:32:49 - [TEST_CASE][PASSED] - Test Cases/GreenCleaning/TC_GC_Navigate: Test Cases/GreenCleaning/TC_GC_Navigate

2019-06-22 18:32:49 - [TEST_STEP][PASSED] - runWithCucumberRunner(greenCleaningForm.Runner_NavigationGC): Run with 'greenCleaningForm.Runner_NavigationGC' was passed

2019-06-22 18:32:50 - [TEST_CASE][PASSED] - Test Cases/Login/TC_Login: Test Cases/Login/TC_Login

2019-06-22 18:32:50 - [TEST_STEP][PASSED] - runWithCucumberRunner(common.Runner_Login): Run with 'common.Runner_Login' was passed

2019-06-22 18:33:02 - [MESSAGE][PASSED] - Navigate to 'https://leedonline-stg.usgbc.org' successfully

2019-06-22 18:33:04 - [MESSAGE][PASSED] - Delayed 2 second(s)

2019-06-22 18:33:04 - [MESSAGE][PASSED] - Text 'automationbdd1@gmail.com' is set on object 'Object Repository/Login/input_username'

2019-06-22 18:33:05 - [MESSAGE][PASSED] - Text 'initpass' is set on object 'Object Repository/Login/input_password'

2019-06-22 18:33:08 - [MESSAGE][PASSED] - Delayed 3 second(s)

2019-06-22 18:33:08 - [MESSAGE][PASSED] - Scroll to object 'Object Repository/Login/span_End User License Agreement' successfully

2019-06-22 18:33:08 - [MESSAGE][PASSED] - Object 'Object Repository/Login/span_End User License Agreement' is visible

2019-06-22 18:33:08 - [MESSAGE][PASSED] - Object 'Object Repository/Login/span_End User License Agreement' is checked

2019-06-22 18:33:09 - [MESSAGE][PASSED] - Delayed 1 second(s)

2019-06-22 18:33:09 - [MESSAGE][PASSED] - Object: 'Object Repository/Login/button_Log In' is clicked on

2019-06-22 18:33:26 - [MESSAGE][PASSED] - Object: '' is clicked on

2019-06-22 18:33:31 - [MESSAGE][PASSED] - Object: 'Object Repository/Login/a_Credits' is clicked on

2019-06-22 18:33:31 - [MESSAGE][PASSED] - Run with 'common.Runner_Login' was passed

2019-06-22 18:33:31 - [MESSAGE][PASSED] - Call Test Case 'Test Cases/Login/TC_Login' successfully

2019-06-22 18:33:31 - [MESSAGE][PASSED] - Scroll to object 'Object Repository/Green_Cleaning/Navigation/div_Green Cleaning' successfully

2019-06-22 18:33:31 - [MESSAGE][PASSED] - Object 'Object Repository/Green_Cleaning/Navigation/div_Green Cleaning' is present

2019-06-22 18:33:31 - [MESSAGE][PASSED] - Text of object 'Object Repository/Green_Cleaning/Navigation/h3_Status' is: 'ATTEMPTED'

2019-06-22 18:33:31 - [MESSAGE][PASSED] - Text of object 'Object Repository/Green_Cleaning/Navigation/divval' is: 'ATTEMPTED'

2019-06-22 18:33:31 - [MESSAGE][PASSED] - Text of object 'Object Repository/Green_Cleaning/Navigation/h3_Status' is: 'ATTEMPTED'

2019-06-22 18:33:31 - [MESSAGE][PASSED] - Object: 'Object Repository/Green_Cleaning/Navigation/div_Green Cleaning' is clicked on

2019-06-22 18:33:34 - [MESSAGE][PASSED] - Delayed 3 second(s)

2019-06-22 18:33:44 - [MESSAGE][PASSED] - Object: 'Object Repository/Green_Cleaning/Navigation/span_(V01)' is clicked on

2019-06-22 18:33:44 - [MESSAGE][PASSED] - Object 'Object Repository/Green_Cleaning/Navigation/div_GreenCleaningPolicyCreditLib' is present

2019-06-22 18:33:44 - [MESSAGE][PASSED] - Run with 'greenCleaningForm.Runner_NavigationGC' was passed

2019-06-22 18:33:44 - [MESSAGE][PASSED] - Call Test Case 'Test Cases/GreenCleaning/TC_GC_Navigate' successfully

2019-06-22 18:33:44 - [MESSAGE][PASSED] - Scroll to object 'Object Repository/Green_Cleaning/Custodial_Effectiveness_Opt1/AddFile_UploadCustodialEffectivenessAudit/Table_Custodial' successfully

2019-06-22 18:33:45 - [MESSAGE][PASSED] - Object 'Object Repository/Green_Cleaning/Custodial_Effectiveness_Opt1/AddFile_UploadCustodialEffectivenessAudit/Table_Custodial' is present

2019-06-22 18:33:45 - [MESSAGE][PASSED] - Scroll to object 'Object Repository/Green_Cleaning/Custodial_Effectiveness_Opt1/AddFile_UploadCustodialEffectivenessAudit/p_Custodial Effectiveness' successfully

2019-06-22 18:33:47 - [MESSAGE][PASSED] - Delayed 2 second(s)

2019-06-22 18:33:47 - [MESSAGE][PASSED] - Object: 'Object Repository/Green_Cleaning/Custodial_Effectiveness_Opt1/AddFile_UploadCustodialEffectivenessAudit/p_Custodial Effectiveness' is hovered

2019-06-22 18:33:48 - [MESSAGE][PASSED] - Object: '' is clicked on

2019-06-22 18:33:48 - [MESSAGE][PASSED] - Text of object '' is: 'ZZ.pdf'

2019-06-22 18:33:58 - [MESSAGE][PASSED] - Delayed 10 second(s)

2019-06-22 18:33:58 - [MESSAGE][PASSED] - Object: 'Object Repository/Green_Cleaning/Custodial_Effectiveness_Opt1/AddFile_UploadCustodialEffectivenessAudit/p_Custodial Effectiveness' is hovered

2019-06-22 18:34:00 - [MESSAGE][PASSED] - Delayed 2 second(s)

2019-06-22 18:34:02 - [MESSAGE][PASSED] - Delayed 2 second(s)

2019-06-22 18:34:02 - [MESSAGE][PASSED] - Object: 'Object Repository/Green_Cleaning/Custodial_Effectiveness_Opt1/AddFile_UploadCustodialEffectivenessAudit/p_Custodial Effectiveness' is hovered

2019-06-22 18:34:03 - [MESSAGE][PASSED] - Object: '' is clicked on

2019-06-22 18:34:03 - [MESSAGE][PASSED] - Text of object '' is: 'SamplePPTFile_1000kb.ppt'

2019-06-22 18:34:13 - [MESSAGE][PASSED] - Delayed 10 second(s)

2019-06-22 18:34:13 - [MESSAGE][PASSED] - Object: 'Object Repository/Green_Cleaning/Custodial_Effectiveness_Opt1/AddFile_UploadCustodialEffectivenessAudit/p_Custodial Effectiveness' is hovered

2019-06-22 18:34:15 - [MESSAGE][PASSED] - Delayed 2 second(s)

2019-06-22 18:34:17 - [MESSAGE][PASSED] - Delayed 2 second(s)

2019-06-22 18:34:17 - [MESSAGE][PASSED] - Object: 'Object Repository/Green_Cleaning/Custodial_Effectiveness_Opt1/AddFile_UploadCustodialEffectivenessAudit/p_Custodial Effectiveness' is hovered

2019-06-22 18:34:17 - [MESSAGE][PASSED] - Object: '' is clicked on

2019-06-22 18:34:17 - [MESSAGE][PASSED] - Text of object '' is: 'SampleGIFImage_350kbmb.gif'

2019-06-22 18:34:27 - [MESSAGE][PASSED] - Delayed 10 second(s)

2019-06-22 18:34:28 - [MESSAGE][PASSED] - Object: 'Object Repository/Green_Cleaning/Custodial_Effectiveness_Opt1/AddFile_UploadCustodialEffectivenessAudit/p_Custodial Effectiveness' is hovered

2019-06-22 18:34:30 - [MESSAGE][PASSED] - Delayed 2 second(s)

2019-06-22 18:34:33 - [MESSAGE][PASSED] - Delayed 3 second(s)

2019-06-22 18:34:35 - [MESSAGE][PASSED] - Delayed 2 second(s)

2019-06-22 18:34:36 - [MESSAGE][PASSED] - Delayed 1 second(s)

2019-06-22 18:34:36 - [MESSAGE][PASSED] - SampleGIFImage_350kbmb.gif exist in H:/Git Projects/Usgbc_LeedOnline_ScoreCard/Usgbc_LeedOnline_ScoreCard/Include/TestData/DownloadedFiles and was deleted

2019-06-22 18:34:36 - [MESSAGE][PASSED] - 

2019-06-22 18:34:36 - [MESSAGE][PASSED] - Actual text 'SampleGIFImage_350kbmb.gif' and expected text 'SampleGIFImage_350kbmb.gif' are matched 

2019-06-22 18:34:38 - [MESSAGE][PASSED] - Delayed 2 second(s)

2019-06-22 18:34:39 - [MESSAGE][PASSED] - Delayed 1 second(s)

2019-06-22 18:34:39 - [MESSAGE][PASSED] - SamplePPTFile_1000kb.ppt exist in H:/Git Projects/Usgbc_LeedOnline_ScoreCard/Usgbc_LeedOnline_ScoreCard/Include/TestData/DownloadedFiles and was deleted

2019-06-22 18:34:39 - [MESSAGE][PASSED] - 

2019-06-22 18:34:39 - [MESSAGE][PASSED] - Actual text 'SamplePPTFile_1000kb.ppt' and expected text 'SamplePPTFile_1000kb.ppt' are matched 

2019-06-22 18:34:41 - [MESSAGE][PASSED] - Delayed 2 second(s)

2019-06-22 18:34:42 - [MESSAGE][PASSED] - Delayed 1 second(s)

2019-06-22 18:34:42 - [MESSAGE][PASSED] - ZZ.pdf exist in H:/Git Projects/Usgbc_LeedOnline_ScoreCard/Usgbc_LeedOnline_ScoreCard/Include/TestData/DownloadedFiles and was deleted

2019-06-22 18:34:42 - [MESSAGE][PASSED] - 

2019-06-22 18:34:42 - [MESSAGE][PASSED] - Actual text 'ZZ.pdf' and expected text 'ZZ.pdf' are matched 

2019-06-22 18:34:42 - [MESSAGE][PASSED] - Scroll to object 'Object Repository/Green_Cleaning/SpecialCircumstances/AddFile_additionalDoc_Sc/Table_SC' successfully

2019-06-22 18:34:42 - [MESSAGE][PASSED] - Object 'Object Repository/Green_Cleaning/SpecialCircumstances/AddFile_additionalDoc_Sc/Table_SC' is present

2019-06-22 18:34:42 - [MESSAGE][PASSED] - Scroll to object 'Object Repository/Green_Cleaning/SpecialCircumstances/AddFile_additionalDoc_Sc/p_SC_additionalDoc' successfully

2019-06-22 18:34:45 - [MESSAGE][PASSED] - Delayed 2 second(s)

2019-06-22 18:34:45 - [MESSAGE][PASSED] - Object: 'Object Repository/Green_Cleaning/SpecialCircumstances/AddFile_additionalDoc_Sc/p_SC_additionalDoc' is hovered

2019-06-22 18:34:45 - [MESSAGE][PASSED] - Object: '' is clicked on

2019-06-22 18:34:45 - [MESSAGE][PASSED] - Text of object '' is: 'ZZ.pdf'

2019-06-22 18:34:55 - [MESSAGE][PASSED] - Delayed 10 second(s)

2019-06-22 18:34:55 - [MESSAGE][PASSED] - Object: 'Object Repository/Green_Cleaning/SpecialCircumstances/AddFile_additionalDoc_Sc/p_SC_additionalDoc' is hovered

2019-06-22 18:34:57 - [MESSAGE][PASSED] - Delayed 2 second(s)

2019-06-22 18:34:59 - [MESSAGE][PASSED] - Delayed 2 second(s)

2019-06-22 18:35:00 - [MESSAGE][PASSED] - Object: 'Object Repository/Green_Cleaning/SpecialCircumstances/AddFile_additionalDoc_Sc/p_SC_additionalDoc' is hovered

2019-06-22 18:35:00 - [MESSAGE][PASSED] - Object: '' is clicked on

2019-06-22 18:35:00 - [MESSAGE][PASSED] - Text of object '' is: 'SamplePPTFile_1000kb.ppt'

2019-06-22 18:35:10 - [MESSAGE][PASSED] - Delayed 10 second(s)

2019-06-22 18:35:20 - [MESSAGE][PASSED] - Delayed 10 second(s)

2019-06-22 18:35:20 - [MESSAGE][PASSED] - Object: 'Object Repository/Green_Cleaning/SpecialCircumstances/AddFile_additionalDoc_Sc/p_SC_additionalDoc' is hovered

2019-06-22 18:35:22 - [MESSAGE][PASSED] - Delayed 2 second(s)

2019-06-22 18:35:24 - [MESSAGE][PASSED] - Delayed 2 second(s)

2019-06-22 18:35:24 - [MESSAGE][PASSED] - Object: 'Object Repository/Green_Cleaning/SpecialCircumstances/AddFile_additionalDoc_Sc/p_SC_additionalDoc' is hovered

2019-06-22 18:35:25 - [MESSAGE][PASSED] - Object: '' is clicked on

2019-06-22 18:35:25 - [MESSAGE][PASSED] - Text of object '' is: 'SampleGIFImage_350kbmb.gif'

2019-06-22 18:35:35 - [MESSAGE][PASSED] - Delayed 10 second(s)

2019-06-22 18:35:35 - [MESSAGE][PASSED] - Object: 'Object Repository/Green_Cleaning/SpecialCircumstances/AddFile_additionalDoc_Sc/p_SC_additionalDoc' is hovered

2019-06-22 18:35:37 - [MESSAGE][PASSED] - Delayed 2 second(s)

2019-06-22 18:35:40 - [MESSAGE][PASSED] - Delayed 3 second(s)

2019-06-22 18:35:42 - [MESSAGE][PASSED] - Delayed 2 second(s)

2019-06-22 18:35:43 - [MESSAGE][PASSED] - Delayed 1 second(s)

2019-06-22 18:35:43 - [MESSAGE][PASSED] - SampleGIFImage_350kbmb.gif exist in H:/Git Projects/Usgbc_LeedOnline_ScoreCard/Usgbc_LeedOnline_ScoreCard/Include/TestData/DownloadedFiles and was deleted

2019-06-22 18:35:43 - [MESSAGE][PASSED] - 

2019-06-22 18:35:43 - [MESSAGE][PASSED] - Actual text 'SampleGIFImage_350kbmb.gif' and expected text 'SampleGIFImage_350kbmb.gif' are matched 

2019-06-22 18:35:45 - [MESSAGE][PASSED] - Delayed 2 second(s)

2019-06-22 18:35:46 - [MESSAGE][PASSED] - Delayed 1 second(s)

2019-06-22 18:35:46 - [MESSAGE][PASSED] - SamplePPTFile_1000kb.ppt exist in H:/Git Projects/Usgbc_LeedOnline_ScoreCard/Usgbc_LeedOnline_ScoreCard/Include/TestData/DownloadedFiles and was deleted

2019-06-22 18:35:46 - [MESSAGE][PASSED] - 

2019-06-22 18:35:46 - [MESSAGE][PASSED] - Actual text 'SamplePPTFile_1000kb.ppt' and expected text 'SamplePPTFile_1000kb.ppt' are matched 

2019-06-22 18:35:48 - [MESSAGE][PASSED] - Delayed 2 second(s)

2019-06-22 18:35:49 - [MESSAGE][PASSED] - Delayed 1 second(s)

2019-06-22 18:35:49 - [MESSAGE][PASSED] - ZZ.pdf exist in H:/Git Projects/Usgbc_LeedOnline_ScoreCard/Usgbc_LeedOnline_ScoreCard/Include/TestData/DownloadedFiles and was deleted

2019-06-22 18:35:49 - [MESSAGE][PASSED] - 

2019-06-22 18:35:49 - [MESSAGE][PASSED] - Actual text 'ZZ.pdf' and expected text 'ZZ.pdf' are matched 

2019-06-22 18:35:49 - [MESSAGE][PASSED] - Run with 'greenCleaningForm.Runner_GC_DownloadFiles_Custodial' was passed

2019-06-22 18:35:49 - [TEST_STEP][PASSED] - Start listener action : sampleAfterTestCase: Browser is closed

2019-06-22 18:35:49 - [TEST_STEP][PASSED] - closeBrowser(): Browser is closed

2019-06-22 18:35:50 - [MESSAGE][PASSED] - Browser is closed]]></system-out>
         <system-err><![CDATA[]]></system-err>
      </testcase>
      <testcase name="Test Cases/GreenCleaning/TC_GC_DeleteUploadedFiles_Custodial" classname="Test Cases/GreenCleaning/TC_GC_DeleteUploadedFiles_Custodial" status="PASSED">
         <system-out><![CDATA[2019-06-22 18:35:50 - [TEST_CASE][PASSED] - Test Cases/GreenCleaning/TC_GC_DeleteUploadedFiles_Custodial: Test Cases/GreenCleaning/TC_GC_DeleteUploadedFiles_Custodial

2019-06-22 18:35:50 - [TEST_STEP][PASSED] - Start listener action : sampleBeforeTestCase: null

2019-06-22 18:35:50 - [TEST_STEP][PASSED] - openBrowser(""): Browser is opened with url: ''

2019-06-22 18:35:50 - [MESSAGE][INFO] - Starting 'Chrome (headless)' driver

2019-06-22 18:35:50 - [MESSAGE][INFO] - User set preference: ['args', '[--window-size=1920,1080]']

2019-06-22 18:35:52 - [MESSAGE][PASSED] - Browser is opened with url: ''

2019-06-22 18:35:52 - [TEST_STEP][PASSED] - driver = getWebDriver(): null

2019-06-22 18:35:52 - [TEST_STEP][PASSED] - println("The driver is ########### " + driver): null

2019-06-22 18:35:52 - [TEST_STEP][PASSED] - downloadPath = "H:\Git Projects\Usgbc_LeedOnline_ScoreCard\Usgbc_LeedOnline_ScoreCard\Include\TestData\DownloadedFiles": null

2019-06-22 18:35:52 - [TEST_STEP][PASSED] - projectKeywords().sendCommandForDownloadChromeHeadLess(driver.getCommandExecutor(), driver.getSessionId(), downloadPath): null

2019-06-22 18:35:53 - [TEST_STEP][PASSED] - runWithCucumberRunner(greenCleaningForm.Runner_GC_DeleteUploadedFiles_Custodial): Run with 'greenCleaningForm.Runner_GC_DeleteUploadedFiles_Custodial' was passed

2019-06-22 18:35:54 - [TEST_CASE][PASSED] - Test Cases/GreenCleaning/TC_GC_Navigate: Test Cases/GreenCleaning/TC_GC_Navigate

2019-06-22 18:35:54 - [TEST_STEP][PASSED] - runWithCucumberRunner(greenCleaningForm.Runner_NavigationGC): Run with 'greenCleaningForm.Runner_NavigationGC' was passed

2019-06-22 18:35:55 - [TEST_CASE][PASSED] - Test Cases/Login/TC_Login: Test Cases/Login/TC_Login

2019-06-22 18:35:55 - [TEST_STEP][PASSED] - runWithCucumberRunner(common.Runner_Login): Run with 'common.Runner_Login' was passed

2019-06-22 18:36:03 - [MESSAGE][PASSED] - Navigate to 'https://leedonline-stg.usgbc.org' successfully

2019-06-22 18:36:05 - [MESSAGE][PASSED] - Delayed 2 second(s)

2019-06-22 18:36:06 - [MESSAGE][PASSED] - Text 'automationbdd1@gmail.com' is set on object 'Object Repository/Login/input_username'

2019-06-22 18:36:06 - [MESSAGE][PASSED] - Text 'initpass' is set on object 'Object Repository/Login/input_password'

2019-06-22 18:36:09 - [MESSAGE][PASSED] - Delayed 3 second(s)

2019-06-22 18:36:09 - [MESSAGE][PASSED] - Scroll to object 'Object Repository/Login/span_End User License Agreement' successfully

2019-06-22 18:36:09 - [MESSAGE][PASSED] - Object 'Object Repository/Login/span_End User License Agreement' is visible

2019-06-22 18:36:09 - [MESSAGE][PASSED] - Object 'Object Repository/Login/span_End User License Agreement' is checked

2019-06-22 18:36:10 - [MESSAGE][PASSED] - Delayed 1 second(s)

2019-06-22 18:36:11 - [MESSAGE][PASSED] - Object: 'Object Repository/Login/button_Log In' is clicked on

2019-06-22 18:36:20 - [MESSAGE][PASSED] - Object: '' is clicked on

2019-06-22 18:36:23 - [MESSAGE][PASSED] - Object: 'Object Repository/Login/a_Credits' is clicked on

2019-06-22 18:36:23 - [MESSAGE][PASSED] - Run with 'common.Runner_Login' was passed

2019-06-22 18:36:23 - [MESSAGE][PASSED] - Call Test Case 'Test Cases/Login/TC_Login' successfully

2019-06-22 18:36:23 - [MESSAGE][PASSED] - Scroll to object 'Object Repository/Green_Cleaning/Navigation/div_Green Cleaning' successfully

2019-06-22 18:36:23 - [MESSAGE][PASSED] - Object 'Object Repository/Green_Cleaning/Navigation/div_Green Cleaning' is present

2019-06-22 18:36:23 - [MESSAGE][PASSED] - Text of object 'Object Repository/Green_Cleaning/Navigation/h3_Status' is: 'ATTEMPTED'

2019-06-22 18:36:23 - [MESSAGE][PASSED] - Text of object 'Object Repository/Green_Cleaning/Navigation/divval' is: 'ATTEMPTED'

2019-06-22 18:36:23 - [MESSAGE][PASSED] - Text of object 'Object Repository/Green_Cleaning/Navigation/h3_Status' is: 'ATTEMPTED'

2019-06-22 18:36:24 - [MESSAGE][PASSED] - Object: 'Object Repository/Green_Cleaning/Navigation/div_Green Cleaning' is clicked on

2019-06-22 18:36:27 - [MESSAGE][PASSED] - Delayed 3 second(s)

2019-06-22 18:36:33 - [MESSAGE][PASSED] - Object: 'Object Repository/Green_Cleaning/Navigation/span_(V01)' is clicked on

2019-06-22 18:36:33 - [MESSAGE][PASSED] - Object 'Object Repository/Green_Cleaning/Navigation/div_GreenCleaningPolicyCreditLib' is present

2019-06-22 18:36:33 - [MESSAGE][PASSED] - Run with 'greenCleaningForm.Runner_NavigationGC' was passed

2019-06-22 18:36:33 - [MESSAGE][PASSED] - Call Test Case 'Test Cases/GreenCleaning/TC_GC_Navigate' successfully

2019-06-22 18:36:33 - [MESSAGE][PASSED] - Scroll to object 'Object Repository/Green_Cleaning/Custodial_Effectiveness_Opt1/AddFile_UploadCustodialEffectivenessAudit/Table_Custodial' successfully

2019-06-22 18:36:33 - [MESSAGE][PASSED] - Object 'Object Repository/Green_Cleaning/Custodial_Effectiveness_Opt1/AddFile_UploadCustodialEffectivenessAudit/Table_Custodial' is present

2019-06-22 18:36:33 - [MESSAGE][PASSED] - Scroll to object 'Object Repository/Green_Cleaning/Custodial_Effectiveness_Opt1/AddFile_UploadCustodialEffectivenessAudit/p_Custodial Effectiveness' successfully

2019-06-22 18:36:34 - [MESSAGE][PASSED] - Delayed 1 second(s)

2019-06-22 18:36:35 - [MESSAGE][PASSED] - Object: '' is clicked on

2019-06-22 18:36:37 - [MESSAGE][PASSED] - Delayed 2 second(s)

2019-06-22 18:36:37 - [MESSAGE][PASSED] - Object: 'Object Repository/LightPollutionReduction/FixtureShielding/button_Yes' is clicked on

2019-06-22 18:36:38 - [MESSAGE][PASSED] - Delayed 1 second(s)

2019-06-22 18:36:38 - [MESSAGE][PASSED] - Object: '' is clicked on

2019-06-22 18:36:40 - [MESSAGE][PASSED] - Delayed 2 second(s)

2019-06-22 18:36:40 - [MESSAGE][PASSED] - Object: 'Object Repository/LightPollutionReduction/FixtureShielding/button_Yes' is clicked on

2019-06-22 18:36:42 - [MESSAGE][PASSED] - Delayed 1 second(s)

2019-06-22 18:36:42 - [MESSAGE][PASSED] - Object: '' is clicked on

2019-06-22 18:36:44 - [MESSAGE][PASSED] - Delayed 2 second(s)

2019-06-22 18:36:44 - [MESSAGE][PASSED] - Object: 'Object Repository/LightPollutionReduction/FixtureShielding/button_Yes' is clicked on

2019-06-22 18:36:46 - [MESSAGE][PASSED] - Delayed 2 second(s)

2019-06-22 18:36:46 - [MESSAGE][PASSED] - Web element with id: 'Object Repository/Green_Cleaning/Custodial_Effectiveness_Opt1/AddFile_UploadCustodialEffectivenessAudit/Table_Custodial' located by 'By.xpath: //*[@id="ceaDocs_files" or  @id="executedContract_files"]/table' is not present after '30' second(s)

2019-06-22 18:36:46 - [MESSAGE][PASSED] - Run with 'greenCleaningForm.Runner_GC_DeleteUploadedFiles_Custodial' was passed

2019-06-22 18:36:46 - [TEST_STEP][PASSED] - Start listener action : sampleAfterTestCase: Browser is closed

2019-06-22 18:36:46 - [TEST_STEP][PASSED] - closeBrowser(): Browser is closed

2019-06-22 18:36:47 - [MESSAGE][PASSED] - Browser is closed]]></system-out>
         <system-err><![CDATA[]]></system-err>
      </testcase>
      <testcase name="Test Cases/GreenCleaning/TC_GC_EntrywaySystems" classname="Test Cases/GreenCleaning/TC_GC_EntrywaySystems" status="PASSED">
         <system-out><![CDATA[2019-06-22 18:36:47 - [TEST_CASE][PASSED] - Test Cases/GreenCleaning/TC_GC_EntrywaySystems: Test Cases/GreenCleaning/TC_GC_EntrywaySystems

2019-06-22 18:36:47 - [TEST_STEP][PASSED] - Start listener action : sampleBeforeTestCase: null

2019-06-22 18:36:47 - [TEST_STEP][PASSED] - openBrowser(""): Browser is opened with url: ''

2019-06-22 18:36:47 - [MESSAGE][INFO] - Starting 'Chrome (headless)' driver

2019-06-22 18:36:47 - [MESSAGE][INFO] - User set preference: ['args', '[--window-size=1920,1080]']

2019-06-22 18:36:49 - [MESSAGE][PASSED] - Browser is opened with url: ''

2019-06-22 18:36:49 - [TEST_STEP][PASSED] - driver = getWebDriver(): null

2019-06-22 18:36:49 - [TEST_STEP][PASSED] - println("The driver is ########### " + driver): null

2019-06-22 18:36:49 - [TEST_STEP][PASSED] - downloadPath = "H:\Git Projects\Usgbc_LeedOnline_ScoreCard\Usgbc_LeedOnline_ScoreCard\Include\TestData\DownloadedFiles": null

2019-06-22 18:36:49 - [TEST_STEP][PASSED] - projectKeywords().sendCommandForDownloadChromeHeadLess(driver.getCommandExecutor(), driver.getSessionId(), downloadPath): null

2019-06-22 18:36:50 - [TEST_STEP][PASSED] - runWithCucumberRunner(greenCleaningForm.Runner_GC_EntrywaySystems): Run with 'greenCleaningForm.Runner_GC_EntrywaySystems' was passed

2019-06-22 18:36:51 - [TEST_CASE][PASSED] - Test Cases/GreenCleaning/TC_GC_Navigate: Test Cases/GreenCleaning/TC_GC_Navigate

2019-06-22 18:36:51 - [TEST_STEP][PASSED] - runWithCucumberRunner(greenCleaningForm.Runner_NavigationGC): Run with 'greenCleaningForm.Runner_NavigationGC' was passed

2019-06-22 18:36:52 - [TEST_CASE][PASSED] - Test Cases/Login/TC_Login: Test Cases/Login/TC_Login

2019-06-22 18:36:52 - [TEST_STEP][PASSED] - runWithCucumberRunner(common.Runner_Login): Run with 'common.Runner_Login' was passed

2019-06-22 18:36:57 - [MESSAGE][PASSED] - Navigate to 'https://leedonline-stg.usgbc.org' successfully

2019-06-22 18:36:59 - [MESSAGE][PASSED] - Delayed 2 second(s)

2019-06-22 18:37:00 - [MESSAGE][PASSED] - Text 'automationbdd1@gmail.com' is set on object 'Object Repository/Login/input_username'

2019-06-22 18:37:00 - [MESSAGE][PASSED] - Text 'initpass' is set on object 'Object Repository/Login/input_password'

2019-06-22 18:37:03 - [MESSAGE][PASSED] - Delayed 3 second(s)

2019-06-22 18:37:03 - [MESSAGE][PASSED] - Scroll to object 'Object Repository/Login/span_End User License Agreement' successfully

2019-06-22 18:37:04 - [MESSAGE][PASSED] - Object 'Object Repository/Login/span_End User License Agreement' is visible

2019-06-22 18:37:04 - [MESSAGE][PASSED] - Object 'Object Repository/Login/span_End User License Agreement' is checked

2019-06-22 18:37:05 - [MESSAGE][PASSED] - Delayed 1 second(s)

2019-06-22 18:37:05 - [MESSAGE][PASSED] - Object: 'Object Repository/Login/button_Log In' is clicked on

2019-06-22 18:37:14 - [MESSAGE][PASSED] - Object: '' is clicked on

2019-06-22 18:37:17 - [MESSAGE][PASSED] - Object: 'Object Repository/Login/a_Credits' is clicked on

2019-06-22 18:37:17 - [MESSAGE][PASSED] - Run with 'common.Runner_Login' was passed

2019-06-22 18:37:17 - [MESSAGE][PASSED] - Call Test Case 'Test Cases/Login/TC_Login' successfully

2019-06-22 18:37:17 - [MESSAGE][PASSED] - Scroll to object 'Object Repository/Green_Cleaning/Navigation/div_Green Cleaning' successfully

2019-06-22 18:37:17 - [MESSAGE][PASSED] - Object 'Object Repository/Green_Cleaning/Navigation/div_Green Cleaning' is present

2019-06-22 18:37:17 - [MESSAGE][PASSED] - Text of object 'Object Repository/Green_Cleaning/Navigation/h3_Status' is: 'ATTEMPTED'

2019-06-22 18:37:17 - [MESSAGE][PASSED] - Text of object 'Object Repository/Green_Cleaning/Navigation/divval' is: 'ATTEMPTED'

2019-06-22 18:37:17 - [MESSAGE][PASSED] - Text of object 'Object Repository/Green_Cleaning/Navigation/h3_Status' is: 'ATTEMPTED'

2019-06-22 18:37:17 - [MESSAGE][PASSED] - Object: 'Object Repository/Green_Cleaning/Navigation/div_Green Cleaning' is clicked on

2019-06-22 18:37:20 - [MESSAGE][PASSED] - Delayed 3 second(s)

2019-06-22 18:37:26 - [MESSAGE][PASSED] - Object: 'Object Repository/Green_Cleaning/Navigation/span_(V01)' is clicked on

2019-06-22 18:37:26 - [MESSAGE][PASSED] - Object 'Object Repository/Green_Cleaning/Navigation/div_GreenCleaningPolicyCreditLib' is present

2019-06-22 18:37:26 - [MESSAGE][PASSED] - Run with 'greenCleaningForm.Runner_NavigationGC' was passed

2019-06-22 18:37:26 - [MESSAGE][PASSED] - Call Test Case 'Test Cases/GreenCleaning/TC_GC_Navigate' successfully

2019-06-22 18:37:27 - [MESSAGE][PASSED] - Object 'Object Repository/Green_Cleaning/Entryway_systems_Opt2/input_option2' is present

2019-06-22 18:37:28 - [MESSAGE][PASSED] - Object: 'Object Repository/Green_Cleaning/Entryway_systems_Opt2/input_option2' is clicked on

2019-06-22 18:37:30 - [MESSAGE][PASSED] - Delayed 2 second(s)

2019-06-22 18:37:30 - [MESSAGE][PASSED] - Text 'Option 2: Entryway systems' is present on page 

2019-06-22 18:37:30 - [MESSAGE][PASSED] - Object 'Object Repository/Green_Cleaning/Entryway_systems_Opt2/AddFile_Uploadphotos/p_Upload photos' is present

2019-06-22 18:37:30 - [MESSAGE][PASSED] - Scroll to object 'Object Repository/Green_Cleaning/Entryway_systems_Opt2/AddFile_Uploadphotos/p_Upload photos' successfully

2019-06-22 18:37:30 - [MESSAGE][PASSED] - Object 'Object Repository/Green_Cleaning/Entryway_systems_Opt2/AddFile_Uploadphotos/Button_EWS_AddFile' has attribute 'class' with value 'tiny ui button'

2019-06-22 18:37:31 - [MESSAGE][PASSED] - File 'H:\Git Projects\Usgbc_LeedOnline_ScoreCard\Usgbc_LeedOnline_ScoreCard\Include\TestData\MultipleFileDiffExt\SampleGIFImage_350kbmb.gif' sent to object: 'Object Repository/Green_Cleaning/Entryway_systems_Opt2/AddFile_Uploadphotos/input_permanent'

2019-06-22 18:37:32 - [MESSAGE][PASSED] - Delayed 1 second(s)

2019-06-22 18:37:34 - [MESSAGE][PASSED] - Object 'Object Repository/Green_Cleaning/Entryway_systems_Opt2/AddFile_Uploadphotos/Button_EWS_AddFile' has attribute 'class' with value 'tiny ui button'

2019-06-22 18:37:34 - [MESSAGE][PASSED] - File 'H:\Git Projects\Usgbc_LeedOnline_ScoreCard\Usgbc_LeedOnline_ScoreCard\Include\TestData\MultipleFileDiffExt\SamplePPTFile_1000kb.ppt' sent to object: 'Object Repository/Green_Cleaning/Entryway_systems_Opt2/AddFile_Uploadphotos/input_permanent'

2019-06-22 18:37:35 - [MESSAGE][PASSED] - Delayed 1 second(s)

2019-06-22 18:37:39 - [MESSAGE][PASSED] - Object 'Object Repository/Green_Cleaning/Entryway_systems_Opt2/AddFile_Uploadphotos/Button_EWS_AddFile' has attribute 'class' with value 'tiny ui button'

2019-06-22 18:37:39 - [MESSAGE][PASSED] - File 'H:\Git Projects\Usgbc_LeedOnline_ScoreCard\Usgbc_LeedOnline_ScoreCard\Include\TestData\MultipleFileDiffExt\ZZ.pdf' sent to object: 'Object Repository/Green_Cleaning/Entryway_systems_Opt2/AddFile_Uploadphotos/input_permanent'

2019-06-22 18:37:41 - [MESSAGE][PASSED] - Delayed 1 second(s)

2019-06-22 18:37:41 - [MESSAGE][PASSED] - Scroll to object 'Object Repository/Green_Cleaning/Entryway_systems_Opt2/WeeklyBasis_EditorBox/p_weekly basis' successfully

2019-06-22 18:37:41 - [MESSAGE][PASSED] - Object 'Object Repository/Green_Cleaning/Entryway_systems_Opt2/WeeklyBasis_EditorBox/p_weekly basis' is present

2019-06-22 18:37:48 - [MESSAGE][PASSED] - Text 'Known that everybody have the personal aim. It is defferent . For example, there are some people think that the most important thing in them life is career. While there are other people think that is family. me too. The most important thing with my life is my small and big family. Because I see the mind is the most important. Let think that if you are verry rich while you alway are worry and sad, you will feel not happy. So I think we should spend many time for looking after our family. When we have a happy family, we will have power to try. At that time we will work better. How do you think. Anna and Henry go to the doctor. Anna has an ultrasound scan. X623J' is set on object 'Object Repository/Green_Cleaning/Entryway_systems_Opt2/WeeklyBasis_EditorBox/body_EntrywaySys'

2019-06-22 18:37:51 - [MESSAGE][PASSED] - Delayed 3 second(s)

2019-06-22 18:37:52 - [MESSAGE][PASSED] - Text of object 'Object Repository/Green_Cleaning/Entryway_systems_Opt2/WeeklyBasis_EditorBox/body_EntrywaySys' is: 'Known that everybody have the personal aim. It is defferent . For example, there are some people think that the most important thing in them life is career. While there are other people think that is family. me too. The most important thing with my life is my small and big family. Because I see the mind is the most important. Let think that if you are verry rich while you alway are worry and sad, you will feel not happy. So I think we should spend many time for looking after our family. When we have a happy family, we will have power to try. At that time we will work better. How do you think. Anna and Henry go to the doctor. Anna has an ultrasound scan. X623J'

2019-06-22 18:37:52 - [MESSAGE][PASSED] - Actual text 'Known that everybody have the personal aim. It is defferent . For example, there are some people think that the most important thing in them life is career. While there are other people think that is family. me too. The most important thing with my life is my small and big family. Because I see the mind is the most important. Let think that if you are verry rich while you alway are worry and sad, you will feel not happy. So I think we should spend many time for looking after our family. When we have a happy family, we will have power to try. At that time we will work better. How do you think. Anna and Henry go to the doctor. Anna has an ultrasound scan. X623J' and expected text 'Known that everybody have the personal aim. It is defferent . For example, there are some people think that the most important thing in them life is career. While there are other people think that is family. me too. The most important thing with my life is my small and big family. Because I see the mind is the most important. Let think that if you are verry rich while you alway are worry and sad, you will feel not happy. So I think we should spend many time for looking after our family. When we have a happy family, we will have power to try. At that time we will work better. How do you think. Anna and Henry go to the doctor. Anna has an ultrasound scan. X623J' are matched 

2019-06-22 18:38:02 - [MESSAGE][PASSED] - Delayed 10 second(s)

2019-06-22 18:38:02 - [MESSAGE][PASSED] - Scroll to object 'Object Repository/Green_Cleaning/button_Save' successfully

2019-06-22 18:38:02 - [MESSAGE][PASSED] - Object 'Object Repository/Green_Cleaning/button_Save' is visible

2019-06-22 18:38:02 - [MESSAGE][PASSED] - Object: 'Object Repository/Green_Cleaning/button_Save' is clicked on

2019-06-22 18:38:04 - [MESSAGE][PASSED] - Delayed 2 second(s)

2019-06-22 18:38:04 - [MESSAGE][PASSED] - Text 'Form data saved successfully.' is present on page 

2019-06-22 18:38:04 - [MESSAGE][PASSED] - Scroll to object 'Object Repository/Green_Cleaning/icon_pdf' successfully

2019-06-22 18:38:05 - [MESSAGE][PASSED] - Object 'Object Repository/Green_Cleaning/icon_pdf' is present

2019-06-22 18:38:10 - [MESSAGE][PASSED] - Delayed 5 second(s)

2019-06-22 18:38:10 - [MESSAGE][PASSED] - Object: 'Object Repository/Green_Cleaning/icon_pdf' is clicked on

2019-06-22 18:38:20 - [MESSAGE][PASSED] - Delayed 10 second(s)

2019-06-22 18:38:25 - [MESSAGE][PASSED] - Delayed 5 second(s)

2019-06-22 18:38:25 - [MESSAGE][PASSED] - Scroll to object 'Object Repository/Green_Cleaning/Entryway_systems_Opt2/AddFile_Uploadphotos/p_Upload photos' successfully

2019-06-22 18:38:27 - [MESSAGE][PASSED] - Delayed 2 second(s)

2019-06-22 18:38:33 - [MESSAGE][PASSED] - Delayed 5 second(s)

2019-06-22 18:38:33 - [MESSAGE][PASSED] - Scroll to object 'Object Repository/Green_Cleaning/Entryway_systems_Opt2/WeeklyBasis_EditorBox/p_weekly basis' successfully

2019-06-22 18:38:33 - [MESSAGE][PASSED] - Text of object 'Object Repository/Green_Cleaning/Entryway_systems_Opt2/WeeklyBasis_EditorBox/body_EntrywaySys' is: 'Known that everybody have the personal aim. It is defferent . For example, there are some people think that the most important thing in them life is career. While there are other people think that is family. me too. The most important thing with my life is my small and big family. Because I see the mind is the most important. Let think that if you are verry rich while you alway are worry and sad, you will feel not happy. So I think we should spend many time for looking after our family. When we have a happy family, we will have power to try. At that time we will work better. How do you think. Anna and Henry go to the doctor. Anna has an ultrasound scan. X623J'

2019-06-22 18:38:35 - [MESSAGE][PASSED] - Delayed 2 second(s)

2019-06-22 18:38:35 - [MESSAGE][PASSED] - Refresh successfully

2019-06-22 18:38:37 - [MESSAGE][PASSED] - Text of object 'Object Repository/Green_Cleaning/Entryway_systems_Opt2/WeeklyBasis_EditorBox/body_EntrywaySys' is: 'Known that everybody have the personal aim. It is defferent . For example, there are some people think that the most important thing in them life is career. While there are other people think that is family. me too. The most important thing with my life is my small and big family. Because I see the mind is the most important. Let think that if you are verry rich while you alway are worry and sad, you will feel not happy. So I think we should spend many time for looking after our family. When we have a happy family, we will have power to try. At that time we will work better. How do you think. Anna and Henry go to the doctor. Anna has an ultrasound scan. X623J'

2019-06-22 18:38:38 - [MESSAGE][PASSED] - Actual text 'Known that everybody have the personal aim. It is defferent . For example, there are some people think that the most important thing in them life is career. While there are other people think that is family. me too. The most important thing with my life is my small and big family. Because I see the mind is the most important. Let think that if you are verry rich while you alway are worry and sad, you will feel not happy. So I think we should spend many time for looking after our family. When we have a happy family, we will have power to try. At that time we will work better. How do you think. Anna and Henry go to the doctor. Anna has an ultrasound scan. X623J' and expected text 'Known that everybody have the personal aim. It is defferent . For example, there are some people think that the most important thing in them life is career. While there are other people think that is family. me too. The most important thing with my life is my small and big family. Because I see the mind is the most important. Let think that if you are verry rich while you alway are worry and sad, you will feel not happy. So I think we should spend many time for looking after our family. When we have a happy family, we will have power to try. At that time we will work better. How do you think. Anna and Henry go to the doctor. Anna has an ultrasound scan. X623J' are matched 

2019-06-22 18:38:40 - [MESSAGE][PASSED] - Delayed 2 second(s)

2019-06-22 18:38:41 - [MESSAGE][PASSED] - Navigate back successfully

2019-06-22 18:38:43 - [MESSAGE][PASSED] - Delayed 2 second(s)

2019-06-22 18:38:43 - [MESSAGE][PASSED] - Text of object 'Object Repository/Green_Cleaning/Navigation/h3_Status' is: 'ATTEMPTED'

2019-06-22 18:38:43 - [MESSAGE][PASSED] - Object: 'Object Repository/Green_Cleaning/a_MarkReadyForReview' is clicked on

2019-06-22 18:38:48 - [MESSAGE][PASSED] - Delayed 5 second(s)

2019-06-22 18:38:48 - [MESSAGE][PASSED] - Text of object 'Object Repository/Green_Cleaning/Navigation/h3_Status' is: 'READY FOR REVIEW'

2019-06-22 18:38:48 - [MESSAGE][PASSED] - Run with 'greenCleaningForm.Runner_GC_EntrywaySystems' was passed

2019-06-22 18:38:48 - [TEST_STEP][PASSED] - Start listener action : sampleAfterTestCase: Browser is closed

2019-06-22 18:38:48 - [TEST_STEP][PASSED] - closeBrowser(): Browser is closed

2019-06-22 18:38:49 - [MESSAGE][PASSED] - Browser is closed]]></system-out>
         <system-err><![CDATA[]]></system-err>
      </testcase>
      <testcase name="Test Cases/GreenCleaning/TC_GC_VerifyUploadedFiles_EntrywaySys" classname="Test Cases/GreenCleaning/TC_GC_VerifyUploadedFiles_EntrywaySys" status="PASSED">
         <system-out><![CDATA[2019-06-22 18:38:49 - [TEST_CASE][PASSED] - Test Cases/GreenCleaning/TC_GC_VerifyUploadedFiles_EntrywaySys: Test Cases/GreenCleaning/TC_GC_VerifyUploadedFiles_EntrywaySys

2019-06-22 18:38:49 - [TEST_STEP][PASSED] - Start listener action : sampleBeforeTestCase: null

2019-06-22 18:38:49 - [TEST_STEP][PASSED] - openBrowser(""): Browser is opened with url: ''

2019-06-22 18:38:49 - [MESSAGE][INFO] - Starting 'Chrome (headless)' driver

2019-06-22 18:38:49 - [MESSAGE][INFO] - User set preference: ['args', '[--window-size=1920,1080]']

2019-06-22 18:38:51 - [MESSAGE][PASSED] - Browser is opened with url: ''

2019-06-22 18:38:51 - [TEST_STEP][PASSED] - driver = getWebDriver(): null

2019-06-22 18:38:51 - [TEST_STEP][PASSED] - println("The driver is ########### " + driver): null

2019-06-22 18:38:51 - [TEST_STEP][PASSED] - downloadPath = "H:\Git Projects\Usgbc_LeedOnline_ScoreCard\Usgbc_LeedOnline_ScoreCard\Include\TestData\DownloadedFiles": null

2019-06-22 18:38:51 - [TEST_STEP][PASSED] - projectKeywords().sendCommandForDownloadChromeHeadLess(driver.getCommandExecutor(), driver.getSessionId(), downloadPath): null

2019-06-22 18:38:52 - [TEST_STEP][PASSED] - runWithCucumberRunner(greenCleaningForm.Runner_GC_VerifyUploadedFiles_EntrywaySys): Run with 'greenCleaningForm.Runner_GC_VerifyUploadedFiles_EntrywaySys' was passed

2019-06-22 18:38:53 - [TEST_CASE][PASSED] - Test Cases/GreenCleaning/TC_GC_Navigate: Test Cases/GreenCleaning/TC_GC_Navigate

2019-06-22 18:38:53 - [TEST_STEP][PASSED] - runWithCucumberRunner(greenCleaningForm.Runner_NavigationGC): Run with 'greenCleaningForm.Runner_NavigationGC' was passed

2019-06-22 18:38:54 - [TEST_CASE][PASSED] - Test Cases/Login/TC_Login: Test Cases/Login/TC_Login

2019-06-22 18:38:54 - [TEST_STEP][PASSED] - runWithCucumberRunner(common.Runner_Login): Run with 'common.Runner_Login' was passed

2019-06-22 18:39:03 - [MESSAGE][PASSED] - Navigate to 'https://leedonline-stg.usgbc.org' successfully

2019-06-22 18:39:05 - [MESSAGE][PASSED] - Delayed 2 second(s)

2019-06-22 18:39:06 - [MESSAGE][PASSED] - Text 'automationbdd1@gmail.com' is set on object 'Object Repository/Login/input_username'

2019-06-22 18:39:06 - [MESSAGE][PASSED] - Text 'initpass' is set on object 'Object Repository/Login/input_password'

2019-06-22 18:39:09 - [MESSAGE][PASSED] - Delayed 3 second(s)

2019-06-22 18:39:09 - [MESSAGE][PASSED] - Scroll to object 'Object Repository/Login/span_End User License Agreement' successfully

2019-06-22 18:39:09 - [MESSAGE][PASSED] - Object 'Object Repository/Login/span_End User License Agreement' is visible

2019-06-22 18:39:10 - [MESSAGE][PASSED] - Object 'Object Repository/Login/span_End User License Agreement' is checked

2019-06-22 18:39:11 - [MESSAGE][PASSED] - Delayed 1 second(s)

2019-06-22 18:39:11 - [MESSAGE][PASSED] - Object: 'Object Repository/Login/button_Log In' is clicked on

2019-06-22 18:39:21 - [MESSAGE][PASSED] - Object: '' is clicked on

2019-06-22 18:39:24 - [MESSAGE][PASSED] - Object: 'Object Repository/Login/a_Credits' is clicked on

2019-06-22 18:39:24 - [MESSAGE][PASSED] - Run with 'common.Runner_Login' was passed

2019-06-22 18:39:24 - [MESSAGE][PASSED] - Call Test Case 'Test Cases/Login/TC_Login' successfully

2019-06-22 18:39:24 - [MESSAGE][PASSED] - Scroll to object 'Object Repository/Green_Cleaning/Navigation/div_Green Cleaning' successfully

2019-06-22 18:39:24 - [MESSAGE][PASSED] - Object 'Object Repository/Green_Cleaning/Navigation/div_Green Cleaning' is present

2019-06-22 18:39:24 - [MESSAGE][PASSED] - Text of object 'Object Repository/Green_Cleaning/Navigation/h3_Status' is: 'READY FOR REVIEW'

2019-06-22 18:39:24 - [MESSAGE][PASSED] - Text of object 'Object Repository/Green_Cleaning/Navigation/divval' is: 'READY FOR REVIEW'

2019-06-22 18:39:24 - [MESSAGE][PASSED] - Object: 'Object Repository/Green_Cleaning/a_MarkReadyForReview' is clicked on

2019-06-22 18:39:29 - [MESSAGE][PASSED] - Delayed 5 second(s)

2019-06-22 18:39:29 - [MESSAGE][PASSED] - Text of object 'Object Repository/Green_Cleaning/Navigation/h3_Status' is: 'ATTEMPTED'

2019-06-22 18:39:29 - [MESSAGE][PASSED] - Object: 'Object Repository/Green_Cleaning/Navigation/div_Green Cleaning' is clicked on

2019-06-22 18:39:32 - [MESSAGE][PASSED] - Delayed 3 second(s)

2019-06-22 18:39:40 - [MESSAGE][PASSED] - Object: 'Object Repository/Green_Cleaning/Navigation/span_(V01)' is clicked on

2019-06-22 18:39:40 - [MESSAGE][PASSED] - Object 'Object Repository/Green_Cleaning/Navigation/div_GreenCleaningPolicyCreditLib' is present

2019-06-22 18:39:40 - [MESSAGE][PASSED] - Run with 'greenCleaningForm.Runner_NavigationGC' was passed

2019-06-22 18:39:40 - [MESSAGE][PASSED] - Call Test Case 'Test Cases/GreenCleaning/TC_GC_Navigate' successfully

2019-06-22 18:39:40 - [MESSAGE][PASSED] - Scroll to object 'Object Repository/Green_Cleaning/Entryway_systems_Opt2/AddFile_Uploadphotos/Table_photos' successfully

2019-06-22 18:39:40 - [MESSAGE][PASSED] - Object 'Object Repository/Green_Cleaning/Entryway_systems_Opt2/AddFile_Uploadphotos/Table_photos' is present

2019-06-22 18:39:41 - [MESSAGE][PASSED] - Text of object '' is: 'SampleGIFImage_350kbmb.gif'

2019-06-22 18:39:41 - [MESSAGE][PASSED] - SampleGIFImage_350kbmb.gif is equal to SampleGIFImage_350kbmb.gif

2019-06-22 18:39:41 - [MESSAGE][PASSED] - Actual text 'SampleGIFImage_350kbmb.gif' and expected text 'SampleGIFImage_350kbmb.gif' are matched 

2019-06-22 18:39:41 - [MESSAGE][PASSED] - Text of object '' is: 'SamplePPTFile_1000kb.ppt'

2019-06-22 18:39:41 - [MESSAGE][PASSED] - SamplePPTFile_1000kb.ppt is equal to SamplePPTFile_1000kb.ppt

2019-06-22 18:39:41 - [MESSAGE][PASSED] - Actual text 'SamplePPTFile_1000kb.ppt' and expected text 'SamplePPTFile_1000kb.ppt' are matched 

2019-06-22 18:39:41 - [MESSAGE][PASSED] - Text of object '' is: 'ZZ.pdf'

2019-06-22 18:39:41 - [MESSAGE][PASSED] - ZZ.pdf is equal to ZZ.pdf

2019-06-22 18:39:41 - [MESSAGE][PASSED] - Actual text 'ZZ.pdf' and expected text 'ZZ.pdf' are matched 

2019-06-22 18:39:41 - [MESSAGE][PASSED] - Run with 'greenCleaningForm.Runner_GC_VerifyUploadedFiles_EntrywaySys' was passed

2019-06-22 18:39:41 - [TEST_STEP][PASSED] - Start listener action : sampleAfterTestCase: Browser is closed

2019-06-22 18:39:41 - [TEST_STEP][PASSED] - closeBrowser(): Browser is closed

2019-06-22 18:39:42 - [MESSAGE][PASSED] - Browser is closed]]></system-out>
         <system-err><![CDATA[]]></system-err>
      </testcase>
      <testcase name="Test Cases/GreenCleaning/TC_GC_DownloadFiles_EntrywaySys" classname="Test Cases/GreenCleaning/TC_GC_DownloadFiles_EntrywaySys" status="PASSED">
         <system-out><![CDATA[2019-06-22 18:39:42 - [TEST_CASE][PASSED] - Test Cases/GreenCleaning/TC_GC_DownloadFiles_EntrywaySys: Test Cases/GreenCleaning/TC_GC_DownloadFiles_EntrywaySys

2019-06-22 18:39:42 - [TEST_STEP][PASSED] - Start listener action : sampleBeforeTestCase: null

2019-06-22 18:39:42 - [TEST_STEP][PASSED] - openBrowser(""): Browser is opened with url: ''

2019-06-22 18:39:42 - [MESSAGE][INFO] - Starting 'Chrome (headless)' driver

2019-06-22 18:39:42 - [MESSAGE][INFO] - User set preference: ['args', '[--window-size=1920,1080]']

2019-06-22 18:39:44 - [MESSAGE][PASSED] - Browser is opened with url: ''

2019-06-22 18:39:44 - [TEST_STEP][PASSED] - driver = getWebDriver(): null

2019-06-22 18:39:44 - [TEST_STEP][PASSED] - println("The driver is ########### " + driver): null

2019-06-22 18:39:44 - [TEST_STEP][PASSED] - downloadPath = "H:\Git Projects\Usgbc_LeedOnline_ScoreCard\Usgbc_LeedOnline_ScoreCard\Include\TestData\DownloadedFiles": null

2019-06-22 18:39:44 - [TEST_STEP][PASSED] - projectKeywords().sendCommandForDownloadChromeHeadLess(driver.getCommandExecutor(), driver.getSessionId(), downloadPath): null

2019-06-22 18:39:44 - [TEST_STEP][PASSED] - runWithCucumberRunner(greenCleaningForm.Runner_GC_DownloadFiles_EntrywaySys): Run with 'greenCleaningForm.Runner_GC_DownloadFiles_EntrywaySys' was passed

2019-06-22 18:39:46 - [TEST_CASE][PASSED] - Test Cases/GreenCleaning/TC_GC_Navigate: Test Cases/GreenCleaning/TC_GC_Navigate

2019-06-22 18:39:46 - [TEST_STEP][PASSED] - runWithCucumberRunner(greenCleaningForm.Runner_NavigationGC): Run with 'greenCleaningForm.Runner_NavigationGC' was passed

2019-06-22 18:39:47 - [TEST_CASE][PASSED] - Test Cases/Login/TC_Login: Test Cases/Login/TC_Login

2019-06-22 18:39:47 - [TEST_STEP][PASSED] - runWithCucumberRunner(common.Runner_Login): Run with 'common.Runner_Login' was passed

2019-06-22 18:39:54 - [MESSAGE][PASSED] - Navigate to 'https://leedonline-stg.usgbc.org' successfully

2019-06-22 18:39:56 - [MESSAGE][PASSED] - Delayed 2 second(s)

2019-06-22 18:39:56 - [MESSAGE][PASSED] - Text 'automationbdd1@gmail.com' is set on object 'Object Repository/Login/input_username'

2019-06-22 18:39:57 - [MESSAGE][PASSED] - Text 'initpass' is set on object 'Object Repository/Login/input_password'

2019-06-22 18:40:00 - [MESSAGE][PASSED] - Delayed 3 second(s)

2019-06-22 18:40:00 - [MESSAGE][PASSED] - Scroll to object 'Object Repository/Login/span_End User License Agreement' successfully

2019-06-22 18:40:00 - [MESSAGE][PASSED] - Object 'Object Repository/Login/span_End User License Agreement' is visible

2019-06-22 18:40:00 - [MESSAGE][PASSED] - Object 'Object Repository/Login/span_End User License Agreement' is checked

2019-06-22 18:40:01 - [MESSAGE][PASSED] - Delayed 1 second(s)

2019-06-22 18:40:01 - [MESSAGE][PASSED] - Object: 'Object Repository/Login/button_Log In' is clicked on

2019-06-22 18:40:11 - [MESSAGE][PASSED] - Object: '' is clicked on

2019-06-22 18:40:14 - [MESSAGE][PASSED] - Object: 'Object Repository/Login/a_Credits' is clicked on

2019-06-22 18:40:14 - [MESSAGE][PASSED] - Run with 'common.Runner_Login' was passed

2019-06-22 18:40:14 - [MESSAGE][PASSED] - Call Test Case 'Test Cases/Login/TC_Login' successfully

2019-06-22 18:40:14 - [MESSAGE][PASSED] - Scroll to object 'Object Repository/Green_Cleaning/Navigation/div_Green Cleaning' successfully

2019-06-22 18:40:14 - [MESSAGE][PASSED] - Object 'Object Repository/Green_Cleaning/Navigation/div_Green Cleaning' is present

2019-06-22 18:40:14 - [MESSAGE][PASSED] - Text of object 'Object Repository/Green_Cleaning/Navigation/h3_Status' is: 'ATTEMPTED'

2019-06-22 18:40:14 - [MESSAGE][PASSED] - Text of object 'Object Repository/Green_Cleaning/Navigation/divval' is: 'ATTEMPTED'

2019-06-22 18:40:14 - [MESSAGE][PASSED] - Text of object 'Object Repository/Green_Cleaning/Navigation/h3_Status' is: 'ATTEMPTED'

2019-06-22 18:40:14 - [MESSAGE][PASSED] - Object: 'Object Repository/Green_Cleaning/Navigation/div_Green Cleaning' is clicked on

2019-06-22 18:40:17 - [MESSAGE][PASSED] - Delayed 3 second(s)

2019-06-22 18:40:24 - [MESSAGE][PASSED] - Object: 'Object Repository/Green_Cleaning/Navigation/span_(V01)' is clicked on

2019-06-22 18:40:24 - [MESSAGE][PASSED] - Object 'Object Repository/Green_Cleaning/Navigation/div_GreenCleaningPolicyCreditLib' is present

2019-06-22 18:40:24 - [MESSAGE][PASSED] - Run with 'greenCleaningForm.Runner_NavigationGC' was passed

2019-06-22 18:40:24 - [MESSAGE][PASSED] - Call Test Case 'Test Cases/GreenCleaning/TC_GC_Navigate' successfully

2019-06-22 18:40:25 - [MESSAGE][PASSED] - Scroll to object 'Object Repository/Green_Cleaning/Entryway_systems_Opt2/AddFile_Uploadphotos/Table_photos' successfully

2019-06-22 18:40:25 - [MESSAGE][PASSED] - Object 'Object Repository/Green_Cleaning/Entryway_systems_Opt2/AddFile_Uploadphotos/Table_photos' is present

2019-06-22 18:40:25 - [MESSAGE][PASSED] - Scroll to object 'Object Repository/Green_Cleaning/Entryway_systems_Opt2/AddFile_Uploadphotos/p_Upload photos' successfully

2019-06-22 18:40:27 - [MESSAGE][PASSED] - Delayed 2 second(s)

2019-06-22 18:40:27 - [MESSAGE][PASSED] - Object: 'Object Repository/Green_Cleaning/Entryway_systems_Opt2/AddFile_Uploadphotos/p_Upload photos' is hovered

2019-06-22 18:40:28 - [MESSAGE][PASSED] - Object: '' is clicked on

2019-06-22 18:40:28 - [MESSAGE][PASSED] - Text of object '' is: 'ZZ.pdf'

2019-06-22 18:40:38 - [MESSAGE][PASSED] - Delayed 10 second(s)

2019-06-22 18:40:38 - [MESSAGE][PASSED] - Object: 'Object Repository/Green_Cleaning/Entryway_systems_Opt2/AddFile_Uploadphotos/p_Upload photos' is hovered

2019-06-22 18:40:40 - [MESSAGE][PASSED] - Delayed 2 second(s)

2019-06-22 18:40:42 - [MESSAGE][PASSED] - Delayed 2 second(s)

2019-06-22 18:40:42 - [MESSAGE][PASSED] - Object: 'Object Repository/Green_Cleaning/Entryway_systems_Opt2/AddFile_Uploadphotos/p_Upload photos' is hovered

2019-06-22 18:40:42 - [MESSAGE][PASSED] - Object: '' is clicked on

2019-06-22 18:40:42 - [MESSAGE][PASSED] - Text of object '' is: 'SamplePPTFile_1000kb.ppt'

2019-06-22 18:40:52 - [MESSAGE][PASSED] - Delayed 10 second(s)

2019-06-22 18:40:53 - [MESSAGE][PASSED] - Object: 'Object Repository/Green_Cleaning/Entryway_systems_Opt2/AddFile_Uploadphotos/p_Upload photos' is hovered

2019-06-22 18:40:55 - [MESSAGE][PASSED] - Delayed 2 second(s)

2019-06-22 18:40:57 - [MESSAGE][PASSED] - Delayed 2 second(s)

2019-06-22 18:40:57 - [MESSAGE][PASSED] - Object: 'Object Repository/Green_Cleaning/Entryway_systems_Opt2/AddFile_Uploadphotos/p_Upload photos' is hovered

2019-06-22 18:40:57 - [MESSAGE][PASSED] - Object: '' is clicked on

2019-06-22 18:40:57 - [MESSAGE][PASSED] - Text of object '' is: 'SampleGIFImage_350kbmb.gif'

2019-06-22 18:41:07 - [MESSAGE][PASSED] - Delayed 10 second(s)

2019-06-22 18:41:07 - [MESSAGE][PASSED] - Object: 'Object Repository/Green_Cleaning/Entryway_systems_Opt2/AddFile_Uploadphotos/p_Upload photos' is hovered

2019-06-22 18:41:09 - [MESSAGE][PASSED] - Delayed 2 second(s)

2019-06-22 18:41:12 - [MESSAGE][PASSED] - Delayed 3 second(s)

2019-06-22 18:41:14 - [MESSAGE][PASSED] - Delayed 2 second(s)

2019-06-22 18:41:15 - [MESSAGE][PASSED] - Delayed 1 second(s)

2019-06-22 18:41:15 - [MESSAGE][PASSED] - SampleGIFImage_350kbmb.gif exist in H:/Git Projects/Usgbc_LeedOnline_ScoreCard/Usgbc_LeedOnline_ScoreCard/Include/TestData/DownloadedFiles and was deleted

2019-06-22 18:41:15 - [MESSAGE][PASSED] - 

2019-06-22 18:41:15 - [MESSAGE][PASSED] - Actual text 'SampleGIFImage_350kbmb.gif' and expected text 'SampleGIFImage_350kbmb.gif' are matched 

2019-06-22 18:41:17 - [MESSAGE][PASSED] - Delayed 2 second(s)

2019-06-22 18:41:18 - [MESSAGE][PASSED] - Delayed 1 second(s)

2019-06-22 18:41:18 - [MESSAGE][PASSED] - SamplePPTFile_1000kb.ppt exist in H:/Git Projects/Usgbc_LeedOnline_ScoreCard/Usgbc_LeedOnline_ScoreCard/Include/TestData/DownloadedFiles and was deleted

2019-06-22 18:41:18 - [MESSAGE][PASSED] - 

2019-06-22 18:41:18 - [MESSAGE][PASSED] - Actual text 'SamplePPTFile_1000kb.ppt' and expected text 'SamplePPTFile_1000kb.ppt' are matched 

2019-06-22 18:41:20 - [MESSAGE][PASSED] - Delayed 2 second(s)

2019-06-22 18:41:21 - [MESSAGE][PASSED] - Delayed 1 second(s)

2019-06-22 18:41:21 - [MESSAGE][PASSED] - ZZ.pdf exist in H:/Git Projects/Usgbc_LeedOnline_ScoreCard/Usgbc_LeedOnline_ScoreCard/Include/TestData/DownloadedFiles and was deleted

2019-06-22 18:41:21 - [MESSAGE][PASSED] - 

2019-06-22 18:41:21 - [MESSAGE][PASSED] - Actual text 'ZZ.pdf' and expected text 'ZZ.pdf' are matched 

2019-06-22 18:41:22 - [MESSAGE][PASSED] - Run with 'greenCleaningForm.Runner_GC_DownloadFiles_EntrywaySys' was passed

2019-06-22 18:41:22 - [TEST_STEP][PASSED] - Start listener action : sampleAfterTestCase: Browser is closed

2019-06-22 18:41:22 - [TEST_STEP][PASSED] - closeBrowser(): Browser is closed

2019-06-22 18:41:22 - [MESSAGE][PASSED] - Browser is closed]]></system-out>
         <system-err><![CDATA[]]></system-err>
      </testcase>
      <testcase name="Test Cases/GreenCleaning/TC_GC_DeleteUploadedFiles_EntrywaySys" classname="Test Cases/GreenCleaning/TC_GC_DeleteUploadedFiles_EntrywaySys" status="PASSED">
         <system-out><![CDATA[2019-06-22 18:41:22 - [TEST_CASE][PASSED] - Test Cases/GreenCleaning/TC_GC_DeleteUploadedFiles_EntrywaySys: Test Cases/GreenCleaning/TC_GC_DeleteUploadedFiles_EntrywaySys

2019-06-22 18:41:22 - [TEST_STEP][PASSED] - Start listener action : sampleBeforeTestCase: null

2019-06-22 18:41:22 - [TEST_STEP][PASSED] - openBrowser(""): Browser is opened with url: ''

2019-06-22 18:41:22 - [MESSAGE][INFO] - Starting 'Chrome (headless)' driver

2019-06-22 18:41:22 - [MESSAGE][INFO] - User set preference: ['args', '[--window-size=1920,1080]']

2019-06-22 18:41:25 - [MESSAGE][PASSED] - Browser is opened with url: ''

2019-06-22 18:41:25 - [TEST_STEP][PASSED] - driver = getWebDriver(): null

2019-06-22 18:41:25 - [TEST_STEP][PASSED] - println("The driver is ########### " + driver): null

2019-06-22 18:41:25 - [TEST_STEP][PASSED] - downloadPath = "H:\Git Projects\Usgbc_LeedOnline_ScoreCard\Usgbc_LeedOnline_ScoreCard\Include\TestData\DownloadedFiles": null

2019-06-22 18:41:25 - [TEST_STEP][PASSED] - projectKeywords().sendCommandForDownloadChromeHeadLess(driver.getCommandExecutor(), driver.getSessionId(), downloadPath): null

2019-06-22 18:41:25 - [TEST_STEP][PASSED] - runWithCucumberRunner(greenCleaningForm.Runner_GC_DeleteUploadedFiles_EntrywaySys): Run with 'greenCleaningForm.Runner_GC_DeleteUploadedFiles_EntrywaySys' was passed

2019-06-22 18:41:26 - [TEST_CASE][PASSED] - Test Cases/GreenCleaning/TC_GC_Navigate: Test Cases/GreenCleaning/TC_GC_Navigate

2019-06-22 18:41:26 - [TEST_STEP][PASSED] - runWithCucumberRunner(greenCleaningForm.Runner_NavigationGC): Run with 'greenCleaningForm.Runner_NavigationGC' was passed

2019-06-22 18:41:27 - [TEST_CASE][PASSED] - Test Cases/Login/TC_Login: Test Cases/Login/TC_Login

2019-06-22 18:41:28 - [TEST_STEP][PASSED] - runWithCucumberRunner(common.Runner_Login): Run with 'common.Runner_Login' was passed

2019-06-22 18:41:35 - [MESSAGE][PASSED] - Navigate to 'https://leedonline-stg.usgbc.org' successfully

2019-06-22 18:41:37 - [MESSAGE][PASSED] - Delayed 2 second(s)

2019-06-22 18:41:38 - [MESSAGE][PASSED] - Text 'automationbdd1@gmail.com' is set on object 'Object Repository/Login/input_username'

2019-06-22 18:41:38 - [MESSAGE][PASSED] - Text 'initpass' is set on object 'Object Repository/Login/input_password'

2019-06-22 18:41:41 - [MESSAGE][PASSED] - Delayed 3 second(s)

2019-06-22 18:41:41 - [MESSAGE][PASSED] - Scroll to object 'Object Repository/Login/span_End User License Agreement' successfully

2019-06-22 18:41:41 - [MESSAGE][PASSED] - Object 'Object Repository/Login/span_End User License Agreement' is visible

2019-06-22 18:41:42 - [MESSAGE][PASSED] - Object 'Object Repository/Login/span_End User License Agreement' is checked

2019-06-22 18:41:43 - [MESSAGE][PASSED] - Delayed 1 second(s)

2019-06-22 18:41:43 - [MESSAGE][PASSED] - Object: 'Object Repository/Login/button_Log In' is clicked on

2019-06-22 18:41:54 - [MESSAGE][PASSED] - Object: '' is clicked on

2019-06-22 18:41:56 - [MESSAGE][PASSED] - Object: 'Object Repository/Login/a_Credits' is clicked on

2019-06-22 18:41:56 - [MESSAGE][PASSED] - Run with 'common.Runner_Login' was passed

2019-06-22 18:41:56 - [MESSAGE][PASSED] - Call Test Case 'Test Cases/Login/TC_Login' successfully

2019-06-22 18:41:56 - [MESSAGE][PASSED] - Scroll to object 'Object Repository/Green_Cleaning/Navigation/div_Green Cleaning' successfully

2019-06-22 18:41:56 - [MESSAGE][PASSED] - Object 'Object Repository/Green_Cleaning/Navigation/div_Green Cleaning' is present

2019-06-22 18:41:56 - [MESSAGE][PASSED] - Text of object 'Object Repository/Green_Cleaning/Navigation/h3_Status' is: 'ATTEMPTED'

2019-06-22 18:41:56 - [MESSAGE][PASSED] - Text of object 'Object Repository/Green_Cleaning/Navigation/divval' is: 'ATTEMPTED'

2019-06-22 18:41:56 - [MESSAGE][PASSED] - Text of object 'Object Repository/Green_Cleaning/Navigation/h3_Status' is: 'ATTEMPTED'

2019-06-22 18:41:57 - [MESSAGE][PASSED] - Object: 'Object Repository/Green_Cleaning/Navigation/div_Green Cleaning' is clicked on

2019-06-22 18:42:00 - [MESSAGE][PASSED] - Delayed 3 second(s)

2019-06-22 18:42:06 - [MESSAGE][PASSED] - Object: 'Object Repository/Green_Cleaning/Navigation/span_(V01)' is clicked on

2019-06-22 18:42:06 - [MESSAGE][PASSED] - Object 'Object Repository/Green_Cleaning/Navigation/div_GreenCleaningPolicyCreditLib' is present

2019-06-22 18:42:06 - [MESSAGE][PASSED] - Run with 'greenCleaningForm.Runner_NavigationGC' was passed

2019-06-22 18:42:06 - [MESSAGE][PASSED] - Call Test Case 'Test Cases/GreenCleaning/TC_GC_Navigate' successfully

2019-06-22 18:42:06 - [MESSAGE][PASSED] - Scroll to object 'Object Repository/Green_Cleaning/Entryway_systems_Opt2/AddFile_Uploadphotos/Table_photos' successfully

2019-06-22 18:42:06 - [MESSAGE][PASSED] - Object 'Object Repository/Green_Cleaning/Entryway_systems_Opt2/AddFile_Uploadphotos/Table_photos' is present

2019-06-22 18:42:06 - [MESSAGE][PASSED] - Scroll to object 'Object Repository/Green_Cleaning/Entryway_systems_Opt2/AddFile_Uploadphotos/p_Upload photos' successfully

2019-06-22 18:42:07 - [MESSAGE][PASSED] - Delayed 1 second(s)

2019-06-22 18:42:08 - [MESSAGE][PASSED] - Object: '' is clicked on

2019-06-22 18:42:10 - [MESSAGE][PASSED] - Delayed 2 second(s)

2019-06-22 18:42:10 - [MESSAGE][PASSED] - Object: 'Object Repository/LightPollutionReduction/FixtureShielding/button_Yes' is clicked on

2019-06-22 18:42:11 - [MESSAGE][PASSED] - Delayed 1 second(s)

2019-06-22 18:42:11 - [MESSAGE][PASSED] - Object: '' is clicked on

2019-06-22 18:42:13 - [MESSAGE][PASSED] - Delayed 2 second(s)

2019-06-22 18:42:13 - [MESSAGE][PASSED] - Object: 'Object Repository/LightPollutionReduction/FixtureShielding/button_Yes' is clicked on

2019-06-22 18:42:14 - [MESSAGE][PASSED] - Delayed 1 second(s)

2019-06-22 18:42:15 - [MESSAGE][PASSED] - Object: '' is clicked on

2019-06-22 18:42:17 - [MESSAGE][PASSED] - Delayed 2 second(s)

2019-06-22 18:42:17 - [MESSAGE][PASSED] - Object: 'Object Repository/LightPollutionReduction/FixtureShielding/button_Yes' is clicked on

2019-06-22 18:42:19 - [MESSAGE][PASSED] - Delayed 2 second(s)

2019-06-22 18:42:19 - [MESSAGE][PASSED] - Web element with id: 'Object Repository/Green_Cleaning/Entryway_systems_Opt2/AddFile_Uploadphotos/Table_photos' located by 'By.xpath: //*[@id="esPlanDocs_files"]/table' is not present after '30' second(s)

2019-06-22 18:42:20 - [MESSAGE][PASSED] - Run with 'greenCleaningForm.Runner_GC_DeleteUploadedFiles_EntrywaySys' was passed

2019-06-22 18:42:20 - [TEST_STEP][PASSED] - Start listener action : sampleAfterTestCase: Browser is closed

2019-06-22 18:42:20 - [TEST_STEP][PASSED] - closeBrowser(): Browser is closed

2019-06-22 18:42:20 - [MESSAGE][PASSED] - Browser is closed]]></system-out>
         <system-err><![CDATA[]]></system-err>
      </testcase>
      <testcase name="Test Cases/GreenCleaning/TC_GC_PoweredCleaning" classname="Test Cases/GreenCleaning/TC_GC_PoweredCleaning" status="PASSED">
         <system-out><![CDATA[2019-06-22 18:42:20 - [TEST_CASE][PASSED] - Test Cases/GreenCleaning/TC_GC_PoweredCleaning: Test Cases/GreenCleaning/TC_GC_PoweredCleaning

2019-06-22 18:42:20 - [TEST_STEP][PASSED] - Start listener action : sampleBeforeTestCase: null

2019-06-22 18:42:20 - [TEST_STEP][PASSED] - openBrowser(""): Browser is opened with url: ''

2019-06-22 18:42:20 - [MESSAGE][INFO] - Starting 'Chrome (headless)' driver

2019-06-22 18:42:20 - [MESSAGE][INFO] - User set preference: ['args', '[--window-size=1920,1080]']

2019-06-22 18:42:23 - [MESSAGE][PASSED] - Browser is opened with url: ''

2019-06-22 18:42:23 - [TEST_STEP][PASSED] - driver = getWebDriver(): null

2019-06-22 18:42:23 - [TEST_STEP][PASSED] - println("The driver is ########### " + driver): null

2019-06-22 18:42:23 - [TEST_STEP][PASSED] - downloadPath = "H:\Git Projects\Usgbc_LeedOnline_ScoreCard\Usgbc_LeedOnline_ScoreCard\Include\TestData\DownloadedFiles": null

2019-06-22 18:42:23 - [TEST_STEP][PASSED] - projectKeywords().sendCommandForDownloadChromeHeadLess(driver.getCommandExecutor(), driver.getSessionId(), downloadPath): null

2019-06-22 18:42:23 - [TEST_STEP][PASSED] - runWithCucumberRunner(greenCleaningForm.Runner_GC_PoweredCleaning): Run with 'greenCleaningForm.Runner_GC_PoweredCleaning' was passed

2019-06-22 18:42:25 - [TEST_CASE][PASSED] - Test Cases/GreenCleaning/TC_GC_Navigate: Test Cases/GreenCleaning/TC_GC_Navigate

2019-06-22 18:42:25 - [TEST_STEP][PASSED] - runWithCucumberRunner(greenCleaningForm.Runner_NavigationGC): Run with 'greenCleaningForm.Runner_NavigationGC' was passed

2019-06-22 18:42:26 - [TEST_CASE][PASSED] - Test Cases/Login/TC_Login: Test Cases/Login/TC_Login

2019-06-22 18:42:26 - [TEST_STEP][PASSED] - runWithCucumberRunner(common.Runner_Login): Run with 'common.Runner_Login' was passed

2019-06-22 18:42:33 - [MESSAGE][PASSED] - Navigate to 'https://leedonline-stg.usgbc.org' successfully

2019-06-22 18:42:35 - [MESSAGE][PASSED] - Delayed 2 second(s)

2019-06-22 18:42:35 - [MESSAGE][PASSED] - Text 'automationbdd1@gmail.com' is set on object 'Object Repository/Login/input_username'

2019-06-22 18:42:35 - [MESSAGE][PASSED] - Text 'initpass' is set on object 'Object Repository/Login/input_password'

2019-06-22 18:42:38 - [MESSAGE][PASSED] - Delayed 3 second(s)

2019-06-22 18:42:38 - [MESSAGE][PASSED] - Scroll to object 'Object Repository/Login/span_End User License Agreement' successfully

2019-06-22 18:42:38 - [MESSAGE][PASSED] - Object 'Object Repository/Login/span_End User License Agreement' is visible

2019-06-22 18:42:38 - [MESSAGE][PASSED] - Object 'Object Repository/Login/span_End User License Agreement' is checked

2019-06-22 18:42:39 - [MESSAGE][PASSED] - Delayed 1 second(s)

2019-06-22 18:42:40 - [MESSAGE][PASSED] - Object: 'Object Repository/Login/button_Log In' is clicked on

2019-06-22 18:42:48 - [MESSAGE][PASSED] - Object: '' is clicked on

2019-06-22 18:42:50 - [MESSAGE][PASSED] - Object: 'Object Repository/Login/a_Credits' is clicked on

2019-06-22 18:42:50 - [MESSAGE][PASSED] - Run with 'common.Runner_Login' was passed

2019-06-22 18:42:50 - [MESSAGE][PASSED] - Call Test Case 'Test Cases/Login/TC_Login' successfully

2019-06-22 18:42:51 - [MESSAGE][PASSED] - Scroll to object 'Object Repository/Green_Cleaning/Navigation/div_Green Cleaning' successfully

2019-06-22 18:42:51 - [MESSAGE][PASSED] - Object 'Object Repository/Green_Cleaning/Navigation/div_Green Cleaning' is present

2019-06-22 18:42:51 - [MESSAGE][PASSED] - Text of object 'Object Repository/Green_Cleaning/Navigation/h3_Status' is: 'ATTEMPTED'

2019-06-22 18:42:51 - [MESSAGE][PASSED] - Text of object 'Object Repository/Green_Cleaning/Navigation/divval' is: 'ATTEMPTED'

2019-06-22 18:42:51 - [MESSAGE][PASSED] - Text of object 'Object Repository/Green_Cleaning/Navigation/h3_Status' is: 'ATTEMPTED'

2019-06-22 18:42:51 - [MESSAGE][PASSED] - Object: 'Object Repository/Green_Cleaning/Navigation/div_Green Cleaning' is clicked on

2019-06-22 18:42:54 - [MESSAGE][PASSED] - Delayed 3 second(s)

2019-06-22 18:43:00 - [MESSAGE][PASSED] - Object: 'Object Repository/Green_Cleaning/Navigation/span_(V01)' is clicked on

2019-06-22 18:43:01 - [MESSAGE][PASSED] - Object 'Object Repository/Green_Cleaning/Navigation/div_GreenCleaningPolicyCreditLib' is present

2019-06-22 18:43:01 - [MESSAGE][PASSED] - Run with 'greenCleaningForm.Runner_NavigationGC' was passed

2019-06-22 18:43:01 - [MESSAGE][PASSED] - Call Test Case 'Test Cases/GreenCleaning/TC_GC_Navigate' successfully

2019-06-22 18:43:01 - [MESSAGE][PASSED] - Object 'Object Repository/Green_Cleaning/Powered_Cleaning_Opt3/input_option3' is present

2019-06-22 18:43:01 - [MESSAGE][PASSED] - Object: 'Object Repository/Green_Cleaning/Powered_Cleaning_Opt3/input_option3' is clicked on

2019-06-22 18:43:03 - [MESSAGE][PASSED] - Delayed 2 second(s)

2019-06-22 18:43:03 - [MESSAGE][PASSED] - Text 'Option 3. Powered cleaning equipment' is present on page 

2019-06-22 18:43:04 - [MESSAGE][PASSED] - Scroll to object 'Object Repository/Green_Cleaning/Powered_Cleaning_Opt3/AddFile_UploadGC_Calc/p_GC_calculator' successfully

2019-06-22 18:43:04 - [MESSAGE][PASSED] - Object 'Object Repository/Green_Cleaning/Powered_Cleaning_Opt3/AddFile_UploadGC_Calc/p_GC_calculator' is present

2019-06-22 18:43:04 - [MESSAGE][PASSED] - Object 'Object Repository/Green_Cleaning/Powered_Cleaning_Opt3/AddFile_UploadGC_Calc/btn_GC_calculator' has attribute 'class' with value 'tiny ui button'

2019-06-22 18:43:04 - [MESSAGE][PASSED] - File 'H:\Git Projects\Usgbc_LeedOnline_ScoreCard\Usgbc_LeedOnline_ScoreCard\Include\TestData\MultipleFileDiffExt\SampleGIFImage_350kbmb.gif' sent to object: 'Object Repository/Green_Cleaning/Powered_Cleaning_Opt3/AddFile_UploadGC_Calc/input_GC_Calc'

2019-06-22 18:43:05 - [MESSAGE][PASSED] - Delayed 1 second(s)

2019-06-22 18:43:12 - [MESSAGE][PASSED] - Object 'Object Repository/Green_Cleaning/Powered_Cleaning_Opt3/AddFile_UploadGC_Calc/btn_GC_calculator' has attribute 'class' with value 'tiny ui button'

2019-06-22 18:43:12 - [MESSAGE][PASSED] - File 'H:\Git Projects\Usgbc_LeedOnline_ScoreCard\Usgbc_LeedOnline_ScoreCard\Include\TestData\MultipleFileDiffExt\SamplePPTFile_1000kb.ppt' sent to object: 'Object Repository/Green_Cleaning/Powered_Cleaning_Opt3/AddFile_UploadGC_Calc/input_GC_Calc'

2019-06-22 18:43:13 - [MESSAGE][PASSED] - Delayed 1 second(s)

2019-06-22 18:43:20 - [MESSAGE][PASSED] - Object 'Object Repository/Green_Cleaning/Powered_Cleaning_Opt3/AddFile_UploadGC_Calc/btn_GC_calculator' has attribute 'class' with value 'tiny ui button'

2019-06-22 18:43:20 - [MESSAGE][PASSED] - File 'H:\Git Projects\Usgbc_LeedOnline_ScoreCard\Usgbc_LeedOnline_ScoreCard\Include\TestData\MultipleFileDiffExt\ZZ.pdf' sent to object: 'Object Repository/Green_Cleaning/Powered_Cleaning_Opt3/AddFile_UploadGC_Calc/input_GC_Calc'

2019-06-22 18:43:21 - [MESSAGE][PASSED] - Delayed 1 second(s)

2019-06-22 18:43:21 - [MESSAGE][PASSED] - Scroll to object 'Object Repository/Green_Cleaning/Powered_Cleaning_Opt3/input_Percent by cost' successfully

2019-06-22 18:43:22 - [MESSAGE][PASSED] - Object 'Object Repository/Green_Cleaning/Powered_Cleaning_Opt3/input_Percent by cost' is present

2019-06-22 18:43:22 - [MESSAGE][PASSED] - Text '141' is set on object 'Object Repository/Green_Cleaning/Powered_Cleaning_Opt3/input_Percent by cost'

2019-06-22 18:43:25 - [MESSAGE][PASSED] - Delayed 3 second(s)

2019-06-22 18:43:25 - [MESSAGE][PASSED] - Attribute 'value' of object 'Object Repository/Green_Cleaning/Powered_Cleaning_Opt3/input_Percent by cost' is: '141'

2019-06-22 18:43:25 - [MESSAGE][PASSED] - Actual text '141' and expected text '141' are matched 

2019-06-22 18:43:35 - [MESSAGE][PASSED] - Delayed 10 second(s)

2019-06-22 18:43:35 - [MESSAGE][PASSED] - Scroll to object 'Object Repository/Green_Cleaning/button_Save' successfully

2019-06-22 18:43:35 - [MESSAGE][PASSED] - Object 'Object Repository/Green_Cleaning/button_Save' is visible

2019-06-22 18:43:35 - [MESSAGE][PASSED] - Object: 'Object Repository/Green_Cleaning/button_Save' is clicked on

2019-06-22 18:43:37 - [MESSAGE][PASSED] - Delayed 2 second(s)

2019-06-22 18:43:38 - [MESSAGE][PASSED] - Text 'Form data saved successfully.' is present on page 

2019-06-22 18:43:38 - [MESSAGE][PASSED] - Scroll to object 'Object Repository/Green_Cleaning/icon_pdf' successfully

2019-06-22 18:43:38 - [MESSAGE][PASSED] - Object 'Object Repository/Green_Cleaning/icon_pdf' is present

2019-06-22 18:43:43 - [MESSAGE][PASSED] - Delayed 5 second(s)

2019-06-22 18:43:43 - [MESSAGE][PASSED] - Object: 'Object Repository/Green_Cleaning/icon_pdf' is clicked on

2019-06-22 18:43:53 - [MESSAGE][PASSED] - Delayed 10 second(s)

2019-06-22 18:43:58 - [MESSAGE][PASSED] - Delayed 5 second(s)

2019-06-22 18:43:58 - [MESSAGE][PASSED] - Scroll to object 'Object Repository/Green_Cleaning/Powered_Cleaning_Opt3/AddFile_UploadGC_Calc/p_GC_calculator' successfully

2019-06-22 18:44:01 - [MESSAGE][PASSED] - Delayed 2 second(s)

2019-06-22 18:44:01 - [MESSAGE][PASSED] - Attribute 'value' of object 'Object Repository/Green_Cleaning/Powered_Cleaning_Opt3/input_Percent by cost' is: '141'

2019-06-22 18:44:04 - [MESSAGE][PASSED] - Delayed 3 second(s)

2019-06-22 18:44:04 - [MESSAGE][PASSED] - Run with 'greenCleaningForm.Runner_GC_PoweredCleaning' was passed

2019-06-22 18:44:04 - [TEST_STEP][PASSED] - Start listener action : sampleAfterTestCase: Browser is closed

2019-06-22 18:44:04 - [TEST_STEP][PASSED] - closeBrowser(): Browser is closed

2019-06-22 18:44:04 - [MESSAGE][PASSED] - Browser is closed]]></system-out>
         <system-err><![CDATA[]]></system-err>
      </testcase>
      <testcase name="Test Cases/GreenCleaning/TC_GC_VerifyUploadedFiles_PoweredCleaning" classname="Test Cases/GreenCleaning/TC_GC_VerifyUploadedFiles_PoweredCleaning" status="PASSED">
         <system-out><![CDATA[2019-06-22 18:44:04 - [TEST_CASE][PASSED] - Test Cases/GreenCleaning/TC_GC_VerifyUploadedFiles_PoweredCleaning: Test Cases/GreenCleaning/TC_GC_VerifyUploadedFiles_PoweredCleaning

2019-06-22 18:44:04 - [TEST_STEP][PASSED] - Start listener action : sampleBeforeTestCase: null

2019-06-22 18:44:04 - [TEST_STEP][PASSED] - openBrowser(""): Browser is opened with url: ''

2019-06-22 18:44:04 - [MESSAGE][INFO] - Starting 'Chrome (headless)' driver

2019-06-22 18:44:04 - [MESSAGE][INFO] - User set preference: ['args', '[--window-size=1920,1080]']

2019-06-22 18:44:07 - [MESSAGE][PASSED] - Browser is opened with url: ''

2019-06-22 18:44:07 - [TEST_STEP][PASSED] - driver = getWebDriver(): null

2019-06-22 18:44:07 - [TEST_STEP][PASSED] - println("The driver is ########### " + driver): null

2019-06-22 18:44:07 - [TEST_STEP][PASSED] - downloadPath = "H:\Git Projects\Usgbc_LeedOnline_ScoreCard\Usgbc_LeedOnline_ScoreCard\Include\TestData\DownloadedFiles": null

2019-06-22 18:44:07 - [TEST_STEP][PASSED] - projectKeywords().sendCommandForDownloadChromeHeadLess(driver.getCommandExecutor(), driver.getSessionId(), downloadPath): null

2019-06-22 18:44:07 - [TEST_STEP][PASSED] - runWithCucumberRunner(greenCleaningForm.Runner_GC_VerifyUploadedFiles_PoweredCleaning): Run with 'greenCleaningForm.Runner_GC_VerifyUploadedFiles_PoweredCleaning' was passed

2019-06-22 18:44:08 - [TEST_CASE][PASSED] - Test Cases/GreenCleaning/TC_GC_Navigate: Test Cases/GreenCleaning/TC_GC_Navigate

2019-06-22 18:44:08 - [TEST_STEP][PASSED] - runWithCucumberRunner(greenCleaningForm.Runner_NavigationGC): Run with 'greenCleaningForm.Runner_NavigationGC' was passed

2019-06-22 18:44:08 - [TEST_CASE][PASSED] - Test Cases/Login/TC_Login: Test Cases/Login/TC_Login

2019-06-22 18:44:08 - [TEST_STEP][PASSED] - runWithCucumberRunner(common.Runner_Login): Run with 'common.Runner_Login' was passed

2019-06-22 18:44:13 - [MESSAGE][PASSED] - Navigate to 'https://leedonline-stg.usgbc.org' successfully

2019-06-22 18:44:15 - [MESSAGE][PASSED] - Delayed 2 second(s)

2019-06-22 18:44:15 - [MESSAGE][PASSED] - Text 'automationbdd1@gmail.com' is set on object 'Object Repository/Login/input_username'

2019-06-22 18:44:16 - [MESSAGE][PASSED] - Text 'initpass' is set on object 'Object Repository/Login/input_password'

2019-06-22 18:44:19 - [MESSAGE][PASSED] - Delayed 3 second(s)

2019-06-22 18:44:19 - [MESSAGE][PASSED] - Scroll to object 'Object Repository/Login/span_End User License Agreement' successfully

2019-06-22 18:44:19 - [MESSAGE][PASSED] - Object 'Object Repository/Login/span_End User License Agreement' is visible

2019-06-22 18:44:19 - [MESSAGE][PASSED] - Object 'Object Repository/Login/span_End User License Agreement' is checked

2019-06-22 18:44:20 - [MESSAGE][PASSED] - Delayed 1 second(s)

2019-06-22 18:44:21 - [MESSAGE][PASSED] - Object: 'Object Repository/Login/button_Log In' is clicked on

2019-06-22 18:44:29 - [MESSAGE][PASSED] - Object: '' is clicked on

2019-06-22 18:44:31 - [MESSAGE][PASSED] - Object: 'Object Repository/Login/a_Credits' is clicked on

2019-06-22 18:44:31 - [MESSAGE][PASSED] - Run with 'common.Runner_Login' was passed

2019-06-22 18:44:31 - [MESSAGE][PASSED] - Call Test Case 'Test Cases/Login/TC_Login' successfully

2019-06-22 18:44:31 - [MESSAGE][PASSED] - Scroll to object 'Object Repository/Green_Cleaning/Navigation/div_Green Cleaning' successfully

2019-06-22 18:44:31 - [MESSAGE][PASSED] - Object 'Object Repository/Green_Cleaning/Navigation/div_Green Cleaning' is present

2019-06-22 18:44:31 - [MESSAGE][PASSED] - Text of object 'Object Repository/Green_Cleaning/Navigation/h3_Status' is: 'ATTEMPTED'

2019-06-22 18:44:31 - [MESSAGE][PASSED] - Text of object 'Object Repository/Green_Cleaning/Navigation/divval' is: 'ATTEMPTED'

2019-06-22 18:44:32 - [MESSAGE][PASSED] - Text of object 'Object Repository/Green_Cleaning/Navigation/h3_Status' is: 'ATTEMPTED'

2019-06-22 18:44:32 - [MESSAGE][PASSED] - Object: 'Object Repository/Green_Cleaning/Navigation/div_Green Cleaning' is clicked on

2019-06-22 18:44:35 - [MESSAGE][PASSED] - Delayed 3 second(s)

2019-06-22 18:44:41 - [MESSAGE][PASSED] - Object: 'Object Repository/Green_Cleaning/Navigation/span_(V01)' is clicked on

2019-06-22 18:44:41 - [MESSAGE][PASSED] - Object 'Object Repository/Green_Cleaning/Navigation/div_GreenCleaningPolicyCreditLib' is present

2019-06-22 18:44:41 - [MESSAGE][PASSED] - Run with 'greenCleaningForm.Runner_NavigationGC' was passed

2019-06-22 18:44:41 - [MESSAGE][PASSED] - Call Test Case 'Test Cases/GreenCleaning/TC_GC_Navigate' successfully

2019-06-22 18:44:41 - [MESSAGE][PASSED] - Scroll to object 'Object Repository/Green_Cleaning/Powered_Cleaning_Opt3/AddFile_UploadGC_Calc/Table_GC_Calc' successfully

2019-06-22 18:44:41 - [MESSAGE][PASSED] - Object 'Object Repository/Green_Cleaning/Powered_Cleaning_Opt3/AddFile_UploadGC_Calc/Table_GC_Calc' is present

2019-06-22 18:44:41 - [MESSAGE][PASSED] - Text of object '' is: 'SampleGIFImage_350kbmb.gif'

2019-06-22 18:44:42 - [MESSAGE][PASSED] - SampleGIFImage_350kbmb.gif is equal to SampleGIFImage_350kbmb.gif

2019-06-22 18:44:42 - [MESSAGE][PASSED] - Actual text 'SampleGIFImage_350kbmb.gif' and expected text 'SampleGIFImage_350kbmb.gif' are matched 

2019-06-22 18:44:42 - [MESSAGE][PASSED] - Text of object '' is: 'SamplePPTFile_1000kb.ppt'

2019-06-22 18:44:42 - [MESSAGE][PASSED] - SamplePPTFile_1000kb.ppt is equal to SamplePPTFile_1000kb.ppt

2019-06-22 18:44:42 - [MESSAGE][PASSED] - Actual text 'SamplePPTFile_1000kb.ppt' and expected text 'SamplePPTFile_1000kb.ppt' are matched 

2019-06-22 18:44:42 - [MESSAGE][PASSED] - Text of object '' is: 'ZZ.pdf'

2019-06-22 18:44:42 - [MESSAGE][PASSED] - ZZ.pdf is equal to ZZ.pdf

2019-06-22 18:44:42 - [MESSAGE][PASSED] - Actual text 'ZZ.pdf' and expected text 'ZZ.pdf' are matched 

2019-06-22 18:44:42 - [MESSAGE][PASSED] - Run with 'greenCleaningForm.Runner_GC_VerifyUploadedFiles_PoweredCleaning' was passed

2019-06-22 18:44:42 - [TEST_STEP][PASSED] - Start listener action : sampleAfterTestCase: Browser is closed

2019-06-22 18:44:42 - [TEST_STEP][PASSED] - closeBrowser(): Browser is closed

2019-06-22 18:44:43 - [MESSAGE][PASSED] - Browser is closed]]></system-out>
         <system-err><![CDATA[]]></system-err>
      </testcase>
      <testcase name="Test Cases/GreenCleaning/TC_GC_DownloadFiles_PoweredCleaning" classname="Test Cases/GreenCleaning/TC_GC_DownloadFiles_PoweredCleaning" status="PASSED">
         <system-out><![CDATA[2019-06-22 18:44:43 - [TEST_CASE][PASSED] - Test Cases/GreenCleaning/TC_GC_DownloadFiles_PoweredCleaning: Test Cases/GreenCleaning/TC_GC_DownloadFiles_PoweredCleaning

2019-06-22 18:44:43 - [TEST_STEP][PASSED] - Start listener action : sampleBeforeTestCase: null

2019-06-22 18:44:43 - [TEST_STEP][PASSED] - openBrowser(""): Browser is opened with url: ''

2019-06-22 18:44:43 - [MESSAGE][INFO] - Starting 'Chrome (headless)' driver

2019-06-22 18:44:43 - [MESSAGE][INFO] - User set preference: ['args', '[--window-size=1920,1080]']

2019-06-22 18:44:45 - [MESSAGE][PASSED] - Browser is opened with url: ''

2019-06-22 18:44:45 - [TEST_STEP][PASSED] - driver = getWebDriver(): null

2019-06-22 18:44:45 - [TEST_STEP][PASSED] - println("The driver is ########### " + driver): null

2019-06-22 18:44:45 - [TEST_STEP][PASSED] - downloadPath = "H:\Git Projects\Usgbc_LeedOnline_ScoreCard\Usgbc_LeedOnline_ScoreCard\Include\TestData\DownloadedFiles": null

2019-06-22 18:44:45 - [TEST_STEP][PASSED] - projectKeywords().sendCommandForDownloadChromeHeadLess(driver.getCommandExecutor(), driver.getSessionId(), downloadPath): null

2019-06-22 18:44:45 - [TEST_STEP][PASSED] - runWithCucumberRunner(greenCleaningForm.Runner_GC_DownloadFiles_PoweredCleaning): Run with 'greenCleaningForm.Runner_GC_DownloadFiles_PoweredCleaning' was passed

2019-06-22 18:44:46 - [TEST_CASE][PASSED] - Test Cases/GreenCleaning/TC_GC_Navigate: Test Cases/GreenCleaning/TC_GC_Navigate

2019-06-22 18:44:46 - [TEST_STEP][PASSED] - runWithCucumberRunner(greenCleaningForm.Runner_NavigationGC): Run with 'greenCleaningForm.Runner_NavigationGC' was passed

2019-06-22 18:44:47 - [TEST_CASE][PASSED] - Test Cases/Login/TC_Login: Test Cases/Login/TC_Login

2019-06-22 18:44:47 - [TEST_STEP][PASSED] - runWithCucumberRunner(common.Runner_Login): Run with 'common.Runner_Login' was passed

2019-06-22 18:44:53 - [MESSAGE][PASSED] - Navigate to 'https://leedonline-stg.usgbc.org' successfully

2019-06-22 18:44:55 - [MESSAGE][PASSED] - Delayed 2 second(s)

2019-06-22 18:44:55 - [MESSAGE][PASSED] - Text 'automationbdd1@gmail.com' is set on object 'Object Repository/Login/input_username'

2019-06-22 18:44:55 - [MESSAGE][PASSED] - Text 'initpass' is set on object 'Object Repository/Login/input_password'

2019-06-22 18:44:58 - [MESSAGE][PASSED] - Delayed 3 second(s)

2019-06-22 18:44:58 - [MESSAGE][PASSED] - Scroll to object 'Object Repository/Login/span_End User License Agreement' successfully

2019-06-22 18:44:58 - [MESSAGE][PASSED] - Object 'Object Repository/Login/span_End User License Agreement' is visible

2019-06-22 18:44:59 - [MESSAGE][PASSED] - Object 'Object Repository/Login/span_End User License Agreement' is checked

2019-06-22 18:45:00 - [MESSAGE][PASSED] - Delayed 1 second(s)

2019-06-22 18:45:00 - [MESSAGE][PASSED] - Object: 'Object Repository/Login/button_Log In' is clicked on

2019-06-22 18:45:09 - [MESSAGE][PASSED] - Object: '' is clicked on

2019-06-22 18:45:12 - [MESSAGE][PASSED] - Object: 'Object Repository/Login/a_Credits' is clicked on

2019-06-22 18:45:12 - [MESSAGE][PASSED] - Run with 'common.Runner_Login' was passed

2019-06-22 18:45:12 - [MESSAGE][PASSED] - Call Test Case 'Test Cases/Login/TC_Login' successfully

2019-06-22 18:45:12 - [MESSAGE][PASSED] - Scroll to object 'Object Repository/Green_Cleaning/Navigation/div_Green Cleaning' successfully

2019-06-22 18:45:12 - [MESSAGE][PASSED] - Object 'Object Repository/Green_Cleaning/Navigation/div_Green Cleaning' is present

2019-06-22 18:45:12 - [MESSAGE][PASSED] - Text of object 'Object Repository/Green_Cleaning/Navigation/h3_Status' is: 'ATTEMPTED'

2019-06-22 18:45:12 - [MESSAGE][PASSED] - Text of object 'Object Repository/Green_Cleaning/Navigation/divval' is: 'ATTEMPTED'

2019-06-22 18:45:12 - [MESSAGE][PASSED] - Text of object 'Object Repository/Green_Cleaning/Navigation/h3_Status' is: 'ATTEMPTED'

2019-06-22 18:45:13 - [MESSAGE][PASSED] - Object: 'Object Repository/Green_Cleaning/Navigation/div_Green Cleaning' is clicked on

2019-06-22 18:45:16 - [MESSAGE][PASSED] - Delayed 3 second(s)

2019-06-22 18:45:21 - [MESSAGE][PASSED] - Object: 'Object Repository/Green_Cleaning/Navigation/span_(V01)' is clicked on

2019-06-22 18:45:21 - [MESSAGE][PASSED] - Object 'Object Repository/Green_Cleaning/Navigation/div_GreenCleaningPolicyCreditLib' is present

2019-06-22 18:45:21 - [MESSAGE][PASSED] - Run with 'greenCleaningForm.Runner_NavigationGC' was passed

2019-06-22 18:45:21 - [MESSAGE][PASSED] - Call Test Case 'Test Cases/GreenCleaning/TC_GC_Navigate' successfully

2019-06-22 18:45:21 - [MESSAGE][PASSED] - Scroll to object 'Object Repository/Green_Cleaning/Powered_Cleaning_Opt3/AddFile_UploadGC_Calc/Table_GC_Calc' successfully

2019-06-22 18:45:21 - [MESSAGE][PASSED] - Object 'Object Repository/Green_Cleaning/Powered_Cleaning_Opt3/AddFile_UploadGC_Calc/Table_GC_Calc' is present

2019-06-22 18:45:21 - [MESSAGE][PASSED] - Scroll to object 'Object Repository/Green_Cleaning/Powered_Cleaning_Opt3/AddFile_UploadGC_Calc/p_GC_calculator' successfully

2019-06-22 18:45:23 - [MESSAGE][PASSED] - Delayed 2 second(s)

2019-06-22 18:45:24 - [MESSAGE][PASSED] - Object: 'Object Repository/Green_Cleaning/Powered_Cleaning_Opt3/AddFile_UploadGC_Calc/p_GC_calculator' is hovered

2019-06-22 18:45:24 - [MESSAGE][PASSED] - Object: '' is clicked on

2019-06-22 18:45:24 - [MESSAGE][PASSED] - Text of object '' is: 'ZZ.pdf'

2019-06-22 18:45:34 - [MESSAGE][PASSED] - Delayed 10 second(s)

2019-06-22 18:45:34 - [MESSAGE][PASSED] - Object: 'Object Repository/Green_Cleaning/Powered_Cleaning_Opt3/AddFile_UploadGC_Calc/p_GC_calculator' is hovered

2019-06-22 18:45:36 - [MESSAGE][PASSED] - Delayed 2 second(s)

2019-06-22 18:45:38 - [MESSAGE][PASSED] - Delayed 2 second(s)

2019-06-22 18:45:38 - [MESSAGE][PASSED] - Object: 'Object Repository/Green_Cleaning/Powered_Cleaning_Opt3/AddFile_UploadGC_Calc/p_GC_calculator' is hovered

2019-06-22 18:45:39 - [MESSAGE][PASSED] - Object: '' is clicked on

2019-06-22 18:45:39 - [MESSAGE][PASSED] - Text of object '' is: 'SamplePPTFile_1000kb.ppt'

2019-06-22 18:45:49 - [MESSAGE][PASSED] - Delayed 10 second(s)

2019-06-22 18:45:49 - [MESSAGE][PASSED] - Object: 'Object Repository/Green_Cleaning/Powered_Cleaning_Opt3/AddFile_UploadGC_Calc/p_GC_calculator' is hovered

2019-06-22 18:45:51 - [MESSAGE][PASSED] - Delayed 2 second(s)

2019-06-22 18:45:53 - [MESSAGE][PASSED] - Delayed 2 second(s)

2019-06-22 18:45:53 - [MESSAGE][PASSED] - Object: 'Object Repository/Green_Cleaning/Powered_Cleaning_Opt3/AddFile_UploadGC_Calc/p_GC_calculator' is hovered

2019-06-22 18:45:53 - [MESSAGE][PASSED] - Object: '' is clicked on

2019-06-22 18:45:54 - [MESSAGE][PASSED] - Text of object '' is: 'SampleGIFImage_350kbmb.gif'

2019-06-22 18:46:04 - [MESSAGE][PASSED] - Delayed 10 second(s)

2019-06-22 18:46:04 - [MESSAGE][PASSED] - Object: 'Object Repository/Green_Cleaning/Powered_Cleaning_Opt3/AddFile_UploadGC_Calc/p_GC_calculator' is hovered

2019-06-22 18:46:06 - [MESSAGE][PASSED] - Delayed 2 second(s)

2019-06-22 18:46:09 - [MESSAGE][PASSED] - Delayed 3 second(s)

2019-06-22 18:46:11 - [MESSAGE][PASSED] - Delayed 2 second(s)

2019-06-22 18:46:12 - [MESSAGE][PASSED] - Delayed 1 second(s)

2019-06-22 18:46:12 - [MESSAGE][PASSED] - SampleGIFImage_350kbmb.gif exist in H:/Git Projects/Usgbc_LeedOnline_ScoreCard/Usgbc_LeedOnline_ScoreCard/Include/TestData/DownloadedFiles and was deleted

2019-06-22 18:46:12 - [MESSAGE][PASSED] - 

2019-06-22 18:46:12 - [MESSAGE][PASSED] - Actual text 'SampleGIFImage_350kbmb.gif' and expected text 'SampleGIFImage_350kbmb.gif' are matched 

2019-06-22 18:46:14 - [MESSAGE][PASSED] - Delayed 2 second(s)

2019-06-22 18:46:15 - [MESSAGE][PASSED] - Delayed 1 second(s)

2019-06-22 18:46:15 - [MESSAGE][PASSED] - SamplePPTFile_1000kb.ppt exist in H:/Git Projects/Usgbc_LeedOnline_ScoreCard/Usgbc_LeedOnline_ScoreCard/Include/TestData/DownloadedFiles and was deleted

2019-06-22 18:46:15 - [MESSAGE][PASSED] - 

2019-06-22 18:46:15 - [MESSAGE][PASSED] - Actual text 'SamplePPTFile_1000kb.ppt' and expected text 'SamplePPTFile_1000kb.ppt' are matched 

2019-06-22 18:46:17 - [MESSAGE][PASSED] - Delayed 2 second(s)

2019-06-22 18:46:18 - [MESSAGE][PASSED] - Delayed 1 second(s)

2019-06-22 18:46:18 - [MESSAGE][PASSED] - ZZ.pdf exist in H:/Git Projects/Usgbc_LeedOnline_ScoreCard/Usgbc_LeedOnline_ScoreCard/Include/TestData/DownloadedFiles and was deleted

2019-06-22 18:46:18 - [MESSAGE][PASSED] - 

2019-06-22 18:46:18 - [MESSAGE][PASSED] - Actual text 'ZZ.pdf' and expected text 'ZZ.pdf' are matched 

2019-06-22 18:46:18 - [MESSAGE][PASSED] - Run with 'greenCleaningForm.Runner_GC_DownloadFiles_PoweredCleaning' was passed

2019-06-22 18:46:18 - [TEST_STEP][PASSED] - Start listener action : sampleAfterTestCase: Browser is closed

2019-06-22 18:46:18 - [TEST_STEP][PASSED] - closeBrowser(): Browser is closed

2019-06-22 18:46:19 - [MESSAGE][PASSED] - Browser is closed]]></system-out>
         <system-err><![CDATA[]]></system-err>
      </testcase>
      <testcase name="Test Cases/GreenCleaning/TC_GC_DeleteUploadedFiles_PoweredCleaning" classname="Test Cases/GreenCleaning/TC_GC_DeleteUploadedFiles_PoweredCleaning" status="PASSED">
         <system-out><![CDATA[2019-06-22 18:46:19 - [TEST_CASE][PASSED] - Test Cases/GreenCleaning/TC_GC_DeleteUploadedFiles_PoweredCleaning: Test Cases/GreenCleaning/TC_GC_DeleteUploadedFiles_PoweredCleaning

2019-06-22 18:46:19 - [TEST_STEP][PASSED] - Start listener action : sampleBeforeTestCase: null

2019-06-22 18:46:19 - [TEST_STEP][PASSED] - openBrowser(""): Browser is opened with url: ''

2019-06-22 18:46:19 - [MESSAGE][INFO] - Starting 'Chrome (headless)' driver

2019-06-22 18:46:19 - [MESSAGE][INFO] - User set preference: ['args', '[--window-size=1920,1080]']

2019-06-22 18:46:21 - [MESSAGE][PASSED] - Browser is opened with url: ''

2019-06-22 18:46:21 - [TEST_STEP][PASSED] - driver = getWebDriver(): null

2019-06-22 18:46:21 - [TEST_STEP][PASSED] - println("The driver is ########### " + driver): null

2019-06-22 18:46:21 - [TEST_STEP][PASSED] - downloadPath = "H:\Git Projects\Usgbc_LeedOnline_ScoreCard\Usgbc_LeedOnline_ScoreCard\Include\TestData\DownloadedFiles": null

2019-06-22 18:46:21 - [TEST_STEP][PASSED] - projectKeywords().sendCommandForDownloadChromeHeadLess(driver.getCommandExecutor(), driver.getSessionId(), downloadPath): null

2019-06-22 18:46:21 - [TEST_STEP][PASSED] - runWithCucumberRunner(greenCleaningForm.Runner_GC_DeleteUploadedFiles_PoweredCleaning): Run with 'greenCleaningForm.Runner_GC_DeleteUploadedFiles_PoweredCleaning' was passed

2019-06-22 18:46:23 - [TEST_CASE][PASSED] - Test Cases/GreenCleaning/TC_GC_Navigate: Test Cases/GreenCleaning/TC_GC_Navigate

2019-06-22 18:46:23 - [TEST_STEP][PASSED] - runWithCucumberRunner(greenCleaningForm.Runner_NavigationGC): Run with 'greenCleaningForm.Runner_NavigationGC' was passed

2019-06-22 18:46:24 - [TEST_CASE][PASSED] - Test Cases/Login/TC_Login: Test Cases/Login/TC_Login

2019-06-22 18:46:24 - [TEST_STEP][PASSED] - runWithCucumberRunner(common.Runner_Login): Run with 'common.Runner_Login' was passed

2019-06-22 18:46:29 - [MESSAGE][PASSED] - Navigate to 'https://leedonline-stg.usgbc.org' successfully

2019-06-22 18:46:31 - [MESSAGE][PASSED] - Delayed 2 second(s)

2019-06-22 18:46:31 - [MESSAGE][PASSED] - Text 'automationbdd1@gmail.com' is set on object 'Object Repository/Login/input_username'

2019-06-22 18:46:32 - [MESSAGE][PASSED] - Text 'initpass' is set on object 'Object Repository/Login/input_password'

2019-06-22 18:46:35 - [MESSAGE][PASSED] - Delayed 3 second(s)

2019-06-22 18:46:35 - [MESSAGE][PASSED] - Scroll to object 'Object Repository/Login/span_End User License Agreement' successfully

2019-06-22 18:46:35 - [MESSAGE][PASSED] - Object 'Object Repository/Login/span_End User License Agreement' is visible

2019-06-22 18:46:35 - [MESSAGE][PASSED] - Object 'Object Repository/Login/span_End User License Agreement' is checked

2019-06-22 18:46:36 - [MESSAGE][PASSED] - Delayed 1 second(s)

2019-06-22 18:46:36 - [MESSAGE][PASSED] - Object: 'Object Repository/Login/button_Log In' is clicked on

2019-06-22 18:46:48 - [MESSAGE][PASSED] - Object: '' is clicked on

2019-06-22 18:46:51 - [MESSAGE][PASSED] - Object: 'Object Repository/Login/a_Credits' is clicked on

2019-06-22 18:46:51 - [MESSAGE][PASSED] - Run with 'common.Runner_Login' was passed

2019-06-22 18:46:51 - [MESSAGE][PASSED] - Call Test Case 'Test Cases/Login/TC_Login' successfully

2019-06-22 18:46:51 - [MESSAGE][PASSED] - Scroll to object 'Object Repository/Green_Cleaning/Navigation/div_Green Cleaning' successfully

2019-06-22 18:46:51 - [MESSAGE][PASSED] - Object 'Object Repository/Green_Cleaning/Navigation/div_Green Cleaning' is present

2019-06-22 18:46:51 - [MESSAGE][PASSED] - Text of object 'Object Repository/Green_Cleaning/Navigation/h3_Status' is: 'ATTEMPTED'

2019-06-22 18:46:51 - [MESSAGE][PASSED] - Text of object 'Object Repository/Green_Cleaning/Navigation/divval' is: 'ATTEMPTED'

2019-06-22 18:46:52 - [MESSAGE][PASSED] - Text of object 'Object Repository/Green_Cleaning/Navigation/h3_Status' is: 'ATTEMPTED'

2019-06-22 18:46:52 - [MESSAGE][PASSED] - Object: 'Object Repository/Green_Cleaning/Navigation/div_Green Cleaning' is clicked on

2019-06-22 18:46:55 - [MESSAGE][PASSED] - Delayed 3 second(s)

2019-06-22 18:47:02 - [MESSAGE][PASSED] - Object: 'Object Repository/Green_Cleaning/Navigation/span_(V01)' is clicked on

2019-06-22 18:47:02 - [MESSAGE][PASSED] - Object 'Object Repository/Green_Cleaning/Navigation/div_GreenCleaningPolicyCreditLib' is present

2019-06-22 18:47:02 - [MESSAGE][PASSED] - Run with 'greenCleaningForm.Runner_NavigationGC' was passed

2019-06-22 18:47:02 - [MESSAGE][PASSED] - Call Test Case 'Test Cases/GreenCleaning/TC_GC_Navigate' successfully

2019-06-22 18:47:02 - [MESSAGE][PASSED] - Scroll to object 'Object Repository/Green_Cleaning/Powered_Cleaning_Opt3/AddFile_UploadGC_Calc/Table_GC_Calc' successfully

2019-06-22 18:47:02 - [MESSAGE][PASSED] - Object 'Object Repository/Green_Cleaning/Powered_Cleaning_Opt3/AddFile_UploadGC_Calc/Table_GC_Calc' is present

2019-06-22 18:47:02 - [MESSAGE][PASSED] - Scroll to object 'Object Repository/Green_Cleaning/Powered_Cleaning_Opt3/AddFile_UploadGC_Calc/p_GC_calculator' successfully

2019-06-22 18:47:03 - [MESSAGE][PASSED] - Delayed 1 second(s)

2019-06-22 18:47:04 - [MESSAGE][PASSED] - Object: '' is clicked on

2019-06-22 18:47:06 - [MESSAGE][PASSED] - Delayed 2 second(s)

2019-06-22 18:47:06 - [MESSAGE][PASSED] - Object: 'Object Repository/LightPollutionReduction/FixtureShielding/button_Yes' is clicked on

2019-06-22 18:47:07 - [MESSAGE][PASSED] - Delayed 1 second(s)

2019-06-22 18:47:07 - [MESSAGE][PASSED] - Object: '' is clicked on

2019-06-22 18:47:09 - [MESSAGE][PASSED] - Delayed 2 second(s)

2019-06-22 18:47:09 - [MESSAGE][PASSED] - Object: 'Object Repository/LightPollutionReduction/FixtureShielding/button_Yes' is clicked on

2019-06-22 18:47:10 - [MESSAGE][PASSED] - Delayed 1 second(s)

2019-06-22 18:47:11 - [MESSAGE][PASSED] - Object: '' is clicked on

2019-06-22 18:47:13 - [MESSAGE][PASSED] - Delayed 2 second(s)

2019-06-22 18:47:13 - [MESSAGE][PASSED] - Object: 'Object Repository/LightPollutionReduction/FixtureShielding/button_Yes' is clicked on

2019-06-22 18:47:15 - [MESSAGE][PASSED] - Delayed 2 second(s)

2019-06-22 18:47:15 - [MESSAGE][PASSED] - Web element with id: 'Object Repository/Green_Cleaning/Powered_Cleaning_Opt3/AddFile_UploadGC_Calc/Table_GC_Calc' located by 'By.xpath: //*[@id='esPlanDocs_files' or @id='pceCalculatorDocs_files' or @id='cpmCalculatorDocs_files']/table' is not present after '30' second(s)

2019-06-22 18:47:15 - [MESSAGE][PASSED] - Run with 'greenCleaningForm.Runner_GC_DeleteUploadedFiles_PoweredCleaning' was passed

2019-06-22 18:47:15 - [TEST_STEP][PASSED] - Start listener action : sampleAfterTestCase: Browser is closed

2019-06-22 18:47:15 - [TEST_STEP][PASSED] - closeBrowser(): Browser is closed

2019-06-22 18:47:16 - [MESSAGE][PASSED] - Browser is closed]]></system-out>
         <system-err><![CDATA[]]></system-err>
      </testcase>
      <testcase name="Test Cases/GreenCleaning/TC_GC_CleaningProducts" classname="Test Cases/GreenCleaning/TC_GC_CleaningProducts" status="PASSED">
         <system-out><![CDATA[2019-06-22 18:47:16 - [TEST_CASE][PASSED] - Test Cases/GreenCleaning/TC_GC_CleaningProducts: Test Cases/GreenCleaning/TC_GC_CleaningProducts

2019-06-22 18:47:16 - [TEST_STEP][PASSED] - Start listener action : sampleBeforeTestCase: null

2019-06-22 18:47:16 - [TEST_STEP][PASSED] - openBrowser(""): Browser is opened with url: ''

2019-06-22 18:47:16 - [MESSAGE][INFO] - Starting 'Chrome (headless)' driver

2019-06-22 18:47:16 - [MESSAGE][INFO] - User set preference: ['args', '[--window-size=1920,1080]']

2019-06-22 18:47:18 - [MESSAGE][PASSED] - Browser is opened with url: ''

2019-06-22 18:47:18 - [TEST_STEP][PASSED] - driver = getWebDriver(): null

2019-06-22 18:47:18 - [TEST_STEP][PASSED] - println("The driver is ########### " + driver): null

2019-06-22 18:47:18 - [TEST_STEP][PASSED] - downloadPath = "H:\Git Projects\Usgbc_LeedOnline_ScoreCard\Usgbc_LeedOnline_ScoreCard\Include\TestData\DownloadedFiles": null

2019-06-22 18:47:18 - [TEST_STEP][PASSED] - projectKeywords().sendCommandForDownloadChromeHeadLess(driver.getCommandExecutor(), driver.getSessionId(), downloadPath): null

2019-06-22 18:47:18 - [TEST_STEP][PASSED] - runWithCucumberRunner(greenCleaningForm.Runner_GC_CleaningProducts): Run with 'greenCleaningForm.Runner_GC_CleaningProducts' was passed

2019-06-22 18:47:19 - [TEST_CASE][PASSED] - Test Cases/GreenCleaning/TC_GC_Navigate: Test Cases/GreenCleaning/TC_GC_Navigate

2019-06-22 18:47:19 - [TEST_STEP][PASSED] - runWithCucumberRunner(greenCleaningForm.Runner_NavigationGC): Run with 'greenCleaningForm.Runner_NavigationGC' was passed

2019-06-22 18:47:20 - [TEST_CASE][PASSED] - Test Cases/Login/TC_Login: Test Cases/Login/TC_Login

2019-06-22 18:47:20 - [TEST_STEP][PASSED] - runWithCucumberRunner(common.Runner_Login): Run with 'common.Runner_Login' was passed

2019-06-22 18:47:26 - [MESSAGE][PASSED] - Navigate to 'https://leedonline-stg.usgbc.org' successfully

2019-06-22 18:47:29 - [MESSAGE][PASSED] - Delayed 2 second(s)

2019-06-22 18:47:29 - [MESSAGE][PASSED] - Text 'automationbdd1@gmail.com' is set on object 'Object Repository/Login/input_username'

2019-06-22 18:47:29 - [MESSAGE][PASSED] - Text 'initpass' is set on object 'Object Repository/Login/input_password'

2019-06-22 18:47:32 - [MESSAGE][PASSED] - Delayed 3 second(s)

2019-06-22 18:47:32 - [MESSAGE][PASSED] - Scroll to object 'Object Repository/Login/span_End User License Agreement' successfully

2019-06-22 18:47:32 - [MESSAGE][PASSED] - Object 'Object Repository/Login/span_End User License Agreement' is visible

2019-06-22 18:47:32 - [MESSAGE][PASSED] - Object 'Object Repository/Login/span_End User License Agreement' is checked

2019-06-22 18:47:33 - [MESSAGE][PASSED] - Delayed 1 second(s)

2019-06-22 18:47:33 - [MESSAGE][PASSED] - Object: 'Object Repository/Login/button_Log In' is clicked on

2019-06-22 18:47:44 - [MESSAGE][PASSED] - Object: '' is clicked on

2019-06-22 18:47:46 - [MESSAGE][PASSED] - Object: 'Object Repository/Login/a_Credits' is clicked on

2019-06-22 18:47:46 - [MESSAGE][PASSED] - Run with 'common.Runner_Login' was passed

2019-06-22 18:47:46 - [MESSAGE][PASSED] - Call Test Case 'Test Cases/Login/TC_Login' successfully

2019-06-22 18:47:46 - [MESSAGE][PASSED] - Scroll to object 'Object Repository/Green_Cleaning/Navigation/div_Green Cleaning' successfully

2019-06-22 18:47:46 - [MESSAGE][PASSED] - Object 'Object Repository/Green_Cleaning/Navigation/div_Green Cleaning' is present

2019-06-22 18:47:46 - [MESSAGE][PASSED] - Text of object 'Object Repository/Green_Cleaning/Navigation/h3_Status' is: 'ATTEMPTED'

2019-06-22 18:47:46 - [MESSAGE][PASSED] - Text of object 'Object Repository/Green_Cleaning/Navigation/divval' is: 'ATTEMPTED'

2019-06-22 18:47:46 - [MESSAGE][PASSED] - Text of object 'Object Repository/Green_Cleaning/Navigation/h3_Status' is: 'ATTEMPTED'

2019-06-22 18:47:47 - [MESSAGE][PASSED] - Object: 'Object Repository/Green_Cleaning/Navigation/div_Green Cleaning' is clicked on

2019-06-22 18:47:50 - [MESSAGE][PASSED] - Delayed 3 second(s)

2019-06-22 18:47:57 - [MESSAGE][PASSED] - Object: 'Object Repository/Green_Cleaning/Navigation/span_(V01)' is clicked on

2019-06-22 18:47:57 - [MESSAGE][PASSED] - Object 'Object Repository/Green_Cleaning/Navigation/div_GreenCleaningPolicyCreditLib' is present

2019-06-22 18:47:57 - [MESSAGE][PASSED] - Run with 'greenCleaningForm.Runner_NavigationGC' was passed

2019-06-22 18:47:57 - [MESSAGE][PASSED] - Call Test Case 'Test Cases/GreenCleaning/TC_GC_Navigate' successfully

2019-06-22 18:48:07 - [MESSAGE][PASSED] - Delayed 10 second(s)

2019-06-22 18:48:08 - [MESSAGE][PASSED] - Object 'Object Repository/Green_Cleaning/CleaningPrdctsMaterials_Opt4/input_option4' is present

2019-06-22 18:48:08 - [MESSAGE][PASSED] - Object: 'Object Repository/Green_Cleaning/CleaningPrdctsMaterials_Opt4/input_option4' is clicked on

2019-06-22 18:48:10 - [MESSAGE][PASSED] - Delayed 2 second(s)

2019-06-22 18:48:10 - [MESSAGE][PASSED] - Text 'Option 4: Cleaning products and materials' is present on page 

2019-06-22 18:48:10 - [MESSAGE][PASSED] - Scroll to object 'Object Repository/Green_Cleaning/Powered_Cleaning_Opt3/AddFile_UploadGC_Calc/p_GC_calculator' successfully

2019-06-22 18:48:10 - [MESSAGE][PASSED] - Object 'Object Repository/Green_Cleaning/Powered_Cleaning_Opt3/AddFile_UploadGC_Calc/p_GC_calculator' is present

2019-06-22 18:48:11 - [MESSAGE][PASSED] - Object 'Object Repository/Green_Cleaning/Powered_Cleaning_Opt3/AddFile_UploadGC_Calc/btn_GC_calculator' has attribute 'class' with value 'tiny ui button'

2019-06-22 18:48:11 - [MESSAGE][PASSED] - File 'H:\Git Projects\Usgbc_LeedOnline_ScoreCard\Usgbc_LeedOnline_ScoreCard\Include\TestData\MultipleFileDiffExt\SampleGIFImage_350kbmb.gif' sent to object: 'Object Repository/Green_Cleaning/Powered_Cleaning_Opt3/AddFile_UploadGC_Calc/input_GC_Calc'

2019-06-22 18:48:12 - [MESSAGE][PASSED] - Delayed 1 second(s)

2019-06-22 18:48:18 - [MESSAGE][PASSED] - Object 'Object Repository/Green_Cleaning/Powered_Cleaning_Opt3/AddFile_UploadGC_Calc/btn_GC_calculator' has attribute 'class' with value 'tiny ui button'

2019-06-22 18:48:18 - [MESSAGE][PASSED] - File 'H:\Git Projects\Usgbc_LeedOnline_ScoreCard\Usgbc_LeedOnline_ScoreCard\Include\TestData\MultipleFileDiffExt\SamplePPTFile_1000kb.ppt' sent to object: 'Object Repository/Green_Cleaning/Powered_Cleaning_Opt3/AddFile_UploadGC_Calc/input_GC_Calc'

2019-06-22 18:48:19 - [MESSAGE][PASSED] - Delayed 1 second(s)

2019-06-22 18:48:28 - [MESSAGE][PASSED] - Object 'Object Repository/Green_Cleaning/Powered_Cleaning_Opt3/AddFile_UploadGC_Calc/btn_GC_calculator' has attribute 'class' with value 'tiny ui button'

2019-06-22 18:48:28 - [MESSAGE][PASSED] - File 'H:\Git Projects\Usgbc_LeedOnline_ScoreCard\Usgbc_LeedOnline_ScoreCard\Include\TestData\MultipleFileDiffExt\ZZ.pdf' sent to object: 'Object Repository/Green_Cleaning/Powered_Cleaning_Opt3/AddFile_UploadGC_Calc/input_GC_Calc'

2019-06-22 18:48:29 - [MESSAGE][PASSED] - Delayed 1 second(s)

2019-06-22 18:48:30 - [MESSAGE][PASSED] - Object 'Object Repository/Green_Cleaning/CleaningPrdctsMaterials_Opt4/AddFile_Upload_executedContract/p_executedContract' is present

2019-06-22 18:48:30 - [MESSAGE][PASSED] - Scroll to object 'Object Repository/Green_Cleaning/CleaningPrdctsMaterials_Opt4/AddFile_Upload_executedContract/p_executedContract' successfully

2019-06-22 18:48:30 - [MESSAGE][PASSED] - Object 'Object Repository/Green_Cleaning/CleaningPrdctsMaterials_Opt4/AddFile_Upload_executedContract/Button_executedContract' has attribute 'class' with value 'tiny ui button'

2019-06-22 18:48:30 - [MESSAGE][PASSED] - File 'H:\Git Projects\Usgbc_LeedOnline_ScoreCard\Usgbc_LeedOnline_ScoreCard\Include\TestData\MultipleFileDiffExt\SampleGIFImage_350kbmb.gif' sent to object: 'Object Repository/Green_Cleaning/CleaningPrdctsMaterials_Opt4/AddFile_Upload_executedContract/input_executedContract'

2019-06-22 18:48:31 - [MESSAGE][PASSED] - Delayed 1 second(s)

2019-06-22 18:48:34 - [MESSAGE][PASSED] - Object 'Object Repository/Green_Cleaning/CleaningPrdctsMaterials_Opt4/AddFile_Upload_executedContract/Button_executedContract' has attribute 'class' with value 'tiny ui button'

2019-06-22 18:48:34 - [MESSAGE][PASSED] - File 'H:\Git Projects\Usgbc_LeedOnline_ScoreCard\Usgbc_LeedOnline_ScoreCard\Include\TestData\MultipleFileDiffExt\SamplePPTFile_1000kb.ppt' sent to object: 'Object Repository/Green_Cleaning/CleaningPrdctsMaterials_Opt4/AddFile_Upload_executedContract/input_executedContract'

2019-06-22 18:48:35 - [MESSAGE][PASSED] - Delayed 1 second(s)

2019-06-22 18:48:41 - [MESSAGE][PASSED] - Object 'Object Repository/Green_Cleaning/CleaningPrdctsMaterials_Opt4/AddFile_Upload_executedContract/Button_executedContract' has attribute 'class' with value 'tiny ui button'

2019-06-22 18:48:41 - [MESSAGE][PASSED] - File 'H:\Git Projects\Usgbc_LeedOnline_ScoreCard\Usgbc_LeedOnline_ScoreCard\Include\TestData\MultipleFileDiffExt\ZZ.pdf' sent to object: 'Object Repository/Green_Cleaning/CleaningPrdctsMaterials_Opt4/AddFile_Upload_executedContract/input_executedContract'

2019-06-22 18:48:43 - [MESSAGE][PASSED] - Delayed 1 second(s)

2019-06-22 18:48:43 - [MESSAGE][PASSED] - Object 'Object Repository/Green_Cleaning/CleaningPrdctsMaterials_Opt4/AddFile_Upload_MSDS/p_msds' is present

2019-06-22 18:48:43 - [MESSAGE][PASSED] - Scroll to object 'Object Repository/Green_Cleaning/CleaningPrdctsMaterials_Opt4/AddFile_Upload_MSDS/p_msds' successfully

2019-06-22 18:48:43 - [MESSAGE][PASSED] - Object 'Object Repository/Green_Cleaning/CleaningPrdctsMaterials_Opt4/AddFile_Upload_MSDS/Button_msds' has attribute 'class' with value 'tiny ui button'

2019-06-22 18:48:43 - [MESSAGE][PASSED] - File 'H:\Git Projects\Usgbc_LeedOnline_ScoreCard\Usgbc_LeedOnline_ScoreCard\Include\TestData\MultipleFileDiffExt\SampleGIFImage_350kbmb.gif' sent to object: 'Object Repository/Green_Cleaning/CleaningPrdctsMaterials_Opt4/AddFile_Upload_MSDS/input_MSDS'

2019-06-22 18:48:44 - [MESSAGE][PASSED] - Delayed 1 second(s)

2019-06-22 18:48:48 - [MESSAGE][PASSED] - Object 'Object Repository/Green_Cleaning/CleaningPrdctsMaterials_Opt4/AddFile_Upload_MSDS/Button_msds' has attribute 'class' with value 'tiny ui button'

2019-06-22 18:48:48 - [MESSAGE][PASSED] - File 'H:\Git Projects\Usgbc_LeedOnline_ScoreCard\Usgbc_LeedOnline_ScoreCard\Include\TestData\MultipleFileDiffExt\SamplePPTFile_1000kb.ppt' sent to object: 'Object Repository/Green_Cleaning/CleaningPrdctsMaterials_Opt4/AddFile_Upload_MSDS/input_MSDS'

2019-06-22 18:48:49 - [MESSAGE][PASSED] - Delayed 1 second(s)

2019-06-22 18:48:55 - [MESSAGE][PASSED] - Object 'Object Repository/Green_Cleaning/CleaningPrdctsMaterials_Opt4/AddFile_Upload_MSDS/Button_msds' has attribute 'class' with value 'tiny ui button'

2019-06-22 18:48:55 - [MESSAGE][PASSED] - File 'H:\Git Projects\Usgbc_LeedOnline_ScoreCard\Usgbc_LeedOnline_ScoreCard\Include\TestData\MultipleFileDiffExt\ZZ.pdf' sent to object: 'Object Repository/Green_Cleaning/CleaningPrdctsMaterials_Opt4/AddFile_Upload_MSDS/input_MSDS'

2019-06-22 18:48:56 - [MESSAGE][PASSED] - Delayed 1 second(s)

2019-06-22 18:48:57 - [MESSAGE][PASSED] - Object 'Object Repository/Green_Cleaning/CleaningPrdctsMaterials_Opt4/input_percentbycost' is present

2019-06-22 18:48:57 - [MESSAGE][PASSED] - Scroll to object 'Object Repository/Green_Cleaning/CleaningPrdctsMaterials_Opt4/input_percentbycost' successfully

2019-06-22 18:48:57 - [MESSAGE][PASSED] - Text '141' is set on object 'Object Repository/Green_Cleaning/CleaningPrdctsMaterials_Opt4/input_percentbycost'

2019-06-22 18:49:00 - [MESSAGE][PASSED] - Delayed 3 second(s)

2019-06-22 18:49:00 - [MESSAGE][PASSED] - Attribute 'value' of object 'Object Repository/Green_Cleaning/CleaningPrdctsMaterials_Opt4/input_percentbycost' is: '141'

2019-06-22 18:49:00 - [MESSAGE][PASSED] - Actual text '141' and expected text '141' are matched 

2019-06-22 18:49:00 - [MESSAGE][PASSED] - Object 'Object Repository/Green_Cleaning/CleaningPrdctsMaterials_Opt4/input_percent_cleaning_products' is present

2019-06-22 18:49:00 - [MESSAGE][PASSED] - Scroll to object 'Object Repository/Green_Cleaning/CleaningPrdctsMaterials_Opt4/input_percent_cleaning_products' successfully

2019-06-22 18:49:01 - [MESSAGE][PASSED] - Text '141' is set on object 'Object Repository/Green_Cleaning/CleaningPrdctsMaterials_Opt4/input_percent_cleaning_products'

2019-06-22 18:49:04 - [MESSAGE][PASSED] - Delayed 3 second(s)

2019-06-22 18:49:04 - [MESSAGE][PASSED] - Attribute 'value' of object 'Object Repository/Green_Cleaning/CleaningPrdctsMaterials_Opt4/input_percent_cleaning_products' is: '141'

2019-06-22 18:49:04 - [MESSAGE][PASSED] - Actual text '141' and expected text '141' are matched 

2019-06-22 18:49:14 - [MESSAGE][PASSED] - Delayed 10 second(s)

2019-06-22 18:49:14 - [MESSAGE][PASSED] - Scroll to object 'Object Repository/Green_Cleaning/button_Save' successfully

2019-06-22 18:49:14 - [MESSAGE][PASSED] - Object 'Object Repository/Green_Cleaning/button_Save' is visible

2019-06-22 18:49:14 - [MESSAGE][PASSED] - Object: 'Object Repository/Green_Cleaning/button_Save' is clicked on

2019-06-22 18:49:16 - [MESSAGE][PASSED] - Delayed 2 second(s)

2019-06-22 18:49:16 - [MESSAGE][PASSED] - Text 'Form data saved successfully.' is present on page 

2019-06-22 18:49:17 - [MESSAGE][PASSED] - Scroll to object 'Object Repository/Green_Cleaning/icon_pdf' successfully

2019-06-22 18:49:17 - [MESSAGE][PASSED] - Object 'Object Repository/Green_Cleaning/icon_pdf' is present

2019-06-22 18:49:22 - [MESSAGE][PASSED] - Delayed 5 second(s)

2019-06-22 18:49:22 - [MESSAGE][PASSED] - Object: 'Object Repository/Green_Cleaning/icon_pdf' is clicked on

2019-06-22 18:49:32 - [MESSAGE][PASSED] - Delayed 10 second(s)

2019-06-22 18:49:37 - [MESSAGE][PASSED] - Delayed 5 second(s)

2019-06-22 18:49:37 - [MESSAGE][PASSED] - Scroll to object 'Object Repository/Green_Cleaning/Powered_Cleaning_Opt3/AddFile_UploadGC_Calc/p_GC_calculator' successfully

2019-06-22 18:49:40 - [MESSAGE][PASSED] - Delayed 2 second(s)

2019-06-22 18:49:45 - [MESSAGE][PASSED] - Delayed 5 second(s)

2019-06-22 18:49:45 - [MESSAGE][PASSED] - Scroll to object 'Object Repository/Green_Cleaning/CleaningPrdctsMaterials_Opt4/AddFile_Upload_executedContract/p_executedContract' successfully

2019-06-22 18:49:47 - [MESSAGE][PASSED] - Delayed 2 second(s)

2019-06-22 18:49:52 - [MESSAGE][PASSED] - Delayed 5 second(s)

2019-06-22 18:49:52 - [MESSAGE][PASSED] - Scroll to object 'Object Repository/Green_Cleaning/CleaningPrdctsMaterials_Opt4/AddFile_Upload_MSDS/p_msds' successfully

2019-06-22 18:49:55 - [MESSAGE][PASSED] - Delayed 2 second(s)

2019-06-22 18:49:55 - [MESSAGE][PASSED] - Attribute 'value' of object 'Object Repository/Green_Cleaning/CleaningPrdctsMaterials_Opt4/input_percentbycost' is: '141'

2019-06-22 18:49:58 - [MESSAGE][PASSED] - Delayed 3 second(s)

2019-06-22 18:49:58 - [MESSAGE][PASSED] - Attribute 'value' of object 'Object Repository/Green_Cleaning/CleaningPrdctsMaterials_Opt4/input_percent_cleaning_products' is: '141'

2019-06-22 18:50:01 - [MESSAGE][PASSED] - Delayed 3 second(s)

2019-06-22 18:50:01 - [MESSAGE][PASSED] - Run with 'greenCleaningForm.Runner_GC_CleaningProducts' was passed

2019-06-22 18:50:01 - [TEST_STEP][PASSED] - Start listener action : sampleAfterTestCase: Browser is closed

2019-06-22 18:50:01 - [TEST_STEP][PASSED] - closeBrowser(): Browser is closed

2019-06-22 18:50:02 - [MESSAGE][PASSED] - Browser is closed]]></system-out>
         <system-err><![CDATA[]]></system-err>
      </testcase>
      <testcase name="Test Cases/GreenCleaning/TC_GC_VerifyUploadedFiles_CleaningProducts" classname="Test Cases/GreenCleaning/TC_GC_VerifyUploadedFiles_CleaningProducts" status="PASSED">
         <system-out><![CDATA[2019-06-22 18:50:02 - [TEST_CASE][PASSED] - Test Cases/GreenCleaning/TC_GC_VerifyUploadedFiles_CleaningProducts: Test Cases/GreenCleaning/TC_GC_VerifyUploadedFiles_CleaningProducts

2019-06-22 18:50:02 - [TEST_STEP][PASSED] - Start listener action : sampleBeforeTestCase: null

2019-06-22 18:50:02 - [TEST_STEP][PASSED] - openBrowser(""): Browser is opened with url: ''

2019-06-22 18:50:02 - [MESSAGE][INFO] - Starting 'Chrome (headless)' driver

2019-06-22 18:50:02 - [MESSAGE][INFO] - User set preference: ['args', '[--window-size=1920,1080]']

2019-06-22 18:50:04 - [MESSAGE][PASSED] - Browser is opened with url: ''

2019-06-22 18:50:04 - [TEST_STEP][PASSED] - driver = getWebDriver(): null

2019-06-22 18:50:04 - [TEST_STEP][PASSED] - println("The driver is ########### " + driver): null

2019-06-22 18:50:04 - [TEST_STEP][PASSED] - downloadPath = "H:\Git Projects\Usgbc_LeedOnline_ScoreCard\Usgbc_LeedOnline_ScoreCard\Include\TestData\DownloadedFiles": null

2019-06-22 18:50:04 - [TEST_STEP][PASSED] - projectKeywords().sendCommandForDownloadChromeHeadLess(driver.getCommandExecutor(), driver.getSessionId(), downloadPath): null

2019-06-22 18:50:05 - [TEST_STEP][PASSED] - runWithCucumberRunner(greenCleaningForm.Runner_GC_VerifyUploadedFiles_CleaningProducts): Run with 'greenCleaningForm.Runner_GC_VerifyUploadedFiles_CleaningProducts' was passed

2019-06-22 18:50:06 - [TEST_CASE][PASSED] - Test Cases/GreenCleaning/TC_GC_Navigate: Test Cases/GreenCleaning/TC_GC_Navigate

2019-06-22 18:50:06 - [TEST_STEP][PASSED] - runWithCucumberRunner(greenCleaningForm.Runner_NavigationGC): Run with 'greenCleaningForm.Runner_NavigationGC' was passed

2019-06-22 18:50:07 - [TEST_CASE][PASSED] - Test Cases/Login/TC_Login: Test Cases/Login/TC_Login

2019-06-22 18:50:07 - [TEST_STEP][PASSED] - runWithCucumberRunner(common.Runner_Login): Run with 'common.Runner_Login' was passed

2019-06-22 18:50:13 - [MESSAGE][PASSED] - Navigate to 'https://leedonline-stg.usgbc.org' successfully

2019-06-22 18:50:15 - [MESSAGE][PASSED] - Delayed 2 second(s)

2019-06-22 18:50:15 - [MESSAGE][PASSED] - Text 'automationbdd1@gmail.com' is set on object 'Object Repository/Login/input_username'

2019-06-22 18:50:15 - [MESSAGE][PASSED] - Text 'initpass' is set on object 'Object Repository/Login/input_password'

2019-06-22 18:50:18 - [MESSAGE][PASSED] - Delayed 3 second(s)

2019-06-22 18:50:19 - [MESSAGE][PASSED] - Scroll to object 'Object Repository/Login/span_End User License Agreement' successfully

2019-06-22 18:50:19 - [MESSAGE][PASSED] - Object 'Object Repository/Login/span_End User License Agreement' is visible

2019-06-22 18:50:19 - [MESSAGE][PASSED] - Object 'Object Repository/Login/span_End User License Agreement' is checked

2019-06-22 18:50:20 - [MESSAGE][PASSED] - Delayed 1 second(s)

2019-06-22 18:50:20 - [MESSAGE][PASSED] - Object: 'Object Repository/Login/button_Log In' is clicked on

2019-06-22 18:50:29 - [MESSAGE][PASSED] - Object: '' is clicked on

2019-06-22 18:50:31 - [MESSAGE][PASSED] - Object: 'Object Repository/Login/a_Credits' is clicked on

2019-06-22 18:50:31 - [MESSAGE][PASSED] - Run with 'common.Runner_Login' was passed

2019-06-22 18:50:31 - [MESSAGE][PASSED] - Call Test Case 'Test Cases/Login/TC_Login' successfully

2019-06-22 18:50:31 - [MESSAGE][PASSED] - Scroll to object 'Object Repository/Green_Cleaning/Navigation/div_Green Cleaning' successfully

2019-06-22 18:50:31 - [MESSAGE][PASSED] - Object 'Object Repository/Green_Cleaning/Navigation/div_Green Cleaning' is present

2019-06-22 18:50:31 - [MESSAGE][PASSED] - Text of object 'Object Repository/Green_Cleaning/Navigation/h3_Status' is: 'ATTEMPTED'

2019-06-22 18:50:31 - [MESSAGE][PASSED] - Text of object 'Object Repository/Green_Cleaning/Navigation/divval' is: 'ATTEMPTED'

2019-06-22 18:50:31 - [MESSAGE][PASSED] - Text of object 'Object Repository/Green_Cleaning/Navigation/h3_Status' is: 'ATTEMPTED'

2019-06-22 18:50:31 - [MESSAGE][PASSED] - Object: 'Object Repository/Green_Cleaning/Navigation/div_Green Cleaning' is clicked on

2019-06-22 18:50:34 - [MESSAGE][PASSED] - Delayed 3 second(s)

2019-06-22 18:50:40 - [MESSAGE][PASSED] - Object: 'Object Repository/Green_Cleaning/Navigation/span_(V01)' is clicked on

2019-06-22 18:50:40 - [MESSAGE][PASSED] - Object 'Object Repository/Green_Cleaning/Navigation/div_GreenCleaningPolicyCreditLib' is present

2019-06-22 18:50:40 - [MESSAGE][PASSED] - Run with 'greenCleaningForm.Runner_NavigationGC' was passed

2019-06-22 18:50:40 - [MESSAGE][PASSED] - Call Test Case 'Test Cases/GreenCleaning/TC_GC_Navigate' successfully

2019-06-22 18:50:40 - [MESSAGE][PASSED] - Scroll to object 'Object Repository/Green_Cleaning/Powered_Cleaning_Opt3/AddFile_UploadGC_Calc/Table_GC_Calc' successfully

2019-06-22 18:50:40 - [MESSAGE][PASSED] - Object 'Object Repository/Green_Cleaning/Powered_Cleaning_Opt3/AddFile_UploadGC_Calc/Table_GC_Calc' is present

2019-06-22 18:50:41 - [MESSAGE][PASSED] - Text of object '' is: 'SampleGIFImage_350kbmb.gif'

2019-06-22 18:50:41 - [MESSAGE][PASSED] - SampleGIFImage_350kbmb.gif is equal to SampleGIFImage_350kbmb.gif

2019-06-22 18:50:41 - [MESSAGE][PASSED] - Actual text 'SampleGIFImage_350kbmb.gif' and expected text 'SampleGIFImage_350kbmb.gif' are matched 

2019-06-22 18:50:41 - [MESSAGE][PASSED] - Text of object '' is: 'SamplePPTFile_1000kb.ppt'

2019-06-22 18:50:41 - [MESSAGE][PASSED] - SamplePPTFile_1000kb.ppt is equal to SamplePPTFile_1000kb.ppt

2019-06-22 18:50:41 - [MESSAGE][PASSED] - Actual text 'SamplePPTFile_1000kb.ppt' and expected text 'SamplePPTFile_1000kb.ppt' are matched 

2019-06-22 18:50:41 - [MESSAGE][PASSED] - Text of object '' is: 'ZZ.pdf'

2019-06-22 18:50:41 - [MESSAGE][PASSED] - ZZ.pdf is equal to ZZ.pdf

2019-06-22 18:50:41 - [MESSAGE][PASSED] - Actual text 'ZZ.pdf' and expected text 'ZZ.pdf' are matched 

2019-06-22 18:50:41 - [MESSAGE][PASSED] - Scroll to object 'Object Repository/Green_Cleaning/CleaningPrdctsMaterials_Opt4/AddFile_Upload_executedContract/Table_executedContract' successfully

2019-06-22 18:50:41 - [MESSAGE][PASSED] - Object 'Object Repository/Green_Cleaning/CleaningPrdctsMaterials_Opt4/AddFile_Upload_executedContract/Table_executedContract' is present

2019-06-22 18:50:42 - [MESSAGE][PASSED] - Text of object '' is: 'SampleGIFImage_350kbmb.gif'

2019-06-22 18:50:42 - [MESSAGE][PASSED] - SampleGIFImage_350kbmb.gif is equal to SampleGIFImage_350kbmb.gif

2019-06-22 18:50:42 - [MESSAGE][PASSED] - Actual text 'SampleGIFImage_350kbmb.gif' and expected text 'SampleGIFImage_350kbmb.gif' are matched 

2019-06-22 18:50:42 - [MESSAGE][PASSED] - Text of object '' is: 'SamplePPTFile_1000kb.ppt'

2019-06-22 18:50:42 - [MESSAGE][PASSED] - SamplePPTFile_1000kb.ppt is equal to SamplePPTFile_1000kb.ppt

2019-06-22 18:50:42 - [MESSAGE][PASSED] - Actual text 'SamplePPTFile_1000kb.ppt' and expected text 'SamplePPTFile_1000kb.ppt' are matched 

2019-06-22 18:50:42 - [MESSAGE][PASSED] - Text of object '' is: 'ZZ.pdf'

2019-06-22 18:50:42 - [MESSAGE][PASSED] - ZZ.pdf is equal to ZZ.pdf

2019-06-22 18:50:42 - [MESSAGE][PASSED] - Actual text 'ZZ.pdf' and expected text 'ZZ.pdf' are matched 

2019-06-22 18:50:42 - [MESSAGE][PASSED] - Scroll to object 'Object Repository/Green_Cleaning/CleaningPrdctsMaterials_Opt4/AddFile_Upload_MSDS/Table_msds' successfully

2019-06-22 18:50:42 - [MESSAGE][PASSED] - Object 'Object Repository/Green_Cleaning/CleaningPrdctsMaterials_Opt4/AddFile_Upload_MSDS/Table_msds' is present

2019-06-22 18:50:42 - [MESSAGE][PASSED] - Text of object '' is: 'SampleGIFImage_350kbmb.gif'

2019-06-22 18:50:42 - [MESSAGE][PASSED] - SampleGIFImage_350kbmb.gif is equal to SampleGIFImage_350kbmb.gif

2019-06-22 18:50:42 - [MESSAGE][PASSED] - Actual text 'SampleGIFImage_350kbmb.gif' and expected text 'SampleGIFImage_350kbmb.gif' are matched 

2019-06-22 18:50:43 - [MESSAGE][PASSED] - Text of object '' is: 'SamplePPTFile_1000kb.ppt'

2019-06-22 18:50:43 - [MESSAGE][PASSED] - SamplePPTFile_1000kb.ppt is equal to SamplePPTFile_1000kb.ppt

2019-06-22 18:50:43 - [MESSAGE][PASSED] - Actual text 'SamplePPTFile_1000kb.ppt' and expected text 'SamplePPTFile_1000kb.ppt' are matched 

2019-06-22 18:50:43 - [MESSAGE][PASSED] - Text of object '' is: 'ZZ.pdf'

2019-06-22 18:50:43 - [MESSAGE][PASSED] - ZZ.pdf is equal to ZZ.pdf

2019-06-22 18:50:43 - [MESSAGE][PASSED] - Actual text 'ZZ.pdf' and expected text 'ZZ.pdf' are matched 

2019-06-22 18:50:43 - [MESSAGE][PASSED] - Run with 'greenCleaningForm.Runner_GC_VerifyUploadedFiles_CleaningProducts' was passed

2019-06-22 18:50:43 - [TEST_STEP][PASSED] - Start listener action : sampleAfterTestCase: Browser is closed

2019-06-22 18:50:43 - [TEST_STEP][PASSED] - closeBrowser(): Browser is closed

2019-06-22 18:50:44 - [MESSAGE][PASSED] - Browser is closed]]></system-out>
         <system-err><![CDATA[]]></system-err>
      </testcase>
      <testcase name="Test Cases/GreenCleaning/TC_GC_DownloadFiles_CleaningProducts" classname="Test Cases/GreenCleaning/TC_GC_DownloadFiles_CleaningProducts" status="PASSED">
         <system-out><![CDATA[2019-06-22 18:50:44 - [TEST_CASE][PASSED] - Test Cases/GreenCleaning/TC_GC_DownloadFiles_CleaningProducts: Test Cases/GreenCleaning/TC_GC_DownloadFiles_CleaningProducts

2019-06-22 18:50:44 - [TEST_STEP][PASSED] - Start listener action : sampleBeforeTestCase: null

2019-06-22 18:50:44 - [TEST_STEP][PASSED] - openBrowser(""): Browser is opened with url: ''

2019-06-22 18:50:44 - [MESSAGE][INFO] - Starting 'Chrome (headless)' driver

2019-06-22 18:50:44 - [MESSAGE][INFO] - User set preference: ['args', '[--window-size=1920,1080]']

2019-06-22 18:50:46 - [MESSAGE][PASSED] - Browser is opened with url: ''

2019-06-22 18:50:46 - [TEST_STEP][PASSED] - driver = getWebDriver(): null

2019-06-22 18:50:46 - [TEST_STEP][PASSED] - println("The driver is ########### " + driver): null

2019-06-22 18:50:46 - [TEST_STEP][PASSED] - downloadPath = "H:\Git Projects\Usgbc_LeedOnline_ScoreCard\Usgbc_LeedOnline_ScoreCard\Include\TestData\DownloadedFiles": null

2019-06-22 18:50:46 - [TEST_STEP][PASSED] - projectKeywords().sendCommandForDownloadChromeHeadLess(driver.getCommandExecutor(), driver.getSessionId(), downloadPath): null

2019-06-22 18:50:46 - [TEST_STEP][PASSED] - runWithCucumberRunner(greenCleaningForm.Runner_GC_DownloadFiles_CleaningProducts): Run with 'greenCleaningForm.Runner_GC_DownloadFiles_CleaningProducts' was passed

2019-06-22 18:50:47 - [TEST_CASE][PASSED] - Test Cases/GreenCleaning/TC_GC_Navigate: Test Cases/GreenCleaning/TC_GC_Navigate

2019-06-22 18:50:47 - [TEST_STEP][PASSED] - runWithCucumberRunner(greenCleaningForm.Runner_NavigationGC): Run with 'greenCleaningForm.Runner_NavigationGC' was passed

2019-06-22 18:50:48 - [TEST_CASE][PASSED] - Test Cases/Login/TC_Login: Test Cases/Login/TC_Login

2019-06-22 18:50:48 - [TEST_STEP][PASSED] - runWithCucumberRunner(common.Runner_Login): Run with 'common.Runner_Login' was passed

2019-06-22 18:50:56 - [MESSAGE][PASSED] - Navigate to 'https://leedonline-stg.usgbc.org' successfully

2019-06-22 18:50:58 - [MESSAGE][PASSED] - Delayed 2 second(s)

2019-06-22 18:50:58 - [MESSAGE][PASSED] - Text 'automationbdd1@gmail.com' is set on object 'Object Repository/Login/input_username'

2019-06-22 18:50:58 - [MESSAGE][PASSED] - Text 'initpass' is set on object 'Object Repository/Login/input_password'

2019-06-22 18:51:01 - [MESSAGE][PASSED] - Delayed 3 second(s)

2019-06-22 18:51:01 - [MESSAGE][PASSED] - Scroll to object 'Object Repository/Login/span_End User License Agreement' successfully

2019-06-22 18:51:01 - [MESSAGE][PASSED] - Object 'Object Repository/Login/span_End User License Agreement' is visible

2019-06-22 18:51:01 - [MESSAGE][PASSED] - Object 'Object Repository/Login/span_End User License Agreement' is checked

2019-06-22 18:51:02 - [MESSAGE][PASSED] - Delayed 1 second(s)

2019-06-22 18:51:03 - [MESSAGE][PASSED] - Object: 'Object Repository/Login/button_Log In' is clicked on

2019-06-22 18:51:11 - [MESSAGE][PASSED] - Object: '' is clicked on

2019-06-22 18:51:13 - [MESSAGE][PASSED] - Object: 'Object Repository/Login/a_Credits' is clicked on

2019-06-22 18:51:13 - [MESSAGE][PASSED] - Run with 'common.Runner_Login' was passed

2019-06-22 18:51:13 - [MESSAGE][PASSED] - Call Test Case 'Test Cases/Login/TC_Login' successfully

2019-06-22 18:51:13 - [MESSAGE][PASSED] - Scroll to object 'Object Repository/Green_Cleaning/Navigation/div_Green Cleaning' successfully

2019-06-22 18:51:13 - [MESSAGE][PASSED] - Object 'Object Repository/Green_Cleaning/Navigation/div_Green Cleaning' is present

2019-06-22 18:51:13 - [MESSAGE][PASSED] - Text of object 'Object Repository/Green_Cleaning/Navigation/h3_Status' is: 'ATTEMPTED'

2019-06-22 18:51:13 - [MESSAGE][PASSED] - Text of object 'Object Repository/Green_Cleaning/Navigation/divval' is: 'ATTEMPTED'

2019-06-22 18:51:13 - [MESSAGE][PASSED] - Text of object 'Object Repository/Green_Cleaning/Navigation/h3_Status' is: 'ATTEMPTED'

2019-06-22 18:51:13 - [MESSAGE][PASSED] - Object: 'Object Repository/Green_Cleaning/Navigation/div_Green Cleaning' is clicked on

2019-06-22 18:51:16 - [MESSAGE][PASSED] - Delayed 3 second(s)

2019-06-22 18:51:23 - [MESSAGE][PASSED] - Object: 'Object Repository/Green_Cleaning/Navigation/span_(V01)' is clicked on

2019-06-22 18:51:23 - [MESSAGE][PASSED] - Object 'Object Repository/Green_Cleaning/Navigation/div_GreenCleaningPolicyCreditLib' is present

2019-06-22 18:51:23 - [MESSAGE][PASSED] - Run with 'greenCleaningForm.Runner_NavigationGC' was passed

2019-06-22 18:51:23 - [MESSAGE][PASSED] - Call Test Case 'Test Cases/GreenCleaning/TC_GC_Navigate' successfully

2019-06-22 18:51:23 - [MESSAGE][PASSED] - Scroll to object 'Object Repository/Green_Cleaning/Powered_Cleaning_Opt3/AddFile_UploadGC_Calc/Table_GC_Calc' successfully

2019-06-22 18:51:23 - [MESSAGE][PASSED] - Object 'Object Repository/Green_Cleaning/Powered_Cleaning_Opt3/AddFile_UploadGC_Calc/Table_GC_Calc' is present

2019-06-22 18:51:23 - [MESSAGE][PASSED] - Scroll to object 'Object Repository/Green_Cleaning/Powered_Cleaning_Opt3/AddFile_UploadGC_Calc/p_GC_calculator' successfully

2019-06-22 18:51:25 - [MESSAGE][PASSED] - Delayed 2 second(s)

2019-06-22 18:51:25 - [MESSAGE][PASSED] - Object: 'Object Repository/Green_Cleaning/Powered_Cleaning_Opt3/AddFile_UploadGC_Calc/p_GC_calculator' is hovered

2019-06-22 18:51:25 - [MESSAGE][PASSED] - Object: '' is clicked on

2019-06-22 18:51:25 - [MESSAGE][PASSED] - Text of object '' is: 'ZZ.pdf'

2019-06-22 18:51:35 - [MESSAGE][PASSED] - Delayed 10 second(s)

2019-06-22 18:51:35 - [MESSAGE][PASSED] - Object: 'Object Repository/Green_Cleaning/Powered_Cleaning_Opt3/AddFile_UploadGC_Calc/p_GC_calculator' is hovered

2019-06-22 18:51:37 - [MESSAGE][PASSED] - Delayed 2 second(s)

2019-06-22 18:51:39 - [MESSAGE][PASSED] - Delayed 2 second(s)

2019-06-22 18:51:40 - [MESSAGE][PASSED] - Object: 'Object Repository/Green_Cleaning/Powered_Cleaning_Opt3/AddFile_UploadGC_Calc/p_GC_calculator' is hovered

2019-06-22 18:51:40 - [MESSAGE][PASSED] - Object: '' is clicked on

2019-06-22 18:51:40 - [MESSAGE][PASSED] - Text of object '' is: 'SamplePPTFile_1000kb.ppt'

2019-06-22 18:51:50 - [MESSAGE][PASSED] - Delayed 10 second(s)

2019-06-22 18:51:50 - [MESSAGE][PASSED] - Object: 'Object Repository/Green_Cleaning/Powered_Cleaning_Opt3/AddFile_UploadGC_Calc/p_GC_calculator' is hovered

2019-06-22 18:51:52 - [MESSAGE][PASSED] - Delayed 2 second(s)

2019-06-22 18:51:54 - [MESSAGE][PASSED] - Delayed 2 second(s)

2019-06-22 18:51:54 - [MESSAGE][PASSED] - Object: 'Object Repository/Green_Cleaning/Powered_Cleaning_Opt3/AddFile_UploadGC_Calc/p_GC_calculator' is hovered

2019-06-22 18:51:54 - [MESSAGE][PASSED] - Object: '' is clicked on

2019-06-22 18:51:54 - [MESSAGE][PASSED] - Text of object '' is: 'SampleGIFImage_350kbmb.gif'

2019-06-22 18:52:04 - [MESSAGE][PASSED] - Delayed 10 second(s)

2019-06-22 18:52:05 - [MESSAGE][PASSED] - Object: 'Object Repository/Green_Cleaning/Powered_Cleaning_Opt3/AddFile_UploadGC_Calc/p_GC_calculator' is hovered

2019-06-22 18:52:07 - [MESSAGE][PASSED] - Delayed 2 second(s)

2019-06-22 18:52:10 - [MESSAGE][PASSED] - Delayed 3 second(s)

2019-06-22 18:52:12 - [MESSAGE][PASSED] - Delayed 2 second(s)

2019-06-22 18:52:13 - [MESSAGE][PASSED] - Delayed 1 second(s)

2019-06-22 18:52:13 - [MESSAGE][PASSED] - SampleGIFImage_350kbmb.gif exist in H:/Git Projects/Usgbc_LeedOnline_ScoreCard/Usgbc_LeedOnline_ScoreCard/Include/TestData/DownloadedFiles and was deleted

2019-06-22 18:52:13 - [MESSAGE][PASSED] - 

2019-06-22 18:52:13 - [MESSAGE][PASSED] - Actual text 'SampleGIFImage_350kbmb.gif' and expected text 'SampleGIFImage_350kbmb.gif' are matched 

2019-06-22 18:52:15 - [MESSAGE][PASSED] - Delayed 2 second(s)

2019-06-22 18:52:16 - [MESSAGE][PASSED] - Delayed 1 second(s)

2019-06-22 18:52:16 - [MESSAGE][PASSED] - SamplePPTFile_1000kb.ppt exist in H:/Git Projects/Usgbc_LeedOnline_ScoreCard/Usgbc_LeedOnline_ScoreCard/Include/TestData/DownloadedFiles and was deleted

2019-06-22 18:52:16 - [MESSAGE][PASSED] - 

2019-06-22 18:52:16 - [MESSAGE][PASSED] - Actual text 'SamplePPTFile_1000kb.ppt' and expected text 'SamplePPTFile_1000kb.ppt' are matched 

2019-06-22 18:52:18 - [MESSAGE][PASSED] - Delayed 2 second(s)

2019-06-22 18:52:19 - [MESSAGE][PASSED] - Delayed 1 second(s)

2019-06-22 18:52:19 - [MESSAGE][PASSED] - ZZ.pdf exist in H:/Git Projects/Usgbc_LeedOnline_ScoreCard/Usgbc_LeedOnline_ScoreCard/Include/TestData/DownloadedFiles and was deleted

2019-06-22 18:52:19 - [MESSAGE][PASSED] - 

2019-06-22 18:52:19 - [MESSAGE][PASSED] - Actual text 'ZZ.pdf' and expected text 'ZZ.pdf' are matched 

2019-06-22 18:52:19 - [MESSAGE][PASSED] - Scroll to object 'Object Repository/Green_Cleaning/CleaningPrdctsMaterials_Opt4/AddFile_Upload_executedContract/Table_executedContract' successfully

2019-06-22 18:52:19 - [MESSAGE][PASSED] - Object 'Object Repository/Green_Cleaning/CleaningPrdctsMaterials_Opt4/AddFile_Upload_executedContract/Table_executedContract' is present

2019-06-22 18:52:19 - [MESSAGE][PASSED] - Scroll to object 'Object Repository/Green_Cleaning/CleaningPrdctsMaterials_Opt4/AddFile_Upload_executedContract/p_executedContract' successfully

2019-06-22 18:52:21 - [MESSAGE][PASSED] - Delayed 2 second(s)

2019-06-22 18:52:21 - [MESSAGE][PASSED] - Object: 'Object Repository/Green_Cleaning/CleaningPrdctsMaterials_Opt4/AddFile_Upload_executedContract/p_executedContract' is hovered

2019-06-22 18:52:21 - [MESSAGE][PASSED] - Object: '' is clicked on

2019-06-22 18:52:21 - [MESSAGE][PASSED] - Text of object '' is: 'ZZ.pdf'

2019-06-22 18:52:31 - [MESSAGE][PASSED] - Delayed 10 second(s)

2019-06-22 18:52:31 - [MESSAGE][PASSED] - Object: 'Object Repository/Green_Cleaning/CleaningPrdctsMaterials_Opt4/AddFile_Upload_executedContract/p_executedContract' is hovered

2019-06-22 18:52:33 - [MESSAGE][PASSED] - Delayed 2 second(s)

2019-06-22 18:52:35 - [MESSAGE][PASSED] - Delayed 2 second(s)

2019-06-22 18:52:36 - [MESSAGE][PASSED] - Object: 'Object Repository/Green_Cleaning/CleaningPrdctsMaterials_Opt4/AddFile_Upload_executedContract/p_executedContract' is hovered

2019-06-22 18:52:36 - [MESSAGE][PASSED] - Object: '' is clicked on

2019-06-22 18:52:36 - [MESSAGE][PASSED] - Text of object '' is: 'SamplePPTFile_1000kb.ppt'

2019-06-22 18:52:46 - [MESSAGE][PASSED] - Delayed 10 second(s)

2019-06-22 18:52:46 - [MESSAGE][PASSED] - Object: 'Object Repository/Green_Cleaning/CleaningPrdctsMaterials_Opt4/AddFile_Upload_executedContract/p_executedContract' is hovered

2019-06-22 18:52:48 - [MESSAGE][PASSED] - Delayed 2 second(s)

2019-06-22 18:52:50 - [MESSAGE][PASSED] - Delayed 2 second(s)

2019-06-22 18:52:50 - [MESSAGE][PASSED] - Object: 'Object Repository/Green_Cleaning/CleaningPrdctsMaterials_Opt4/AddFile_Upload_executedContract/p_executedContract' is hovered

2019-06-22 18:52:50 - [MESSAGE][PASSED] - Object: '' is clicked on

2019-06-22 18:52:50 - [MESSAGE][PASSED] - Text of object '' is: 'SampleGIFImage_350kbmb.gif'

2019-06-22 18:53:00 - [MESSAGE][PASSED] - Delayed 10 second(s)

2019-06-22 18:53:00 - [MESSAGE][PASSED] - Object: 'Object Repository/Green_Cleaning/CleaningPrdctsMaterials_Opt4/AddFile_Upload_executedContract/p_executedContract' is hovered

2019-06-22 18:53:02 - [MESSAGE][PASSED] - Delayed 2 second(s)

2019-06-22 18:53:05 - [MESSAGE][PASSED] - Delayed 3 second(s)

2019-06-22 18:53:07 - [MESSAGE][PASSED] - Delayed 2 second(s)

2019-06-22 18:53:08 - [MESSAGE][PASSED] - Delayed 1 second(s)

2019-06-22 18:53:08 - [MESSAGE][PASSED] - SampleGIFImage_350kbmb.gif exist in H:/Git Projects/Usgbc_LeedOnline_ScoreCard/Usgbc_LeedOnline_ScoreCard/Include/TestData/DownloadedFiles and was deleted

2019-06-22 18:53:08 - [MESSAGE][PASSED] - 

2019-06-22 18:53:08 - [MESSAGE][PASSED] - Actual text 'SampleGIFImage_350kbmb.gif' and expected text 'SampleGIFImage_350kbmb.gif' are matched 

2019-06-22 18:53:11 - [MESSAGE][PASSED] - Delayed 2 second(s)

2019-06-22 18:53:12 - [MESSAGE][PASSED] - Delayed 1 second(s)

2019-06-22 18:53:12 - [MESSAGE][PASSED] - SamplePPTFile_1000kb.ppt exist in H:/Git Projects/Usgbc_LeedOnline_ScoreCard/Usgbc_LeedOnline_ScoreCard/Include/TestData/DownloadedFiles and was deleted

2019-06-22 18:53:12 - [MESSAGE][PASSED] - 

2019-06-22 18:53:12 - [MESSAGE][PASSED] - Actual text 'SamplePPTFile_1000kb.ppt' and expected text 'SamplePPTFile_1000kb.ppt' are matched 

2019-06-22 18:53:14 - [MESSAGE][PASSED] - Delayed 2 second(s)

2019-06-22 18:53:15 - [MESSAGE][PASSED] - Delayed 1 second(s)

2019-06-22 18:53:15 - [MESSAGE][PASSED] - ZZ.pdf exist in H:/Git Projects/Usgbc_LeedOnline_ScoreCard/Usgbc_LeedOnline_ScoreCard/Include/TestData/DownloadedFiles and was deleted

2019-06-22 18:53:15 - [MESSAGE][PASSED] - 

2019-06-22 18:53:15 - [MESSAGE][PASSED] - Actual text 'ZZ.pdf' and expected text 'ZZ.pdf' are matched 

2019-06-22 18:53:15 - [MESSAGE][PASSED] - Scroll to object 'Object Repository/Green_Cleaning/CleaningPrdctsMaterials_Opt4/AddFile_Upload_MSDS/Table_msds' successfully

2019-06-22 18:53:15 - [MESSAGE][PASSED] - Object 'Object Repository/Green_Cleaning/CleaningPrdctsMaterials_Opt4/AddFile_Upload_MSDS/Table_msds' is present

2019-06-22 18:53:15 - [MESSAGE][PASSED] - Scroll to object 'Object Repository/Green_Cleaning/CleaningPrdctsMaterials_Opt4/AddFile_Upload_MSDS/p_msds' successfully

2019-06-22 18:53:17 - [MESSAGE][PASSED] - Delayed 2 second(s)

2019-06-22 18:53:17 - [MESSAGE][PASSED] - Object: 'Object Repository/Green_Cleaning/CleaningPrdctsMaterials_Opt4/AddFile_Upload_MSDS/p_msds' is hovered

2019-06-22 18:53:17 - [MESSAGE][PASSED] - Object: '' is clicked on

2019-06-22 18:53:17 - [MESSAGE][PASSED] - Text of object '' is: 'ZZ.pdf'

2019-06-22 18:53:27 - [MESSAGE][PASSED] - Delayed 10 second(s)

2019-06-22 18:53:27 - [MESSAGE][PASSED] - Object: 'Object Repository/Green_Cleaning/CleaningPrdctsMaterials_Opt4/AddFile_Upload_MSDS/p_msds' is hovered

2019-06-22 18:53:29 - [MESSAGE][PASSED] - Delayed 2 second(s)

2019-06-22 18:53:31 - [MESSAGE][PASSED] - Delayed 2 second(s)

2019-06-22 18:53:31 - [MESSAGE][PASSED] - Object: 'Object Repository/Green_Cleaning/CleaningPrdctsMaterials_Opt4/AddFile_Upload_MSDS/p_msds' is hovered

2019-06-22 18:53:32 - [MESSAGE][PASSED] - Object: '' is clicked on

2019-06-22 18:53:32 - [MESSAGE][PASSED] - Text of object '' is: 'SamplePPTFile_1000kb.ppt'

2019-06-22 18:53:42 - [MESSAGE][PASSED] - Delayed 10 second(s)

2019-06-22 18:53:42 - [MESSAGE][PASSED] - Object: 'Object Repository/Green_Cleaning/CleaningPrdctsMaterials_Opt4/AddFile_Upload_MSDS/p_msds' is hovered

2019-06-22 18:53:44 - [MESSAGE][PASSED] - Delayed 2 second(s)

2019-06-22 18:53:46 - [MESSAGE][PASSED] - Delayed 2 second(s)

2019-06-22 18:53:46 - [MESSAGE][PASSED] - Object: 'Object Repository/Green_Cleaning/CleaningPrdctsMaterials_Opt4/AddFile_Upload_MSDS/p_msds' is hovered

2019-06-22 18:53:46 - [MESSAGE][PASSED] - Object: '' is clicked on

2019-06-22 18:53:46 - [MESSAGE][PASSED] - Text of object '' is: 'SampleGIFImage_350kbmb.gif'

2019-06-22 18:53:56 - [MESSAGE][PASSED] - Delayed 10 second(s)

2019-06-22 18:53:56 - [MESSAGE][PASSED] - Object: 'Object Repository/Green_Cleaning/CleaningPrdctsMaterials_Opt4/AddFile_Upload_MSDS/p_msds' is hovered

2019-06-22 18:53:58 - [MESSAGE][PASSED] - Delayed 2 second(s)

2019-06-22 18:54:01 - [MESSAGE][PASSED] - Delayed 3 second(s)

2019-06-22 18:54:03 - [MESSAGE][PASSED] - Delayed 2 second(s)

2019-06-22 18:54:04 - [MESSAGE][PASSED] - Delayed 1 second(s)

2019-06-22 18:54:04 - [MESSAGE][PASSED] - SampleGIFImage_350kbmb.gif exist in H:/Git Projects/Usgbc_LeedOnline_ScoreCard/Usgbc_LeedOnline_ScoreCard/Include/TestData/DownloadedFiles and was deleted

2019-06-22 18:54:04 - [MESSAGE][PASSED] - 

2019-06-22 18:54:04 - [MESSAGE][PASSED] - Actual text 'SampleGIFImage_350kbmb.gif' and expected text 'SampleGIFImage_350kbmb.gif' are matched 

2019-06-22 18:54:06 - [MESSAGE][PASSED] - Delayed 2 second(s)

2019-06-22 18:54:07 - [MESSAGE][PASSED] - Delayed 1 second(s)

2019-06-22 18:54:07 - [MESSAGE][PASSED] - SamplePPTFile_1000kb.ppt exist in H:/Git Projects/Usgbc_LeedOnline_ScoreCard/Usgbc_LeedOnline_ScoreCard/Include/TestData/DownloadedFiles and was deleted

2019-06-22 18:54:07 - [MESSAGE][PASSED] - 

2019-06-22 18:54:07 - [MESSAGE][PASSED] - Actual text 'SamplePPTFile_1000kb.ppt' and expected text 'SamplePPTFile_1000kb.ppt' are matched 

2019-06-22 18:54:09 - [MESSAGE][PASSED] - Delayed 2 second(s)

2019-06-22 18:54:10 - [MESSAGE][PASSED] - Delayed 1 second(s)

2019-06-22 18:54:10 - [MESSAGE][PASSED] - ZZ.pdf exist in H:/Git Projects/Usgbc_LeedOnline_ScoreCard/Usgbc_LeedOnline_ScoreCard/Include/TestData/DownloadedFiles and was deleted

2019-06-22 18:54:10 - [MESSAGE][PASSED] - 

2019-06-22 18:54:10 - [MESSAGE][PASSED] - Actual text 'ZZ.pdf' and expected text 'ZZ.pdf' are matched 

2019-06-22 18:54:11 - [MESSAGE][PASSED] - Run with 'greenCleaningForm.Runner_GC_DownloadFiles_CleaningProducts' was passed

2019-06-22 18:54:11 - [TEST_STEP][PASSED] - Start listener action : sampleAfterTestCase: Browser is closed

2019-06-22 18:54:11 - [TEST_STEP][PASSED] - closeBrowser(): Browser is closed

2019-06-22 18:54:11 - [MESSAGE][PASSED] - Browser is closed]]></system-out>
         <system-err><![CDATA[]]></system-err>
      </testcase>
      <testcase name="Test Cases/GreenCleaning/TC_GC_DeleteUploadedFiles_CleaningProducts" classname="Test Cases/GreenCleaning/TC_GC_DeleteUploadedFiles_CleaningProducts" status="PASSED">
         <system-out><![CDATA[2019-06-22 18:54:11 - [TEST_CASE][PASSED] - Test Cases/GreenCleaning/TC_GC_DeleteUploadedFiles_CleaningProducts: Test Cases/GreenCleaning/TC_GC_DeleteUploadedFiles_CleaningProducts

2019-06-22 18:54:11 - [TEST_STEP][PASSED] - Start listener action : sampleBeforeTestCase: null

2019-06-22 18:54:11 - [TEST_STEP][PASSED] - openBrowser(""): Browser is opened with url: ''

2019-06-22 18:54:11 - [MESSAGE][INFO] - Starting 'Chrome (headless)' driver

2019-06-22 18:54:11 - [MESSAGE][INFO] - User set preference: ['args', '[--window-size=1920,1080]']

2019-06-22 18:54:13 - [MESSAGE][PASSED] - Browser is opened with url: ''

2019-06-22 18:54:13 - [TEST_STEP][PASSED] - driver = getWebDriver(): null

2019-06-22 18:54:13 - [TEST_STEP][PASSED] - println("The driver is ########### " + driver): null

2019-06-22 18:54:13 - [TEST_STEP][PASSED] - downloadPath = "H:\Git Projects\Usgbc_LeedOnline_ScoreCard\Usgbc_LeedOnline_ScoreCard\Include\TestData\DownloadedFiles": null

2019-06-22 18:54:13 - [TEST_STEP][PASSED] - projectKeywords().sendCommandForDownloadChromeHeadLess(driver.getCommandExecutor(), driver.getSessionId(), downloadPath): null

2019-06-22 18:54:14 - [TEST_STEP][PASSED] - runWithCucumberRunner(greenCleaningForm.Runner_GC_DeleteUploadedFiles_CleaningProducts): Run with 'greenCleaningForm.Runner_GC_DeleteUploadedFiles_CleaningProducts' was passed

2019-06-22 18:54:14 - [TEST_CASE][PASSED] - Test Cases/GreenCleaning/TC_GC_Navigate: Test Cases/GreenCleaning/TC_GC_Navigate

2019-06-22 18:54:14 - [TEST_STEP][PASSED] - runWithCucumberRunner(greenCleaningForm.Runner_NavigationGC): Run with 'greenCleaningForm.Runner_NavigationGC' was passed

2019-06-22 18:54:15 - [TEST_CASE][PASSED] - Test Cases/Login/TC_Login: Test Cases/Login/TC_Login

2019-06-22 18:54:15 - [TEST_STEP][PASSED] - runWithCucumberRunner(common.Runner_Login): Run with 'common.Runner_Login' was passed

2019-06-22 18:54:20 - [MESSAGE][PASSED] - Navigate to 'https://leedonline-stg.usgbc.org' successfully

2019-06-22 18:54:22 - [MESSAGE][PASSED] - Delayed 2 second(s)

2019-06-22 18:54:23 - [MESSAGE][PASSED] - Text 'automationbdd1@gmail.com' is set on object 'Object Repository/Login/input_username'

2019-06-22 18:54:23 - [MESSAGE][PASSED] - Text 'initpass' is set on object 'Object Repository/Login/input_password'

2019-06-22 18:54:26 - [MESSAGE][PASSED] - Delayed 3 second(s)

2019-06-22 18:54:26 - [MESSAGE][PASSED] - Scroll to object 'Object Repository/Login/span_End User License Agreement' successfully

2019-06-22 18:54:26 - [MESSAGE][PASSED] - Object 'Object Repository/Login/span_End User License Agreement' is visible

2019-06-22 18:54:26 - [MESSAGE][PASSED] - Object 'Object Repository/Login/span_End User License Agreement' is checked

2019-06-22 18:54:27 - [MESSAGE][PASSED] - Delayed 1 second(s)

2019-06-22 18:54:27 - [MESSAGE][PASSED] - Object: 'Object Repository/Login/button_Log In' is clicked on

2019-06-22 18:54:35 - [MESSAGE][PASSED] - Object: '' is clicked on

2019-06-22 18:54:38 - [MESSAGE][PASSED] - Object: 'Object Repository/Login/a_Credits' is clicked on

2019-06-22 18:54:38 - [MESSAGE][PASSED] - Run with 'common.Runner_Login' was passed

2019-06-22 18:54:38 - [MESSAGE][PASSED] - Call Test Case 'Test Cases/Login/TC_Login' successfully

2019-06-22 18:54:38 - [MESSAGE][PASSED] - Scroll to object 'Object Repository/Green_Cleaning/Navigation/div_Green Cleaning' successfully

2019-06-22 18:54:38 - [MESSAGE][PASSED] - Object 'Object Repository/Green_Cleaning/Navigation/div_Green Cleaning' is present

2019-06-22 18:54:38 - [MESSAGE][PASSED] - Text of object 'Object Repository/Green_Cleaning/Navigation/h3_Status' is: 'ATTEMPTED'

2019-06-22 18:54:38 - [MESSAGE][PASSED] - Text of object 'Object Repository/Green_Cleaning/Navigation/divval' is: 'ATTEMPTED'

2019-06-22 18:54:38 - [MESSAGE][PASSED] - Text of object 'Object Repository/Green_Cleaning/Navigation/h3_Status' is: 'ATTEMPTED'

2019-06-22 18:54:38 - [MESSAGE][PASSED] - Object: 'Object Repository/Green_Cleaning/Navigation/div_Green Cleaning' is clicked on

2019-06-22 18:54:41 - [MESSAGE][PASSED] - Delayed 3 second(s)

2019-06-22 18:54:48 - [MESSAGE][PASSED] - Object: 'Object Repository/Green_Cleaning/Navigation/span_(V01)' is clicked on

2019-06-22 18:54:48 - [MESSAGE][PASSED] - Object 'Object Repository/Green_Cleaning/Navigation/div_GreenCleaningPolicyCreditLib' is present

2019-06-22 18:54:48 - [MESSAGE][PASSED] - Run with 'greenCleaningForm.Runner_NavigationGC' was passed

2019-06-22 18:54:48 - [MESSAGE][PASSED] - Call Test Case 'Test Cases/GreenCleaning/TC_GC_Navigate' successfully

2019-06-22 18:54:48 - [MESSAGE][PASSED] - Scroll to object 'Object Repository/Green_Cleaning/Powered_Cleaning_Opt3/AddFile_UploadGC_Calc/Table_GC_Calc' successfully

2019-06-22 18:54:48 - [MESSAGE][PASSED] - Object 'Object Repository/Green_Cleaning/Powered_Cleaning_Opt3/AddFile_UploadGC_Calc/Table_GC_Calc' is present

2019-06-22 18:54:49 - [MESSAGE][PASSED] - Scroll to object 'Object Repository/Green_Cleaning/Powered_Cleaning_Opt3/AddFile_UploadGC_Calc/p_GC_calculator' successfully

2019-06-22 18:54:50 - [MESSAGE][PASSED] - Delayed 1 second(s)

2019-06-22 18:54:50 - [MESSAGE][PASSED] - Object: '' is clicked on

2019-06-22 18:54:52 - [MESSAGE][PASSED] - Delayed 2 second(s)

2019-06-22 18:54:52 - [MESSAGE][PASSED] - Object: 'Object Repository/LightPollutionReduction/FixtureShielding/button_Yes' is clicked on

2019-06-22 18:54:53 - [MESSAGE][PASSED] - Delayed 1 second(s)

2019-06-22 18:54:53 - [MESSAGE][PASSED] - Object: '' is clicked on

2019-06-22 18:54:55 - [MESSAGE][PASSED] - Delayed 2 second(s)

2019-06-22 18:54:56 - [MESSAGE][PASSED] - Object: 'Object Repository/LightPollutionReduction/FixtureShielding/button_Yes' is clicked on

2019-06-22 18:54:57 - [MESSAGE][PASSED] - Delayed 1 second(s)

2019-06-22 18:54:57 - [MESSAGE][PASSED] - Object: '' is clicked on

2019-06-22 18:54:59 - [MESSAGE][PASSED] - Delayed 2 second(s)

2019-06-22 18:54:59 - [MESSAGE][PASSED] - Object: 'Object Repository/LightPollutionReduction/FixtureShielding/button_Yes' is clicked on

2019-06-22 18:55:01 - [MESSAGE][PASSED] - Delayed 2 second(s)

2019-06-22 18:55:01 - [MESSAGE][PASSED] - Web element with id: 'Object Repository/Green_Cleaning/Powered_Cleaning_Opt3/AddFile_UploadGC_Calc/Table_GC_Calc' located by 'By.xpath: //*[@id='esPlanDocs_files' or @id='pceCalculatorDocs_files' or @id='cpmCalculatorDocs_files']/table' is not present after '30' second(s)

2019-06-22 18:55:01 - [MESSAGE][PASSED] - Scroll to object 'Object Repository/Green_Cleaning/CleaningPrdctsMaterials_Opt4/AddFile_Upload_executedContract/Table_executedContract' successfully

2019-06-22 18:55:01 - [MESSAGE][PASSED] - Object 'Object Repository/Green_Cleaning/CleaningPrdctsMaterials_Opt4/AddFile_Upload_executedContract/Table_executedContract' is present

2019-06-22 18:55:01 - [MESSAGE][PASSED] - Scroll to object 'Object Repository/Green_Cleaning/CleaningPrdctsMaterials_Opt4/AddFile_Upload_executedContract/p_executedContract' successfully

2019-06-22 18:55:02 - [MESSAGE][PASSED] - Delayed 1 second(s)

2019-06-22 18:55:02 - [MESSAGE][PASSED] - Object: '' is clicked on

2019-06-22 18:55:04 - [MESSAGE][PASSED] - Delayed 2 second(s)

2019-06-22 18:55:05 - [MESSAGE][PASSED] - Object: 'Object Repository/LightPollutionReduction/FixtureShielding/button_Yes' is clicked on

2019-06-22 18:55:06 - [MESSAGE][PASSED] - Delayed 1 second(s)

2019-06-22 18:55:06 - [MESSAGE][PASSED] - Object: '' is clicked on

2019-06-22 18:55:08 - [MESSAGE][PASSED] - Delayed 2 second(s)

2019-06-22 18:55:08 - [MESSAGE][PASSED] - Object: 'Object Repository/LightPollutionReduction/FixtureShielding/button_Yes' is clicked on

2019-06-22 18:55:09 - [MESSAGE][PASSED] - Delayed 1 second(s)

2019-06-22 18:55:09 - [MESSAGE][PASSED] - Object: '' is clicked on

2019-06-22 18:55:11 - [MESSAGE][PASSED] - Delayed 2 second(s)

2019-06-22 18:55:11 - [MESSAGE][PASSED] - Object: 'Object Repository/LightPollutionReduction/FixtureShielding/button_Yes' is clicked on

2019-06-22 18:55:13 - [MESSAGE][PASSED] - Delayed 2 second(s)

2019-06-22 18:55:14 - [MESSAGE][PASSED] - Web element with id: 'Object Repository/Green_Cleaning/CleaningPrdctsMaterials_Opt4/AddFile_Upload_executedContract/Table_executedContract' located by 'By.xpath: //*[@id="executedContract_files"]/table' is not present after '30' second(s)

2019-06-22 18:55:14 - [MESSAGE][PASSED] - Scroll to object 'Object Repository/Green_Cleaning/CleaningPrdctsMaterials_Opt4/AddFile_Upload_MSDS/Table_msds' successfully

2019-06-22 18:55:14 - [MESSAGE][PASSED] - Object 'Object Repository/Green_Cleaning/CleaningPrdctsMaterials_Opt4/AddFile_Upload_MSDS/Table_msds' is present

2019-06-22 18:55:14 - [MESSAGE][PASSED] - Scroll to object 'Object Repository/Green_Cleaning/CleaningPrdctsMaterials_Opt4/AddFile_Upload_MSDS/p_msds' successfully

2019-06-22 18:55:15 - [MESSAGE][PASSED] - Delayed 1 second(s)

2019-06-22 18:55:15 - [MESSAGE][PASSED] - Object: '' is clicked on

2019-06-22 18:55:17 - [MESSAGE][PASSED] - Delayed 2 second(s)

2019-06-22 18:55:17 - [MESSAGE][PASSED] - Object: 'Object Repository/LightPollutionReduction/FixtureShielding/button_Yes' is clicked on

2019-06-22 18:55:18 - [MESSAGE][PASSED] - Delayed 1 second(s)

2019-06-22 18:55:18 - [MESSAGE][PASSED] - Object: '' is clicked on

2019-06-22 18:55:20 - [MESSAGE][PASSED] - Delayed 2 second(s)

2019-06-22 18:55:21 - [MESSAGE][PASSED] - Object: 'Object Repository/LightPollutionReduction/FixtureShielding/button_Yes' is clicked on

2019-06-22 18:55:22 - [MESSAGE][PASSED] - Delayed 1 second(s)

2019-06-22 18:55:22 - [MESSAGE][PASSED] - Object: '' is clicked on

2019-06-22 18:55:24 - [MESSAGE][PASSED] - Delayed 2 second(s)

2019-06-22 18:55:24 - [MESSAGE][PASSED] - Object: 'Object Repository/LightPollutionReduction/FixtureShielding/button_Yes' is clicked on

2019-06-22 18:55:26 - [MESSAGE][PASSED] - Delayed 2 second(s)

2019-06-22 18:55:26 - [MESSAGE][PASSED] - Web element with id: 'Object Repository/Green_Cleaning/CleaningPrdctsMaterials_Opt4/AddFile_Upload_MSDS/Table_msds' located by 'By.xpath: //*[@id="msdsSheet_files"]/table' is not present after '30' second(s)

2019-06-22 18:55:26 - [MESSAGE][PASSED] - Scroll to object 'Object Repository/Green_Cleaning/SpecialCircumstances/AddFile_additionalDoc_Sc/Table_SC' successfully

2019-06-22 18:55:26 - [MESSAGE][PASSED] - Object 'Object Repository/Green_Cleaning/SpecialCircumstances/AddFile_additionalDoc_Sc/Table_SC' is present

2019-06-22 18:55:26 - [MESSAGE][PASSED] - Scroll to object 'Object Repository/Green_Cleaning/SpecialCircumstances/AddFile_additionalDoc_Sc/p_SC_additionalDoc' successfully

2019-06-22 18:55:27 - [MESSAGE][PASSED] - Delayed 1 second(s)

2019-06-22 18:55:27 - [MESSAGE][PASSED] - Object: '' is clicked on

2019-06-22 18:55:29 - [MESSAGE][PASSED] - Delayed 2 second(s)

2019-06-22 18:55:30 - [MESSAGE][PASSED] - Object: 'Object Repository/LightPollutionReduction/FixtureShielding/button_Yes' is clicked on

2019-06-22 18:55:31 - [MESSAGE][PASSED] - Delayed 1 second(s)

2019-06-22 18:55:31 - [MESSAGE][PASSED] - Object: '' is clicked on

2019-06-22 18:55:33 - [MESSAGE][PASSED] - Delayed 2 second(s)

2019-06-22 18:55:33 - [MESSAGE][PASSED] - Object: 'Object Repository/LightPollutionReduction/FixtureShielding/button_Yes' is clicked on

2019-06-22 18:55:34 - [MESSAGE][PASSED] - Delayed 1 second(s)

2019-06-22 18:55:34 - [MESSAGE][PASSED] - Object: '' is clicked on

2019-06-22 18:55:36 - [MESSAGE][PASSED] - Delayed 2 second(s)

2019-06-22 18:55:36 - [MESSAGE][PASSED] - Object: 'Object Repository/LightPollutionReduction/FixtureShielding/button_Yes' is clicked on

2019-06-22 18:55:38 - [MESSAGE][PASSED] - Delayed 2 second(s)

2019-06-22 18:55:38 - [MESSAGE][PASSED] - Web element with id: 'Object Repository/Green_Cleaning/SpecialCircumstances/AddFile_additionalDoc_Sc/Table_SC' located by 'By.xpath: //*[@id="splCircumstancesDocs_files"]/table' is not present after '30' second(s)

2019-06-22 18:55:38 - [MESSAGE][PASSED] - Run with 'greenCleaningForm.Runner_GC_DeleteUploadedFiles_CleaningProducts' was passed

2019-06-22 18:55:38 - [TEST_STEP][PASSED] - Start listener action : sampleAfterTestCase: Browser is closed

2019-06-22 18:55:38 - [TEST_STEP][PASSED] - closeBrowser(): Browser is closed

2019-06-22 18:55:39 - [MESSAGE][PASSED] - Browser is closed]]></system-out>
         <system-err><![CDATA[]]></system-err>
      </testcase>
      <testcase name="Test Cases/GreenCleaning/TC_GC_AutoSaveAsDraft" classname="Test Cases/GreenCleaning/TC_GC_AutoSaveAsDraft" status="PASSED">
         <system-out><![CDATA[2019-06-22 18:55:39 - [TEST_CASE][PASSED] - Test Cases/GreenCleaning/TC_GC_AutoSaveAsDraft: Test Cases/GreenCleaning/TC_GC_AutoSaveAsDraft

2019-06-22 18:55:39 - [TEST_STEP][PASSED] - Start listener action : sampleBeforeTestCase: null

2019-06-22 18:55:39 - [TEST_STEP][PASSED] - openBrowser(""): Browser is opened with url: ''

2019-06-22 18:55:39 - [MESSAGE][INFO] - Starting 'Chrome (headless)' driver

2019-06-22 18:55:39 - [MESSAGE][INFO] - User set preference: ['args', '[--window-size=1920,1080]']

2019-06-22 18:55:41 - [MESSAGE][PASSED] - Browser is opened with url: ''

2019-06-22 18:55:41 - [TEST_STEP][PASSED] - driver = getWebDriver(): null

2019-06-22 18:55:41 - [TEST_STEP][PASSED] - println("The driver is ########### " + driver): null

2019-06-22 18:55:41 - [TEST_STEP][PASSED] - downloadPath = "H:\Git Projects\Usgbc_LeedOnline_ScoreCard\Usgbc_LeedOnline_ScoreCard\Include\TestData\DownloadedFiles": null

2019-06-22 18:55:41 - [TEST_STEP][PASSED] - projectKeywords().sendCommandForDownloadChromeHeadLess(driver.getCommandExecutor(), driver.getSessionId(), downloadPath): null

2019-06-22 18:55:41 - [TEST_STEP][PASSED] - runWithCucumberRunner(greenCleaningForm.Runner_GC_AutoSaveAsDraft): Run with 'greenCleaningForm.Runner_GC_AutoSaveAsDraft' was passed

2019-06-22 18:55:42 - [TEST_CASE][PASSED] - Test Cases/GreenCleaning/TC_GC_Navigate: Test Cases/GreenCleaning/TC_GC_Navigate

2019-06-22 18:55:42 - [TEST_STEP][PASSED] - runWithCucumberRunner(greenCleaningForm.Runner_NavigationGC): Run with 'greenCleaningForm.Runner_NavigationGC' was passed

2019-06-22 18:55:42 - [TEST_CASE][PASSED] - Test Cases/Login/TC_Login: Test Cases/Login/TC_Login

2019-06-22 18:55:42 - [TEST_STEP][PASSED] - runWithCucumberRunner(common.Runner_Login): Run with 'common.Runner_Login' was passed

2019-06-22 18:55:51 - [MESSAGE][PASSED] - Navigate to 'https://leedonline-stg.usgbc.org' successfully

2019-06-22 18:55:53 - [MESSAGE][PASSED] - Delayed 2 second(s)

2019-06-22 18:55:53 - [MESSAGE][PASSED] - Text 'automationbdd1@gmail.com' is set on object 'Object Repository/Login/input_username'

2019-06-22 18:55:53 - [MESSAGE][PASSED] - Text 'initpass' is set on object 'Object Repository/Login/input_password'

2019-06-22 18:55:56 - [MESSAGE][PASSED] - Delayed 3 second(s)

2019-06-22 18:55:56 - [MESSAGE][PASSED] - Scroll to object 'Object Repository/Login/span_End User License Agreement' successfully

2019-06-22 18:55:56 - [MESSAGE][PASSED] - Object 'Object Repository/Login/span_End User License Agreement' is visible

2019-06-22 18:55:56 - [MESSAGE][PASSED] - Object 'Object Repository/Login/span_End User License Agreement' is checked

2019-06-22 18:55:57 - [MESSAGE][PASSED] - Delayed 1 second(s)

2019-06-22 18:55:57 - [MESSAGE][PASSED] - Object: 'Object Repository/Login/button_Log In' is clicked on

2019-06-22 18:56:10 - [MESSAGE][PASSED] - Object: '' is clicked on

2019-06-22 18:56:14 - [MESSAGE][PASSED] - Object: 'Object Repository/Login/a_Credits' is clicked on

2019-06-22 18:56:14 - [MESSAGE][PASSED] - Run with 'common.Runner_Login' was passed

2019-06-22 18:56:14 - [MESSAGE][PASSED] - Call Test Case 'Test Cases/Login/TC_Login' successfully

2019-06-22 18:56:14 - [MESSAGE][PASSED] - Scroll to object 'Object Repository/Green_Cleaning/Navigation/div_Green Cleaning' successfully

2019-06-22 18:56:14 - [MESSAGE][PASSED] - Object 'Object Repository/Green_Cleaning/Navigation/div_Green Cleaning' is present

2019-06-22 18:56:14 - [MESSAGE][PASSED] - Text of object 'Object Repository/Green_Cleaning/Navigation/h3_Status' is: 'ATTEMPTED'

2019-06-22 18:56:14 - [MESSAGE][PASSED] - Text of object 'Object Repository/Green_Cleaning/Navigation/divval' is: 'ATTEMPTED'

2019-06-22 18:56:14 - [MESSAGE][PASSED] - Text of object 'Object Repository/Green_Cleaning/Navigation/h3_Status' is: 'ATTEMPTED'

2019-06-22 18:56:14 - [MESSAGE][PASSED] - Object: 'Object Repository/Green_Cleaning/Navigation/div_Green Cleaning' is clicked on

2019-06-22 18:56:17 - [MESSAGE][PASSED] - Delayed 3 second(s)

2019-06-22 18:56:28 - [MESSAGE][PASSED] - Object: 'Object Repository/Green_Cleaning/Navigation/span_(V01)' is clicked on

2019-06-22 18:56:28 - [MESSAGE][PASSED] - Object 'Object Repository/Green_Cleaning/Navigation/div_GreenCleaningPolicyCreditLib' is present

2019-06-22 18:56:28 - [MESSAGE][PASSED] - Run with 'greenCleaningForm.Runner_NavigationGC' was passed

2019-06-22 18:56:28 - [MESSAGE][PASSED] - Call Test Case 'Test Cases/GreenCleaning/TC_GC_Navigate' successfully

2019-06-22 18:56:38 - [MESSAGE][PASSED] - Delayed 10 second(s)

2019-06-22 18:56:38 - [MESSAGE][PASSED] - Web element with id: 'Object Repository/Green_Cleaning/Autosave/span_Last draft saved on' located by 'By.xpath: //*[@id="credit-form"]/div[5]/div/span/span' is not present after '2' second(s)

2019-06-22 18:56:48 - [MESSAGE][PASSED] - Delayed 10 second(s)

2019-06-22 18:56:48 - [MESSAGE][WARNING] - Timeout '0' is invalid. Using default page load timeout: '30'

2019-06-22 18:56:48 - [MESSAGE][PASSED] - Scroll to object 'Object Repository/Green_Cleaning/Powered_Cleaning_Opt3/AddFile_UploadGC_Calc/input_GC_Calc' successfully

2019-06-22 18:56:48 - [MESSAGE][PASSED] - File 'H:/Git Projects/Usgbc_LeedOnline_ScoreCard/Usgbc_LeedOnline_ScoreCard/Include/TestData/MultipleFileDiffExt/ZZ.pdf' sent to object: 'Object Repository/Green_Cleaning/Powered_Cleaning_Opt3/AddFile_UploadGC_Calc/input_GC_Calc'

2019-06-22 18:56:48 - [MESSAGE][WARNING] - Timeout '0' is invalid. Using default page load timeout: '30'

2019-06-22 18:56:48 - [MESSAGE][PASSED] - Scroll to object 'Object Repository/Green_Cleaning/CleaningPrdctsMaterials_Opt4/AddFile_Upload_executedContract/input_executedContract' successfully

2019-06-22 18:56:48 - [MESSAGE][PASSED] - File 'H:/Git Projects/Usgbc_LeedOnline_ScoreCard/Usgbc_LeedOnline_ScoreCard/Include/TestData/MultipleFileDiffExt/ZZ.pdf' sent to object: 'Object Repository/Green_Cleaning/CleaningPrdctsMaterials_Opt4/AddFile_Upload_executedContract/input_executedContract'

2019-06-22 18:56:48 - [MESSAGE][WARNING] - Timeout '0' is invalid. Using default page load timeout: '30'

2019-06-22 18:56:48 - [MESSAGE][PASSED] - Scroll to object 'Object Repository/Green_Cleaning/CleaningPrdctsMaterials_Opt4/AddFile_Upload_MSDS/input_MSDS' successfully

2019-06-22 18:56:48 - [MESSAGE][PASSED] - File 'H:/Git Projects/Usgbc_LeedOnline_ScoreCard/Usgbc_LeedOnline_ScoreCard/Include/TestData/MultipleFileDiffExt/ZZ.pdf' sent to object: 'Object Repository/Green_Cleaning/CleaningPrdctsMaterials_Opt4/AddFile_Upload_MSDS/input_MSDS'

2019-06-22 18:57:03 - [MESSAGE][PASSED] - Delayed 15 second(s)

2019-06-22 18:57:03 - [MESSAGE][PASSED] - Web element with id: 'Object Repository/Green_Cleaning/Autosave/span_Last draft saved on' located by 'By.xpath: //*[@id="credit-form"]/div[5]/div/span/span' is not present after '2' second(s)

2019-06-22 18:57:03 - [MESSAGE][PASSED] - Object 'Object Repository/Green_Cleaning/CleaningPrdctsMaterials_Opt4/input_percentbycost' is present

2019-06-22 18:57:03 - [MESSAGE][PASSED] - Scroll to object 'Object Repository/Green_Cleaning/CleaningPrdctsMaterials_Opt4/input_percentbycost' successfully

2019-06-22 18:57:04 - [MESSAGE][PASSED] - Text '100' is set on object 'Object Repository/Green_Cleaning/CleaningPrdctsMaterials_Opt4/input_percentbycost'

2019-06-22 18:57:14 - [MESSAGE][PASSED] - Delayed 10 second(s)

2019-06-22 18:57:14 - [MESSAGE][PASSED] - Object 'Object Repository/Green_Cleaning/Autosave/span_Last draft saved on' is present

2019-06-22 18:57:14 - [MESSAGE][PASSED] - Text of object 'Object Repository/Green_Cleaning/Autosave/span_Last draft saved on' is: 'Last draft saved on: 22 Jun 2019 06:57:06 PM  Clear draft'

2019-06-22 18:57:14 - [MESSAGE][PASSED] - Object 'Object Repository/Green_Cleaning/CleaningPrdctsMaterials_Opt4/input_percent_cleaning_products' is present

2019-06-22 18:57:14 - [MESSAGE][PASSED] - Scroll to object 'Object Repository/Green_Cleaning/CleaningPrdctsMaterials_Opt4/input_percent_cleaning_products' successfully

2019-06-22 18:57:14 - [MESSAGE][PASSED] - Text of object 'Object Repository/Green_Cleaning/CleaningPrdctsMaterials_Opt4/input_percent_cleaning_products' is cleared

2019-06-22 18:57:14 - [MESSAGE][PASSED] - Text '100dd' is set on object 'Object Repository/Green_Cleaning/CleaningPrdctsMaterials_Opt4/input_percent_cleaning_products'

2019-06-22 18:57:24 - [MESSAGE][PASSED] - Delayed 10 second(s)

2019-06-22 18:57:24 - [MESSAGE][PASSED] - Object 'Object Repository/Green_Cleaning/Autosave/span_Last draft saved on' is present

2019-06-22 18:57:24 - [MESSAGE][PASSED] - Text of object 'Object Repository/Green_Cleaning/Autosave/span_Last draft saved on' is: 'Last draft saved on: 22 Jun 2019 06:57:16 PM  Clear draft'

2019-06-22 18:57:24 - [MESSAGE][PASSED] - Actual text 'null' and expected text 'Last draft saved on: 22 Jun 2019 06:57:16 PM  Clear draft' are not matched 

2019-06-22 18:57:24 - [MESSAGE][PASSED] - Object 'Object Repository/Green_Cleaning/SpecialCircumstances/SC_EditorBox/p_SC_Editorbox' is present

2019-06-22 18:57:25 - [MESSAGE][PASSED] - Text 'Test Data for Narrative' is set on object 'Object Repository/Green_Cleaning/SpecialCircumstances/SC_EditorBox/body_SC_EditorBox'

2019-06-22 18:57:35 - [MESSAGE][PASSED] - Delayed 10 second(s)

2019-06-22 18:57:35 - [MESSAGE][PASSED] - Object 'Object Repository/Green_Cleaning/Autosave/span_Last draft saved on' is present

2019-06-22 18:57:35 - [MESSAGE][PASSED] - Text of object 'Object Repository/Green_Cleaning/Autosave/span_Last draft saved on' is: 'Last draft saved on: 22 Jun 2019 06:57:27 PM  Clear draft'

2019-06-22 18:57:35 - [MESSAGE][PASSED] - Actual text 'null' and expected text 'Last draft saved on: 22 Jun 2019 06:57:27 PM  Clear draft' are not matched 

2019-06-22 18:57:35 - [MESSAGE][PASSED] - Object 'Object Repository/Green_Cleaning/Autosave/span_Last draft saved on' is present

2019-06-22 18:57:35 - [MESSAGE][PASSED] - Object 'Object Repository/Green_Cleaning/button_Save' is present

2019-06-22 18:57:45 - [MESSAGE][PASSED] - Delayed 10 second(s)

2019-06-22 18:57:45 - [MESSAGE][PASSED] - Object: 'Object Repository/Green_Cleaning/button_Save' is clicked on

2019-06-22 18:57:55 - [MESSAGE][PASSED] - Delayed 10 second(s)

2019-06-22 18:57:55 - [MESSAGE][PASSED] - Web element with id: 'Object Repository/GreenCleaningPolicy/div_Form drafted and not yet saved' located by 'By.xpath: //div[@id='draftDataWarning']' is not present after '2' second(s)

2019-06-22 18:57:55 - [MESSAGE][PASSED] - Scroll to object 'Object Repository/Green_Cleaning/Powered_Cleaning_Opt3/AddFile_UploadGC_Calc/p_GC_calculator' successfully

2019-06-22 18:57:56 - [MESSAGE][PASSED] - Delayed 1 second(s)

2019-06-22 18:57:57 - [MESSAGE][PASSED] - Object: '' is clicked on

2019-06-22 18:57:59 - [MESSAGE][PASSED] - Delayed 2 second(s)

2019-06-22 18:57:59 - [MESSAGE][PASSED] - Object: 'Object Repository/LightPollutionReduction/FixtureShielding/button_Yes' is clicked on

2019-06-22 18:57:59 - [MESSAGE][PASSED] - Scroll to object 'Object Repository/Green_Cleaning/CleaningPrdctsMaterials_Opt4/AddFile_Upload_executedContract/p_executedContract' successfully

2019-06-22 18:58:00 - [MESSAGE][PASSED] - Delayed 1 second(s)

2019-06-22 18:58:00 - [MESSAGE][PASSED] - Object: '' is clicked on

2019-06-22 18:58:02 - [MESSAGE][PASSED] - Delayed 2 second(s)

2019-06-22 18:58:02 - [MESSAGE][PASSED] - Object: 'Object Repository/LightPollutionReduction/FixtureShielding/button_Yes' is clicked on

2019-06-22 18:58:02 - [MESSAGE][PASSED] - Scroll to object 'Object Repository/Green_Cleaning/CleaningPrdctsMaterials_Opt4/AddFile_Upload_MSDS/p_msds' successfully

2019-06-22 18:58:03 - [MESSAGE][PASSED] - Delayed 1 second(s)

2019-06-22 18:58:04 - [MESSAGE][PASSED] - Object: '' is clicked on

2019-06-22 18:58:06 - [MESSAGE][PASSED] - Delayed 2 second(s)

2019-06-22 18:58:06 - [MESSAGE][PASSED] - Object: 'Object Repository/LightPollutionReduction/FixtureShielding/button_Yes' is clicked on

2019-06-22 18:58:09 - [MESSAGE][PASSED] - Delayed 3 second(s)

2019-06-22 18:58:09 - [MESSAGE][PASSED] - Object 'Object Repository/Green_Cleaning/SpecialCircumstances/SC_EditorBox/p_SC_Editorbox' is present

2019-06-22 18:58:09 - [MESSAGE][PASSED] - Text 'Test Data for Special Circumstances' is set on object 'Object Repository/Green_Cleaning/SpecialCircumstances/SC_EditorBox/body_SC_EditorBox'

2019-06-22 18:58:19 - [MESSAGE][PASSED] - Delayed 10 second(s)

2019-06-22 18:58:19 - [MESSAGE][PASSED] - Object 'Object Repository/Green_Cleaning/Autosave/span_Last draft saved on' is present

2019-06-22 18:58:19 - [MESSAGE][PASSED] - Text of object 'Object Repository/Green_Cleaning/Autosave/span_Last draft saved on' is: 'Last draft saved on: 22 Jun 2019 06:58:16 PM  Clear draft'

2019-06-22 18:58:19 - [MESSAGE][PASSED] - Actual text 'null' and expected text 'Last draft saved on: 22 Jun 2019 06:58:16 PM  Clear draft' are not matched 

2019-06-22 18:58:20 - [MESSAGE][PASSED] - Object: 'Object Repository/Green_Cleaning/Autosave/a_Clear draft' is clicked on

2019-06-22 18:58:20 - [MESSAGE][PASSED] - Object: 'Object Repository/Green_Cleaning/button_Yes' is clicked on

2019-06-22 18:58:25 - [MESSAGE][PASSED] - Delayed 5 second(s)

2019-06-22 18:58:27 - [MESSAGE][PASSED] - Object 'Object Repository/Green_Cleaning/Powered_Cleaning_Opt3/input_option3' is present

2019-06-22 18:58:27 - [MESSAGE][PASSED] - Object: 'Object Repository/Green_Cleaning/Powered_Cleaning_Opt3/input_option3' is clicked on

2019-06-22 18:58:37 - [MESSAGE][PASSED] - Delayed 10 second(s)

2019-06-22 18:58:37 - [MESSAGE][WARNING] - Timeout '0' is invalid. Using default page load timeout: '30'

2019-06-22 18:58:37 - [MESSAGE][WARNING] - Timeout '0' is invalid. Using default page load timeout: '30'

2019-06-22 18:58:37 - [MESSAGE][PASSED] - Object 'Object Repository/Green_Cleaning/Autosave/a_Clear draft' is present

2019-06-22 18:58:37 - [MESSAGE][PASSED] - Object: 'Object Repository/Green_Cleaning/Autosave/a_Clear draft' is clicked on

2019-06-22 18:58:37 - [MESSAGE][PASSED] - Object: 'Object Repository/Green_Cleaning/button_Yes' is clicked on

2019-06-22 18:58:42 - [MESSAGE][PASSED] - Delayed 5 second(s)

2019-06-22 18:58:42 - [MESSAGE][WARNING] - Timeout '0' is invalid. Using default page load timeout: '30'

2019-06-22 18:58:42 - [MESSAGE][PASSED] - Web element with id: 'Object Repository/Green_Cleaning/Autosave/a_Clear draft' located by 'By.xpath: //a[@id='clearDraft']' is not present after '30' second(s)

2019-06-22 18:58:42 - [MESSAGE][WARNING] - Timeout '0' is invalid. Using default page load timeout: '30'

2019-06-22 18:58:42 - [MESSAGE][WARNING] - Timeout '0' is invalid. Using default page load timeout: '30'

2019-06-22 18:58:42 - [MESSAGE][WARNING] - Timeout '0' is invalid. Using default page load timeout: '30'

2019-06-22 18:58:42 - [MESSAGE][PASSED] - Object 'Object Repository/Green_Cleaning/SpecialCircumstances/SC_EditorBox/body_SC_EditorBox' is present

2019-06-22 18:58:43 - [MESSAGE][PASSED] - Text 'Testing for Logout and Login' is set on object 'Object Repository/Green_Cleaning/SpecialCircumstances/SC_EditorBox/body_SC_EditorBox'

2019-06-22 18:58:53 - [MESSAGE][PASSED] - Delayed 10 second(s)

2019-06-22 18:58:53 - [MESSAGE][PASSED] - Text of object 'Object Repository/Green_Cleaning/Autosave/span_Last draft saved on' is: 'Last draft saved on: 22 Jun 2019 06:58:52 PM  Clear draft'

2019-06-22 18:58:53 - [MESSAGE][PASSED] - Object: 'Object Repository/Green_Cleaning/Autosave/div_Signout' is clicked on

2019-06-22 18:58:55 - [MESSAGE][PASSED] - Object: 'Object Repository/Green_Cleaning/Autosave/a_Sign out' is clicked on

2019-06-22 18:58:57 - [MESSAGE][PASSED] - Delayed 2 second(s)

2019-06-22 18:58:57 - [MESSAGE][WARNING] - A browser is already opened. Closing browser and opening a new one

2019-06-22 18:58:58 - [MESSAGE][INFO] - Starting 'Chrome (headless)' driver

2019-06-22 18:58:58 - [MESSAGE][INFO] - User set preference: ['args', '[--window-size=1920,1080]']

2019-06-22 18:59:01 - [MESSAGE][PASSED] - Browser is opened with url: ''

2019-06-22 18:59:08 - [MESSAGE][PASSED] - Navigate to 'https://leedonline-stg.usgbc.org' successfully

2019-06-22 18:59:10 - [MESSAGE][PASSED] - Delayed 2 second(s)

2019-06-22 18:59:10 - [MESSAGE][PASSED] - Text 'automationbdd1@gmail.com' is set on object 'Object Repository/Login/input_username'

2019-06-22 18:59:10 - [MESSAGE][PASSED] - Text 'initpass' is set on object 'Object Repository/Login/input_password'

2019-06-22 18:59:13 - [MESSAGE][PASSED] - Delayed 3 second(s)

2019-06-22 18:59:13 - [MESSAGE][PASSED] - Scroll to object 'Object Repository/Login/span_End User License Agreement' successfully

2019-06-22 18:59:13 - [MESSAGE][PASSED] - Object 'Object Repository/Login/span_End User License Agreement' is visible

2019-06-22 18:59:14 - [MESSAGE][PASSED] - Object 'Object Repository/Login/span_End User License Agreement' is checked

2019-06-22 18:59:15 - [MESSAGE][PASSED] - Delayed 1 second(s)

2019-06-22 18:59:15 - [MESSAGE][PASSED] - Object: 'Object Repository/Login/button_Log In' is clicked on

2019-06-22 18:59:28 - [MESSAGE][PASSED] - Object: '' is clicked on

2019-06-22 18:59:33 - [MESSAGE][PASSED] - Object: 'Object Repository/Login/a_Credits' is clicked on

2019-06-22 18:59:35 - [MESSAGE][PASSED] - Delayed 2 second(s)

2019-06-22 18:59:35 - [MESSAGE][PASSED] - Object: 'Object Repository/Green_Cleaning/Navigation/div_Green Cleaning' is clicked on

2019-06-22 18:59:37 - [MESSAGE][PASSED] - Delayed 2 second(s)

2019-06-22 18:59:45 - [MESSAGE][PASSED] - Object: 'Object Repository/Green_Cleaning/Navigation/span_(V01)' is clicked on

2019-06-22 18:59:45 - [MESSAGE][PASSED] - Object 'Object Repository/Green_Cleaning/Autosave/div_Form drafted and not yet saved' is present

2019-06-22 18:59:45 - [MESSAGE][PASSED] - Object 'Object Repository/Green_Cleaning/Autosave/Last draft saved dateTime_warningDiv' is present

2019-06-22 18:59:46 - [MESSAGE][PASSED] - Text of object 'Object Repository/Green_Cleaning/Autosave/Last draft saved dateTime_warningDiv' is: 'Last draft saved on: 22 Jun 2019 06:58:52 PM  Clear draft'

2019-06-22 18:59:46 - [MESSAGE][PASSED] - Actual text 'Last draft saved on: 22 Jun 2019 06:58:52 PM  Clear draft' and expected text 'Last draft saved on: 22 Jun 2019 06:58:52 PM  Clear draft' are matched 

2019-06-22 18:59:48 - [MESSAGE][PASSED] - Delayed 2 second(s)

2019-06-22 18:59:48 - [MESSAGE][PASSED] - Object: 'Object Repository/Green_Cleaning/Autosave/a_Clear draft' is clicked on

2019-06-22 18:59:48 - [MESSAGE][PASSED] - Object: 'Object Repository/Green_Cleaning/button_Yes' is clicked on

2019-06-22 18:59:48 - [MESSAGE][PASSED] - Run with 'greenCleaningForm.Runner_GC_AutoSaveAsDraft' was passed

2019-06-22 18:59:48 - [TEST_STEP][PASSED] - Start listener action : sampleAfterTestCase: Browser is closed

2019-06-22 18:59:48 - [TEST_STEP][PASSED] - closeBrowser(): Browser is closed

2019-06-22 18:59:49 - [MESSAGE][PASSED] - Browser is closed]]></system-out>
         <system-err><![CDATA[]]></system-err>
      </testcase>
      <system-out><![CDATA[2019-06-22 18:27:59 - [TEST_SUITE][PASSED] - GC_SmokeTest: Test Cases/GreenCleaning/TC_GC_AutoSaveAsDraft]]></system-out>
      <system-err><![CDATA[]]></system-err>
   </testsuite>
</testsuites>
