<?xml version="1.0" encoding="UTF-8"?>
<testsuites name="GC_SmokeTest" time="64" tests="1" failures="0" errors="0">
   <testsuite name="GC_SmokeTest" tests="1" failures="0" errors="0" time="64" timestamp="2019-06-18 16:43:21" hostname="promantus inc - G10PROLT025" id="Test Suites/GC_SmokeTest">
      <properties>
         <property name="deviceName" value=""/>
         <property name="devicePlatform" value=""/>
         <property name="logFolder" value="H:\\Git Projects\\Usgbc_LeedOnline_ScoreCard\\Usgbc_LeedOnline_ScoreCard\\Reports\\GC_SmokeTest\\20190618_164314"/>
         <property name="logFiles" value="H:\\Git Projects\\Usgbc_LeedOnline_ScoreCard\\Usgbc_LeedOnline_ScoreCard\\Reports\\GC_SmokeTest\\20190618_164314\\execution0.log"/>
         <property name="attachments" value=""/>
         <property name="hostName" value="promantus inc - G10PROLT025"/>
         <property name="os" value="Windows 10 64bit"/>
         <property name="katalonVersion" value="6.1.3.3"/>
         <property name="browser" value="Chrome 74.0.3729.169"/>
         <property name="hostAddress" value="192.168.232.1"/>
         <property name="sessionId" value="890a0e107f7625d8da840e3bdbb646a8"/>
         <property name="seleniumVersion" value="3.7.1"/>
         <property name="proxyInformation" value="ProxyInformation{proxyOption=NO_PROXY, proxyServerType=HTTP, password=, proxyServerAddress=, proxyServerPort=0}"/>
         <property name="platform" value="Windows 10"/>
      </properties>
      <testcase name="Test Cases/GreenCleaning/TC_GC_DeleteUploadedFiles_Custodial" classname="Test Cases/GreenCleaning/TC_GC_DeleteUploadedFiles_Custodial" status="PASSED">
         <system-out><![CDATA[2019-06-18 16:43:21 - [TEST_CASE][PASSED] - Test Cases/GreenCleaning/TC_GC_DeleteUploadedFiles_Custodial: Test Cases/GreenCleaning/TC_GC_DeleteUploadedFiles_Custodial

2019-06-18 16:43:21 - [TEST_STEP][PASSED] - Start listener action : sampleBeforeTestCase: null

2019-06-18 16:43:21 - [TEST_STEP][PASSED] - openBrowser(""): Browser is opened with url: ''

2019-06-18 16:43:22 - [MESSAGE][INFO] - Starting 'Chrome' driver

2019-06-18 16:43:22 - [MESSAGE][INFO] - User set preference: ['args', '[--window-size=1920,1080]']

2019-06-18 16:43:22 - [MESSAGE][INFO] - Action delay is set to 0 seconds

2019-06-18 16:43:25 - [MESSAGE][PASSED] - Browser is opened with url: ''

2019-06-18 16:43:25 - [TEST_STEP][PASSED] - driver = getWebDriver(): null

2019-06-18 16:43:25 - [TEST_STEP][PASSED] - println("The driver is ########### " + driver): null

2019-06-18 16:43:25 - [TEST_STEP][PASSED] - downloadPath = "H:\Git Projects\Usgbc_LeedOnline_ScoreCard\Usgbc_LeedOnline_ScoreCard\Include\TestData\DownloadedFiles": null

2019-06-18 16:43:25 - [TEST_STEP][PASSED] - projectKeywords().sendCommandForDownloadChromeHeadLess(driver.getCommandExecutor(), driver.getSessionId(), downloadPath): null

2019-06-18 16:43:26 - [TEST_STEP][PASSED] - runWithCucumberRunner(greenCleaningForm.Runner_GC_DeleteUploadedFiles_Custodial): Run with 'greenCleaningForm.Runner_GC_DeleteUploadedFiles_Custodial' was passed

2019-06-18 16:43:27 - [TEST_CASE][PASSED] - Test Cases/GreenCleaning/TC_GC_Navigate: Test Cases/GreenCleaning/TC_GC_Navigate

2019-06-18 16:43:28 - [TEST_STEP][PASSED] - runWithCucumberRunner(greenCleaningForm.Runner_NavigationGC): Run with 'greenCleaningForm.Runner_NavigationGC' was passed

2019-06-18 16:43:29 - [TEST_CASE][PASSED] - Test Cases/Login/TC_Login: Test Cases/Login/TC_Login

2019-06-18 16:43:30 - [TEST_STEP][PASSED] - runWithCucumberRunner(common.Runner_Login): Run with 'common.Runner_Login' was passed

2019-06-18 16:43:34 - [MESSAGE][PASSED] - Navigate to 'https://leedonline-stg.usgbc.org' successfully

2019-06-18 16:43:36 - [MESSAGE][PASSED] - Delayed 2 second(s)

2019-06-18 16:43:36 - [MESSAGE][PASSED] - Text 'automationbdd1@gmail.com' is set on object 'Object Repository/Login/input_username'

2019-06-18 16:43:36 - [MESSAGE][PASSED] - Text 'initpass' is set on object 'Object Repository/Login/input_password'

2019-06-18 16:43:39 - [MESSAGE][PASSED] - Delayed 3 second(s)

2019-06-18 16:43:39 - [MESSAGE][PASSED] - Scroll to object 'Object Repository/Login/span_End User License Agreement' successfully

2019-06-18 16:43:39 - [MESSAGE][PASSED] - Object 'Object Repository/Login/span_End User License Agreement' is visible

2019-06-18 16:43:39 - [MESSAGE][PASSED] - Object 'Object Repository/Login/span_End User License Agreement' is checked

2019-06-18 16:43:40 - [MESSAGE][PASSED] - Delayed 1 second(s)

2019-06-18 16:43:40 - [MESSAGE][PASSED] - Object: 'Object Repository/Login/button_Log In' is clicked on

2019-06-18 16:43:50 - [MESSAGE][PASSED] - Object: '' is clicked on

2019-06-18 16:43:58 - [MESSAGE][PASSED] - Object: 'Object Repository/Login/a_Credits' is clicked on

2019-06-18 16:43:58 - [MESSAGE][PASSED] - Run with 'common.Runner_Login' was passed

2019-06-18 16:43:58 - [MESSAGE][PASSED] - Call Test Case 'Test Cases/Login/TC_Login' successfully

2019-06-18 16:43:58 - [MESSAGE][PASSED] - Scroll to object 'Object Repository/Green_Cleaning/Navigation/div_Green Cleaning' successfully

2019-06-18 16:43:58 - [MESSAGE][PASSED] - Object 'Object Repository/Green_Cleaning/Navigation/div_Green Cleaning' is present

2019-06-18 16:43:58 - [MESSAGE][PASSED] - Text of object 'Object Repository/Green_Cleaning/Navigation/h3_Status' is: 'ATTEMPTED'

2019-06-18 16:43:58 - [MESSAGE][PASSED] - Text of object 'Object Repository/Green_Cleaning/Navigation/divval' is: 'ATTEMPTED'

2019-06-18 16:43:58 - [MESSAGE][PASSED] - Text of object 'Object Repository/Green_Cleaning/Navigation/h3_Status' is: 'ATTEMPTED'

2019-06-18 16:43:59 - [MESSAGE][PASSED] - Object: 'Object Repository/Green_Cleaning/Navigation/div_Green Cleaning' is clicked on

2019-06-18 16:44:02 - [MESSAGE][PASSED] - Delayed 3 second(s)

2019-06-18 16:44:12 - [MESSAGE][PASSED] - Object: 'Object Repository/Green_Cleaning/Navigation/span_(V01)' is clicked on

2019-06-18 16:44:12 - [MESSAGE][PASSED] - Object 'Object Repository/Green_Cleaning/Navigation/div_GreenCleaningPolicyCreditLib' is present

2019-06-18 16:44:12 - [MESSAGE][PASSED] - Run with 'greenCleaningForm.Runner_NavigationGC' was passed

2019-06-18 16:44:12 - [MESSAGE][PASSED] - Call Test Case 'Test Cases/GreenCleaning/TC_GC_Navigate' successfully

2019-06-18 16:44:12 - [MESSAGE][PASSED] - Scroll to object 'Object Repository/Green_Cleaning/Custodial_Effectiveness_Opt1/AddFile_UploadCustodialEffectivenessAudit/Table_Custodial' successfully

2019-06-18 16:44:12 - [MESSAGE][PASSED] - Object 'Object Repository/Green_Cleaning/Custodial_Effectiveness_Opt1/AddFile_UploadCustodialEffectivenessAudit/Table_Custodial' is present

2019-06-18 16:44:12 - [MESSAGE][PASSED] - Scroll to object 'Object Repository/Green_Cleaning/Custodial_Effectiveness_Opt1/AddFile_UploadCustodialEffectivenessAudit/p_Custodial Effectiveness' successfully

2019-06-18 16:44:13 - [MESSAGE][PASSED] - Delayed 1 second(s)

2019-06-18 16:44:13 - [MESSAGE][PASSED] - Object: '' is clicked on

2019-06-18 16:44:15 - [MESSAGE][PASSED] - Delayed 2 second(s)

2019-06-18 16:44:16 - [MESSAGE][PASSED] - Object: 'Object Repository/LightPollutionReduction/FixtureShielding/button_Yes' is clicked on

2019-06-18 16:44:17 - [MESSAGE][PASSED] - Delayed 1 second(s)

2019-06-18 16:44:17 - [MESSAGE][PASSED] - Object: '' is clicked on

2019-06-18 16:44:19 - [MESSAGE][PASSED] - Delayed 2 second(s)

2019-06-18 16:44:19 - [MESSAGE][PASSED] - Object: 'Object Repository/LightPollutionReduction/FixtureShielding/button_Yes' is clicked on

2019-06-18 16:44:20 - [MESSAGE][PASSED] - Delayed 1 second(s)

2019-06-18 16:44:20 - [MESSAGE][PASSED] - Object: '' is clicked on

2019-06-18 16:44:22 - [MESSAGE][PASSED] - Delayed 2 second(s)

2019-06-18 16:44:22 - [MESSAGE][PASSED] - Object: 'Object Repository/LightPollutionReduction/FixtureShielding/button_Yes' is clicked on

2019-06-18 16:44:24 - [MESSAGE][PASSED] - Delayed 2 second(s)

2019-06-18 16:44:24 - [MESSAGE][PASSED] - Web element with id: 'Object Repository/Green_Cleaning/Custodial_Effectiveness_Opt1/AddFile_UploadCustodialEffectivenessAudit/Table_Custodial' located by 'By.xpath: //*[@id="ceaDocs_files"]/table' is not present after '30' second(s)

2019-06-18 16:44:24 - [MESSAGE][PASSED] - Run with 'greenCleaningForm.Runner_GC_DeleteUploadedFiles_Custodial' was passed

2019-06-18 16:44:24 - [TEST_STEP][PASSED] - Start listener action : sampleAfterTestCase: Browser is closed

2019-06-18 16:44:24 - [TEST_STEP][PASSED] - closeBrowser(): Browser is closed

2019-06-18 16:44:25 - [MESSAGE][PASSED] - Browser is closed]]></system-out>
         <system-err><![CDATA[]]></system-err>
      </testcase>
      <system-out><![CDATA[2019-06-18 16:43:21 - [TEST_SUITE][PASSED] - GC_SmokeTest: Test Cases/GreenCleaning/TC_GC_DeleteUploadedFiles_Custodial]]></system-out>
      <system-err><![CDATA[]]></system-err>
   </testsuite>
</testsuites>
