<?xml version="1.0" encoding="UTF-8"?>
<testsuites name="GC_SmokeTest" time="156" tests="1" failures="0" errors="0">
   <testsuite name="GC_SmokeTest" tests="1" failures="0" errors="0" time="156" timestamp="2019-06-18 16:36:02" hostname="promantus inc - G10PROLT025" id="Test Suites/GC_SmokeTest">
      <properties>
         <property name="deviceName" value=""/>
         <property name="devicePlatform" value=""/>
         <property name="logFolder" value="H:\\Git Projects\\Usgbc_LeedOnline_ScoreCard\\Usgbc_LeedOnline_ScoreCard\\Reports\\GC_SmokeTest\\20190618_163555"/>
         <property name="logFiles" value="H:\\Git Projects\\Usgbc_LeedOnline_ScoreCard\\Usgbc_LeedOnline_ScoreCard\\Reports\\GC_SmokeTest\\20190618_163555\\execution0.log"/>
         <property name="attachments" value=""/>
         <property name="hostName" value="promantus inc - G10PROLT025"/>
         <property name="os" value="Windows 10 64bit"/>
         <property name="katalonVersion" value="6.1.3.3"/>
         <property name="browser" value="Chrome 74.0.3729.169"/>
         <property name="hostAddress" value="192.168.232.1"/>
         <property name="sessionId" value="b148e7e5d897be73bfe93bc6d5be7c77"/>
         <property name="seleniumVersion" value="3.7.1"/>
         <property name="proxyInformation" value="ProxyInformation{proxyOption=NO_PROXY, proxyServerType=HTTP, password=, proxyServerAddress=, proxyServerPort=0}"/>
         <property name="platform" value="Windows 10"/>
      </properties>
      <testcase name="Test Cases/GreenCleaning/TC_GC_DownloadFiles_Custodial" classname="Test Cases/GreenCleaning/TC_GC_DownloadFiles_Custodial" status="PASSED">
         <system-out><![CDATA[2019-06-18 16:36:03 - [TEST_CASE][PASSED] - Test Cases/GreenCleaning/TC_GC_DownloadFiles_Custodial: Test Cases/GreenCleaning/TC_GC_DownloadFiles_Custodial

2019-06-18 16:36:03 - [TEST_STEP][PASSED] - Start listener action : sampleBeforeTestCase: null

2019-06-18 16:36:03 - [TEST_STEP][PASSED] - openBrowser(""): Browser is opened with url: ''

2019-06-18 16:36:03 - [MESSAGE][INFO] - Starting 'Chrome' driver

2019-06-18 16:36:03 - [MESSAGE][INFO] - User set preference: ['args', '[--window-size=1920,1080]']

2019-06-18 16:36:03 - [MESSAGE][INFO] - Action delay is set to 0 seconds

2019-06-18 16:36:07 - [MESSAGE][PASSED] - Browser is opened with url: ''

2019-06-18 16:36:07 - [TEST_STEP][PASSED] - driver = getWebDriver(): null

2019-06-18 16:36:07 - [TEST_STEP][PASSED] - println("The driver is ########### " + driver): null

2019-06-18 16:36:07 - [TEST_STEP][PASSED] - downloadPath = "H:\Git Projects\Usgbc_LeedOnline_ScoreCard\Usgbc_LeedOnline_ScoreCard\Include\TestData\DownloadedFiles": null

2019-06-18 16:36:07 - [TEST_STEP][PASSED] - projectKeywords().sendCommandForDownloadChromeHeadLess(driver.getCommandExecutor(), driver.getSessionId(), downloadPath): null

2019-06-18 16:36:07 - [TEST_STEP][PASSED] - runWithCucumberRunner(greenCleaningForm.Runner_GC_DownloadFiles_Custodial): Run with 'greenCleaningForm.Runner_GC_DownloadFiles_Custodial' was passed

2019-06-18 16:36:09 - [TEST_CASE][PASSED] - Test Cases/GreenCleaning/TC_GC_Navigate: Test Cases/GreenCleaning/TC_GC_Navigate

2019-06-18 16:36:09 - [TEST_STEP][PASSED] - runWithCucumberRunner(greenCleaningForm.Runner_NavigationGC): Run with 'greenCleaningForm.Runner_NavigationGC' was passed

2019-06-18 16:36:10 - [TEST_CASE][PASSED] - Test Cases/Login/TC_Login: Test Cases/Login/TC_Login

2019-06-18 16:36:10 - [TEST_STEP][PASSED] - runWithCucumberRunner(common.Runner_Login): Run with 'common.Runner_Login' was passed

2019-06-18 16:36:13 - [MESSAGE][PASSED] - Navigate to 'https://leedonline-stg.usgbc.org' successfully

2019-06-18 16:36:15 - [MESSAGE][PASSED] - Delayed 2 second(s)

2019-06-18 16:36:15 - [MESSAGE][PASSED] - Text 'automationbdd1@gmail.com' is set on object 'Object Repository/Login/input_username'

2019-06-18 16:36:15 - [MESSAGE][PASSED] - Text 'initpass' is set on object 'Object Repository/Login/input_password'

2019-06-18 16:36:18 - [MESSAGE][PASSED] - Delayed 3 second(s)

2019-06-18 16:36:18 - [MESSAGE][PASSED] - Scroll to object 'Object Repository/Login/span_End User License Agreement' successfully

2019-06-18 16:36:19 - [MESSAGE][PASSED] - Object 'Object Repository/Login/span_End User License Agreement' is visible

2019-06-18 16:36:19 - [MESSAGE][PASSED] - Object 'Object Repository/Login/span_End User License Agreement' is checked

2019-06-18 16:36:20 - [MESSAGE][PASSED] - Delayed 1 second(s)

2019-06-18 16:36:20 - [MESSAGE][PASSED] - Object: 'Object Repository/Login/button_Log In' is clicked on

2019-06-18 16:36:24 - [MESSAGE][PASSED] - Object: '' is clicked on

2019-06-18 16:36:26 - [MESSAGE][PASSED] - Object: 'Object Repository/Login/a_Credits' is clicked on

2019-06-18 16:36:26 - [MESSAGE][PASSED] - Run with 'common.Runner_Login' was passed

2019-06-18 16:36:26 - [MESSAGE][PASSED] - Call Test Case 'Test Cases/Login/TC_Login' successfully

2019-06-18 16:36:26 - [MESSAGE][PASSED] - Scroll to object 'Object Repository/Green_Cleaning/Navigation/div_Green Cleaning' successfully

2019-06-18 16:36:26 - [MESSAGE][PASSED] - Object 'Object Repository/Green_Cleaning/Navigation/div_Green Cleaning' is present

2019-06-18 16:36:26 - [MESSAGE][PASSED] - Text of object 'Object Repository/Green_Cleaning/Navigation/h3_Status' is: 'ATTEMPTED'

2019-06-18 16:36:26 - [MESSAGE][PASSED] - Text of object 'Object Repository/Green_Cleaning/Navigation/divval' is: 'ATTEMPTED'

2019-06-18 16:36:26 - [MESSAGE][PASSED] - Text of object 'Object Repository/Green_Cleaning/Navigation/h3_Status' is: 'ATTEMPTED'

2019-06-18 16:36:26 - [MESSAGE][PASSED] - Object: 'Object Repository/Green_Cleaning/Navigation/div_Green Cleaning' is clicked on

2019-06-18 16:36:29 - [MESSAGE][PASSED] - Delayed 3 second(s)

2019-06-18 16:36:33 - [MESSAGE][PASSED] - Object: 'Object Repository/Green_Cleaning/Navigation/span_(V01)' is clicked on

2019-06-18 16:36:33 - [MESSAGE][PASSED] - Object 'Object Repository/Green_Cleaning/Navigation/div_GreenCleaningPolicyCreditLib' is present

2019-06-18 16:36:33 - [MESSAGE][PASSED] - Run with 'greenCleaningForm.Runner_NavigationGC' was passed

2019-06-18 16:36:33 - [MESSAGE][PASSED] - Call Test Case 'Test Cases/GreenCleaning/TC_GC_Navigate' successfully

2019-06-18 16:36:33 - [MESSAGE][PASSED] - Scroll to object 'Object Repository/Green_Cleaning/Custodial_Effectiveness_Opt1/AddFile_UploadCustodialEffectivenessAudit/Table_Custodial' successfully

2019-06-18 16:36:33 - [MESSAGE][PASSED] - Object 'Object Repository/Green_Cleaning/Custodial_Effectiveness_Opt1/AddFile_UploadCustodialEffectivenessAudit/Table_Custodial' is present

2019-06-18 16:36:33 - [MESSAGE][PASSED] - Scroll to object 'Object Repository/Green_Cleaning/Custodial_Effectiveness_Opt1/AddFile_UploadCustodialEffectivenessAudit/p_Custodial Effectiveness' successfully

2019-06-18 16:36:35 - [MESSAGE][PASSED] - Delayed 2 second(s)

2019-06-18 16:36:35 - [MESSAGE][PASSED] - Object: 'Object Repository/Green_Cleaning/Custodial_Effectiveness_Opt1/AddFile_UploadCustodialEffectivenessAudit/p_Custodial Effectiveness' is hovered

2019-06-18 16:36:35 - [MESSAGE][PASSED] - Object: '' is clicked on

2019-06-18 16:36:35 - [MESSAGE][PASSED] - Text of object '' is: 'ZZ.pdf'

2019-06-18 16:36:45 - [MESSAGE][PASSED] - Delayed 10 second(s)

2019-06-18 16:36:46 - [MESSAGE][PASSED] - Object: 'Object Repository/Green_Cleaning/Custodial_Effectiveness_Opt1/AddFile_UploadCustodialEffectivenessAudit/p_Custodial Effectiveness' is hovered

2019-06-18 16:36:48 - [MESSAGE][PASSED] - Delayed 2 second(s)

2019-06-18 16:36:50 - [MESSAGE][PASSED] - Delayed 2 second(s)

2019-06-18 16:36:50 - [MESSAGE][PASSED] - Object: 'Object Repository/Green_Cleaning/Custodial_Effectiveness_Opt1/AddFile_UploadCustodialEffectivenessAudit/p_Custodial Effectiveness' is hovered

2019-06-18 16:36:50 - [MESSAGE][PASSED] - Object: '' is clicked on

2019-06-18 16:36:50 - [MESSAGE][PASSED] - Text of object '' is: 'SamplePPTFile_1000kb.ppt'

2019-06-18 16:37:00 - [MESSAGE][PASSED] - Delayed 10 second(s)

2019-06-18 16:37:00 - [MESSAGE][PASSED] - Object: 'Object Repository/Green_Cleaning/Custodial_Effectiveness_Opt1/AddFile_UploadCustodialEffectivenessAudit/p_Custodial Effectiveness' is hovered

2019-06-18 16:37:02 - [MESSAGE][PASSED] - Delayed 2 second(s)

2019-06-18 16:37:04 - [MESSAGE][PASSED] - Delayed 2 second(s)

2019-06-18 16:37:04 - [MESSAGE][PASSED] - Object: 'Object Repository/Green_Cleaning/Custodial_Effectiveness_Opt1/AddFile_UploadCustodialEffectivenessAudit/p_Custodial Effectiveness' is hovered

2019-06-18 16:37:05 - [MESSAGE][PASSED] - Object: '' is clicked on

2019-06-18 16:37:05 - [MESSAGE][PASSED] - Text of object '' is: 'SampleGIFImage_350kbmb.gif'

2019-06-18 16:37:15 - [MESSAGE][PASSED] - Delayed 10 second(s)

2019-06-18 16:37:15 - [MESSAGE][PASSED] - Object: 'Object Repository/Green_Cleaning/Custodial_Effectiveness_Opt1/AddFile_UploadCustodialEffectivenessAudit/p_Custodial Effectiveness' is hovered

2019-06-18 16:37:17 - [MESSAGE][PASSED] - Delayed 2 second(s)

2019-06-18 16:37:20 - [MESSAGE][PASSED] - Delayed 3 second(s)

2019-06-18 16:37:22 - [MESSAGE][PASSED] - Delayed 2 second(s)

2019-06-18 16:37:23 - [MESSAGE][PASSED] - Delayed 1 second(s)

2019-06-18 16:37:23 - [MESSAGE][PASSED] - SampleGIFImage_350kbmb.gif exist in H:/Git Projects/Usgbc_LeedOnline_ScoreCard/Usgbc_LeedOnline_ScoreCard/Include/TestData/DownloadedFiles and was deleted

2019-06-18 16:37:23 - [MESSAGE][PASSED] - 

2019-06-18 16:37:23 - [MESSAGE][PASSED] - Actual text 'SampleGIFImage_350kbmb.gif' and expected text 'SampleGIFImage_350kbmb.gif' are matched 

2019-06-18 16:37:25 - [MESSAGE][PASSED] - Delayed 2 second(s)

2019-06-18 16:37:26 - [MESSAGE][PASSED] - Delayed 1 second(s)

2019-06-18 16:37:26 - [MESSAGE][PASSED] - SamplePPTFile_1000kb.ppt exist in H:/Git Projects/Usgbc_LeedOnline_ScoreCard/Usgbc_LeedOnline_ScoreCard/Include/TestData/DownloadedFiles and was deleted

2019-06-18 16:37:26 - [MESSAGE][PASSED] - 

2019-06-18 16:37:26 - [MESSAGE][PASSED] - Actual text 'SamplePPTFile_1000kb.ppt' and expected text 'SamplePPTFile_1000kb.ppt' are matched 

2019-06-18 16:37:28 - [MESSAGE][PASSED] - Delayed 2 second(s)

2019-06-18 16:37:29 - [MESSAGE][PASSED] - Delayed 1 second(s)

2019-06-18 16:37:29 - [MESSAGE][PASSED] - ZZ.pdf exist in H:/Git Projects/Usgbc_LeedOnline_ScoreCard/Usgbc_LeedOnline_ScoreCard/Include/TestData/DownloadedFiles and was deleted

2019-06-18 16:37:29 - [MESSAGE][PASSED] - 

2019-06-18 16:37:29 - [MESSAGE][PASSED] - Actual text 'ZZ.pdf' and expected text 'ZZ.pdf' are matched 

2019-06-18 16:37:29 - [MESSAGE][PASSED] - Scroll to object 'Object Repository/Green_Cleaning/SpecialCircumstances/AddFile_additionalDoc_Sc/Table_SC' successfully

2019-06-18 16:37:29 - [MESSAGE][PASSED] - Object 'Object Repository/Green_Cleaning/SpecialCircumstances/AddFile_additionalDoc_Sc/Table_SC' is present

2019-06-18 16:37:29 - [MESSAGE][PASSED] - Scroll to object 'Object Repository/Green_Cleaning/SpecialCircumstances/AddFile_additionalDoc_Sc/p_SC_additionalDoc' successfully

2019-06-18 16:37:31 - [MESSAGE][PASSED] - Delayed 2 second(s)

2019-06-18 16:37:31 - [MESSAGE][PASSED] - Object: 'Object Repository/Green_Cleaning/SpecialCircumstances/AddFile_additionalDoc_Sc/p_SC_additionalDoc' is hovered

2019-06-18 16:37:32 - [MESSAGE][PASSED] - Object: '' is clicked on

2019-06-18 16:37:32 - [MESSAGE][PASSED] - Text of object '' is: 'ZZ.pdf'

2019-06-18 16:37:42 - [MESSAGE][PASSED] - Delayed 10 second(s)

2019-06-18 16:37:42 - [MESSAGE][PASSED] - Object: 'Object Repository/Green_Cleaning/SpecialCircumstances/AddFile_additionalDoc_Sc/p_SC_additionalDoc' is hovered

2019-06-18 16:37:44 - [MESSAGE][PASSED] - Delayed 2 second(s)

2019-06-18 16:37:46 - [MESSAGE][PASSED] - Delayed 2 second(s)

2019-06-18 16:37:46 - [MESSAGE][PASSED] - Object: 'Object Repository/Green_Cleaning/SpecialCircumstances/AddFile_additionalDoc_Sc/p_SC_additionalDoc' is hovered

2019-06-18 16:37:46 - [MESSAGE][PASSED] - Object: '' is clicked on

2019-06-18 16:37:46 - [MESSAGE][PASSED] - Text of object '' is: 'SamplePPTFile_1000kb.ppt'

2019-06-18 16:37:56 - [MESSAGE][PASSED] - Delayed 10 second(s)

2019-06-18 16:37:56 - [MESSAGE][PASSED] - Object: 'Object Repository/Green_Cleaning/SpecialCircumstances/AddFile_additionalDoc_Sc/p_SC_additionalDoc' is hovered

2019-06-18 16:37:58 - [MESSAGE][PASSED] - Delayed 2 second(s)

2019-06-18 16:38:00 - [MESSAGE][PASSED] - Delayed 2 second(s)

2019-06-18 16:38:00 - [MESSAGE][PASSED] - Object: 'Object Repository/Green_Cleaning/SpecialCircumstances/AddFile_additionalDoc_Sc/p_SC_additionalDoc' is hovered

2019-06-18 16:38:00 - [MESSAGE][PASSED] - Object: '' is clicked on

2019-06-18 16:38:00 - [MESSAGE][PASSED] - Text of object '' is: 'SampleGIFImage_350kbmb.gif'

2019-06-18 16:38:10 - [MESSAGE][PASSED] - Delayed 10 second(s)

2019-06-18 16:38:11 - [MESSAGE][PASSED] - Object: 'Object Repository/Green_Cleaning/SpecialCircumstances/AddFile_additionalDoc_Sc/p_SC_additionalDoc' is hovered

2019-06-18 16:38:13 - [MESSAGE][PASSED] - Delayed 2 second(s)

2019-06-18 16:38:15 - [MESSAGE][PASSED] - Delayed 2 second(s)

2019-06-18 16:38:15 - [MESSAGE][PASSED] - Object: 'Object Repository/Green_Cleaning/SpecialCircumstances/AddFile_additionalDoc_Sc/p_SC_additionalDoc' is hovered

2019-06-18 16:38:15 - [MESSAGE][PASSED] - Object: '' is clicked on

2019-06-18 16:38:15 - [MESSAGE][PASSED] - Text of object '' is: 'ZZ.pdf'

2019-06-18 16:38:15 - [MESSAGE][PASSED] - Object: 'Object Repository/Green_Cleaning/SpecialCircumstances/AddFile_additionalDoc_Sc/p_SC_additionalDoc' is hovered

2019-06-18 16:38:17 - [MESSAGE][PASSED] - Delayed 2 second(s)

2019-06-18 16:38:19 - [MESSAGE][PASSED] - Delayed 2 second(s)

2019-06-18 16:38:19 - [MESSAGE][PASSED] - Object: 'Object Repository/Green_Cleaning/SpecialCircumstances/AddFile_additionalDoc_Sc/p_SC_additionalDoc' is hovered

2019-06-18 16:38:19 - [MESSAGE][PASSED] - Object: '' is clicked on

2019-06-18 16:38:19 - [MESSAGE][PASSED] - Text of object '' is: 'SamplePPTFile_1000kb.ppt'

2019-06-18 16:38:19 - [MESSAGE][PASSED] - Object: 'Object Repository/Green_Cleaning/SpecialCircumstances/AddFile_additionalDoc_Sc/p_SC_additionalDoc' is hovered

2019-06-18 16:38:21 - [MESSAGE][PASSED] - Delayed 2 second(s)

2019-06-18 16:38:23 - [MESSAGE][PASSED] - Delayed 2 second(s)

2019-06-18 16:38:23 - [MESSAGE][PASSED] - Object: 'Object Repository/Green_Cleaning/SpecialCircumstances/AddFile_additionalDoc_Sc/p_SC_additionalDoc' is hovered

2019-06-18 16:38:24 - [MESSAGE][PASSED] - Object: '' is clicked on

2019-06-18 16:38:24 - [MESSAGE][PASSED] - Text of object '' is: 'SampleGIFImage_350kbmb.gif'

2019-06-18 16:38:24 - [MESSAGE][PASSED] - Object: 'Object Repository/Green_Cleaning/SpecialCircumstances/AddFile_additionalDoc_Sc/p_SC_additionalDoc' is hovered

2019-06-18 16:38:26 - [MESSAGE][PASSED] - Delayed 2 second(s)

2019-06-18 16:38:29 - [MESSAGE][PASSED] - Delayed 3 second(s)

2019-06-18 16:38:31 - [MESSAGE][PASSED] - Delayed 2 second(s)

2019-06-18 16:38:32 - [MESSAGE][PASSED] - Delayed 1 second(s)

2019-06-18 16:38:32 - [MESSAGE][PASSED] - SampleGIFImage_350kbmb.gif exist in H:/Git Projects/Usgbc_LeedOnline_ScoreCard/Usgbc_LeedOnline_ScoreCard/Include/TestData/DownloadedFiles and was deleted

2019-06-18 16:38:32 - [MESSAGE][PASSED] - 

2019-06-18 16:38:32 - [MESSAGE][PASSED] - Actual text 'SampleGIFImage_350kbmb.gif' and expected text 'SampleGIFImage_350kbmb.gif' are matched 

2019-06-18 16:38:34 - [MESSAGE][PASSED] - Delayed 2 second(s)

2019-06-18 16:38:35 - [MESSAGE][PASSED] - Delayed 1 second(s)

2019-06-18 16:38:35 - [MESSAGE][PASSED] - SamplePPTFile_1000kb.ppt exist in H:/Git Projects/Usgbc_LeedOnline_ScoreCard/Usgbc_LeedOnline_ScoreCard/Include/TestData/DownloadedFiles and was deleted

2019-06-18 16:38:35 - [MESSAGE][PASSED] - 

2019-06-18 16:38:35 - [MESSAGE][PASSED] - Actual text 'SamplePPTFile_1000kb.ppt' and expected text 'SamplePPTFile_1000kb.ppt' are matched 

2019-06-18 16:38:37 - [MESSAGE][PASSED] - Delayed 2 second(s)

2019-06-18 16:38:38 - [MESSAGE][PASSED] - Delayed 1 second(s)

2019-06-18 16:38:38 - [MESSAGE][PASSED] - ZZ.pdf exist in H:/Git Projects/Usgbc_LeedOnline_ScoreCard/Usgbc_LeedOnline_ScoreCard/Include/TestData/DownloadedFiles and was deleted

2019-06-18 16:38:38 - [MESSAGE][PASSED] - 

2019-06-18 16:38:38 - [MESSAGE][PASSED] - Actual text 'ZZ.pdf' and expected text 'ZZ.pdf' are matched 

2019-06-18 16:38:38 - [MESSAGE][PASSED] - Run with 'greenCleaningForm.Runner_GC_DownloadFiles_Custodial' was passed

2019-06-18 16:38:38 - [TEST_STEP][PASSED] - Start listener action : sampleAfterTestCase: Browser is closed

2019-06-18 16:38:38 - [TEST_STEP][PASSED] - closeBrowser(): Browser is closed

2019-06-18 16:38:39 - [MESSAGE][PASSED] - Browser is closed]]></system-out>
         <system-err><![CDATA[]]></system-err>
      </testcase>
      <system-out><![CDATA[2019-06-18 16:36:02 - [TEST_SUITE][PASSED] - GC_SmokeTest: Test Cases/GreenCleaning/TC_GC_DownloadFiles_Custodial]]></system-out>
      <system-err><![CDATA[]]></system-err>
   </testsuite>
</testsuites>
