<?xml version="1.0" encoding="UTF-8"?>
<testsuites name="GC_SmokeTest" time="56" tests="1" failures="0" errors="0">
   <testsuite name="GC_SmokeTest" tests="1" failures="0" errors="0" time="56" timestamp="2019-06-20 12:23:49" hostname="promantus inc - G10PROLT025" id="Test Suites/GC_SmokeTest">
      <properties>
         <property name="deviceName" value=""/>
         <property name="devicePlatform" value=""/>
         <property name="logFolder" value="H:\\Git Projects\\Usgbc_LeedOnline_ScoreCard\\Usgbc_LeedOnline_ScoreCard\\Reports\\GC_SmokeTest\\20190620_122341"/>
         <property name="logFiles" value="H:\\Git Projects\\Usgbc_LeedOnline_ScoreCard\\Usgbc_LeedOnline_ScoreCard\\Reports\\GC_SmokeTest\\20190620_122341\\execution0.log"/>
         <property name="attachments" value=""/>
         <property name="hostName" value="promantus inc - G10PROLT025"/>
         <property name="os" value="Windows 10 64bit"/>
         <property name="katalonVersion" value="6.1.3.3"/>
         <property name="browser" value="Chrome 74.0.3729.169"/>
         <property name="hostAddress" value="192.168.232.1"/>
         <property name="sessionId" value="d8f567fb22873c01eb4ccc86e6c4caa1"/>
         <property name="seleniumVersion" value="3.7.1"/>
         <property name="proxyInformation" value="ProxyInformation{proxyOption=NO_PROXY, proxyServerType=HTTP, password=, proxyServerAddress=, proxyServerPort=0}"/>
         <property name="platform" value="Windows 10"/>
      </properties>
      <testcase name="Test Cases/GreenCleaning/TC_GC_NegativeCases_Custodial" classname="Test Cases/GreenCleaning/TC_GC_NegativeCases_Custodial" status="PASSED">
         <system-out><![CDATA[2019-06-20 12:23:50 - [TEST_CASE][PASSED] - Test Cases/GreenCleaning/TC_GC_NegativeCases_Custodial: Test Cases/GreenCleaning/TC_GC_NegativeCases_Custodial

2019-06-20 12:23:50 - [TEST_STEP][PASSED] - Start listener action : sampleBeforeTestCase: null

2019-06-20 12:23:50 - [TEST_STEP][PASSED] - openBrowser(""): Browser is opened with url: ''

2019-06-20 12:23:50 - [MESSAGE][INFO] - Starting 'Chrome' driver

2019-06-20 12:23:50 - [MESSAGE][INFO] - User set preference: ['args', '[--window-size=1920,1080]']

2019-06-20 12:23:50 - [MESSAGE][INFO] - Action delay is set to 0 seconds

2019-06-20 12:23:54 - [MESSAGE][PASSED] - Browser is opened with url: ''

2019-06-20 12:23:54 - [TEST_STEP][PASSED] - driver = getWebDriver(): null

2019-06-20 12:23:54 - [TEST_STEP][PASSED] - println("The driver is ########### " + driver): null

2019-06-20 12:23:54 - [TEST_STEP][PASSED] - downloadPath = "H:\Git Projects\Usgbc_LeedOnline_ScoreCard\Usgbc_LeedOnline_ScoreCard\Include\TestData\DownloadedFiles": null

2019-06-20 12:23:54 - [TEST_STEP][PASSED] - projectKeywords().sendCommandForDownloadChromeHeadLess(driver.getCommandExecutor(), driver.getSessionId(), downloadPath): null

2019-06-20 12:23:54 - [TEST_STEP][PASSED] - runWithCucumberRunner(greenCleaningForm.Runner_GC_NegativeCases_Custodial): Run with 'greenCleaningForm.Runner_GC_NegativeCases_Custodial' was passed

2019-06-20 12:23:56 - [TEST_CASE][PASSED] - Test Cases/GreenCleaning/TC_GC_Navigate: Test Cases/GreenCleaning/TC_GC_Navigate

2019-06-20 12:23:56 - [TEST_STEP][PASSED] - runWithCucumberRunner(greenCleaningForm.Runner_NavigationGC): Run with 'greenCleaningForm.Runner_NavigationGC' was passed

2019-06-20 12:23:58 - [TEST_CASE][PASSED] - Test Cases/Login/TC_Login: Test Cases/Login/TC_Login

2019-06-20 12:23:58 - [TEST_STEP][PASSED] - runWithCucumberRunner(common.Runner_Login): Run with 'common.Runner_Login' was passed

2019-06-20 12:24:01 - [MESSAGE][PASSED] - Navigate to 'https://leedonline-stg.usgbc.org' successfully

2019-06-20 12:24:03 - [MESSAGE][PASSED] - Delayed 2 second(s)

2019-06-20 12:24:03 - [MESSAGE][PASSED] - Text 'automationbdd1@gmail.com' is set on object 'Object Repository/Login/input_username'

2019-06-20 12:24:04 - [MESSAGE][PASSED] - Text 'initpass' is set on object 'Object Repository/Login/input_password'

2019-06-20 12:24:07 - [MESSAGE][PASSED] - Delayed 3 second(s)

2019-06-20 12:24:07 - [MESSAGE][PASSED] - Scroll to object 'Object Repository/Login/span_End User License Agreement' successfully

2019-06-20 12:24:07 - [MESSAGE][PASSED] - Object 'Object Repository/Login/span_End User License Agreement' is visible

2019-06-20 12:24:07 - [MESSAGE][PASSED] - Object 'Object Repository/Login/span_End User License Agreement' is checked

2019-06-20 12:24:08 - [MESSAGE][PASSED] - Delayed 1 second(s)

2019-06-20 12:24:08 - [MESSAGE][PASSED] - Object: 'Object Repository/Login/button_Log In' is clicked on

2019-06-20 12:24:12 - [MESSAGE][PASSED] - Object: '' is clicked on

2019-06-20 12:24:14 - [MESSAGE][PASSED] - Object: 'Object Repository/Login/a_Credits' is clicked on

2019-06-20 12:24:14 - [MESSAGE][PASSED] - Run with 'common.Runner_Login' was passed

2019-06-20 12:24:14 - [MESSAGE][PASSED] - Call Test Case 'Test Cases/Login/TC_Login' successfully

2019-06-20 12:24:15 - [MESSAGE][PASSED] - Scroll to object 'Object Repository/Green_Cleaning/Navigation/div_Green Cleaning' successfully

2019-06-20 12:24:15 - [MESSAGE][PASSED] - Object 'Object Repository/Green_Cleaning/Navigation/div_Green Cleaning' is present

2019-06-20 12:24:15 - [MESSAGE][PASSED] - Text of object 'Object Repository/Green_Cleaning/Navigation/h3_Status' is: 'ATTEMPTED'

2019-06-20 12:24:15 - [MESSAGE][PASSED] - Text of object 'Object Repository/Green_Cleaning/Navigation/divval' is: 'ATTEMPTED'

2019-06-20 12:24:15 - [MESSAGE][PASSED] - Text of object 'Object Repository/Green_Cleaning/Navigation/h3_Status' is: 'ATTEMPTED'

2019-06-20 12:24:15 - [MESSAGE][PASSED] - Object: 'Object Repository/Green_Cleaning/Navigation/div_Green Cleaning' is clicked on

2019-06-20 12:24:18 - [MESSAGE][PASSED] - Delayed 3 second(s)

2019-06-20 12:24:21 - [MESSAGE][PASSED] - Object: 'Object Repository/Green_Cleaning/Navigation/span_(V01)' is clicked on

2019-06-20 12:24:21 - [MESSAGE][PASSED] - Object 'Object Repository/Green_Cleaning/Navigation/div_GreenCleaningPolicyCreditLib' is present

2019-06-20 12:24:21 - [MESSAGE][PASSED] - Run with 'greenCleaningForm.Runner_NavigationGC' was passed

2019-06-20 12:24:21 - [MESSAGE][PASSED] - Call Test Case 'Test Cases/GreenCleaning/TC_GC_Navigate' successfully

2019-06-20 12:24:21 - [MESSAGE][PASSED] - Object: 'Object Repository/Green_Cleaning/Custodial_Effectiveness_Opt1/input_SelectOption' is clicked on

2019-06-20 12:24:23 - [MESSAGE][PASSED] - Delayed 2 second(s)

2019-06-20 12:24:25 - [MESSAGE][PASSED] - Delayed 2 second(s)

2019-06-20 12:24:26 - [MESSAGE][PASSED] - Object: 'Object Repository/Green_Cleaning/button_Save' is clicked on

2019-06-20 12:24:28 - [MESSAGE][PASSED] - Delayed 2 second(s)

2019-06-20 12:24:28 - [MESSAGE][PASSED] - Text 'Please fix the highlighted errors.' is present on page 

2019-06-20 12:24:30 - [MESSAGE][PASSED] - Delayed 2 second(s)

2019-06-20 12:24:30 - [MESSAGE][PASSED] - Object 'Object Repository/Green_Cleaning/Custodial_Effectiveness_Opt1/AddFile_UploadCustodialEffectivenessAudit/p_Custodial Effectiveness' is present

2019-06-20 12:24:30 - [MESSAGE][PASSED] - Scroll to object 'Object Repository/Green_Cleaning/Custodial_Effectiveness_Opt1/AddFile_UploadCustodialEffectivenessAudit/p_Custodial Effectiveness' successfully

2019-06-20 12:24:30 - [MESSAGE][PASSED] - Scroll to object 'Object Repository/Green_Cleaning/Custodial_Effectiveness_Opt1/AddFile_UploadCustodialEffectivenessAudit/p_Custodial Effectiveness' successfully

2019-06-20 12:24:30 - [MESSAGE][PASSED] - File 'H:/Git Projects/Usgbc_LeedOnline_ScoreCard/Usgbc_LeedOnline_ScoreCard/Include/TestData/NegativeTestFiles/102MBfile.pdf' sent to object: 'Object Repository/Green_Cleaning/Custodial_Effectiveness_Opt1/AddFile_UploadCustodialEffectivenessAudit/input_custodial'

2019-06-20 12:24:32 - [MESSAGE][PASSED] - Delayed 2 second(s)

2019-06-20 12:24:32 - [MESSAGE][PASSED] - Text 'Maximum allowed file size is 100 MB only.' is present on page 

2019-06-20 12:24:32 - [MESSAGE][PASSED] - Object 'Object Repository/Green_Cleaning/Custodial_Effectiveness_Opt1/AddFile_UploadCustodialEffectivenessAudit/p_Custodial Effectiveness' is present

2019-06-20 12:24:32 - [MESSAGE][PASSED] - Scroll to object 'Object Repository/Green_Cleaning/Custodial_Effectiveness_Opt1/AddFile_UploadCustodialEffectivenessAudit/p_Custodial Effectiveness' successfully

2019-06-20 12:24:32 - [MESSAGE][PASSED] - Scroll to object 'Object Repository/Green_Cleaning/Custodial_Effectiveness_Opt1/AddFile_UploadCustodialEffectivenessAudit/p_Custodial Effectiveness' successfully

2019-06-20 12:24:32 - [MESSAGE][PASSED] - File 'H:/Git Projects/Usgbc_LeedOnline_ScoreCard/Usgbc_LeedOnline_ScoreCard/Include/TestData/NegativeTestFiles/24MBfile.doc' sent to object: 'Object Repository/Green_Cleaning/Custodial_Effectiveness_Opt1/AddFile_UploadCustodialEffectivenessAudit/input_custodial'

2019-06-20 12:24:32 - [MESSAGE][PASSED] - Scroll to object 'Object Repository/Green_Cleaning/button_Save' successfully

2019-06-20 12:24:33 - [MESSAGE][PASSED] - Object: 'Object Repository/Green_Cleaning/button_Save' is clicked on

2019-06-20 12:24:35 - [MESSAGE][PASSED] - Delayed 2 second(s)

2019-06-20 12:24:35 - [MESSAGE][PASSED] - Text 'Please wait running actions to complete.' is present on page 

2019-06-20 12:24:37 - [MESSAGE][PASSED] - Delayed 2 second(s)

2019-06-20 12:24:37 - [MESSAGE][WARNING] - Timeout '0' is invalid. Using default page load timeout: '30'

2019-06-20 12:24:37 - [MESSAGE][PASSED] - Scroll to object 'Object Repository/Green_Cleaning/Custodial_Effectiveness_Opt1/input_Overall score' successfully

2019-06-20 12:24:37 - [MESSAGE][PASSED] - Object 'Object Repository/Green_Cleaning/Custodial_Effectiveness_Opt1/input_Overall score' is present

2019-06-20 12:24:37 - [MESSAGE][PASSED] - Text '66,612,334,442.25' is set on object 'Object Repository/Green_Cleaning/Custodial_Effectiveness_Opt1/input_Overall score'

2019-06-20 12:24:37 - [MESSAGE][PASSED] - Attribute 'value' of object 'Object Repository/Green_Cleaning/Custodial_Effectiveness_Opt1/input_Overall score' is: '6,661,233,444.25'

2019-06-20 12:24:37 - [MESSAGE][PASSED] - Actual text 'null' and expected text '6,661,233,444.25' are not matched 

2019-06-20 12:24:37 - [MESSAGE][WARNING] - Timeout '0' is invalid. Using default page load timeout: '30'

2019-06-20 12:24:37 - [MESSAGE][PASSED] - Scroll to object 'Object Repository/Green_Cleaning/Custodial_Effectiveness_Opt1/input_Overall score' successfully

2019-06-20 12:24:37 - [MESSAGE][PASSED] - Object 'Object Repository/Green_Cleaning/Custodial_Effectiveness_Opt1/input_Overall score' is present

2019-06-20 12:24:38 - [MESSAGE][PASSED] - Text '1,234,567,845.255' is set on object 'Object Repository/Green_Cleaning/Custodial_Effectiveness_Opt1/input_Overall score'

2019-06-20 12:24:38 - [MESSAGE][PASSED] - Attribute 'value' of object 'Object Repository/Green_Cleaning/Custodial_Effectiveness_Opt1/input_Overall score' is: '1,234,567,845.25'

2019-06-20 12:24:38 - [MESSAGE][PASSED] - Actual text 'null' and expected text '1,234,567,845.25' are not matched 

2019-06-20 12:24:38 - [MESSAGE][PASSED] - Object 'Object Repository/Green_Cleaning/SpecialCircumstances/AddFile_additionalDoc_Sc/p_SC_additionalDoc' is present

2019-06-20 12:24:38 - [MESSAGE][PASSED] - Scroll to object 'Object Repository/Green_Cleaning/SpecialCircumstances/AddFile_additionalDoc_Sc/p_SC_additionalDoc' successfully

2019-06-20 12:24:38 - [MESSAGE][PASSED] - Scroll to object 'Object Repository/Green_Cleaning/SpecialCircumstances/AddFile_additionalDoc_Sc/p_SC_additionalDoc' successfully

2019-06-20 12:24:38 - [MESSAGE][PASSED] - File 'H:/Git Projects/Usgbc_LeedOnline_ScoreCard/Usgbc_LeedOnline_ScoreCard/Include/TestData/NegativeTestFiles/102MBfile.pdf' sent to object: 'Object Repository/Green_Cleaning/SpecialCircumstances/AddFile_additionalDoc_Sc/input_SCAddFile'

2019-06-20 12:24:40 - [MESSAGE][PASSED] - Delayed 2 second(s)

2019-06-20 12:24:40 - [MESSAGE][PASSED] - Text 'Maximum allowed file size is 100 MB only.' is present on page 

2019-06-20 12:24:40 - [MESSAGE][PASSED] - Object 'Object Repository/Green_Cleaning/SpecialCircumstances/AddFile_additionalDoc_Sc/p_SC_additionalDoc' is present

2019-06-20 12:24:40 - [MESSAGE][PASSED] - Scroll to object 'Object Repository/Green_Cleaning/SpecialCircumstances/AddFile_additionalDoc_Sc/p_SC_additionalDoc' successfully

2019-06-20 12:24:40 - [MESSAGE][PASSED] - Scroll to object 'Object Repository/Green_Cleaning/SpecialCircumstances/AddFile_additionalDoc_Sc/p_SC_additionalDoc' successfully

2019-06-20 12:24:40 - [MESSAGE][PASSED] - File 'H:/Git Projects/Usgbc_LeedOnline_ScoreCard/Usgbc_LeedOnline_ScoreCard/Include/TestData/NegativeTestFiles/24MBfile.doc' sent to object: 'Object Repository/Green_Cleaning/SpecialCircumstances/AddFile_additionalDoc_Sc/input_SCAddFile'

2019-06-20 12:24:40 - [MESSAGE][PASSED] - Scroll to object 'Object Repository/Green_Cleaning/button_Save' successfully

2019-06-20 12:24:40 - [MESSAGE][PASSED] - Object: 'Object Repository/Green_Cleaning/button_Save' is clicked on

2019-06-20 12:24:42 - [MESSAGE][PASSED] - Delayed 2 second(s)

2019-06-20 12:24:42 - [MESSAGE][PASSED] - Text 'Please wait running actions to complete.' is present on page 

2019-06-20 12:24:44 - [MESSAGE][PASSED] - Delayed 2 second(s)

2019-06-20 12:24:45 - [MESSAGE][PASSED] - Run with 'greenCleaningForm.Runner_GC_NegativeCases_Custodial' was passed

2019-06-20 12:24:45 - [TEST_STEP][PASSED] - Start listener action : sampleAfterTestCase: Browser is closed

2019-06-20 12:24:45 - [TEST_STEP][PASSED] - closeBrowser(): Browser is closed

2019-06-20 12:24:45 - [MESSAGE][PASSED] - Browser is closed]]></system-out>
         <system-err><![CDATA[]]></system-err>
      </testcase>
      <system-out><![CDATA[2019-06-20 12:23:49 - [TEST_SUITE][PASSED] - GC_SmokeTest: Test Cases/GreenCleaning/TC_GC_NegativeCases_Custodial]]></system-out>
      <system-err><![CDATA[]]></system-err>
   </testsuite>
</testsuites>
