<?xml version="1.0" encoding="UTF-8"?>
<testsuites name="In_SmokeTest" time="4501" tests="4" failures="3" errors="0">
   <testsuite name="In_SmokeTest" tests="4" failures="3" errors="0" time="4501" timestamp="2019-07-11 13:13:22" hostname="promantus inc - G10PROLT025" id="Test Suites/In_SmokeTest">
      <properties>
         <property name="deviceName" value=""/>
         <property name="devicePlatform" value=""/>
         <property name="logFolder" value="H:\\Git_personal\\Personal_Leed\\Usgbc_LeedOnline_ScoreCard\\Reports\\In_SmokeTest\\20190711_131315"/>
         <property name="logFiles" value="H:\\Git_personal\\Personal_Leed\\Usgbc_LeedOnline_ScoreCard\\Reports\\In_SmokeTest\\20190711_131315\\execution0.log"/>
         <property name="attachments" value="H:\\Git_personal\\Personal_Leed\\Usgbc_LeedOnline_ScoreCard\\Reports\\In_SmokeTest\\20190711_131315\\1562831116854.png, H:\\Git_personal\\Personal_Leed\\Usgbc_LeedOnline_ScoreCard\\Reports\\In_SmokeTest\\20190711_131315\\1562831122593.png, H:\\Git_personal\\Personal_Leed\\Usgbc_LeedOnline_ScoreCard\\Reports\\In_SmokeTest\\20190711_131315\\1562831243092.png, H:\\Git_personal\\Personal_Leed\\Usgbc_LeedOnline_ScoreCard\\Reports\\In_SmokeTest\\20190711_131315\\1562835358987.png, H:\\Git_personal\\Personal_Leed\\Usgbc_LeedOnline_ScoreCard\\Reports\\In_SmokeTest\\20190711_131315\\1562835394183.png, H:\\Git_personal\\Personal_Leed\\Usgbc_LeedOnline_ScoreCard\\Reports\\In_SmokeTest\\20190711_131315\\1562835440593.png, H:\\Git_personal\\Personal_Leed\\Usgbc_LeedOnline_ScoreCard\\Reports\\In_SmokeTest\\20190711_131315\\1562835441034.png, H:\\Git_personal\\Personal_Leed\\Usgbc_LeedOnline_ScoreCard\\Reports\\In_SmokeTest\\20190711_131315\\1562835443735.png"/>
         <property name="hostName" value="promantus inc - G10PROLT025"/>
         <property name="os" value="Windows 10 64bit"/>
         <property name="katalonVersion" value="6.1.3.3"/>
         <property name="browser" value="Chrome 75.0.3770.100"/>
         <property name="hostAddress" value="192.168.232.1"/>
         <property name="sessionId" value="b41714594f7870b4b8ac8ce890993f00"/>
         <property name="seleniumVersion" value="3.7.1"/>
         <property name="proxyInformation" value="ProxyInformation{proxyOption=NO_PROXY, proxyServerType=HTTP, password=, proxyServerAddress=, proxyServerPort=0}"/>
         <property name="platform" value="Windows 10"/>
      </properties>
      <testcase name="Test Cases/Innovation/TC_In_Innovation_Strategy" classname="Test Cases/Innovation/TC_In_Innovation_Strategy" status="FAILED">
         <failure type="FAILED" message="Test Cases/Innovation/TC_In_Innovation_Strategy FAILED.
Reason:
com.kms.katalon.core.exception.StepFailedException: These following reason:
 [Unable to verify text 'Form data saved successfully.' is present , Unable to click on object 'Object Repository/Innovation/icon_pdf']
	at com.kms.katalon.core.keyword.internal.KeywordMain.stepFailed(KeywordMain.groovy:48)
	at com.kms.katalon.core.keyword.internal.KeywordMain.stepFailed(KeywordMain.groovy)
	at com.kms.katalon.core.keyword.internal.KeywordMain.stepFailed(KeywordMain.groovy:21)
	at com.kms.katalon.core.keyword.internal.KeywordMain$stepFailed$0.call(Unknown Source)
	at com.kms.katalon.core.cucumber.keyword.CucumberBuiltinKeywords$_runWithCucumberRunner_closure3.doCall(CucumberBuiltinKeywords.groovy:272)
	at com.kms.katalon.core.cucumber.keyword.CucumberBuiltinKeywords$_runWithCucumberRunner_closure3.doCall(CucumberBuiltinKeywords.groovy)
	at com.kms.katalon.core.keyword.internal.KeywordMain.runKeyword(KeywordMain.groovy:66)
	at com.kms.katalon.core.keyword.internal.KeywordMain$runKeyword.call(Unknown Source)
	at com.kms.katalon.core.cucumber.keyword.CucumberBuiltinKeywords.runWithCucumberRunner(CucumberBuiltinKeywords.groovy:257)
	at com.kms.katalon.core.cucumber.keyword.CucumberBuiltinKeywords$runWithCucumberRunner$0.callStatic(Unknown Source)
	at com.kms.katalon.core.cucumber.keyword.CucumberBuiltinKeywords.runWithCucumberRunner(CucumberBuiltinKeywords.groovy:357)
	at com.kms.katalon.core.cucumber.keyword.CucumberBuiltinKeywords$runWithCucumberRunner.call(Unknown Source)
	at TC_In_Innovation_Strategy.run(TC_In_Innovation_Strategy:18)
	at com.kms.katalon.core.main.ScriptEngine.run(ScriptEngine.java:194)
	at com.kms.katalon.core.main.ScriptEngine.runScriptAsRawText(ScriptEngine.java:119)
	at com.kms.katalon.core.main.TestCaseExecutor.runScript(TestCaseExecutor.java:336)
	at com.kms.katalon.core.main.TestCaseExecutor.doExecute(TestCaseExecutor.java:327)
	at com.kms.katalon.core.main.TestCaseExecutor.processExecutionPhase(TestCaseExecutor.java:306)
	at com.kms.katalon.core.main.TestCaseExecutor.accessMainPhase(TestCaseExecutor.java:298)
	at com.kms.katalon.core.main.TestCaseExecutor.execute(TestCaseExecutor.java:232)
	at com.kms.katalon.core.main.TestSuiteExecutor.accessTestCaseMainPhase(TestSuiteExecutor.java:129)
	at com.kms.katalon.core.main.TestSuiteExecutor.accessTestSuiteMainPhase(TestSuiteExecutor.java:112)
	at com.kms.katalon.core.main.TestSuiteExecutor.execute(TestSuiteExecutor.java:81)
	at com.kms.katalon.core.main.TestCaseMain.startTestSuite(TestCaseMain.java:157)
	at com.kms.katalon.core.main.TestCaseMain$startTestSuite$0.call(Unknown Source)
	at TempTestSuite1562830999925.run(TempTestSuite1562830999925.groovy:35)
"/>
         <system-out><![CDATA[2019-07-11 13:13:23 - [TEST_CASE][FAILED] - Test Cases/Innovation/TC_In_Innovation_Strategy: Test Cases/Innovation/TC_In_Innovation_Strategy FAILED.
Reason:
com.kms.katalon.core.exception.StepFailedException: These following reason:
 [Unable to verify text 'Form data saved successfully.' is present , Unable to click on object 'Object Repository/Innovation/icon_pdf']
	at com.kms.katalon.core.keyword.internal.KeywordMain.stepFailed(KeywordMain.groovy:48)
	at com.kms.katalon.core.keyword.internal.KeywordMain.stepFailed(KeywordMain.groovy)
	at com.kms.katalon.core.keyword.internal.KeywordMain.stepFailed(KeywordMain.groovy:21)
	at com.kms.katalon.core.keyword.internal.KeywordMain$stepFailed$0.call(Unknown Source)
	at com.kms.katalon.core.cucumber.keyword.CucumberBuiltinKeywords$_runWithCucumberRunner_closure3.doCall(CucumberBuiltinKeywords.groovy:272)
	at com.kms.katalon.core.cucumber.keyword.CucumberBuiltinKeywords$_runWithCucumberRunner_closure3.doCall(CucumberBuiltinKeywords.groovy)
	at com.kms.katalon.core.keyword.internal.KeywordMain.runKeyword(KeywordMain.groovy:66)
	at com.kms.katalon.core.keyword.internal.KeywordMain$runKeyword.call(Unknown Source)
	at com.kms.katalon.core.cucumber.keyword.CucumberBuiltinKeywords.runWithCucumberRunner(CucumberBuiltinKeywords.groovy:257)
	at com.kms.katalon.core.cucumber.keyword.CucumberBuiltinKeywords$runWithCucumberRunner$0.callStatic(Unknown Source)
	at com.kms.katalon.core.cucumber.keyword.CucumberBuiltinKeywords.runWithCucumberRunner(CucumberBuiltinKeywords.groovy:357)
	at com.kms.katalon.core.cucumber.keyword.CucumberBuiltinKeywords$runWithCucumberRunner.call(Unknown Source)
	at TC_In_Innovation_Strategy.run(TC_In_Innovation_Strategy:18)
	at com.kms.katalon.core.main.ScriptEngine.run(ScriptEngine.java:194)
	at com.kms.katalon.core.main.ScriptEngine.runScriptAsRawText(ScriptEngine.java:119)
	at com.kms.katalon.core.main.TestCaseExecutor.runScript(TestCaseExecutor.java:336)
	at com.kms.katalon.core.main.TestCaseExecutor.doExecute(TestCaseExecutor.java:327)
	at com.kms.katalon.core.main.TestCaseExecutor.processExecutionPhase(TestCaseExecutor.java:306)
	at com.kms.katalon.core.main.TestCaseExecutor.accessMainPhase(TestCaseExecutor.java:298)
	at com.kms.katalon.core.main.TestCaseExecutor.execute(TestCaseExecutor.java:232)
	at com.kms.katalon.core.main.TestSuiteExecutor.accessTestCaseMainPhase(TestSuiteExecutor.java:129)
	at com.kms.katalon.core.main.TestSuiteExecutor.accessTestSuiteMainPhase(TestSuiteExecutor.java:112)
	at com.kms.katalon.core.main.TestSuiteExecutor.execute(TestSuiteExecutor.java:81)
	at com.kms.katalon.core.main.TestCaseMain.startTestSuite(TestCaseMain.java:157)
	at com.kms.katalon.core.main.TestCaseMain$startTestSuite$0.call(Unknown Source)
	at TempTestSuite1562830999925.run(TempTestSuite1562830999925.groovy:35)


2019-07-11 13:13:23 - [TEST_STEP][PASSED] - Start listener action : sampleBeforeTestCase: null

2019-07-11 13:13:23 - [TEST_STEP][PASSED] - openBrowser(""): Browser is opened with url: ''

2019-07-11 13:13:23 - [MESSAGE][INFO] - Starting 'Chrome' driver

2019-07-11 13:13:23 - [MESSAGE][INFO] - User set preference: ['args', '[--window-size=1920,1080]']

2019-07-11 13:13:23 - [MESSAGE][INFO] - Action delay is set to 0 seconds

2019-07-11 13:13:27 - [MESSAGE][PASSED] - Browser is opened with url: ''

2019-07-11 13:13:27 - [TEST_STEP][PASSED] - driver = getWebDriver(): null

2019-07-11 13:13:27 - [TEST_STEP][PASSED] - println("The driver is ########### " + driver): null

2019-07-11 13:13:27 - [TEST_STEP][PASSED] - downloadPath = "H:/Git_personal/Personal_Leed/Usgbc_LeedOnline_ScoreCard/Include/TestData/DownloadedFiles": null

2019-07-11 13:13:27 - [TEST_STEP][PASSED] - projectKeywords().sendCommandForDownloadChromeHeadLess(driver.getCommandExecutor(), driver.getSessionId(), downloadPath): null

2019-07-11 13:13:28 - [TEST_STEP][FAILED] - runWithCucumberRunner(innovation_Form.Runner_In_Innovation_Strategy): Keyword runWithCucumberRunner was failed (Root cause: com.kms.katalon.core.exception.StepFailedException: These following reason:
 [Unable to verify text 'Form data saved successfully.' is present , Unable to click on object 'Object Repository/Innovation/icon_pdf']
	at com.kms.katalon.core.keyword.internal.KeywordMain.stepFailed(KeywordMain.groovy:48)
	at com.kms.katalon.core.keyword.internal.KeywordMain.stepFailed(KeywordMain.groovy)
	at com.kms.katalon.core.keyword.internal.KeywordMain.stepFailed(KeywordMain.groovy:21)
	at com.kms.katalon.core.keyword.internal.KeywordMain$stepFailed$0.call(Unknown Source)
	at com.kms.katalon.core.cucumber.keyword.CucumberBuiltinKeywords$_runWithCucumberRunner_closure3.doCall(CucumberBuiltinKeywords.groovy:272)
	at com.kms.katalon.core.cucumber.keyword.CucumberBuiltinKeywords$_runWithCucumberRunner_closure3.doCall(CucumberBuiltinKeywords.groovy)
	at com.kms.katalon.core.keyword.internal.KeywordMain.runKeyword(KeywordMain.groovy:66)
	at com.kms.katalon.core.keyword.internal.KeywordMain$runKeyword.call(Unknown Source)
	at com.kms.katalon.core.cucumber.keyword.CucumberBuiltinKeywords.runWithCucumberRunner(CucumberBuiltinKeywords.groovy:257)
	at com.kms.katalon.core.cucumber.keyword.CucumberBuiltinKeywords$runWithCucumberRunner$0.callStatic(Unknown Source)
	at com.kms.katalon.core.cucumber.keyword.CucumberBuiltinKeywords.runWithCucumberRunner(CucumberBuiltinKeywords.groovy:357)
	at com.kms.katalon.core.cucumber.keyword.CucumberBuiltinKeywords$runWithCucumberRunner.call(Unknown Source)
	at TC_In_Innovation_Strategy.run(TC_In_Innovation_Strategy:18)
	at com.kms.katalon.core.main.ScriptEngine.run(ScriptEngine.java:194)
	at com.kms.katalon.core.main.ScriptEngine.runScriptAsRawText(ScriptEngine.java:119)
	at com.kms.katalon.core.main.TestCaseExecutor.runScript(TestCaseExecutor.java:336)
	at com.kms.katalon.core.main.TestCaseExecutor.doExecute(TestCaseExecutor.java:327)
	at com.kms.katalon.core.main.TestCaseExecutor.processExecutionPhase(TestCaseExecutor.java:306)
	at com.kms.katalon.core.main.TestCaseExecutor.accessMainPhase(TestCaseExecutor.java:298)
	at com.kms.katalon.core.main.TestCaseExecutor.execute(TestCaseExecutor.java:232)
	at com.kms.katalon.core.main.TestSuiteExecutor.accessTestCaseMainPhase(TestSuiteExecutor.java:129)
	at com.kms.katalon.core.main.TestSuiteExecutor.accessTestSuiteMainPhase(TestSuiteExecutor.java:112)
	at com.kms.katalon.core.main.TestSuiteExecutor.execute(TestSuiteExecutor.java:81)
	at com.kms.katalon.core.main.TestCaseMain.startTestSuite(TestCaseMain.java:157)
	at com.kms.katalon.core.main.TestCaseMain$startTestSuite$0.call(Unknown Source)
	at TempTestSuite1562830999925.run(TempTestSuite1562830999925.groovy:35)
)

2019-07-11 13:13:32 - [TEST_CASE][PASSED] - Test Cases/Innovation/TC_In_Navigation: Test Cases/Innovation/TC_In_Navigation

2019-07-11 13:13:32 - [TEST_STEP][PASSED] - runWithCucumberRunner(innovation_Form.Runner_In_Navigation): Run with 'innovation_Form.Runner_In_Navigation' was passed

2019-07-11 13:13:34 - [TEST_CASE][PASSED] - Test Cases/Login/TC_Login: Test Cases/Login/TC_Login

2019-07-11 13:13:34 - [TEST_STEP][PASSED] - runWithCucumberRunner(common.Runner_Login): Run with 'common.Runner_Login' was passed

2019-07-11 13:13:40 - [MESSAGE][PASSED] - Navigate to 'https://leedonline-stg.usgbc.org' successfully

2019-07-11 13:13:42 - [MESSAGE][PASSED] - Delayed 2 second(s)

2019-07-11 13:13:42 - [MESSAGE][PASSED] - Text 'automationbdd1@gmail.com' is set on object 'Object Repository/Login/input_username'

2019-07-11 13:13:42 - [MESSAGE][PASSED] - Text 'initpass' is set on object 'Object Repository/Login/input_password'

2019-07-11 13:13:45 - [MESSAGE][PASSED] - Delayed 3 second(s)

2019-07-11 13:13:45 - [MESSAGE][PASSED] - Scroll to object 'Object Repository/Login/span_End User License Agreement' successfully

2019-07-11 13:13:45 - [MESSAGE][PASSED] - Object 'Object Repository/Login/span_End User License Agreement' is visible

2019-07-11 13:13:45 - [MESSAGE][PASSED] - Object 'Object Repository/Login/span_End User License Agreement' is checked

2019-07-11 13:13:46 - [MESSAGE][PASSED] - Delayed 1 second(s)

2019-07-11 13:13:47 - [MESSAGE][PASSED] - Object: 'Object Repository/Login/button_Log In' is clicked on

2019-07-11 13:13:52 - [MESSAGE][PASSED] - Object: '' is clicked on

2019-07-11 13:13:54 - [MESSAGE][PASSED] - Object: 'Object Repository/Login/a_Credits' is clicked on

2019-07-11 13:13:54 - [MESSAGE][PASSED] - Run with 'common.Runner_Login' was passed

2019-07-11 13:13:54 - [MESSAGE][PASSED] - Call Test Case 'Test Cases/Login/TC_Login' successfully

2019-07-11 13:13:54 - [MESSAGE][PASSED] - Scroll to object 'Object Repository/Innovation/In_Navigation/div_Innovation' successfully

2019-07-11 13:13:54 - [MESSAGE][PASSED] - Object 'Object Repository/Innovation/In_Navigation/div_Innovation' is present

2019-07-11 13:13:55 - [MESSAGE][PASSED] - Text of object 'Object Repository/Innovation/In_Navigation/h3_Status' is: 'ATTEMPTED'

2019-07-11 13:13:55 - [MESSAGE][PASSED] - Text of object 'Object Repository/Innovation/In_Navigation/divval' is: 'ATTEMPTED'

2019-07-11 13:13:55 - [MESSAGE][PASSED] - Text of object 'Object Repository/Innovation/In_Navigation/h3_Status' is: 'ATTEMPTED'

2019-07-11 13:13:55 - [MESSAGE][PASSED] - Object: 'Object Repository/Innovation/In_Navigation/div_Innovation' is clicked on

2019-07-11 13:13:58 - [MESSAGE][PASSED] - Delayed 3 second(s)

2019-07-11 13:14:03 - [MESSAGE][PASSED] - Object: 'Object Repository/Innovation/In_Navigation/span_(V01)' is clicked on

2019-07-11 13:14:03 - [MESSAGE][PASSED] - Object 'Object Repository/Innovation/In_Navigation/div_InnovationCredit' is present

2019-07-11 13:14:03 - [MESSAGE][PASSED] - Run with 'innovation_Form.Runner_In_Navigation' was passed

2019-07-11 13:14:03 - [MESSAGE][PASSED] - Call Test Case 'Test Cases/Innovation/TC_In_Navigation' successfully

2019-07-11 13:14:03 - [MESSAGE][PASSED] - Scroll to object 'Object Repository/Innovation/Editor_LEED_Accredited/p_LEED_Accredited_Editorbox' successfully

2019-07-11 13:14:03 - [MESSAGE][PASSED] - Object 'Object Repository/Innovation/Editor_LEED_Accredited/p_LEED_Accredited_Editorbox' is present

2019-07-11 13:14:08 - [MESSAGE][PASSED] - Text 'Known that everybody have the personal aim. It is defferent . For example, there are some people think that the most important thing in them life is career. While there are other people think that is family. me too. The most important thing with my life is my small and big family. Because I see the mind is the most important. Let think that if you are verry rich while you alway are worry and sad, you will feel not happy. So I think we should spend many time for looking after our family. When we have a happy family, we will have power to try. At that time we will work better. How do you think. Anna and Henry go to the doctor. Anna has an ultrasound scan. JGH8P' is set on object 'Object Repository/Innovation/Editor_LEED_Accredited/body_LEED_Accredited'

2019-07-11 13:14:11 - [MESSAGE][PASSED] - Delayed 3 second(s)

2019-07-11 13:14:11 - [MESSAGE][PASSED] - Text of object 'Object Repository/Innovation/Editor_LEED_Accredited/body_LEED_Accredited' is: 'Known that everybody have the personal aim. It is defferent . For example, there are some people think that the most important thing in them life is career. While there are other people think that is family. me too. The most important thing with my life is my small and big family. Because I see the mind is the most important. Let think that if you are verry rich while you alway are worry and sad, you will feel not happy. So I think we should spend many time for looking after our family. When we have a happy family, we will have power to try. At that time we will work better. How do you think. Anna and Henry go to the doctor. Anna has an ultrasound scan. JGH8P'

2019-07-11 13:14:11 - [MESSAGE][PASSED] - Actual text 'Known that everybody have the personal aim. It is defferent . For example, there are some people think that the most important thing in them life is career. While there are other people think that is family. me too. The most important thing with my life is my small and big family. Because I see the mind is the most important. Let think that if you are verry rich while you alway are worry and sad, you will feel not happy. So I think we should spend many time for looking after our family. When we have a happy family, we will have power to try. At that time we will work better. How do you think. Anna and Henry go to the doctor. Anna has an ultrasound scan. JGH8P' and expected text 'Known that everybody have the personal aim. It is defferent . For example, there are some people think that the most important thing in them life is career. While there are other people think that is family. me too. The most important thing with my life is my small and big family. Because I see the mind is the most important. Let think that if you are verry rich while you alway are worry and sad, you will feel not happy. So I think we should spend many time for looking after our family. When we have a happy family, we will have power to try. At that time we will work better. How do you think. Anna and Henry go to the doctor. Anna has an ultrasound scan. JGH8P' are matched 

2019-07-11 13:14:11 - [MESSAGE][PASSED] - Object 'Object Repository/Innovation/AddFile_LEED_Accredited/p_LEED_Accredited' is present

2019-07-11 13:14:12 - [MESSAGE][PASSED] - Scroll to object 'Object Repository/Innovation/AddFile_LEED_Accredited/p_LEED_Accredited' successfully

2019-07-11 13:14:12 - [MESSAGE][PASSED] - Object 'Object Repository/Innovation/AddFile_LEED_Accredited/Button_LEED_Accredited' has attribute 'class' with value 'tiny ui button'

2019-07-11 13:14:12 - [MESSAGE][PASSED] - File 'H:\Git_personal\Personal_Leed\Usgbc_LeedOnline_ScoreCard\Include\TestData\MultipleFileDiffExt\SampleGIFImage_350kbmb.gif' sent to object: 'Object Repository/Innovation/AddFile_LEED_Accredited/input_LEED_Accredited'

2019-07-11 13:14:13 - [MESSAGE][PASSED] - Delayed 1 second(s)

2019-07-11 13:14:22 - [MESSAGE][PASSED] - Object 'Object Repository/Innovation/AddFile_LEED_Accredited/Button_LEED_Accredited' has attribute 'class' with value 'tiny ui button'

2019-07-11 13:14:22 - [MESSAGE][PASSED] - File 'H:\Git_personal\Personal_Leed\Usgbc_LeedOnline_ScoreCard\Include\TestData\MultipleFileDiffExt\SamplePPTFile_1000kb.ppt' sent to object: 'Object Repository/Innovation/AddFile_LEED_Accredited/input_LEED_Accredited'

2019-07-11 13:14:23 - [MESSAGE][PASSED] - Delayed 1 second(s)

2019-07-11 13:14:35 - [MESSAGE][PASSED] - Object 'Object Repository/Innovation/AddFile_LEED_Accredited/Button_LEED_Accredited' has attribute 'class' with value 'tiny ui button'

2019-07-11 13:14:35 - [MESSAGE][PASSED] - File 'H:\Git_personal\Personal_Leed\Usgbc_LeedOnline_ScoreCard\Include\TestData\MultipleFileDiffExt\ZZ.pdf' sent to object: 'Object Repository/Innovation/AddFile_LEED_Accredited/input_LEED_Accredited'

2019-07-11 13:14:36 - [MESSAGE][PASSED] - Delayed 1 second(s)

2019-07-11 13:14:36 - [MESSAGE][PASSED] - Scroll to object 'Object Repository/Innovation/Innovation_Strategy_Opt1/radio_innovation_Strategy' successfully

2019-07-11 13:14:36 - [MESSAGE][PASSED] - Object 'Object Repository/Innovation/Innovation_Strategy_Opt1/radio_innovation_Strategy' is present

2019-07-11 13:14:39 - [MESSAGE][PASSED] - Delayed 3 second(s)

2019-07-11 13:14:40 - [MESSAGE][PASSED] - Object 'Object Repository/Innovation/Innovation_Strategy_Opt1/radio_innovation_Strategy' is checked

2019-07-11 13:14:43 - [MESSAGE][PASSED] - Delayed 3 second(s)

2019-07-11 13:14:43 - [MESSAGE][PASSED] - Text 'Option 1. Innovation Strategy' is present on page 

2019-07-11 13:14:43 - [MESSAGE][PASSED] - Scroll to object 'Object Repository/Innovation/Innovation_Strategy_Opt1/Editor_Innovation_Strategy/p_Innovation_Strategy_Editorbox' successfully

2019-07-11 13:14:43 - [MESSAGE][PASSED] - Object 'Object Repository/Innovation/Innovation_Strategy_Opt1/Editor_Innovation_Strategy/p_Innovation_Strategy_Editorbox' is present

2019-07-11 13:14:48 - [MESSAGE][PASSED] - Text 'Known that everybody have the personal aim. It is defferent . For example, there are some people think that the most important thing in them life is career. While there are other people think that is family. me too. The most important thing with my life is my small and big family. Because I see the mind is the most important. Let think that if you are verry rich while you alway are worry and sad, you will feel not happy. So I think we should spend many time for looking after our family. When we have a happy family, we will have power to try. At that time we will work better. How do you think. Anna and Henry go to the doctor. Anna has an ultrasound scan. JGH8P' is set on object 'Object Repository/Innovation/Innovation_Strategy_Opt1/Editor_Innovation_Strategy/body_Innovation_Strategy'

2019-07-11 13:14:51 - [MESSAGE][PASSED] - Delayed 3 second(s)

2019-07-11 13:14:51 - [MESSAGE][PASSED] - Text of object 'Object Repository/Innovation/Innovation_Strategy_Opt1/Editor_Innovation_Strategy/body_Innovation_Strategy' is: 'Known that everybody have the personal aim. It is defferent . For example, there are some people think that the most important thing in them life is career. While there are other people think that is family. me too. The most important thing with my life is my small and big family. Because I see the mind is the most important. Let think that if you are verry rich while you alway are worry and sad, you will feel not happy. So I think we should spend many time for looking after our family. When we have a happy family, we will have power to try. At that time we will work better. How do you think. Anna and Henry go to the doctor. Anna has an ultrasound scan. JGH8P'

2019-07-11 13:14:51 - [MESSAGE][PASSED] - Actual text 'Known that everybody have the personal aim. It is defferent . For example, there are some people think that the most important thing in them life is career. While there are other people think that is family. me too. The most important thing with my life is my small and big family. Because I see the mind is the most important. Let think that if you are verry rich while you alway are worry and sad, you will feel not happy. So I think we should spend many time for looking after our family. When we have a happy family, we will have power to try. At that time we will work better. How do you think. Anna and Henry go to the doctor. Anna has an ultrasound scan. JGH8P' and expected text 'Known that everybody have the personal aim. It is defferent . For example, there are some people think that the most important thing in them life is career. While there are other people think that is family. me too. The most important thing with my life is my small and big family. Because I see the mind is the most important. Let think that if you are verry rich while you alway are worry and sad, you will feel not happy. So I think we should spend many time for looking after our family. When we have a happy family, we will have power to try. At that time we will work better. How do you think. Anna and Henry go to the doctor. Anna has an ultrasound scan. JGH8P' are matched 

2019-07-11 13:14:51 - [MESSAGE][PASSED] - Scroll to object 'Object Repository/Innovation/Innovation_Strategy_Opt1/AddFile_supporting_doc/p_supporting_doc' successfully

2019-07-11 13:14:51 - [MESSAGE][PASSED] - Object 'Object Repository/Innovation/Innovation_Strategy_Opt1/AddFile_supporting_doc/p_supporting_doc' is present

2019-07-11 13:14:51 - [MESSAGE][PASSED] - Object 'Object Repository/Innovation/Innovation_Strategy_Opt1/AddFile_supporting_doc/Button_supporting_doc' has attribute 'class' with value 'tiny ui button'

2019-07-11 13:14:51 - [MESSAGE][PASSED] - File 'H:\Git_personal\Personal_Leed\Usgbc_LeedOnline_ScoreCard\Include\TestData\MultipleFileDiffExt\SampleGIFImage_350kbmb.gif' sent to object: 'Object Repository/Innovation/Innovation_Strategy_Opt1/AddFile_supporting_doc/input_supporting_doc'

2019-07-11 13:14:52 - [MESSAGE][PASSED] - Delayed 1 second(s)

2019-07-11 13:14:53 - [MESSAGE][PASSED] - Object 'Object Repository/Innovation/Innovation_Strategy_Opt1/AddFile_supporting_doc/Button_supporting_doc' has attribute 'class' with value 'tiny ui button'

2019-07-11 13:14:53 - [MESSAGE][PASSED] - File 'H:\Git_personal\Personal_Leed\Usgbc_LeedOnline_ScoreCard\Include\TestData\MultipleFileDiffExt\SamplePPTFile_1000kb.ppt' sent to object: 'Object Repository/Innovation/Innovation_Strategy_Opt1/AddFile_supporting_doc/input_supporting_doc'

2019-07-11 13:14:54 - [MESSAGE][PASSED] - Delayed 1 second(s)

2019-07-11 13:14:55 - [MESSAGE][PASSED] - Object 'Object Repository/Innovation/Innovation_Strategy_Opt1/AddFile_supporting_doc/Button_supporting_doc' has attribute 'class' with value 'tiny ui button'

2019-07-11 13:14:55 - [MESSAGE][PASSED] - File 'H:\Git_personal\Personal_Leed\Usgbc_LeedOnline_ScoreCard\Include\TestData\MultipleFileDiffExt\ZZ.pdf' sent to object: 'Object Repository/Innovation/Innovation_Strategy_Opt1/AddFile_supporting_doc/input_supporting_doc'

2019-07-11 13:14:56 - [MESSAGE][PASSED] - Delayed 1 second(s)

2019-07-11 13:14:56 - [MESSAGE][PASSED] - Scroll to object 'Object Repository/Innovation/Special Circumstances/AddFile_additionalDoc/p_Upload any additional documentation' successfully

2019-07-11 13:14:57 - [MESSAGE][PASSED] - Object 'Object Repository/Innovation/Special Circumstances/AddFile_additionalDoc/p_Upload any additional documentation' is present

2019-07-11 13:14:57 - [MESSAGE][PASSED] - Object 'Object Repository/Innovation/Special Circumstances/AddFile_additionalDoc/Button_additionalDoc' has attribute 'class' with value 'tiny ui button'

2019-07-11 13:14:57 - [MESSAGE][PASSED] - File 'H:\Git_personal\Personal_Leed\Usgbc_LeedOnline_ScoreCard\Include\TestData\MultipleFileDiffExt\SampleGIFImage_350kbmb.gif' sent to object: 'Object Repository/Innovation/Special Circumstances/AddFile_additionalDoc/input_additionalDoc'

2019-07-11 13:14:58 - [MESSAGE][PASSED] - Delayed 1 second(s)

2019-07-11 13:14:58 - [MESSAGE][PASSED] - Object 'Object Repository/Innovation/Special Circumstances/AddFile_additionalDoc/Button_additionalDoc' has attribute 'class' with value 'tiny ui button'

2019-07-11 13:14:58 - [MESSAGE][PASSED] - File 'H:\Git_personal\Personal_Leed\Usgbc_LeedOnline_ScoreCard\Include\TestData\MultipleFileDiffExt\SamplePPTFile_1000kb.ppt' sent to object: 'Object Repository/Innovation/Special Circumstances/AddFile_additionalDoc/input_additionalDoc'

2019-07-11 13:14:59 - [MESSAGE][PASSED] - Delayed 1 second(s)

2019-07-11 13:15:02 - [MESSAGE][PASSED] - Object 'Object Repository/Innovation/Special Circumstances/AddFile_additionalDoc/Button_additionalDoc' has attribute 'class' with value 'tiny ui button'

2019-07-11 13:15:02 - [MESSAGE][PASSED] - File 'H:\Git_personal\Personal_Leed\Usgbc_LeedOnline_ScoreCard\Include\TestData\MultipleFileDiffExt\ZZ.pdf' sent to object: 'Object Repository/Innovation/Special Circumstances/AddFile_additionalDoc/input_additionalDoc'

2019-07-11 13:15:03 - [MESSAGE][PASSED] - Delayed 1 second(s)

2019-07-11 13:15:03 - [MESSAGE][PASSED] - Scroll to object 'Object Repository/Innovation/Special Circumstances/EditorBox_splCircum/p_EditorBox' successfully

2019-07-11 13:15:03 - [MESSAGE][PASSED] - Object 'Object Repository/Innovation/Special Circumstances/EditorBox_splCircum/p_EditorBox' is present

2019-07-11 13:15:08 - [MESSAGE][PASSED] - Text 'Known that everybody have the personal aim. It is defferent . For example, there are some people think that the most important thing in them life is career. While there are other people think that is family. me too. The most important thing with my life is my small and big family. Because I see the mind is the most important. Let think that if you are verry rich while you alway are worry and sad, you will feel not happy. So I think we should spend many time for looking after our family. When we have a happy family, we will have power to try. At that time we will work better. How do you think. Anna and Henry go to the doctor. Anna has an ultrasound scan. JGH8P' is set on object 'Object Repository/Innovation/Special Circumstances/EditorBox_splCircum/body_splCircum'

2019-07-11 13:15:11 - [MESSAGE][PASSED] - Delayed 3 second(s)

2019-07-11 13:15:11 - [MESSAGE][PASSED] - Text of object 'Object Repository/Innovation/Editor_LEED_Accredited/body_LEED_Accredited' is: 'Known that everybody have the personal aim. It is defferent . For example, there are some people think that the most important thing in them life is career. While there are other people think that is family. me too. The most important thing with my life is my small and big family. Because I see the mind is the most important. Let think that if you are verry rich while you alway are worry and sad, you will feel not happy. So I think we should spend many time for looking after our family. When we have a happy family, we will have power to try. At that time we will work better. How do you think. Anna and Henry go to the doctor. Anna has an ultrasound scan. JGH8P'

2019-07-11 13:15:11 - [MESSAGE][PASSED] - Actual text 'Known that everybody have the personal aim. It is defferent . For example, there are some people think that the most important thing in them life is career. While there are other people think that is family. me too. The most important thing with my life is my small and big family. Because I see the mind is the most important. Let think that if you are verry rich while you alway are worry and sad, you will feel not happy. So I think we should spend many time for looking after our family. When we have a happy family, we will have power to try. At that time we will work better. How do you think. Anna and Henry go to the doctor. Anna has an ultrasound scan. JGH8P' and expected text 'Known that everybody have the personal aim. It is defferent . For example, there are some people think that the most important thing in them life is career. While there are other people think that is family. me too. The most important thing with my life is my small and big family. Because I see the mind is the most important. Let think that if you are verry rich while you alway are worry and sad, you will feel not happy. So I think we should spend many time for looking after our family. When we have a happy family, we will have power to try. At that time we will work better. How do you think. Anna and Henry go to the doctor. Anna has an ultrasound scan. JGH8P' are matched 

2019-07-11 13:15:11 - [MESSAGE][PASSED] - Scroll to object 'Object Repository/Innovation/btn_Save' successfully

2019-07-11 13:15:11 - [MESSAGE][PASSED] - Object 'Object Repository/Innovation/btn_Save' is present

2019-07-11 13:15:14 - [MESSAGE][PASSED] - Delayed 3 second(s)

2019-07-11 13:15:14 - [MESSAGE][PASSED] - Object: 'Object Repository/Innovation/btn_Save' is clicked on

2019-07-11 13:15:16 - [MESSAGE][PASSED] - Delayed 2 second(s)

2019-07-11 13:15:16 - [MESSAGE][FAILED] - Text 'Form data saved successfully.' is not present on page  (Root cause: com.kms.katalon.core.exception.StepFailedException: Text 'Form data saved successfully.' is not present on page 
	at com.kms.katalon.core.webui.keyword.internal.WebUIKeywordMain.stepFailed(WebUIKeywordMain.groovy:64)
	at com.kms.katalon.core.webui.keyword.builtin.VerifyTextPresentKeyword$_verifyTextPresent_closure1.doCall(VerifyTextPresentKeyword.groovy:79)
	at com.kms.katalon.core.webui.keyword.builtin.VerifyTextPresentKeyword$_verifyTextPresent_closure1.call(VerifyTextPresentKeyword.groovy)
	at com.kms.katalon.core.webui.keyword.internal.WebUIKeywordMain.runKeyword(WebUIKeywordMain.groovy:20)
	at com.kms.katalon.core.webui.keyword.builtin.VerifyTextPresentKeyword.verifyTextPresent(VerifyTextPresentKeyword.groovy:83)
	at com.kms.katalon.core.webui.keyword.builtin.VerifyTextPresentKeyword.execute(VerifyTextPresentKeyword.groovy:68)
	at com.kms.katalon.core.keyword.internal.KeywordExecutor.executeKeywordForPlatform(KeywordExecutor.groovy:56)
	at com.kms.katalon.core.webui.keyword.WebUiBuiltInKeywords.verifyTextPresent(WebUiBuiltInKeywords.groovy:1693)
	at com.kms.katalon.core.webui.keyword.WebUiBuiltInKeywords$verifyTextPresent$12.call(Unknown Source)
	at innovation_Form.Innovation_Form.user_should_see_Form_data_saved_successfully_message_in_Innovation(Innovation_Form.groovy:287)
	at cucumber.runtime.Utils$1.call(Utils.java:26)
	at cucumber.runtime.Timeout.timeout(Timeout.java:16)
	at cucumber.runtime.Utils.invoke(Utils.java:20)
	at cucumber.runtime.java.JavaStepDefinition.execute(JavaStepDefinition.java:48)
	at cucumber.runtime.PickleStepDefinitionMatch.runStep(PickleStepDefinitionMatch.java:50)
	at cucumber.runner.TestStep.executeStep(TestStep.java:55)
	at cucumber.runner.TestStep.run(TestStep.java:42)
	at cucumber.runner.PickleStepTestStep.run(PickleStepTestStep.java:53)
	at cucumber.runner.TestCase.run(TestCase.java:47)
	at cucumber.runner.Runner.runPickle(Runner.java:44)
	at cucumber.runtime.junit.PickleRunners$NoStepDescriptions.run(PickleRunners.java:140)
	at cucumber.runtime.junit.FeatureRunner.runChild(FeatureRunner.java:68)
	at cucumber.runtime.junit.FeatureRunner.runChild(FeatureRunner.java:23)
	at org.junit.runners.ParentRunner$3.run(ParentRunner.java:290)
	at org.junit.runners.ParentRunner$1.schedule(ParentRunner.java:71)
	at org.junit.runners.ParentRunner.runChildren(ParentRunner.java:288)
	at org.junit.runners.ParentRunner.access$000(ParentRunner.java:58)
	at org.junit.runners.ParentRunner$2.evaluate(ParentRunner.java:268)
	at org.junit.runners.ParentRunner.run(ParentRunner.java:363)
	at cucumber.runtime.junit.FeatureRunner.run(FeatureRunner.java:73)
	at cucumber.api.junit.Cucumber.runChild(Cucumber.java:98)
	at cucumber.api.junit.Cucumber.runChild(Cucumber.java:55)
	at org.junit.runners.ParentRunner$3.run(ParentRunner.java:290)
	at org.junit.runners.ParentRunner$1.schedule(ParentRunner.java:71)
	at org.junit.runners.ParentRunner.runChildren(ParentRunner.java:288)
	at org.junit.runners.ParentRunner.access$000(ParentRunner.java:58)
	at org.junit.runners.ParentRunner$2.evaluate(ParentRunner.java:268)
	at cucumber.api.junit.Cucumber$1.evaluate(Cucumber.java:107)
	at org.junit.runners.ParentRunner.run(ParentRunner.java:363)
	at org.junit.runners.Suite.runChild(Suite.java:128)
	at org.junit.runners.Suite.runChild(Suite.java:27)
	at org.junit.runners.ParentRunner$3.run(ParentRunner.java:290)
	at org.junit.runners.ParentRunner$1.schedule(ParentRunner.java:71)
	at org.junit.runners.ParentRunner.runChildren(ParentRunner.java:288)
	at org.junit.runners.ParentRunner.access$000(ParentRunner.java:58)
	at org.junit.runners.ParentRunner$2.evaluate(ParentRunner.java:268)
	at org.junit.runners.ParentRunner.run(ParentRunner.java:363)
	at org.junit.runner.JUnitCore.run(JUnitCore.java:137)
	at org.junit.runner.JUnitCore.run(JUnitCore.java:115)
	at org.junit.runner.JUnitCore.run(JUnitCore.java:105)
	at com.kms.katalon.core.cucumber.keyword.CucumberBuiltinKeywords$_runWithCucumberRunner_closure3.doCall(CucumberBuiltinKeywords.groovy:260)
	at com.kms.katalon.core.cucumber.keyword.CucumberBuiltinKeywords$_runWithCucumberRunner_closure3.doCall(CucumberBuiltinKeywords.groovy)
	at com.kms.katalon.core.keyword.internal.KeywordMain.runKeyword(KeywordMain.groovy:66)
	at com.kms.katalon.core.keyword.internal.KeywordMain$runKeyword.call(Unknown Source)
	at com.kms.katalon.core.cucumber.keyword.CucumberBuiltinKeywords.runWithCucumberRunner(CucumberBuiltinKeywords.groovy:257)
	at com.kms.katalon.core.cucumber.keyword.CucumberBuiltinKeywords$runWithCucumberRunner$0.callStatic(Unknown Source)
	at com.kms.katalon.core.cucumber.keyword.CucumberBuiltinKeywords.runWithCucumberRunner(CucumberBuiltinKeywords.groovy:357)
	at com.kms.katalon.core.cucumber.keyword.CucumberBuiltinKeywords$runWithCucumberRunner.call(Unknown Source)
	at TC_In_Innovation_Strategy.run(TC_In_Innovation_Strategy:18)
	at com.kms.katalon.core.main.ScriptEngine.run(ScriptEngine.java:194)
	at com.kms.katalon.core.main.ScriptEngine.runScriptAsRawText(ScriptEngine.java:119)
	at com.kms.katalon.core.main.TestCaseExecutor.runScript(TestCaseExecutor.java:336)
	at com.kms.katalon.core.main.TestCaseExecutor.doExecute(TestCaseExecutor.java:327)
	at com.kms.katalon.core.main.TestCaseExecutor.processExecutionPhase(TestCaseExecutor.java:306)
	at com.kms.katalon.core.main.TestCaseExecutor.accessMainPhase(TestCaseExecutor.java:298)
	at com.kms.katalon.core.main.TestCaseExecutor.execute(TestCaseExecutor.java:232)
	at com.kms.katalon.core.main.TestSuiteExecutor.accessTestCaseMainPhase(TestSuiteExecutor.java:129)
	at com.kms.katalon.core.main.TestSuiteExecutor.accessTestSuiteMainPhase(TestSuiteExecutor.java:112)
	at com.kms.katalon.core.main.TestSuiteExecutor.execute(TestSuiteExecutor.java:81)
	at com.kms.katalon.core.main.TestCaseMain.startTestSuite(TestCaseMain.java:157)
	at com.kms.katalon.core.main.TestCaseMain$startTestSuite$0.call(Unknown Source)
	at TempTestSuite1562830999925.run(TempTestSuite1562830999925.groovy:35)
)

2019-07-11 13:15:17 - [MESSAGE][FAILED] - Unable to verify text 'Form data saved successfully.' is present  (Root cause: com.kms.katalon.core.exception.StepFailedException: Unable to verify text 'Form data saved successfully.' is present 
	at com.kms.katalon.core.webui.keyword.internal.WebUIKeywordMain.stepFailed(WebUIKeywordMain.groovy:64)
	at com.kms.katalon.core.webui.keyword.internal.WebUIKeywordMain.runKeyword(WebUIKeywordMain.groovy:26)
	at com.kms.katalon.core.webui.keyword.builtin.VerifyTextPresentKeyword.verifyTextPresent(VerifyTextPresentKeyword.groovy:83)
	at com.kms.katalon.core.webui.keyword.builtin.VerifyTextPresentKeyword.execute(VerifyTextPresentKeyword.groovy:68)
	at com.kms.katalon.core.keyword.internal.KeywordExecutor.executeKeywordForPlatform(KeywordExecutor.groovy:56)
	at com.kms.katalon.core.webui.keyword.WebUiBuiltInKeywords.verifyTextPresent(WebUiBuiltInKeywords.groovy:1693)
	at com.kms.katalon.core.webui.keyword.WebUiBuiltInKeywords$verifyTextPresent$12.call(Unknown Source)
	at innovation_Form.Innovation_Form.user_should_see_Form_data_saved_successfully_message_in_Innovation(Innovation_Form.groovy:287)
	at cucumber.runtime.Utils$1.call(Utils.java:26)
	at cucumber.runtime.Timeout.timeout(Timeout.java:16)
	at cucumber.runtime.Utils.invoke(Utils.java:20)
	at cucumber.runtime.java.JavaStepDefinition.execute(JavaStepDefinition.java:48)
	at cucumber.runtime.PickleStepDefinitionMatch.runStep(PickleStepDefinitionMatch.java:50)
	at cucumber.runner.TestStep.executeStep(TestStep.java:55)
	at cucumber.runner.TestStep.run(TestStep.java:42)
	at cucumber.runner.PickleStepTestStep.run(PickleStepTestStep.java:53)
	at cucumber.runner.TestCase.run(TestCase.java:47)
	at cucumber.runner.Runner.runPickle(Runner.java:44)
	at cucumber.runtime.junit.PickleRunners$NoStepDescriptions.run(PickleRunners.java:140)
	at cucumber.runtime.junit.FeatureRunner.runChild(FeatureRunner.java:68)
	at cucumber.runtime.junit.FeatureRunner.runChild(FeatureRunner.java:23)
	at org.junit.runners.ParentRunner$3.run(ParentRunner.java:290)
	at org.junit.runners.ParentRunner$1.schedule(ParentRunner.java:71)
	at org.junit.runners.ParentRunner.runChildren(ParentRunner.java:288)
	at org.junit.runners.ParentRunner.access$000(ParentRunner.java:58)
	at org.junit.runners.ParentRunner$2.evaluate(ParentRunner.java:268)
	at org.junit.runners.ParentRunner.run(ParentRunner.java:363)
	at cucumber.runtime.junit.FeatureRunner.run(FeatureRunner.java:73)
	at cucumber.api.junit.Cucumber.runChild(Cucumber.java:98)
	at cucumber.api.junit.Cucumber.runChild(Cucumber.java:55)
	at org.junit.runners.ParentRunner$3.run(ParentRunner.java:290)
	at org.junit.runners.ParentRunner$1.schedule(ParentRunner.java:71)
	at org.junit.runners.ParentRunner.runChildren(ParentRunner.java:288)
	at org.junit.runners.ParentRunner.access$000(ParentRunner.java:58)
	at org.junit.runners.ParentRunner$2.evaluate(ParentRunner.java:268)
	at cucumber.api.junit.Cucumber$1.evaluate(Cucumber.java:107)
	at org.junit.runners.ParentRunner.run(ParentRunner.java:363)
	at org.junit.runners.Suite.runChild(Suite.java:128)
	at org.junit.runners.Suite.runChild(Suite.java:27)
	at org.junit.runners.ParentRunner$3.run(ParentRunner.java:290)
	at org.junit.runners.ParentRunner$1.schedule(ParentRunner.java:71)
	at org.junit.runners.ParentRunner.runChildren(ParentRunner.java:288)
	at org.junit.runners.ParentRunner.access$000(ParentRunner.java:58)
	at org.junit.runners.ParentRunner$2.evaluate(ParentRunner.java:268)
	at org.junit.runners.ParentRunner.run(ParentRunner.java:363)
	at org.junit.runner.JUnitCore.run(JUnitCore.java:137)
	at org.junit.runner.JUnitCore.run(JUnitCore.java:115)
	at org.junit.runner.JUnitCore.run(JUnitCore.java:105)
	at com.kms.katalon.core.cucumber.keyword.CucumberBuiltinKeywords$_runWithCucumberRunner_closure3.doCall(CucumberBuiltinKeywords.groovy:260)
	at com.kms.katalon.core.cucumber.keyword.CucumberBuiltinKeywords$_runWithCucumberRunner_closure3.doCall(CucumberBuiltinKeywords.groovy)
	at com.kms.katalon.core.keyword.internal.KeywordMain.runKeyword(KeywordMain.groovy:66)
	at com.kms.katalon.core.keyword.internal.KeywordMain$runKeyword.call(Unknown Source)
	at com.kms.katalon.core.cucumber.keyword.CucumberBuiltinKeywords.runWithCucumberRunner(CucumberBuiltinKeywords.groovy:257)
	at com.kms.katalon.core.cucumber.keyword.CucumberBuiltinKeywords$runWithCucumberRunner$0.callStatic(Unknown Source)
	at com.kms.katalon.core.cucumber.keyword.CucumberBuiltinKeywords.runWithCucumberRunner(CucumberBuiltinKeywords.groovy:357)
	at com.kms.katalon.core.cucumber.keyword.CucumberBuiltinKeywords$runWithCucumberRunner.call(Unknown Source)
	at TC_In_Innovation_Strategy.run(TC_In_Innovation_Strategy:18)
	at com.kms.katalon.core.main.ScriptEngine.run(ScriptEngine.java:194)
	at com.kms.katalon.core.main.ScriptEngine.runScriptAsRawText(ScriptEngine.java:119)
	at com.kms.katalon.core.main.TestCaseExecutor.runScript(TestCaseExecutor.java:336)
	at com.kms.katalon.core.main.TestCaseExecutor.doExecute(TestCaseExecutor.java:327)
	at com.kms.katalon.core.main.TestCaseExecutor.processExecutionPhase(TestCaseExecutor.java:306)
	at com.kms.katalon.core.main.TestCaseExecutor.accessMainPhase(TestCaseExecutor.java:298)
	at com.kms.katalon.core.main.TestCaseExecutor.execute(TestCaseExecutor.java:232)
	at com.kms.katalon.core.main.TestSuiteExecutor.accessTestCaseMainPhase(TestSuiteExecutor.java:129)
	at com.kms.katalon.core.main.TestSuiteExecutor.accessTestSuiteMainPhase(TestSuiteExecutor.java:112)
	at com.kms.katalon.core.main.TestSuiteExecutor.execute(TestSuiteExecutor.java:81)
	at com.kms.katalon.core.main.TestCaseMain.startTestSuite(TestCaseMain.java:157)
	at com.kms.katalon.core.main.TestCaseMain$startTestSuite$0.call(Unknown Source)
	at TempTestSuite1562830999925.run(TempTestSuite1562830999925.groovy:35)
Caused by: com.kms.katalon.core.exception.StepFailedException: Text 'Form data saved successfully.' is not present on page 
	at com.kms.katalon.core.webui.keyword.internal.WebUIKeywordMain.stepFailed(WebUIKeywordMain.groovy:64)
	at com.kms.katalon.core.webui.keyword.builtin.VerifyTextPresentKeyword$_verifyTextPresent_closure1.doCall(VerifyTextPresentKeyword.groovy:79)
	at com.kms.katalon.core.webui.keyword.builtin.VerifyTextPresentKeyword$_verifyTextPresent_closure1.call(VerifyTextPresentKeyword.groovy)
	at com.kms.katalon.core.webui.keyword.internal.WebUIKeywordMain.runKeyword(WebUIKeywordMain.groovy:20)
	... 68 more
)
[[ATTACHMENT|H:\\Git_personal\\Personal_Leed\\Usgbc_LeedOnline_ScoreCard\\Reports\\In_SmokeTest\\20190711_131315\\1562831116854.png]]

2019-07-11 13:15:17 - [MESSAGE][PASSED] - Scroll to object 'Object Repository/Innovation/icon_pdf' successfully

2019-07-11 13:15:17 - [MESSAGE][PASSED] - Object 'Object Repository/Innovation/icon_pdf' is present

2019-07-11 13:15:22 - [MESSAGE][PASSED] - Delayed 5 second(s)

2019-07-11 13:15:22 - [MESSAGE][FAILED] - Unable to click on object 'Object Repository/Innovation/icon_pdf' (Root cause: com.kms.katalon.core.exception.StepFailedException: Unable to click on object 'Object Repository/Innovation/icon_pdf'
	at com.kms.katalon.core.webui.keyword.internal.WebUIKeywordMain.stepFailed(WebUIKeywordMain.groovy:64)
	at com.kms.katalon.core.webui.keyword.internal.WebUIKeywordMain.runKeyword(WebUIKeywordMain.groovy:26)
	at com.kms.katalon.core.webui.keyword.builtin.ClickKeyword.click(ClickKeyword.groovy:86)
	at com.kms.katalon.core.webui.keyword.builtin.ClickKeyword.execute(ClickKeyword.groovy:67)
	at com.kms.katalon.core.keyword.internal.KeywordExecutor.executeKeywordForPlatform(KeywordExecutor.groovy:56)
	at com.kms.katalon.core.webui.keyword.WebUiBuiltInKeywords.click(WebUiBuiltInKeywords.groovy:616)
	at com.kms.katalon.core.webui.keyword.WebUiBuiltInKeywords$click$5.call(Unknown Source)
	at innovation_Form.Innovation_Form.user_clicks_on_generate_pdf_icon_to_download_the_file_in_Innovation_Form(Innovation_Form.groovy:303)
	at cucumber.runtime.Utils$1.call(Utils.java:26)
	at cucumber.runtime.Timeout.timeout(Timeout.java:16)
	at cucumber.runtime.Utils.invoke(Utils.java:20)
	at cucumber.runtime.java.JavaStepDefinition.execute(JavaStepDefinition.java:48)
	at cucumber.runtime.PickleStepDefinitionMatch.runStep(PickleStepDefinitionMatch.java:50)
	at cucumber.runner.TestStep.executeStep(TestStep.java:55)
	at cucumber.runner.TestStep.run(TestStep.java:42)
	at cucumber.runner.PickleStepTestStep.run(PickleStepTestStep.java:53)
	at cucumber.runner.TestCase.run(TestCase.java:47)
	at cucumber.runner.Runner.runPickle(Runner.java:44)
	at cucumber.runtime.junit.PickleRunners$NoStepDescriptions.run(PickleRunners.java:140)
	at cucumber.runtime.junit.FeatureRunner.runChild(FeatureRunner.java:68)
	at cucumber.runtime.junit.FeatureRunner.runChild(FeatureRunner.java:23)
	at org.junit.runners.ParentRunner$3.run(ParentRunner.java:290)
	at org.junit.runners.ParentRunner$1.schedule(ParentRunner.java:71)
	at org.junit.runners.ParentRunner.runChildren(ParentRunner.java:288)
	at org.junit.runners.ParentRunner.access$000(ParentRunner.java:58)
	at org.junit.runners.ParentRunner$2.evaluate(ParentRunner.java:268)
	at org.junit.runners.ParentRunner.run(ParentRunner.java:363)
	at cucumber.runtime.junit.FeatureRunner.run(FeatureRunner.java:73)
	at cucumber.api.junit.Cucumber.runChild(Cucumber.java:98)
	at cucumber.api.junit.Cucumber.runChild(Cucumber.java:55)
	at org.junit.runners.ParentRunner$3.run(ParentRunner.java:290)
	at org.junit.runners.ParentRunner$1.schedule(ParentRunner.java:71)
	at org.junit.runners.ParentRunner.runChildren(ParentRunner.java:288)
	at org.junit.runners.ParentRunner.access$000(ParentRunner.java:58)
	at org.junit.runners.ParentRunner$2.evaluate(ParentRunner.java:268)
	at cucumber.api.junit.Cucumber$1.evaluate(Cucumber.java:107)
	at org.junit.runners.ParentRunner.run(ParentRunner.java:363)
	at org.junit.runners.Suite.runChild(Suite.java:128)
	at org.junit.runners.Suite.runChild(Suite.java:27)
	at org.junit.runners.ParentRunner$3.run(ParentRunner.java:290)
	at org.junit.runners.ParentRunner$1.schedule(ParentRunner.java:71)
	at org.junit.runners.ParentRunner.runChildren(ParentRunner.java:288)
	at org.junit.runners.ParentRunner.access$000(ParentRunner.java:58)
	at org.junit.runners.ParentRunner$2.evaluate(ParentRunner.java:268)
	at org.junit.runners.ParentRunner.run(ParentRunner.java:363)
	at org.junit.runner.JUnitCore.run(JUnitCore.java:137)
	at org.junit.runner.JUnitCore.run(JUnitCore.java:115)
	at org.junit.runner.JUnitCore.run(JUnitCore.java:105)
	at com.kms.katalon.core.cucumber.keyword.CucumberBuiltinKeywords$_runWithCucumberRunner_closure3.doCall(CucumberBuiltinKeywords.groovy:260)
	at com.kms.katalon.core.cucumber.keyword.CucumberBuiltinKeywords$_runWithCucumberRunner_closure3.doCall(CucumberBuiltinKeywords.groovy)
	at com.kms.katalon.core.keyword.internal.KeywordMain.runKeyword(KeywordMain.groovy:66)
	at com.kms.katalon.core.keyword.internal.KeywordMain$runKeyword.call(Unknown Source)
	at com.kms.katalon.core.cucumber.keyword.CucumberBuiltinKeywords.runWithCucumberRunner(CucumberBuiltinKeywords.groovy:257)
	at com.kms.katalon.core.cucumber.keyword.CucumberBuiltinKeywords$runWithCucumberRunner$0.callStatic(Unknown Source)
	at com.kms.katalon.core.cucumber.keyword.CucumberBuiltinKeywords.runWithCucumberRunner(CucumberBuiltinKeywords.groovy:357)
	at com.kms.katalon.core.cucumber.keyword.CucumberBuiltinKeywords$runWithCucumberRunner.call(Unknown Source)
	at TC_In_Innovation_Strategy.run(TC_In_Innovation_Strategy:18)
	at com.kms.katalon.core.main.ScriptEngine.run(ScriptEngine.java:194)
	at com.kms.katalon.core.main.ScriptEngine.runScriptAsRawText(ScriptEngine.java:119)
	at com.kms.katalon.core.main.TestCaseExecutor.runScript(TestCaseExecutor.java:336)
	at com.kms.katalon.core.main.TestCaseExecutor.doExecute(TestCaseExecutor.java:327)
	at com.kms.katalon.core.main.TestCaseExecutor.processExecutionPhase(TestCaseExecutor.java:306)
	at com.kms.katalon.core.main.TestCaseExecutor.accessMainPhase(TestCaseExecutor.java:298)
	at com.kms.katalon.core.main.TestCaseExecutor.execute(TestCaseExecutor.java:232)
	at com.kms.katalon.core.main.TestSuiteExecutor.accessTestCaseMainPhase(TestSuiteExecutor.java:129)
	at com.kms.katalon.core.main.TestSuiteExecutor.accessTestSuiteMainPhase(TestSuiteExecutor.java:112)
	at com.kms.katalon.core.main.TestSuiteExecutor.execute(TestSuiteExecutor.java:81)
	at com.kms.katalon.core.main.TestCaseMain.startTestSuite(TestCaseMain.java:157)
	at com.kms.katalon.core.main.TestCaseMain$startTestSuite$0.call(Unknown Source)
	at TempTestSuite1562830999925.run(TempTestSuite1562830999925.groovy:35)
Caused by: org.openqa.selenium.ElementClickInterceptedException: element click intercepted: Element <iframe src="https://leedonline-api-stg.usgbc.org/Credit/form/WnYweUc5TEFCMnFlMGNkdlJidVFBeVpQOGpycWwrOWhRUHVjOUJiUmdOellYWUFiRWlzUUJsanZaTjNpS25FbDJ2cVZQM2dCQkdHUSsydEp1L21KQXhhaVJ3eU9hUlVWTUF5cjY5cXhkbmVHeWdDYWpmbC9kaDB3bVdrZ2JQSVJTTnRzRDlSSm1LWGtmLy9HWnlJWTNEdi9qYWt6TGVMcXo5ZjZYVjh2U2pQa0ZnTFdPY2VQREdzSk5KQ0dlVWtpRmtGWUhuVmdXK2YzV0ZuVTczcFNzVFFtUzBHOGVnRTlmeDJjb1VtVkN4QVdaUWFDb2Q4dzJCc2FteXplMkhSZ1o2bnNzMTFKcWJCdDR4cVdnQkpkN003YzVFL1hqWmM0TStUTjRqM2NUZWZ5d2xOd0QybXo3YkxyUytpUUVkOXdsNURCWWJ0OENGTnNlTmJUZDNsendMZ0NINHVKWGpGb1NuZ0xXUjQ2Y2JvPSQvdzN2VXN1RjB5RT0?initialWidth=916&amp;childId=creditHtmlForm&amp;parentTitle=LEED%20Online&amp;parentUrl=https%3A%2F%2Fleedonline-stg.usgbc.org%2Fform%2FsimpleForm%3F__creditId%3DEBCTIN101L-1000163341%26__creditShortId%3DIN101%26creditHash%3D2b3d64238fc5cfa3eedcc40fe47531db%26projectId%3D1000163341" width="100%" scrolling="no" marginheight="0" frameborder="0" height="1779px" cd_frame_id_="c5ea83aa8335f54d886b5d334b7fe287"></iframe> is not clickable at point (1110, 24). Other element would receive the click: <div class="alert alert-success" style="padding: 15px; margin-bottom: 1px; overflow-wrap: break-word;">...</div>
  (Session info: chrome=75.0.3770.100)
  (Driver info: chromedriver=74.0.3729.6 (255758eccf3d244491b8a1317aa76e1ce10d57e9-refs/branch-heads/3729@{#29}),platform=Windows NT 10.0.17134 x86_64) (WARNING: The server did not provide any stacktrace information)
Command duration or timeout: 0 milliseconds
Build info: version: '3.7.1', revision: '8a0099a', time: '2017-11-06T21:07:36.161Z'
System info: host: 'G10PROLT025', ip: '192.168.232.1', os.name: 'Windows 10', os.arch: 'amd64', os.version: '10.0', java.version: '1.8.0_181'
Driver info: com.kms.katalon.selenium.driver.CChromeDriver
Capabilities {acceptInsecureCerts: false, acceptSslCerts: false, applicationCacheEnabled: false, browserConnectionEnabled: false, browserName: chrome, chrome: {chromedriverVersion: 74.0.3729.6 (255758eccf3d24..., userDataDir: C:\Users\PROMAN~1\AppData\L...}, cssSelectorsEnabled: true, databaseEnabled: false, goog:chromeOptions: {debuggerAddress: localhost:62542}, handlesAlerts: true, hasTouchScreen: false, javascriptEnabled: true, locationContextEnabled: true, mobileEmulationEnabled: false, nativeEvents: true, networkConnectionEnabled: false, pageLoadStrategy: normal, platform: XP, platformName: XP, proxy: Proxy(direct), rotatable: false, setWindowRect: true, strictFileInteractability: false, takesHeapSnapshot: true, takesScreenshot: true, timeouts: {implicit: 0, pageLoad: 300000, script: 30000}, unexpectedAlertBehaviour: ignore, unhandledPromptBehavior: ignore, version: 75.0.3770.100, webStorageEnabled: true}
Session ID: c6f36ac7b2382838716e83b9e8d6d200
	at org.openqa.selenium.remote.ErrorHandler.createThrowable(ErrorHandler.java:214)
	at org.openqa.selenium.remote.ErrorHandler.throwIfResponseFailed(ErrorHandler.java:166)
	at org.openqa.selenium.remote.http.JsonHttpResponseCodec.reconstructValue(JsonHttpResponseCodec.java:40)
	at org.openqa.selenium.remote.http.AbstractHttpResponseCodec.decode(AbstractHttpResponseCodec.java:80)
	at org.openqa.selenium.remote.http.AbstractHttpResponseCodec.decode(AbstractHttpResponseCodec.java:44)
	at org.openqa.selenium.remote.HttpCommandExecutor.execute(HttpCommandExecutor.java:164)
	at org.openqa.selenium.remote.service.DriverCommandExecutor.execute(DriverCommandExecutor.java:83)
	at org.openqa.selenium.remote.RemoteWebDriver.execute(RemoteWebDriver.java:600)
	at com.kms.katalon.selenium.driver.CChromeDriver.execute(CChromeDriver.java:20)
	at org.openqa.selenium.remote.RemoteWebElement.execute(RemoteWebElement.java:279)
	at org.openqa.selenium.remote.RemoteWebElement.click(RemoteWebElement.java:83)
	at com.kms.katalon.core.webui.keyword.builtin.ClickKeyword$_click_closure1.doCall(ClickKeyword.groovy:79)
	at com.kms.katalon.core.webui.keyword.builtin.ClickKeyword$_click_closure1.call(ClickKeyword.groovy)
	at com.kms.katalon.core.webui.keyword.internal.WebUIKeywordMain.runKeyword(WebUIKeywordMain.groovy:20)
	at com.kms.katalon.core.webui.keyword.builtin.ClickKeyword.click(ClickKeyword.groovy:86)
	at com.kms.katalon.core.webui.keyword.builtin.ClickKeyword.execute(ClickKeyword.groovy:67)
	at com.kms.katalon.core.keyword.internal.KeywordExecutor.executeKeywordForPlatform(KeywordExecutor.groovy:56)
	at com.kms.katalon.core.webui.keyword.WebUiBuiltInKeywords.click(WebUiBuiltInKeywords.groovy:616)
	at com.kms.katalon.core.webui.keyword.WebUiBuiltInKeywords$click$5.call(Unknown Source)
	at innovation_Form.Innovation_Form.user_clicks_on_generate_pdf_icon_to_download_the_file_in_Innovation_Form(Innovation_Form.groovy:303)
	at cucumber.runtime.Utils$1.call(Utils.java:26)
	at cucumber.runtime.Timeout.timeout(Timeout.java:16)
	at cucumber.runtime.Utils.invoke(Utils.java:20)
	at cucumber.runtime.java.JavaStepDefinition.execute(JavaStepDefinition.java:48)
	at cucumber.runtime.PickleStepDefinitionMatch.runStep(PickleStepDefinitionMatch.java:50)
	at cucumber.runner.TestStep.executeStep(TestStep.java:55)
	at cucumber.runner.TestStep.run(TestStep.java:42)
	at cucumber.runner.PickleStepTestStep.run(PickleStepTestStep.java:53)
	at cucumber.runner.TestCase.run(TestCase.java:47)
	at cucumber.runner.Runner.runPickle(Runner.java:44)
	at cucumber.runtime.junit.PickleRunners$NoStepDescriptions.run(PickleRunners.java:140)
	at cucumber.runtime.junit.FeatureRunner.runChild(FeatureRunner.java:68)
	at cucumber.runtime.junit.FeatureRunner.runChild(FeatureRunner.java:23)
	at org.junit.runners.ParentRunner$3.run(ParentRunner.java:290)
	at org.junit.runners.ParentRunner$1.schedule(ParentRunner.java:71)
	at org.junit.runners.ParentRunner.runChildren(ParentRunner.java:288)
	at org.junit.runners.ParentRunner.access$000(ParentRunner.java:58)
	at org.junit.runners.ParentRunner$2.evaluate(ParentRunner.java:268)
	at org.junit.runners.ParentRunner.run(ParentRunner.java:363)
	at cucumber.runtime.junit.FeatureRunner.run(FeatureRunner.java:73)
	at cucumber.api.junit.Cucumber.runChild(Cucumber.java:98)
	at cucumber.api.junit.Cucumber.runChild(Cucumber.java:55)
	at org.junit.runners.ParentRunner$3.run(ParentRunner.java:290)
	at org.junit.runners.ParentRunner$1.schedule(ParentRunner.java:71)
	at org.junit.runners.ParentRunner.runChildren(ParentRunner.java:288)
	at org.junit.runners.ParentRunner.access$000(ParentRunner.java:58)
	at org.junit.runners.ParentRunner$2.evaluate(ParentRunner.java:268)
	at cucumber.api.junit.Cucumber$1.evaluate(Cucumber.java:107)
	at org.junit.runners.ParentRunner.run(ParentRunner.java:363)
	at org.junit.runners.Suite.runChild(Suite.java:128)
	at org.junit.runners.Suite.runChild(Suite.java:27)
	at org.junit.runners.ParentRunner$3.run(ParentRunner.java:290)
	at org.junit.runners.ParentRunner$1.schedule(ParentRunner.java:71)
	at org.junit.runners.ParentRunner.runChildren(ParentRunner.java:288)
	at org.junit.runners.ParentRunner.access$000(ParentRunner.java:58)
	at org.junit.runners.ParentRunner$2.evaluate(ParentRunner.java:268)
	at org.junit.runners.ParentRunner.run(ParentRunner.java:363)
	at org.junit.runner.JUnitCore.run(JUnitCore.java:137)
	at org.junit.runner.JUnitCore.run(JUnitCore.java:115)
	at org.junit.runner.JUnitCore.run(JUnitCore.java:105)
	at com.kms.katalon.core.cucumber.keyword.CucumberBuiltinKeywords$_runWithCucumberRunner_closure3.doCall(CucumberBuiltinKeywords.groovy:260)
	at com.kms.katalon.core.cucumber.keyword.CucumberBuiltinKeywords$_runWithCucumberRunner_closure3.doCall(CucumberBuiltinKeywords.groovy)
	at com.kms.katalon.core.keyword.internal.KeywordMain.runKeyword(KeywordMain.groovy:66)
	at com.kms.katalon.core.keyword.internal.KeywordMain$runKeyword.call(Unknown Source)
	at com.kms.katalon.core.cucumber.keyword.CucumberBuiltinKeywords.runWithCucumberRunner(CucumberBuiltinKeywords.groovy:257)
	at com.kms.katalon.core.cucumber.keyword.CucumberBuiltinKeywords$runWithCucumberRunner$0.callStatic(Unknown Source)
	at com.kms.katalon.core.cucumber.keyword.CucumberBuiltinKeywords.runWithCucumberRunner(CucumberBuiltinKeywords.groovy:357)
	at com.kms.katalon.core.cucumber.keyword.CucumberBuiltinKeywords$runWithCucumberRunner.call(Unknown Source)
	at Script1561980219318.run(Script1561980219318.groovy:18)
	... 13 more
)
[[ATTACHMENT|H:\\Git_personal\\Personal_Leed\\Usgbc_LeedOnline_ScoreCard\\Reports\\In_SmokeTest\\20190711_131315\\1562831122593.png]]

2019-07-11 13:15:23 - [MESSAGE][PASSED] - Refresh successfully

2019-07-11 13:15:25 - [MESSAGE][PASSED] - Text of object 'Object Repository/Innovation/Editor_LEED_Accredited/body_LEED_Accredited' is: 'Known that everybody have the personal aim. It is defferent . For example, there are some people think that the most important thing in them life is career. While there are other people think that is family. me too. The most important thing with my life is my small and big family. Because I see the mind is the most important. Let think that if you are verry rich while you alway are worry and sad, you will feel not happy. So I think we should spend many time for looking after our family. When we have a happy family, we will have power to try. At that time we will work better. How do you think. Anna and Henry go to the doctor. Anna has an ultrasound scan. JGH8P'

2019-07-11 13:15:25 - [MESSAGE][PASSED] - Actual text 'Known that everybody have the personal aim. It is defferent . For example, there are some people think that the most important thing in them life is career. While there are other people think that is family. me too. The most important thing with my life is my small and big family. Because I see the mind is the most important. Let think that if you are verry rich while you alway are worry and sad, you will feel not happy. So I think we should spend many time for looking after our family. When we have a happy family, we will have power to try. At that time we will work better. How do you think. Anna and Henry go to the doctor. Anna has an ultrasound scan. JGH8P' and expected text 'Known that everybody have the personal aim. It is defferent . For example, there are some people think that the most important thing in them life is career. While there are other people think that is family. me too. The most important thing with my life is my small and big family. Because I see the mind is the most important. Let think that if you are verry rich while you alway are worry and sad, you will feel not happy. So I think we should spend many time for looking after our family. When we have a happy family, we will have power to try. At that time we will work better. How do you think. Anna and Henry go to the doctor. Anna has an ultrasound scan. JGH8P' are matched 

2019-07-11 13:15:25 - [MESSAGE][PASSED] - Text of object 'Object Repository/Innovation/Innovation_Strategy_Opt1/Editor_Innovation_Strategy/body_Innovation_Strategy' is: 'Known that everybody have the personal aim. It is defferent . For example, there are some people think that the most important thing in them life is career. While there are other people think that is family. me too. The most important thing with my life is my small and big family. Because I see the mind is the most important. Let think that if you are verry rich while you alway are worry and sad, you will feel not happy. So I think we should spend many time for looking after our family. When we have a happy family, we will have power to try. At that time we will work better. How do you think. Anna and Henry go to the doctor. Anna has an ultrasound scan. JGH8P'

2019-07-11 13:15:25 - [MESSAGE][PASSED] - Actual text 'Known that everybody have the personal aim. It is defferent . For example, there are some people think that the most important thing in them life is career. While there are other people think that is family. me too. The most important thing with my life is my small and big family. Because I see the mind is the most important. Let think that if you are verry rich while you alway are worry and sad, you will feel not happy. So I think we should spend many time for looking after our family. When we have a happy family, we will have power to try. At that time we will work better. How do you think. Anna and Henry go to the doctor. Anna has an ultrasound scan. JGH8P' and expected text 'Known that everybody have the personal aim. It is defferent . For example, there are some people think that the most important thing in them life is career. While there are other people think that is family. me too. The most important thing with my life is my small and big family. Because I see the mind is the most important. Let think that if you are verry rich while you alway are worry and sad, you will feel not happy. So I think we should spend many time for looking after our family. When we have a happy family, we will have power to try. At that time we will work better. How do you think. Anna and Henry go to the doctor. Anna has an ultrasound scan. JGH8P' are matched 

2019-07-11 13:15:25 - [MESSAGE][PASSED] - Text of object 'Object Repository/Innovation/Special Circumstances/EditorBox_splCircum/body_splCircum' is: 'Known that everybody have the personal aim. It is defferent . For example, there are some people think that the most important thing in them life is career. While there are other people think that is family. me too. The most important thing with my life is my small and big family. Because I see the mind is the most important. Let think that if you are verry rich while you alway are worry and sad, you will feel not happy. So I think we should spend many time for looking after our family. When we have a happy family, we will have power to try. At that time we will work better. How do you think. Anna and Henry go to the doctor. Anna has an ultrasound scan. JGH8P'

2019-07-11 13:15:25 - [MESSAGE][PASSED] - Actual text 'Known that everybody have the personal aim. It is defferent . For example, there are some people think that the most important thing in them life is career. While there are other people think that is family. me too. The most important thing with my life is my small and big family. Because I see the mind is the most important. Let think that if you are verry rich while you alway are worry and sad, you will feel not happy. So I think we should spend many time for looking after our family. When we have a happy family, we will have power to try. At that time we will work better. How do you think. Anna and Henry go to the doctor. Anna has an ultrasound scan. JGH8P' and expected text 'Known that everybody have the personal aim. It is defferent . For example, there are some people think that the most important thing in them life is career. While there are other people think that is family. me too. The most important thing with my life is my small and big family. Because I see the mind is the most important. Let think that if you are verry rich while you alway are worry and sad, you will feel not happy. So I think we should spend many time for looking after our family. When we have a happy family, we will have power to try. At that time we will work better. How do you think. Anna and Henry go to the doctor. Anna has an ultrasound scan. JGH8P' are matched 

2019-07-11 13:15:27 - [MESSAGE][PASSED] - Delayed 2 second(s)

2019-07-11 13:15:29 - [MESSAGE][PASSED] - Navigate back successfully

2019-07-11 13:15:31 - [MESSAGE][PASSED] - Delayed 2 second(s)

2019-07-11 13:15:31 - [MESSAGE][PASSED] - Text of object 'Object Repository/Innovation/In_Navigation/h3_Status' is: 'ATTEMPTED'

2019-07-11 13:15:31 - [MESSAGE][PASSED] - Object: 'Object Repository/Innovation/In_Navigation/a_MarkReadyForReview' is clicked on

2019-07-11 13:15:36 - [MESSAGE][PASSED] - Delayed 5 second(s)

2019-07-11 13:15:37 - [MESSAGE][PASSED] - Text of object 'Object Repository/Innovation/In_Navigation/h3_Status' is: 'READY FOR REVIEW'

2019-07-11 13:15:37 - [MESSAGE][FAILED] - These following reason:
 [Unable to verify text 'Form data saved successfully.' is present , Unable to click on object 'Object Repository/Innovation/icon_pdf']

2019-07-11 13:15:37 - [MESSAGE][FAILED] - Keyword runWithCucumberRunner was failed (Root cause: com.kms.katalon.core.exception.StepFailedException: These following reason:
 [Unable to verify text 'Form data saved successfully.' is present , Unable to click on object 'Object Repository/Innovation/icon_pdf']
	at com.kms.katalon.core.keyword.internal.KeywordMain.stepFailed(KeywordMain.groovy:48)
	at com.kms.katalon.core.keyword.internal.KeywordMain.stepFailed(KeywordMain.groovy)
	at com.kms.katalon.core.keyword.internal.KeywordMain.stepFailed(KeywordMain.groovy:21)
	at com.kms.katalon.core.keyword.internal.KeywordMain$stepFailed$0.call(Unknown Source)
	at com.kms.katalon.core.cucumber.keyword.CucumberBuiltinKeywords$_runWithCucumberRunner_closure3.doCall(CucumberBuiltinKeywords.groovy:272)
	at com.kms.katalon.core.cucumber.keyword.CucumberBuiltinKeywords$_runWithCucumberRunner_closure3.doCall(CucumberBuiltinKeywords.groovy)
	at com.kms.katalon.core.keyword.internal.KeywordMain.runKeyword(KeywordMain.groovy:66)
	at com.kms.katalon.core.keyword.internal.KeywordMain$runKeyword.call(Unknown Source)
	at com.kms.katalon.core.cucumber.keyword.CucumberBuiltinKeywords.runWithCucumberRunner(CucumberBuiltinKeywords.groovy:257)
	at com.kms.katalon.core.cucumber.keyword.CucumberBuiltinKeywords$runWithCucumberRunner$0.callStatic(Unknown Source)
	at com.kms.katalon.core.cucumber.keyword.CucumberBuiltinKeywords.runWithCucumberRunner(CucumberBuiltinKeywords.groovy:357)
	at com.kms.katalon.core.cucumber.keyword.CucumberBuiltinKeywords$runWithCucumberRunner.call(Unknown Source)
	at TC_In_Innovation_Strategy.run(TC_In_Innovation_Strategy:18)
	at com.kms.katalon.core.main.ScriptEngine.run(ScriptEngine.java:194)
	at com.kms.katalon.core.main.ScriptEngine.runScriptAsRawText(ScriptEngine.java:119)
	at com.kms.katalon.core.main.TestCaseExecutor.runScript(TestCaseExecutor.java:336)
	at com.kms.katalon.core.main.TestCaseExecutor.doExecute(TestCaseExecutor.java:327)
	at com.kms.katalon.core.main.TestCaseExecutor.processExecutionPhase(TestCaseExecutor.java:306)
	at com.kms.katalon.core.main.TestCaseExecutor.accessMainPhase(TestCaseExecutor.java:298)
	at com.kms.katalon.core.main.TestCaseExecutor.execute(TestCaseExecutor.java:232)
	at com.kms.katalon.core.main.TestSuiteExecutor.accessTestCaseMainPhase(TestSuiteExecutor.java:129)
	at com.kms.katalon.core.main.TestSuiteExecutor.accessTestSuiteMainPhase(TestSuiteExecutor.java:112)
	at com.kms.katalon.core.main.TestSuiteExecutor.execute(TestSuiteExecutor.java:81)
	at com.kms.katalon.core.main.TestCaseMain.startTestSuite(TestCaseMain.java:157)
	at com.kms.katalon.core.main.TestCaseMain$startTestSuite$0.call(Unknown Source)
	at TempTestSuite1562830999925.run(TempTestSuite1562830999925.groovy:35)
)

2019-07-11 13:15:37 - [TEST_STEP][PASSED] - Start listener action : sampleAfterTestCase: Browser is closed

2019-07-11 13:15:37 - [TEST_STEP][PASSED] - closeBrowser(): Browser is closed

2019-07-11 13:15:37 - [MESSAGE][PASSED] - Browser is closed]]></system-out>
         <system-err><![CDATA[2019-07-11 13:13:23 - [TEST_CASE][FAILED] - Test Cases/Innovation/TC_In_Innovation_Strategy: Test Cases/Innovation/TC_In_Innovation_Strategy FAILED.
Reason:
com.kms.katalon.core.exception.StepFailedException: These following reason:
 [Unable to verify text 'Form data saved successfully.' is present , Unable to click on object 'Object Repository/Innovation/icon_pdf']
	at com.kms.katalon.core.keyword.internal.KeywordMain.stepFailed(KeywordMain.groovy:48)
	at com.kms.katalon.core.keyword.internal.KeywordMain.stepFailed(KeywordMain.groovy)
	at com.kms.katalon.core.keyword.internal.KeywordMain.stepFailed(KeywordMain.groovy:21)
	at com.kms.katalon.core.keyword.internal.KeywordMain$stepFailed$0.call(Unknown Source)
	at com.kms.katalon.core.cucumber.keyword.CucumberBuiltinKeywords$_runWithCucumberRunner_closure3.doCall(CucumberBuiltinKeywords.groovy:272)
	at com.kms.katalon.core.cucumber.keyword.CucumberBuiltinKeywords$_runWithCucumberRunner_closure3.doCall(CucumberBuiltinKeywords.groovy)
	at com.kms.katalon.core.keyword.internal.KeywordMain.runKeyword(KeywordMain.groovy:66)
	at com.kms.katalon.core.keyword.internal.KeywordMain$runKeyword.call(Unknown Source)
	at com.kms.katalon.core.cucumber.keyword.CucumberBuiltinKeywords.runWithCucumberRunner(CucumberBuiltinKeywords.groovy:257)
	at com.kms.katalon.core.cucumber.keyword.CucumberBuiltinKeywords$runWithCucumberRunner$0.callStatic(Unknown Source)
	at com.kms.katalon.core.cucumber.keyword.CucumberBuiltinKeywords.runWithCucumberRunner(CucumberBuiltinKeywords.groovy:357)
	at com.kms.katalon.core.cucumber.keyword.CucumberBuiltinKeywords$runWithCucumberRunner.call(Unknown Source)
	at TC_In_Innovation_Strategy.run(TC_In_Innovation_Strategy:18)
	at com.kms.katalon.core.main.ScriptEngine.run(ScriptEngine.java:194)
	at com.kms.katalon.core.main.ScriptEngine.runScriptAsRawText(ScriptEngine.java:119)
	at com.kms.katalon.core.main.TestCaseExecutor.runScript(TestCaseExecutor.java:336)
	at com.kms.katalon.core.main.TestCaseExecutor.doExecute(TestCaseExecutor.java:327)
	at com.kms.katalon.core.main.TestCaseExecutor.processExecutionPhase(TestCaseExecutor.java:306)
	at com.kms.katalon.core.main.TestCaseExecutor.accessMainPhase(TestCaseExecutor.java:298)
	at com.kms.katalon.core.main.TestCaseExecutor.execute(TestCaseExecutor.java:232)
	at com.kms.katalon.core.main.TestSuiteExecutor.accessTestCaseMainPhase(TestSuiteExecutor.java:129)
	at com.kms.katalon.core.main.TestSuiteExecutor.accessTestSuiteMainPhase(TestSuiteExecutor.java:112)
	at com.kms.katalon.core.main.TestSuiteExecutor.execute(TestSuiteExecutor.java:81)
	at com.kms.katalon.core.main.TestCaseMain.startTestSuite(TestCaseMain.java:157)
	at com.kms.katalon.core.main.TestCaseMain$startTestSuite$0.call(Unknown Source)
	at TempTestSuite1562830999925.run(TempTestSuite1562830999925.groovy:35)]]></system-err>
      </testcase>
      <testcase name="Test Cases/Innovation/TC_In_Pilot_Credit" classname="Test Cases/Innovation/TC_In_Pilot_Credit" status="FAILED">
         <failure type="FAILED" message="Test Cases/Innovation/TC_In_Pilot_Credit FAILED.
Reason:
com.kms.katalon.core.exception.StepFailedException: These following reason:
 [Unable to verify text 'Form data saved successfully.' is present ]
	at com.kms.katalon.core.keyword.internal.KeywordMain.stepFailed(KeywordMain.groovy:48)
	at com.kms.katalon.core.keyword.internal.KeywordMain.stepFailed(KeywordMain.groovy)
	at com.kms.katalon.core.keyword.internal.KeywordMain.stepFailed(KeywordMain.groovy:21)
	at com.kms.katalon.core.keyword.internal.KeywordMain$stepFailed$0.call(Unknown Source)
	at com.kms.katalon.core.cucumber.keyword.CucumberBuiltinKeywords$_runWithCucumberRunner_closure3.doCall(CucumberBuiltinKeywords.groovy:272)
	at com.kms.katalon.core.cucumber.keyword.CucumberBuiltinKeywords$_runWithCucumberRunner_closure3.doCall(CucumberBuiltinKeywords.groovy)
	at com.kms.katalon.core.keyword.internal.KeywordMain.runKeyword(KeywordMain.groovy:66)
	at com.kms.katalon.core.keyword.internal.KeywordMain$runKeyword.call(Unknown Source)
	at com.kms.katalon.core.cucumber.keyword.CucumberBuiltinKeywords.runWithCucumberRunner(CucumberBuiltinKeywords.groovy:257)
	at com.kms.katalon.core.cucumber.keyword.CucumberBuiltinKeywords$runWithCucumberRunner$0.callStatic(Unknown Source)
	at com.kms.katalon.core.cucumber.keyword.CucumberBuiltinKeywords.runWithCucumberRunner(CucumberBuiltinKeywords.groovy:357)
	at com.kms.katalon.core.cucumber.keyword.CucumberBuiltinKeywords$runWithCucumberRunner.call(Unknown Source)
	at TC_In_Pilot_Credit.run(TC_In_Pilot_Credit:18)
	at com.kms.katalon.core.main.ScriptEngine.run(ScriptEngine.java:194)
	at com.kms.katalon.core.main.ScriptEngine.runScriptAsRawText(ScriptEngine.java:119)
	at com.kms.katalon.core.main.TestCaseExecutor.runScript(TestCaseExecutor.java:336)
	at com.kms.katalon.core.main.TestCaseExecutor.doExecute(TestCaseExecutor.java:327)
	at com.kms.katalon.core.main.TestCaseExecutor.processExecutionPhase(TestCaseExecutor.java:306)
	at com.kms.katalon.core.main.TestCaseExecutor.accessMainPhase(TestCaseExecutor.java:298)
	at com.kms.katalon.core.main.TestCaseExecutor.execute(TestCaseExecutor.java:232)
	at com.kms.katalon.core.main.TestSuiteExecutor.accessTestCaseMainPhase(TestSuiteExecutor.java:129)
	at com.kms.katalon.core.main.TestSuiteExecutor.accessTestSuiteMainPhase(TestSuiteExecutor.java:112)
	at com.kms.katalon.core.main.TestSuiteExecutor.execute(TestSuiteExecutor.java:81)
	at com.kms.katalon.core.main.TestCaseMain.startTestSuite(TestCaseMain.java:157)
	at com.kms.katalon.core.main.TestCaseMain$startTestSuite$0.call(Unknown Source)
	at TempTestSuite1562830999925.run(TempTestSuite1562830999925.groovy:35)
"/>
         <system-out><![CDATA[2019-07-11 13:15:38 - [TEST_CASE][FAILED] - Test Cases/Innovation/TC_In_Pilot_Credit: Test Cases/Innovation/TC_In_Pilot_Credit FAILED.
Reason:
com.kms.katalon.core.exception.StepFailedException: These following reason:
 [Unable to verify text 'Form data saved successfully.' is present ]
	at com.kms.katalon.core.keyword.internal.KeywordMain.stepFailed(KeywordMain.groovy:48)
	at com.kms.katalon.core.keyword.internal.KeywordMain.stepFailed(KeywordMain.groovy)
	at com.kms.katalon.core.keyword.internal.KeywordMain.stepFailed(KeywordMain.groovy:21)
	at com.kms.katalon.core.keyword.internal.KeywordMain$stepFailed$0.call(Unknown Source)
	at com.kms.katalon.core.cucumber.keyword.CucumberBuiltinKeywords$_runWithCucumberRunner_closure3.doCall(CucumberBuiltinKeywords.groovy:272)
	at com.kms.katalon.core.cucumber.keyword.CucumberBuiltinKeywords$_runWithCucumberRunner_closure3.doCall(CucumberBuiltinKeywords.groovy)
	at com.kms.katalon.core.keyword.internal.KeywordMain.runKeyword(KeywordMain.groovy:66)
	at com.kms.katalon.core.keyword.internal.KeywordMain$runKeyword.call(Unknown Source)
	at com.kms.katalon.core.cucumber.keyword.CucumberBuiltinKeywords.runWithCucumberRunner(CucumberBuiltinKeywords.groovy:257)
	at com.kms.katalon.core.cucumber.keyword.CucumberBuiltinKeywords$runWithCucumberRunner$0.callStatic(Unknown Source)
	at com.kms.katalon.core.cucumber.keyword.CucumberBuiltinKeywords.runWithCucumberRunner(CucumberBuiltinKeywords.groovy:357)
	at com.kms.katalon.core.cucumber.keyword.CucumberBuiltinKeywords$runWithCucumberRunner.call(Unknown Source)
	at TC_In_Pilot_Credit.run(TC_In_Pilot_Credit:18)
	at com.kms.katalon.core.main.ScriptEngine.run(ScriptEngine.java:194)
	at com.kms.katalon.core.main.ScriptEngine.runScriptAsRawText(ScriptEngine.java:119)
	at com.kms.katalon.core.main.TestCaseExecutor.runScript(TestCaseExecutor.java:336)
	at com.kms.katalon.core.main.TestCaseExecutor.doExecute(TestCaseExecutor.java:327)
	at com.kms.katalon.core.main.TestCaseExecutor.processExecutionPhase(TestCaseExecutor.java:306)
	at com.kms.katalon.core.main.TestCaseExecutor.accessMainPhase(TestCaseExecutor.java:298)
	at com.kms.katalon.core.main.TestCaseExecutor.execute(TestCaseExecutor.java:232)
	at com.kms.katalon.core.main.TestSuiteExecutor.accessTestCaseMainPhase(TestSuiteExecutor.java:129)
	at com.kms.katalon.core.main.TestSuiteExecutor.accessTestSuiteMainPhase(TestSuiteExecutor.java:112)
	at com.kms.katalon.core.main.TestSuiteExecutor.execute(TestSuiteExecutor.java:81)
	at com.kms.katalon.core.main.TestCaseMain.startTestSuite(TestCaseMain.java:157)
	at com.kms.katalon.core.main.TestCaseMain$startTestSuite$0.call(Unknown Source)
	at TempTestSuite1562830999925.run(TempTestSuite1562830999925.groovy:35)


2019-07-11 13:15:38 - [TEST_STEP][PASSED] - Start listener action : sampleBeforeTestCase: null

2019-07-11 13:15:38 - [TEST_STEP][PASSED] - openBrowser(""): Browser is opened with url: ''

2019-07-11 13:15:38 - [MESSAGE][INFO] - Starting 'Chrome' driver

2019-07-11 13:15:38 - [MESSAGE][INFO] - User set preference: ['args', '[--window-size=1920,1080]']

2019-07-11 13:15:40 - [MESSAGE][PASSED] - Browser is opened with url: ''

2019-07-11 13:15:40 - [TEST_STEP][PASSED] - driver = getWebDriver(): null

2019-07-11 13:15:40 - [TEST_STEP][PASSED] - println("The driver is ########### " + driver): null

2019-07-11 13:15:40 - [TEST_STEP][PASSED] - downloadPath = "H:/Git_personal/Personal_Leed/Usgbc_LeedOnline_ScoreCard/Include/TestData/DownloadedFiles": null

2019-07-11 13:15:40 - [TEST_STEP][PASSED] - projectKeywords().sendCommandForDownloadChromeHeadLess(driver.getCommandExecutor(), driver.getSessionId(), downloadPath): null

2019-07-11 13:15:40 - [TEST_STEP][FAILED] - runWithCucumberRunner(innovation_Form.Runner_In_Pilot_Credit): Keyword runWithCucumberRunner was failed (Root cause: com.kms.katalon.core.exception.StepFailedException: These following reason:
 [Unable to verify text 'Form data saved successfully.' is present ]
	at com.kms.katalon.core.keyword.internal.KeywordMain.stepFailed(KeywordMain.groovy:48)
	at com.kms.katalon.core.keyword.internal.KeywordMain.stepFailed(KeywordMain.groovy)
	at com.kms.katalon.core.keyword.internal.KeywordMain.stepFailed(KeywordMain.groovy:21)
	at com.kms.katalon.core.keyword.internal.KeywordMain$stepFailed$0.call(Unknown Source)
	at com.kms.katalon.core.cucumber.keyword.CucumberBuiltinKeywords$_runWithCucumberRunner_closure3.doCall(CucumberBuiltinKeywords.groovy:272)
	at com.kms.katalon.core.cucumber.keyword.CucumberBuiltinKeywords$_runWithCucumberRunner_closure3.doCall(CucumberBuiltinKeywords.groovy)
	at com.kms.katalon.core.keyword.internal.KeywordMain.runKeyword(KeywordMain.groovy:66)
	at com.kms.katalon.core.keyword.internal.KeywordMain$runKeyword.call(Unknown Source)
	at com.kms.katalon.core.cucumber.keyword.CucumberBuiltinKeywords.runWithCucumberRunner(CucumberBuiltinKeywords.groovy:257)
	at com.kms.katalon.core.cucumber.keyword.CucumberBuiltinKeywords$runWithCucumberRunner$0.callStatic(Unknown Source)
	at com.kms.katalon.core.cucumber.keyword.CucumberBuiltinKeywords.runWithCucumberRunner(CucumberBuiltinKeywords.groovy:357)
	at com.kms.katalon.core.cucumber.keyword.CucumberBuiltinKeywords$runWithCucumberRunner.call(Unknown Source)
	at TC_In_Pilot_Credit.run(TC_In_Pilot_Credit:18)
	at com.kms.katalon.core.main.ScriptEngine.run(ScriptEngine.java:194)
	at com.kms.katalon.core.main.ScriptEngine.runScriptAsRawText(ScriptEngine.java:119)
	at com.kms.katalon.core.main.TestCaseExecutor.runScript(TestCaseExecutor.java:336)
	at com.kms.katalon.core.main.TestCaseExecutor.doExecute(TestCaseExecutor.java:327)
	at com.kms.katalon.core.main.TestCaseExecutor.processExecutionPhase(TestCaseExecutor.java:306)
	at com.kms.katalon.core.main.TestCaseExecutor.accessMainPhase(TestCaseExecutor.java:298)
	at com.kms.katalon.core.main.TestCaseExecutor.execute(TestCaseExecutor.java:232)
	at com.kms.katalon.core.main.TestSuiteExecutor.accessTestCaseMainPhase(TestSuiteExecutor.java:129)
	at com.kms.katalon.core.main.TestSuiteExecutor.accessTestSuiteMainPhase(TestSuiteExecutor.java:112)
	at com.kms.katalon.core.main.TestSuiteExecutor.execute(TestSuiteExecutor.java:81)
	at com.kms.katalon.core.main.TestCaseMain.startTestSuite(TestCaseMain.java:157)
	at com.kms.katalon.core.main.TestCaseMain$startTestSuite$0.call(Unknown Source)
	at TempTestSuite1562830999925.run(TempTestSuite1562830999925.groovy:35)
)

2019-07-11 13:15:42 - [TEST_CASE][PASSED] - Test Cases/Innovation/TC_In_Navigation: Test Cases/Innovation/TC_In_Navigation

2019-07-11 13:15:42 - [TEST_STEP][PASSED] - runWithCucumberRunner(innovation_Form.Runner_In_Navigation): Run with 'innovation_Form.Runner_In_Navigation' was passed

2019-07-11 13:15:43 - [TEST_CASE][PASSED] - Test Cases/Login/TC_Login: Test Cases/Login/TC_Login

2019-07-11 13:15:43 - [TEST_STEP][PASSED] - runWithCucumberRunner(common.Runner_Login): Run with 'common.Runner_Login' was passed

2019-07-11 13:15:46 - [MESSAGE][PASSED] - Navigate to 'https://leedonline-stg.usgbc.org' successfully

2019-07-11 13:15:48 - [MESSAGE][PASSED] - Delayed 2 second(s)

2019-07-11 13:15:48 - [MESSAGE][PASSED] - Text 'automationbdd1@gmail.com' is set on object 'Object Repository/Login/input_username'

2019-07-11 13:15:49 - [MESSAGE][PASSED] - Text 'initpass' is set on object 'Object Repository/Login/input_password'

2019-07-11 13:15:52 - [MESSAGE][PASSED] - Delayed 3 second(s)

2019-07-11 13:15:52 - [MESSAGE][PASSED] - Scroll to object 'Object Repository/Login/span_End User License Agreement' successfully

2019-07-11 13:15:52 - [MESSAGE][PASSED] - Object 'Object Repository/Login/span_End User License Agreement' is visible

2019-07-11 13:15:52 - [MESSAGE][PASSED] - Object 'Object Repository/Login/span_End User License Agreement' is checked

2019-07-11 13:15:53 - [MESSAGE][PASSED] - Delayed 1 second(s)

2019-07-11 13:15:53 - [MESSAGE][PASSED] - Object: 'Object Repository/Login/button_Log In' is clicked on

2019-07-11 13:16:06 - [MESSAGE][PASSED] - Object: '' is clicked on

2019-07-11 13:16:10 - [MESSAGE][PASSED] - Object: 'Object Repository/Login/a_Credits' is clicked on

2019-07-11 13:16:10 - [MESSAGE][PASSED] - Run with 'common.Runner_Login' was passed

2019-07-11 13:16:10 - [MESSAGE][PASSED] - Call Test Case 'Test Cases/Login/TC_Login' successfully

2019-07-11 13:16:10 - [MESSAGE][PASSED] - Scroll to object 'Object Repository/Innovation/In_Navigation/div_Innovation' successfully

2019-07-11 13:16:10 - [MESSAGE][PASSED] - Object 'Object Repository/Innovation/In_Navigation/div_Innovation' is present

2019-07-11 13:16:10 - [MESSAGE][PASSED] - Text of object 'Object Repository/Innovation/In_Navigation/h3_Status' is: 'READY FOR REVIEW'

2019-07-11 13:16:10 - [MESSAGE][PASSED] - Text of object 'Object Repository/Innovation/In_Navigation/divval' is: 'READY FOR REVIEW'

2019-07-11 13:16:10 - [MESSAGE][PASSED] - Object: 'Object Repository/Innovation/In_Navigation/a_MarkReadyForReview' is clicked on

2019-07-11 13:16:15 - [MESSAGE][PASSED] - Delayed 5 second(s)

2019-07-11 13:16:15 - [MESSAGE][PASSED] - Text of object 'Object Repository/Innovation/In_Navigation/h3_Status' is: 'ATTEMPTED'

2019-07-11 13:16:15 - [MESSAGE][PASSED] - Object: 'Object Repository/Innovation/In_Navigation/div_Innovation' is clicked on

2019-07-11 13:16:18 - [MESSAGE][PASSED] - Delayed 3 second(s)

2019-07-11 13:16:26 - [MESSAGE][PASSED] - Object: 'Object Repository/Innovation/In_Navigation/span_(V01)' is clicked on

2019-07-11 13:16:26 - [MESSAGE][PASSED] - Object 'Object Repository/Innovation/In_Navigation/div_InnovationCredit' is present

2019-07-11 13:16:26 - [MESSAGE][PASSED] - Run with 'innovation_Form.Runner_In_Navigation' was passed

2019-07-11 13:16:26 - [MESSAGE][PASSED] - Call Test Case 'Test Cases/Innovation/TC_In_Navigation' successfully

2019-07-11 13:16:26 - [MESSAGE][PASSED] - Scroll to object 'Object Repository/Innovation/Pilot_Credit_Opt2/radio_Pilot_Credit' successfully

2019-07-11 13:16:26 - [MESSAGE][PASSED] - Object 'Object Repository/Innovation/Pilot_Credit_Opt2/radio_Pilot_Credit' is present

2019-07-11 13:16:29 - [MESSAGE][PASSED] - Delayed 3 second(s)

2019-07-11 13:16:29 - [MESSAGE][PASSED] - Object 'Object Repository/Innovation/Pilot_Credit_Opt2/radio_Pilot_Credit' is checked

2019-07-11 13:16:32 - [MESSAGE][PASSED] - Delayed 3 second(s)

2019-07-11 13:16:33 - [MESSAGE][PASSED] - Text 'Option 1. Innovation Strategy' is present on page 

2019-07-11 13:16:33 - [MESSAGE][PASSED] - Scroll to object 'Object Repository/Innovation/Pilot_Credit_Opt2/div_nameOfPilot' successfully

2019-07-11 13:16:33 - [MESSAGE][PASSED] - Object 'Object Repository/Innovation/Pilot_Credit_Opt2/div_nameOfPilot' is present

2019-07-11 13:16:33 - [MESSAGE][PASSED] - Text 'credits' is set on object 'Object Repository/Innovation/Pilot_Credit_Opt2/input_nameOfPilot'

2019-07-11 13:16:36 - [MESSAGE][PASSED] - Delayed 3 second(s)

2019-07-11 13:16:36 - [MESSAGE][PASSED] - Attribute 'value' of object 'Object Repository/Innovation/Pilot_Credit_Opt2/input_nameOfPilot' is: 'credits'

2019-07-11 13:16:36 - [MESSAGE][PASSED] - Actual text 'credits' and expected text 'credits' are matched 

2019-07-11 13:16:36 - [MESSAGE][PASSED] - Scroll to object 'Object Repository/Innovation/Pilot_Credit_Opt2/div_numberOfPilot' successfully

2019-07-11 13:16:36 - [MESSAGE][PASSED] - Object 'Object Repository/Innovation/Pilot_Credit_Opt2/div_numberOfPilot' is present

2019-07-11 13:16:36 - [MESSAGE][PASSED] - Text '111' is set on object 'Object Repository/Innovation/Pilot_Credit_Opt2/input_numberOfPilot'

2019-07-11 13:16:39 - [MESSAGE][PASSED] - Delayed 3 second(s)

2019-07-11 13:16:40 - [MESSAGE][PASSED] - Attribute 'value' of object 'Object Repository/Innovation/Pilot_Credit_Opt2/input_numberOfPilot' is: '111'

2019-07-11 13:16:40 - [MESSAGE][PASSED] - Actual text '111' and expected text '111' are matched 

2019-07-11 13:16:40 - [MESSAGE][PASSED] - Object 'Object Repository/Innovation/Pilot_Credit_Opt2/AddFile_required_doc/p_required_doc' is present

2019-07-11 13:16:40 - [MESSAGE][PASSED] - Scroll to object 'Object Repository/Innovation/Pilot_Credit_Opt2/AddFile_required_doc/p_required_doc' successfully

2019-07-11 13:16:40 - [MESSAGE][PASSED] - Object 'Object Repository/Innovation/Pilot_Credit_Opt2/AddFile_required_doc/Button_required_doc' has attribute 'class' with value 'tiny ui button'

2019-07-11 13:16:40 - [MESSAGE][PASSED] - File 'H:\Git_personal\Personal_Leed\Usgbc_LeedOnline_ScoreCard\Include\TestData\MultipleFileDiffExt\SampleGIFImage_350kbmb.gif' sent to object: 'Object Repository/Innovation/Pilot_Credit_Opt2/AddFile_required_doc/input_required_doc'

2019-07-11 13:16:41 - [MESSAGE][PASSED] - Delayed 1 second(s)

2019-07-11 13:16:43 - [MESSAGE][PASSED] - Object 'Object Repository/Innovation/Pilot_Credit_Opt2/AddFile_required_doc/Button_required_doc' has attribute 'class' with value 'tiny ui button'

2019-07-11 13:16:43 - [MESSAGE][PASSED] - File 'H:\Git_personal\Personal_Leed\Usgbc_LeedOnline_ScoreCard\Include\TestData\MultipleFileDiffExt\SamplePPTFile_1000kb.ppt' sent to object: 'Object Repository/Innovation/Pilot_Credit_Opt2/AddFile_required_doc/input_required_doc'

2019-07-11 13:16:44 - [MESSAGE][PASSED] - Delayed 1 second(s)

2019-07-11 13:17:16 - [MESSAGE][PASSED] - Object 'Object Repository/Innovation/Pilot_Credit_Opt2/AddFile_required_doc/Button_required_doc' has attribute 'class' with value 'tiny ui button'

2019-07-11 13:17:16 - [MESSAGE][PASSED] - File 'H:\Git_personal\Personal_Leed\Usgbc_LeedOnline_ScoreCard\Include\TestData\MultipleFileDiffExt\ZZ.pdf' sent to object: 'Object Repository/Innovation/Pilot_Credit_Opt2/AddFile_required_doc/input_required_doc'

2019-07-11 13:17:17 - [MESSAGE][PASSED] - Delayed 1 second(s)

2019-07-11 13:17:17 - [MESSAGE][PASSED] - Scroll to object 'Object Repository/Innovation/btn_Save' successfully

2019-07-11 13:17:17 - [MESSAGE][PASSED] - Object 'Object Repository/Innovation/btn_Save' is present

2019-07-11 13:17:20 - [MESSAGE][PASSED] - Delayed 3 second(s)

2019-07-11 13:17:20 - [MESSAGE][PASSED] - Object: 'Object Repository/Innovation/btn_Save' is clicked on

2019-07-11 13:17:22 - [MESSAGE][PASSED] - Delayed 2 second(s)

2019-07-11 13:17:23 - [MESSAGE][FAILED] - Text 'Form data saved successfully.' is not present on page  (Root cause: com.kms.katalon.core.exception.StepFailedException: Text 'Form data saved successfully.' is not present on page 
	at com.kms.katalon.core.webui.keyword.internal.WebUIKeywordMain.stepFailed(WebUIKeywordMain.groovy:64)
	at com.kms.katalon.core.webui.keyword.builtin.VerifyTextPresentKeyword$_verifyTextPresent_closure1.doCall(VerifyTextPresentKeyword.groovy:79)
	at com.kms.katalon.core.webui.keyword.builtin.VerifyTextPresentKeyword$_verifyTextPresent_closure1.call(VerifyTextPresentKeyword.groovy)
	at com.kms.katalon.core.webui.keyword.internal.WebUIKeywordMain.runKeyword(WebUIKeywordMain.groovy:20)
	at com.kms.katalon.core.webui.keyword.builtin.VerifyTextPresentKeyword.verifyTextPresent(VerifyTextPresentKeyword.groovy:83)
	at com.kms.katalon.core.webui.keyword.builtin.VerifyTextPresentKeyword.execute(VerifyTextPresentKeyword.groovy:68)
	at com.kms.katalon.core.keyword.internal.KeywordExecutor.executeKeywordForPlatform(KeywordExecutor.groovy:56)
	at com.kms.katalon.core.webui.keyword.WebUiBuiltInKeywords.verifyTextPresent(WebUiBuiltInKeywords.groovy:1693)
	at com.kms.katalon.core.webui.keyword.WebUiBuiltInKeywords$verifyTextPresent$12.call(Unknown Source)
	at innovation_Form.Innovation_Form.user_should_see_Form_data_saved_successfully_message_in_Innovation(Innovation_Form.groovy:287)
	at cucumber.runtime.Utils$1.call(Utils.java:26)
	at cucumber.runtime.Timeout.timeout(Timeout.java:16)
	at cucumber.runtime.Utils.invoke(Utils.java:20)
	at cucumber.runtime.java.JavaStepDefinition.execute(JavaStepDefinition.java:48)
	at cucumber.runtime.PickleStepDefinitionMatch.runStep(PickleStepDefinitionMatch.java:50)
	at cucumber.runner.TestStep.executeStep(TestStep.java:55)
	at cucumber.runner.TestStep.run(TestStep.java:42)
	at cucumber.runner.PickleStepTestStep.run(PickleStepTestStep.java:53)
	at cucumber.runner.TestCase.run(TestCase.java:47)
	at cucumber.runner.Runner.runPickle(Runner.java:44)
	at cucumber.runtime.junit.PickleRunners$NoStepDescriptions.run(PickleRunners.java:140)
	at cucumber.runtime.junit.FeatureRunner.runChild(FeatureRunner.java:68)
	at cucumber.runtime.junit.FeatureRunner.runChild(FeatureRunner.java:23)
	at org.junit.runners.ParentRunner$3.run(ParentRunner.java:290)
	at org.junit.runners.ParentRunner$1.schedule(ParentRunner.java:71)
	at org.junit.runners.ParentRunner.runChildren(ParentRunner.java:288)
	at org.junit.runners.ParentRunner.access$000(ParentRunner.java:58)
	at org.junit.runners.ParentRunner$2.evaluate(ParentRunner.java:268)
	at org.junit.runners.ParentRunner.run(ParentRunner.java:363)
	at cucumber.runtime.junit.FeatureRunner.run(FeatureRunner.java:73)
	at cucumber.api.junit.Cucumber.runChild(Cucumber.java:98)
	at cucumber.api.junit.Cucumber.runChild(Cucumber.java:55)
	at org.junit.runners.ParentRunner$3.run(ParentRunner.java:290)
	at org.junit.runners.ParentRunner$1.schedule(ParentRunner.java:71)
	at org.junit.runners.ParentRunner.runChildren(ParentRunner.java:288)
	at org.junit.runners.ParentRunner.access$000(ParentRunner.java:58)
	at org.junit.runners.ParentRunner$2.evaluate(ParentRunner.java:268)
	at cucumber.api.junit.Cucumber$1.evaluate(Cucumber.java:107)
	at org.junit.runners.ParentRunner.run(ParentRunner.java:363)
	at org.junit.runners.Suite.runChild(Suite.java:128)
	at org.junit.runners.Suite.runChild(Suite.java:27)
	at org.junit.runners.ParentRunner$3.run(ParentRunner.java:290)
	at org.junit.runners.ParentRunner$1.schedule(ParentRunner.java:71)
	at org.junit.runners.ParentRunner.runChildren(ParentRunner.java:288)
	at org.junit.runners.ParentRunner.access$000(ParentRunner.java:58)
	at org.junit.runners.ParentRunner$2.evaluate(ParentRunner.java:268)
	at org.junit.runners.ParentRunner.run(ParentRunner.java:363)
	at org.junit.runner.JUnitCore.run(JUnitCore.java:137)
	at org.junit.runner.JUnitCore.run(JUnitCore.java:115)
	at org.junit.runner.JUnitCore.run(JUnitCore.java:105)
	at com.kms.katalon.core.cucumber.keyword.CucumberBuiltinKeywords$_runWithCucumberRunner_closure3.doCall(CucumberBuiltinKeywords.groovy:260)
	at com.kms.katalon.core.cucumber.keyword.CucumberBuiltinKeywords$_runWithCucumberRunner_closure3.doCall(CucumberBuiltinKeywords.groovy)
	at com.kms.katalon.core.keyword.internal.KeywordMain.runKeyword(KeywordMain.groovy:66)
	at com.kms.katalon.core.keyword.internal.KeywordMain$runKeyword.call(Unknown Source)
	at com.kms.katalon.core.cucumber.keyword.CucumberBuiltinKeywords.runWithCucumberRunner(CucumberBuiltinKeywords.groovy:257)
	at com.kms.katalon.core.cucumber.keyword.CucumberBuiltinKeywords$runWithCucumberRunner$0.callStatic(Unknown Source)
	at com.kms.katalon.core.cucumber.keyword.CucumberBuiltinKeywords.runWithCucumberRunner(CucumberBuiltinKeywords.groovy:357)
	at com.kms.katalon.core.cucumber.keyword.CucumberBuiltinKeywords$runWithCucumberRunner.call(Unknown Source)
	at TC_In_Pilot_Credit.run(TC_In_Pilot_Credit:18)
	at com.kms.katalon.core.main.ScriptEngine.run(ScriptEngine.java:194)
	at com.kms.katalon.core.main.ScriptEngine.runScriptAsRawText(ScriptEngine.java:119)
	at com.kms.katalon.core.main.TestCaseExecutor.runScript(TestCaseExecutor.java:336)
	at com.kms.katalon.core.main.TestCaseExecutor.doExecute(TestCaseExecutor.java:327)
	at com.kms.katalon.core.main.TestCaseExecutor.processExecutionPhase(TestCaseExecutor.java:306)
	at com.kms.katalon.core.main.TestCaseExecutor.accessMainPhase(TestCaseExecutor.java:298)
	at com.kms.katalon.core.main.TestCaseExecutor.execute(TestCaseExecutor.java:232)
	at com.kms.katalon.core.main.TestSuiteExecutor.accessTestCaseMainPhase(TestSuiteExecutor.java:129)
	at com.kms.katalon.core.main.TestSuiteExecutor.accessTestSuiteMainPhase(TestSuiteExecutor.java:112)
	at com.kms.katalon.core.main.TestSuiteExecutor.execute(TestSuiteExecutor.java:81)
	at com.kms.katalon.core.main.TestCaseMain.startTestSuite(TestCaseMain.java:157)
	at com.kms.katalon.core.main.TestCaseMain$startTestSuite$0.call(Unknown Source)
	at TempTestSuite1562830999925.run(TempTestSuite1562830999925.groovy:35)
)

2019-07-11 13:17:23 - [MESSAGE][FAILED] - Unable to verify text 'Form data saved successfully.' is present  (Root cause: com.kms.katalon.core.exception.StepFailedException: Unable to verify text 'Form data saved successfully.' is present 
	at com.kms.katalon.core.webui.keyword.internal.WebUIKeywordMain.stepFailed(WebUIKeywordMain.groovy:64)
	at com.kms.katalon.core.webui.keyword.internal.WebUIKeywordMain.runKeyword(WebUIKeywordMain.groovy:26)
	at com.kms.katalon.core.webui.keyword.builtin.VerifyTextPresentKeyword.verifyTextPresent(VerifyTextPresentKeyword.groovy:83)
	at com.kms.katalon.core.webui.keyword.builtin.VerifyTextPresentKeyword.execute(VerifyTextPresentKeyword.groovy:68)
	at com.kms.katalon.core.keyword.internal.KeywordExecutor.executeKeywordForPlatform(KeywordExecutor.groovy:56)
	at com.kms.katalon.core.webui.keyword.WebUiBuiltInKeywords.verifyTextPresent(WebUiBuiltInKeywords.groovy:1693)
	at com.kms.katalon.core.webui.keyword.WebUiBuiltInKeywords$verifyTextPresent$12.call(Unknown Source)
	at innovation_Form.Innovation_Form.user_should_see_Form_data_saved_successfully_message_in_Innovation(Innovation_Form.groovy:287)
	at cucumber.runtime.Utils$1.call(Utils.java:26)
	at cucumber.runtime.Timeout.timeout(Timeout.java:16)
	at cucumber.runtime.Utils.invoke(Utils.java:20)
	at cucumber.runtime.java.JavaStepDefinition.execute(JavaStepDefinition.java:48)
	at cucumber.runtime.PickleStepDefinitionMatch.runStep(PickleStepDefinitionMatch.java:50)
	at cucumber.runner.TestStep.executeStep(TestStep.java:55)
	at cucumber.runner.TestStep.run(TestStep.java:42)
	at cucumber.runner.PickleStepTestStep.run(PickleStepTestStep.java:53)
	at cucumber.runner.TestCase.run(TestCase.java:47)
	at cucumber.runner.Runner.runPickle(Runner.java:44)
	at cucumber.runtime.junit.PickleRunners$NoStepDescriptions.run(PickleRunners.java:140)
	at cucumber.runtime.junit.FeatureRunner.runChild(FeatureRunner.java:68)
	at cucumber.runtime.junit.FeatureRunner.runChild(FeatureRunner.java:23)
	at org.junit.runners.ParentRunner$3.run(ParentRunner.java:290)
	at org.junit.runners.ParentRunner$1.schedule(ParentRunner.java:71)
	at org.junit.runners.ParentRunner.runChildren(ParentRunner.java:288)
	at org.junit.runners.ParentRunner.access$000(ParentRunner.java:58)
	at org.junit.runners.ParentRunner$2.evaluate(ParentRunner.java:268)
	at org.junit.runners.ParentRunner.run(ParentRunner.java:363)
	at cucumber.runtime.junit.FeatureRunner.run(FeatureRunner.java:73)
	at cucumber.api.junit.Cucumber.runChild(Cucumber.java:98)
	at cucumber.api.junit.Cucumber.runChild(Cucumber.java:55)
	at org.junit.runners.ParentRunner$3.run(ParentRunner.java:290)
	at org.junit.runners.ParentRunner$1.schedule(ParentRunner.java:71)
	at org.junit.runners.ParentRunner.runChildren(ParentRunner.java:288)
	at org.junit.runners.ParentRunner.access$000(ParentRunner.java:58)
	at org.junit.runners.ParentRunner$2.evaluate(ParentRunner.java:268)
	at cucumber.api.junit.Cucumber$1.evaluate(Cucumber.java:107)
	at org.junit.runners.ParentRunner.run(ParentRunner.java:363)
	at org.junit.runners.Suite.runChild(Suite.java:128)
	at org.junit.runners.Suite.runChild(Suite.java:27)
	at org.junit.runners.ParentRunner$3.run(ParentRunner.java:290)
	at org.junit.runners.ParentRunner$1.schedule(ParentRunner.java:71)
	at org.junit.runners.ParentRunner.runChildren(ParentRunner.java:288)
	at org.junit.runners.ParentRunner.access$000(ParentRunner.java:58)
	at org.junit.runners.ParentRunner$2.evaluate(ParentRunner.java:268)
	at org.junit.runners.ParentRunner.run(ParentRunner.java:363)
	at org.junit.runner.JUnitCore.run(JUnitCore.java:137)
	at org.junit.runner.JUnitCore.run(JUnitCore.java:115)
	at org.junit.runner.JUnitCore.run(JUnitCore.java:105)
	at com.kms.katalon.core.cucumber.keyword.CucumberBuiltinKeywords$_runWithCucumberRunner_closure3.doCall(CucumberBuiltinKeywords.groovy:260)
	at com.kms.katalon.core.cucumber.keyword.CucumberBuiltinKeywords$_runWithCucumberRunner_closure3.doCall(CucumberBuiltinKeywords.groovy)
	at com.kms.katalon.core.keyword.internal.KeywordMain.runKeyword(KeywordMain.groovy:66)
	at com.kms.katalon.core.keyword.internal.KeywordMain$runKeyword.call(Unknown Source)
	at com.kms.katalon.core.cucumber.keyword.CucumberBuiltinKeywords.runWithCucumberRunner(CucumberBuiltinKeywords.groovy:257)
	at com.kms.katalon.core.cucumber.keyword.CucumberBuiltinKeywords$runWithCucumberRunner$0.callStatic(Unknown Source)
	at com.kms.katalon.core.cucumber.keyword.CucumberBuiltinKeywords.runWithCucumberRunner(CucumberBuiltinKeywords.groovy:357)
	at com.kms.katalon.core.cucumber.keyword.CucumberBuiltinKeywords$runWithCucumberRunner.call(Unknown Source)
	at TC_In_Pilot_Credit.run(TC_In_Pilot_Credit:18)
	at com.kms.katalon.core.main.ScriptEngine.run(ScriptEngine.java:194)
	at com.kms.katalon.core.main.ScriptEngine.runScriptAsRawText(ScriptEngine.java:119)
	at com.kms.katalon.core.main.TestCaseExecutor.runScript(TestCaseExecutor.java:336)
	at com.kms.katalon.core.main.TestCaseExecutor.doExecute(TestCaseExecutor.java:327)
	at com.kms.katalon.core.main.TestCaseExecutor.processExecutionPhase(TestCaseExecutor.java:306)
	at com.kms.katalon.core.main.TestCaseExecutor.accessMainPhase(TestCaseExecutor.java:298)
	at com.kms.katalon.core.main.TestCaseExecutor.execute(TestCaseExecutor.java:232)
	at com.kms.katalon.core.main.TestSuiteExecutor.accessTestCaseMainPhase(TestSuiteExecutor.java:129)
	at com.kms.katalon.core.main.TestSuiteExecutor.accessTestSuiteMainPhase(TestSuiteExecutor.java:112)
	at com.kms.katalon.core.main.TestSuiteExecutor.execute(TestSuiteExecutor.java:81)
	at com.kms.katalon.core.main.TestCaseMain.startTestSuite(TestCaseMain.java:157)
	at com.kms.katalon.core.main.TestCaseMain$startTestSuite$0.call(Unknown Source)
	at TempTestSuite1562830999925.run(TempTestSuite1562830999925.groovy:35)
Caused by: com.kms.katalon.core.exception.StepFailedException: Text 'Form data saved successfully.' is not present on page 
	at com.kms.katalon.core.webui.keyword.internal.WebUIKeywordMain.stepFailed(WebUIKeywordMain.groovy:64)
	at com.kms.katalon.core.webui.keyword.builtin.VerifyTextPresentKeyword$_verifyTextPresent_closure1.doCall(VerifyTextPresentKeyword.groovy:79)
	at com.kms.katalon.core.webui.keyword.builtin.VerifyTextPresentKeyword$_verifyTextPresent_closure1.call(VerifyTextPresentKeyword.groovy)
	at com.kms.katalon.core.webui.keyword.internal.WebUIKeywordMain.runKeyword(WebUIKeywordMain.groovy:20)
	... 68 more
)
[[ATTACHMENT|H:\\Git_personal\\Personal_Leed\\Usgbc_LeedOnline_ScoreCard\\Reports\\In_SmokeTest\\20190711_131315\\1562831243092.png]]

2019-07-11 13:17:23 - [MESSAGE][PASSED] - Refresh successfully

2019-07-11 13:17:26 - [MESSAGE][PASSED] - Delayed 3 second(s)

2019-07-11 13:17:26 - [MESSAGE][PASSED] - Attribute 'value' of object 'Object Repository/Innovation/Pilot_Credit_Opt2/input_nameOfPilot' is: 'credits'

2019-07-11 13:17:26 - [MESSAGE][PASSED] - Actual text 'credits' and expected text 'credits' are matched 

2019-07-11 13:17:29 - [MESSAGE][PASSED] - Delayed 3 second(s)

2019-07-11 13:17:29 - [MESSAGE][PASSED] - Attribute 'value' of object 'Object Repository/Innovation/Pilot_Credit_Opt2/input_numberOfPilot' is: '111'

2019-07-11 13:17:29 - [MESSAGE][PASSED] - Actual text '111' and expected text '111' are matched 

2019-07-11 13:17:31 - [MESSAGE][PASSED] - Delayed 2 second(s)

2019-07-11 13:17:33 - [MESSAGE][PASSED] - Navigate back successfully

2019-07-11 13:17:35 - [MESSAGE][PASSED] - Delayed 2 second(s)

2019-07-11 13:17:35 - [MESSAGE][PASSED] - Text of object 'Object Repository/Innovation/In_Navigation/h3_Status' is: 'ATTEMPTED'

2019-07-11 13:17:35 - [MESSAGE][PASSED] - Object: 'Object Repository/Innovation/In_Navigation/a_MarkReadyForReview' is clicked on

2019-07-11 13:17:40 - [MESSAGE][PASSED] - Delayed 5 second(s)

2019-07-11 13:17:40 - [MESSAGE][PASSED] - Text of object 'Object Repository/Innovation/In_Navigation/h3_Status' is: 'READY FOR REVIEW'

2019-07-11 13:17:40 - [MESSAGE][FAILED] - These following reason:
 [Unable to verify text 'Form data saved successfully.' is present ]

2019-07-11 13:17:40 - [MESSAGE][FAILED] - Keyword runWithCucumberRunner was failed (Root cause: com.kms.katalon.core.exception.StepFailedException: These following reason:
 [Unable to verify text 'Form data saved successfully.' is present ]
	at com.kms.katalon.core.keyword.internal.KeywordMain.stepFailed(KeywordMain.groovy:48)
	at com.kms.katalon.core.keyword.internal.KeywordMain.stepFailed(KeywordMain.groovy)
	at com.kms.katalon.core.keyword.internal.KeywordMain.stepFailed(KeywordMain.groovy:21)
	at com.kms.katalon.core.keyword.internal.KeywordMain$stepFailed$0.call(Unknown Source)
	at com.kms.katalon.core.cucumber.keyword.CucumberBuiltinKeywords$_runWithCucumberRunner_closure3.doCall(CucumberBuiltinKeywords.groovy:272)
	at com.kms.katalon.core.cucumber.keyword.CucumberBuiltinKeywords$_runWithCucumberRunner_closure3.doCall(CucumberBuiltinKeywords.groovy)
	at com.kms.katalon.core.keyword.internal.KeywordMain.runKeyword(KeywordMain.groovy:66)
	at com.kms.katalon.core.keyword.internal.KeywordMain$runKeyword.call(Unknown Source)
	at com.kms.katalon.core.cucumber.keyword.CucumberBuiltinKeywords.runWithCucumberRunner(CucumberBuiltinKeywords.groovy:257)
	at com.kms.katalon.core.cucumber.keyword.CucumberBuiltinKeywords$runWithCucumberRunner$0.callStatic(Unknown Source)
	at com.kms.katalon.core.cucumber.keyword.CucumberBuiltinKeywords.runWithCucumberRunner(CucumberBuiltinKeywords.groovy:357)
	at com.kms.katalon.core.cucumber.keyword.CucumberBuiltinKeywords$runWithCucumberRunner.call(Unknown Source)
	at TC_In_Pilot_Credit.run(TC_In_Pilot_Credit:18)
	at com.kms.katalon.core.main.ScriptEngine.run(ScriptEngine.java:194)
	at com.kms.katalon.core.main.ScriptEngine.runScriptAsRawText(ScriptEngine.java:119)
	at com.kms.katalon.core.main.TestCaseExecutor.runScript(TestCaseExecutor.java:336)
	at com.kms.katalon.core.main.TestCaseExecutor.doExecute(TestCaseExecutor.java:327)
	at com.kms.katalon.core.main.TestCaseExecutor.processExecutionPhase(TestCaseExecutor.java:306)
	at com.kms.katalon.core.main.TestCaseExecutor.accessMainPhase(TestCaseExecutor.java:298)
	at com.kms.katalon.core.main.TestCaseExecutor.execute(TestCaseExecutor.java:232)
	at com.kms.katalon.core.main.TestSuiteExecutor.accessTestCaseMainPhase(TestSuiteExecutor.java:129)
	at com.kms.katalon.core.main.TestSuiteExecutor.accessTestSuiteMainPhase(TestSuiteExecutor.java:112)
	at com.kms.katalon.core.main.TestSuiteExecutor.execute(TestSuiteExecutor.java:81)
	at com.kms.katalon.core.main.TestCaseMain.startTestSuite(TestCaseMain.java:157)
	at com.kms.katalon.core.main.TestCaseMain$startTestSuite$0.call(Unknown Source)
	at TempTestSuite1562830999925.run(TempTestSuite1562830999925.groovy:35)
)

2019-07-11 13:17:40 - [TEST_STEP][PASSED] - Start listener action : sampleAfterTestCase: Browser is closed

2019-07-11 13:17:40 - [TEST_STEP][PASSED] - closeBrowser(): Browser is closed

2019-07-11 13:17:41 - [MESSAGE][PASSED] - Browser is closed]]></system-out>
         <system-err><![CDATA[2019-07-11 13:15:38 - [TEST_CASE][FAILED] - Test Cases/Innovation/TC_In_Pilot_Credit: Test Cases/Innovation/TC_In_Pilot_Credit FAILED.
Reason:
com.kms.katalon.core.exception.StepFailedException: These following reason:
 [Unable to verify text 'Form data saved successfully.' is present ]
	at com.kms.katalon.core.keyword.internal.KeywordMain.stepFailed(KeywordMain.groovy:48)
	at com.kms.katalon.core.keyword.internal.KeywordMain.stepFailed(KeywordMain.groovy)
	at com.kms.katalon.core.keyword.internal.KeywordMain.stepFailed(KeywordMain.groovy:21)
	at com.kms.katalon.core.keyword.internal.KeywordMain$stepFailed$0.call(Unknown Source)
	at com.kms.katalon.core.cucumber.keyword.CucumberBuiltinKeywords$_runWithCucumberRunner_closure3.doCall(CucumberBuiltinKeywords.groovy:272)
	at com.kms.katalon.core.cucumber.keyword.CucumberBuiltinKeywords$_runWithCucumberRunner_closure3.doCall(CucumberBuiltinKeywords.groovy)
	at com.kms.katalon.core.keyword.internal.KeywordMain.runKeyword(KeywordMain.groovy:66)
	at com.kms.katalon.core.keyword.internal.KeywordMain$runKeyword.call(Unknown Source)
	at com.kms.katalon.core.cucumber.keyword.CucumberBuiltinKeywords.runWithCucumberRunner(CucumberBuiltinKeywords.groovy:257)
	at com.kms.katalon.core.cucumber.keyword.CucumberBuiltinKeywords$runWithCucumberRunner$0.callStatic(Unknown Source)
	at com.kms.katalon.core.cucumber.keyword.CucumberBuiltinKeywords.runWithCucumberRunner(CucumberBuiltinKeywords.groovy:357)
	at com.kms.katalon.core.cucumber.keyword.CucumberBuiltinKeywords$runWithCucumberRunner.call(Unknown Source)
	at TC_In_Pilot_Credit.run(TC_In_Pilot_Credit:18)
	at com.kms.katalon.core.main.ScriptEngine.run(ScriptEngine.java:194)
	at com.kms.katalon.core.main.ScriptEngine.runScriptAsRawText(ScriptEngine.java:119)
	at com.kms.katalon.core.main.TestCaseExecutor.runScript(TestCaseExecutor.java:336)
	at com.kms.katalon.core.main.TestCaseExecutor.doExecute(TestCaseExecutor.java:327)
	at com.kms.katalon.core.main.TestCaseExecutor.processExecutionPhase(TestCaseExecutor.java:306)
	at com.kms.katalon.core.main.TestCaseExecutor.accessMainPhase(TestCaseExecutor.java:298)
	at com.kms.katalon.core.main.TestCaseExecutor.execute(TestCaseExecutor.java:232)
	at com.kms.katalon.core.main.TestSuiteExecutor.accessTestCaseMainPhase(TestSuiteExecutor.java:129)
	at com.kms.katalon.core.main.TestSuiteExecutor.accessTestSuiteMainPhase(TestSuiteExecutor.java:112)
	at com.kms.katalon.core.main.TestSuiteExecutor.execute(TestSuiteExecutor.java:81)
	at com.kms.katalon.core.main.TestCaseMain.startTestSuite(TestCaseMain.java:157)
	at com.kms.katalon.core.main.TestCaseMain$startTestSuite$0.call(Unknown Source)
	at TempTestSuite1562830999925.run(TempTestSuite1562830999925.groovy:35)]]></system-err>
      </testcase>
      <testcase name="Test Cases/Common/TC_Delay" classname="Test Cases/Common/TC_Delay" status="PASSED">
         <system-out><![CDATA[2019-07-11 13:17:41 - [TEST_CASE][PASSED] - Test Cases/Common/TC_Delay: Test Cases/Common/TC_Delay

2019-07-11 13:17:41 - [TEST_STEP][PASSED] - Start listener action : sampleBeforeTestCase: null

2019-07-11 13:17:41 - [TEST_STEP][PASSED] - openBrowser(""): Browser is opened with url: ''

2019-07-11 13:17:41 - [MESSAGE][INFO] - Starting 'Chrome' driver

2019-07-11 13:17:41 - [MESSAGE][INFO] - User set preference: ['args', '[--window-size=1920,1080]']

2019-07-11 13:17:43 - [MESSAGE][PASSED] - Browser is opened with url: ''

2019-07-11 13:17:43 - [TEST_STEP][PASSED] - driver = getWebDriver(): null

2019-07-11 13:17:43 - [TEST_STEP][PASSED] - println("The driver is ########### " + driver): null

2019-07-11 13:17:43 - [TEST_STEP][PASSED] - downloadPath = "H:/Git_personal/Personal_Leed/Usgbc_LeedOnline_ScoreCard/Include/TestData/DownloadedFiles": null

2019-07-11 13:17:43 - [TEST_STEP][PASSED] - projectKeywords().sendCommandForDownloadChromeHeadLess(driver.getCommandExecutor(), driver.getSessionId(), downloadPath): null

2019-07-11 13:17:43 - [TEST_STEP][PASSED] - navigateToUrl(Url): Navigate to 'https://leedonline-stg.usgbc.org' successfully

2019-07-11 13:17:46 - [MESSAGE][PASSED] - Navigate to 'https://leedonline-stg.usgbc.org' successfully

2019-07-11 13:17:46 - [TEST_STEP][PASSED] - delay(120): Delayed 120 second(s)

2019-07-11 13:19:46 - [MESSAGE][PASSED] - Delayed 120 second(s)

2019-07-11 13:19:46 - [TEST_STEP][PASSED] - Start listener action : sampleAfterTestCase: Browser is closed

2019-07-11 13:19:46 - [TEST_STEP][PASSED] - closeBrowser(): Browser is closed

2019-07-11 13:19:46 - [MESSAGE][PASSED] - Browser is closed]]></system-out>
         <system-err><![CDATA[]]></system-err>
      </testcase>
      <testcase name="Test Cases/Innovation/TC_In_VerifyUploadedFile" classname="Test Cases/Innovation/TC_In_VerifyUploadedFile" status="PASSED">
         <system-out><![CDATA[2019-07-11 13:19:46 - [TEST_CASE][PASSED] - Test Cases/Innovation/TC_In_VerifyUploadedFile: Test Cases/Innovation/TC_In_VerifyUploadedFile

2019-07-11 13:19:46 - [TEST_STEP][PASSED] - Start listener action : sampleBeforeTestCase: null

2019-07-11 13:19:46 - [TEST_STEP][PASSED] - openBrowser(""): Browser is opened with url: ''

2019-07-11 13:19:46 - [MESSAGE][INFO] - Starting 'Chrome' driver

2019-07-11 13:19:46 - [MESSAGE][INFO] - User set preference: ['args', '[--window-size=1920,1080]']

2019-07-11 13:19:49 - [MESSAGE][PASSED] - Browser is opened with url: ''

2019-07-11 13:19:49 - [TEST_STEP][PASSED] - driver = getWebDriver(): null

2019-07-11 13:19:49 - [TEST_STEP][PASSED] - println("The driver is ########### " + driver): null

2019-07-11 13:19:49 - [TEST_STEP][PASSED] - downloadPath = "H:/Git_personal/Personal_Leed/Usgbc_LeedOnline_ScoreCard/Include/TestData/DownloadedFiles": null

2019-07-11 13:19:49 - [TEST_STEP][PASSED] - projectKeywords().sendCommandForDownloadChromeHeadLess(driver.getCommandExecutor(), driver.getSessionId(), downloadPath): null

2019-07-11 13:19:49 - [TEST_STEP][PASSED] - runWithCucumberRunner(innovation_Form.Runner_In_VerifyUploadedFile): Run with 'innovation_Form.Runner_In_VerifyUploadedFile' was passed

2019-07-11 13:19:51 - [TEST_CASE][PASSED] - Test Cases/Innovation/TC_In_Navigation: Test Cases/Innovation/TC_In_Navigation

2019-07-11 13:19:51 - [TEST_STEP][PASSED] - runWithCucumberRunner(innovation_Form.Runner_In_Navigation): Run with 'innovation_Form.Runner_In_Navigation' was passed

2019-07-11 13:19:53 - [TEST_CASE][PASSED] - Test Cases/Login/TC_Login: Test Cases/Login/TC_Login

2019-07-11 13:19:53 - [TEST_STEP][PASSED] - runWithCucumberRunner(common.Runner_Login): Run with 'common.Runner_Login' was passed

2019-07-11 13:19:57 - [MESSAGE][PASSED] - Navigate to 'https://leedonline-stg.usgbc.org' successfully

2019-07-11 13:19:59 - [MESSAGE][PASSED] - Delayed 2 second(s)

2019-07-11 13:19:59 - [MESSAGE][PASSED] - Text 'automationbdd1@gmail.com' is set on object 'Object Repository/Login/input_username'

2019-07-11 13:19:59 - [MESSAGE][PASSED] - Text 'initpass' is set on object 'Object Repository/Login/input_password'

2019-07-11 13:20:02 - [MESSAGE][PASSED] - Delayed 3 second(s)

2019-07-11 13:20:02 - [MESSAGE][PASSED] - Scroll to object 'Object Repository/Login/span_End User License Agreement' successfully

2019-07-11 13:20:02 - [MESSAGE][PASSED] - Object 'Object Repository/Login/span_End User License Agreement' is visible

2019-07-11 13:20:03 - [MESSAGE][PASSED] - Object 'Object Repository/Login/span_End User License Agreement' is checked

2019-07-11 13:20:04 - [MESSAGE][PASSED] - Delayed 1 second(s)

2019-07-11 13:20:04 - [MESSAGE][PASSED] - Object: 'Object Repository/Login/button_Log In' is clicked on

2019-07-11 13:20:09 - [MESSAGE][PASSED] - Object: '' is clicked on

2019-07-11 13:20:11 - [MESSAGE][PASSED] - Object: 'Object Repository/Login/a_Credits' is clicked on

2019-07-11 13:20:11 - [MESSAGE][PASSED] - Run with 'common.Runner_Login' was passed

2019-07-11 13:20:11 - [MESSAGE][PASSED] - Call Test Case 'Test Cases/Login/TC_Login' successfully

2019-07-11 13:20:12 - [MESSAGE][PASSED] - Scroll to object 'Object Repository/Innovation/In_Navigation/div_Innovation' successfully

2019-07-11 13:20:12 - [MESSAGE][PASSED] - Object 'Object Repository/Innovation/In_Navigation/div_Innovation' is present

2019-07-11 13:20:12 - [MESSAGE][PASSED] - Text of object 'Object Repository/Innovation/In_Navigation/h3_Status' is: 'READY FOR REVIEW'

2019-07-11 13:20:12 - [MESSAGE][PASSED] - Text of object 'Object Repository/Innovation/In_Navigation/divval' is: 'READY FOR REVIEW'

2019-07-11 13:20:12 - [MESSAGE][PASSED] - Object: 'Object Repository/Innovation/In_Navigation/a_MarkReadyForReview' is clicked on

2019-07-11 13:20:17 - [MESSAGE][PASSED] - Delayed 5 second(s)

2019-07-11 13:20:17 - [MESSAGE][PASSED] - Text of object 'Object Repository/Innovation/In_Navigation/h3_Status' is: 'ATTEMPTED'

2019-07-11 13:20:17 - [MESSAGE][PASSED] - Object: 'Object Repository/Innovation/In_Navigation/div_Innovation' is clicked on

2019-07-11 13:20:20 - [MESSAGE][PASSED] - Delayed 3 second(s)

2019-07-11 13:20:24 - [MESSAGE][PASSED] - Object: 'Object Repository/Innovation/In_Navigation/span_(V01)' is clicked on

2019-07-11 13:20:24 - [MESSAGE][PASSED] - Object 'Object Repository/Innovation/In_Navigation/div_InnovationCredit' is present

2019-07-11 13:20:24 - [MESSAGE][PASSED] - Run with 'innovation_Form.Runner_In_Navigation' was passed

2019-07-11 13:20:24 - [MESSAGE][PASSED] - Call Test Case 'Test Cases/Innovation/TC_In_Navigation' successfully

2019-07-11 13:20:24 - [MESSAGE][PASSED] - Scroll to object 'Object Repository/Innovation/AddFile_LEED_Accredited/Table_LEED_Accredited' successfully

2019-07-11 13:20:24 - [MESSAGE][PASSED] - Object 'Object Repository/Innovation/AddFile_LEED_Accredited/Table_LEED_Accredited' is present

2019-07-11 13:20:24 - [MESSAGE][PASSED] - Text of object '' is: 'SampleGIFImage_350kbmb.gif'

2019-07-11 13:20:24 - [MESSAGE][PASSED] - SampleGIFImage_350kbmb.gif is equal to SampleGIFImage_350kbmb.gif

2019-07-11 13:20:24 - [MESSAGE][PASSED] - Actual text 'SampleGIFImage_350kbmb.gif' and expected text 'SampleGIFImage_350kbmb.gif' are matched 

2019-07-11 13:20:24 - [MESSAGE][PASSED] - Text of object '' is: 'SamplePPTFile_1000kb.ppt'

2019-07-11 13:20:24 - [MESSAGE][PASSED] - SamplePPTFile_1000kb.ppt is equal to SamplePPTFile_1000kb.ppt

2019-07-11 13:20:24 - [MESSAGE][PASSED] - Actual text 'SamplePPTFile_1000kb.ppt' and expected text 'SamplePPTFile_1000kb.ppt' are matched 

2019-07-11 13:20:25 - [MESSAGE][PASSED] - Text of object '' is: 'ZZ.pdf'

2019-07-11 13:20:25 - [MESSAGE][PASSED] - ZZ.pdf is equal to ZZ.pdf

2019-07-11 13:20:25 - [MESSAGE][PASSED] - Actual text 'ZZ.pdf' and expected text 'ZZ.pdf' are matched 

2019-07-11 13:20:25 - [MESSAGE][PASSED] - Scroll to object 'Object Repository/Innovation/Pilot_Credit_Opt2/AddFile_required_doc/Table_required_doc' successfully

2019-07-11 13:20:25 - [MESSAGE][PASSED] - Object 'Object Repository/Innovation/Pilot_Credit_Opt2/AddFile_required_doc/Table_required_doc' is present

2019-07-11 13:20:25 - [MESSAGE][PASSED] - Text of object '' is: 'SampleGIFImage_350kbmb.gif'

2019-07-11 13:20:25 - [MESSAGE][PASSED] - SampleGIFImage_350kbmb.gif is equal to SampleGIFImage_350kbmb.gif

2019-07-11 13:20:25 - [MESSAGE][PASSED] - Actual text 'SampleGIFImage_350kbmb.gif' and expected text 'SampleGIFImage_350kbmb.gif' are matched 

2019-07-11 13:20:25 - [MESSAGE][PASSED] - Text of object '' is: 'SamplePPTFile_1000kb.ppt'

2019-07-11 13:20:25 - [MESSAGE][PASSED] - SamplePPTFile_1000kb.ppt is equal to SamplePPTFile_1000kb.ppt

2019-07-11 13:20:25 - [MESSAGE][PASSED] - Actual text 'SamplePPTFile_1000kb.ppt' and expected text 'SamplePPTFile_1000kb.ppt' are matched 

2019-07-11 13:20:25 - [MESSAGE][PASSED] - Text of object '' is: 'ZZ.pdf'

2019-07-11 13:20:26 - [MESSAGE][PASSED] - ZZ.pdf is equal to ZZ.pdf

2019-07-11 13:20:26 - [MESSAGE][PASSED] - Actual text 'ZZ.pdf' and expected text 'ZZ.pdf' are matched 

2019-07-11 13:20:26 - [MESSAGE][PASSED] - Scroll to object 'Object Repository/Innovation/Special Circumstances/AddFile_additionalDoc/Table_additionalDoc' successfully

2019-07-11 13:20:26 - [MESSAGE][PASSED] - Object 'Object Repository/Innovation/Special Circumstances/AddFile_additionalDoc/Table_additionalDoc' is present

2019-07-11 13:20:26 - [MESSAGE][PASSED] - Text of object '' is: 'SampleGIFImage_350kbmb.gif'

2019-07-11 13:20:26 - [MESSAGE][PASSED] - SampleGIFImage_350kbmb.gif is equal to SampleGIFImage_350kbmb.gif

2019-07-11 13:20:26 - [MESSAGE][PASSED] - Actual text 'SampleGIFImage_350kbmb.gif' and expected text 'SampleGIFImage_350kbmb.gif' are matched 

2019-07-11 13:20:26 - [MESSAGE][PASSED] - Text of object '' is: 'SamplePPTFile_1000kb.ppt'

2019-07-11 13:20:26 - [MESSAGE][PASSED] - SamplePPTFile_1000kb.ppt is equal to SamplePPTFile_1000kb.ppt

2019-07-11 13:20:26 - [MESSAGE][PASSED] - Actual text 'SamplePPTFile_1000kb.ppt' and expected text 'SamplePPTFile_1000kb.ppt' are matched 

2019-07-11 13:20:26 - [MESSAGE][PASSED] - Text of object '' is: 'ZZ.pdf'

2019-07-11 13:20:26 - [MESSAGE][PASSED] - ZZ.pdf is equal to ZZ.pdf

2019-07-11 13:20:26 - [MESSAGE][PASSED] - Actual text 'ZZ.pdf' and expected text 'ZZ.pdf' are matched 

2019-07-11 13:20:27 - [MESSAGE][PASSED] - Scroll to object 'Object Repository/Innovation/Innovation_Strategy_Opt1/radio_innovation_Strategy' successfully

2019-07-11 13:20:27 - [MESSAGE][PASSED] - Object 'Object Repository/Innovation/Innovation_Strategy_Opt1/radio_innovation_Strategy' is present

2019-07-11 13:20:30 - [MESSAGE][PASSED] - Delayed 3 second(s)

2019-07-11 13:20:30 - [MESSAGE][PASSED] - Object 'Object Repository/Innovation/Innovation_Strategy_Opt1/radio_innovation_Strategy' is checked

2019-07-11 13:20:30 - [MESSAGE][PASSED] - Scroll to object 'Object Repository/Innovation/Innovation_Strategy_Opt1/AddFile_supporting_doc/Table_supporting_doc' successfully

2019-07-11 13:20:30 - [MESSAGE][PASSED] - Object 'Object Repository/Innovation/Innovation_Strategy_Opt1/AddFile_supporting_doc/Table_supporting_doc' is present

2019-07-11 13:20:30 - [MESSAGE][PASSED] - Text of object '' is: 'SampleGIFImage_350kbmb.gif'

2019-07-11 13:20:30 - [MESSAGE][PASSED] - SampleGIFImage_350kbmb.gif is equal to SampleGIFImage_350kbmb.gif

2019-07-11 13:20:30 - [MESSAGE][PASSED] - Actual text 'SampleGIFImage_350kbmb.gif' and expected text 'SampleGIFImage_350kbmb.gif' are matched 

2019-07-11 13:20:30 - [MESSAGE][PASSED] - Text of object '' is: 'SamplePPTFile_1000kb.ppt'

2019-07-11 13:20:30 - [MESSAGE][PASSED] - SamplePPTFile_1000kb.ppt is equal to SamplePPTFile_1000kb.ppt

2019-07-11 13:20:31 - [MESSAGE][PASSED] - Actual text 'SamplePPTFile_1000kb.ppt' and expected text 'SamplePPTFile_1000kb.ppt' are matched 

2019-07-11 13:20:31 - [MESSAGE][PASSED] - Text of object '' is: 'ZZ.pdf'

2019-07-11 13:20:31 - [MESSAGE][PASSED] - ZZ.pdf is equal to ZZ.pdf

2019-07-11 13:20:31 - [MESSAGE][PASSED] - Actual text 'ZZ.pdf' and expected text 'ZZ.pdf' are matched 

2019-07-11 13:20:41 - [MESSAGE][PASSED] - Delayed 10 second(s)

2019-07-11 13:20:41 - [MESSAGE][PASSED] - Object 'Object Repository/Innovation/Autosave/a_Clear draft' is present

2019-07-11 13:20:41 - [MESSAGE][PASSED] - Object: 'Object Repository/Innovation/Autosave/a_Clear draft' is clicked on

2019-07-11 13:20:41 - [MESSAGE][PASSED] - Object: 'Object Repository/Innovation/Autosave/button_Yes' is clicked on

2019-07-11 13:20:41 - [MESSAGE][PASSED] - Run with 'innovation_Form.Runner_In_VerifyUploadedFile' was passed

2019-07-11 13:20:41 - [TEST_STEP][PASSED] - Start listener action : sampleAfterTestCase: Browser is closed

2019-07-11 13:20:41 - [TEST_STEP][PASSED] - closeBrowser(): Browser is closed

2019-07-11 13:20:42 - [MESSAGE][PASSED] - Browser is closed]]></system-out>
         <system-err><![CDATA[]]></system-err>
      </testcase>
      <testcase name="Test Cases/Innovation/TC_In_DownloadFiles" classname="Test Cases/Innovation/TC_In_DownloadFiles" status="PASSED">
         <system-out><![CDATA[2019-07-11 13:20:42 - [TEST_CASE][PASSED] - Test Cases/Innovation/TC_In_DownloadFiles: Test Cases/Innovation/TC_In_DownloadFiles

2019-07-11 13:20:42 - [TEST_STEP][PASSED] - Start listener action : sampleBeforeTestCase: null

2019-07-11 13:20:42 - [TEST_STEP][PASSED] - openBrowser(""): Browser is opened with url: ''

2019-07-11 13:20:42 - [MESSAGE][INFO] - Starting 'Chrome' driver

2019-07-11 13:20:42 - [MESSAGE][INFO] - User set preference: ['args', '[--window-size=1920,1080]']

2019-07-11 13:20:45 - [MESSAGE][PASSED] - Browser is opened with url: ''

2019-07-11 13:20:45 - [TEST_STEP][PASSED] - driver = getWebDriver(): null

2019-07-11 13:20:45 - [TEST_STEP][PASSED] - println("The driver is ########### " + driver): null

2019-07-11 13:20:45 - [TEST_STEP][PASSED] - downloadPath = "H:/Git_personal/Personal_Leed/Usgbc_LeedOnline_ScoreCard/Include/TestData/DownloadedFiles": null

2019-07-11 13:20:45 - [TEST_STEP][PASSED] - projectKeywords().sendCommandForDownloadChromeHeadLess(driver.getCommandExecutor(), driver.getSessionId(), downloadPath): null

2019-07-11 13:20:45 - [TEST_STEP][PASSED] - runWithCucumberRunner(innovation_Form.Runner_In_DownloadFiles): Run with 'innovation_Form.Runner_In_DownloadFiles' was passed

2019-07-11 13:20:46 - [TEST_CASE][PASSED] - Test Cases/Innovation/TC_In_Navigation: Test Cases/Innovation/TC_In_Navigation

2019-07-11 13:20:46 - [TEST_STEP][PASSED] - runWithCucumberRunner(innovation_Form.Runner_In_Navigation): Run with 'innovation_Form.Runner_In_Navigation' was passed

2019-07-11 13:20:47 - [TEST_CASE][PASSED] - Test Cases/Login/TC_Login: Test Cases/Login/TC_Login

2019-07-11 13:20:47 - [TEST_STEP][PASSED] - runWithCucumberRunner(common.Runner_Login): Run with 'common.Runner_Login' was passed

2019-07-11 13:20:51 - [MESSAGE][PASSED] - Navigate to 'https://leedonline-stg.usgbc.org' successfully

2019-07-11 13:20:53 - [MESSAGE][PASSED] - Delayed 2 second(s)

2019-07-11 13:20:53 - [MESSAGE][PASSED] - Text 'automationbdd1@gmail.com' is set on object 'Object Repository/Login/input_username'

2019-07-11 13:20:54 - [MESSAGE][PASSED] - Text 'initpass' is set on object 'Object Repository/Login/input_password'

2019-07-11 13:20:57 - [MESSAGE][PASSED] - Delayed 3 second(s)

2019-07-11 13:20:57 - [MESSAGE][PASSED] - Scroll to object 'Object Repository/Login/span_End User License Agreement' successfully

2019-07-11 13:20:57 - [MESSAGE][PASSED] - Object 'Object Repository/Login/span_End User License Agreement' is visible

2019-07-11 13:20:57 - [MESSAGE][PASSED] - Object 'Object Repository/Login/span_End User License Agreement' is checked

2019-07-11 13:20:58 - [MESSAGE][PASSED] - Delayed 1 second(s)

2019-07-11 13:20:58 - [MESSAGE][PASSED] - Object: 'Object Repository/Login/button_Log In' is clicked on

2019-07-11 13:21:05 - [MESSAGE][PASSED] - Object: '' is clicked on

2019-07-11 13:21:07 - [MESSAGE][PASSED] - Object: 'Object Repository/Login/a_Credits' is clicked on

2019-07-11 13:21:07 - [MESSAGE][PASSED] - Run with 'common.Runner_Login' was passed

2019-07-11 13:21:07 - [MESSAGE][PASSED] - Call Test Case 'Test Cases/Login/TC_Login' successfully

2019-07-11 13:21:07 - [MESSAGE][PASSED] - Scroll to object 'Object Repository/Innovation/In_Navigation/div_Innovation' successfully

2019-07-11 13:21:08 - [MESSAGE][PASSED] - Object 'Object Repository/Innovation/In_Navigation/div_Innovation' is present

2019-07-11 13:21:08 - [MESSAGE][PASSED] - Text of object 'Object Repository/Innovation/In_Navigation/h3_Status' is: 'ATTEMPTED'

2019-07-11 13:21:08 - [MESSAGE][PASSED] - Text of object 'Object Repository/Innovation/In_Navigation/divval' is: 'ATTEMPTED'

2019-07-11 13:21:08 - [MESSAGE][PASSED] - Text of object 'Object Repository/Innovation/In_Navigation/h3_Status' is: 'ATTEMPTED'

2019-07-11 13:21:08 - [MESSAGE][PASSED] - Object: 'Object Repository/Innovation/In_Navigation/div_Innovation' is clicked on

2019-07-11 13:21:11 - [MESSAGE][PASSED] - Delayed 3 second(s)

2019-07-11 13:21:15 - [MESSAGE][PASSED] - Object: 'Object Repository/Innovation/In_Navigation/span_(V01)' is clicked on

2019-07-11 13:21:15 - [MESSAGE][PASSED] - Object 'Object Repository/Innovation/In_Navigation/div_InnovationCredit' is present

2019-07-11 13:21:15 - [MESSAGE][PASSED] - Run with 'innovation_Form.Runner_In_Navigation' was passed

2019-07-11 13:21:15 - [MESSAGE][PASSED] - Call Test Case 'Test Cases/Innovation/TC_In_Navigation' successfully

2019-07-11 13:21:15 - [MESSAGE][PASSED] - Scroll to object 'Object Repository/Innovation/AddFile_LEED_Accredited/Table_LEED_Accredited' successfully

2019-07-11 13:21:15 - [MESSAGE][PASSED] - Object 'Object Repository/Innovation/AddFile_LEED_Accredited/Table_LEED_Accredited' is present

2019-07-11 13:21:15 - [MESSAGE][PASSED] - Scroll to object 'Object Repository/Innovation/AddFile_LEED_Accredited/p_LEED_Accredited' successfully

2019-07-11 13:21:17 - [MESSAGE][PASSED] - Delayed 2 second(s)

2019-07-11 13:21:18 - [MESSAGE][PASSED] - Object: 'Object Repository/Innovation/AddFile_LEED_Accredited/p_LEED_Accredited' is hovered

2019-07-11 13:21:18 - [MESSAGE][PASSED] - Object: '' is clicked on

2019-07-11 13:21:18 - [MESSAGE][PASSED] - Text of object '' is: 'ZZ.pdf'

2019-07-11 13:21:28 - [MESSAGE][PASSED] - Delayed 10 second(s)

2019-07-11 13:21:38 - [MESSAGE][PASSED] - Delayed 10 second(s)

2019-07-11 13:21:48 - [MESSAGE][PASSED] - Delayed 10 second(s)

2019-07-11 13:21:58 - [MESSAGE][PASSED] - Delayed 10 second(s)

2019-07-11 13:22:08 - [MESSAGE][PASSED] - Delayed 10 second(s)

2019-07-11 13:22:18 - [MESSAGE][PASSED] - Delayed 10 second(s)

2019-07-11 13:22:28 - [MESSAGE][PASSED] - Delayed 10 second(s)

2019-07-11 13:22:38 - [MESSAGE][PASSED] - Delayed 10 second(s)

2019-07-11 13:22:48 - [MESSAGE][PASSED] - Delayed 10 second(s)

2019-07-11 13:22:58 - [MESSAGE][PASSED] - Delayed 10 second(s)

2019-07-11 13:23:08 - [MESSAGE][PASSED] - Delayed 10 second(s)

2019-07-11 13:23:18 - [MESSAGE][PASSED] - Delayed 10 second(s)

2019-07-11 13:23:28 - [MESSAGE][PASSED] - Delayed 10 second(s)

2019-07-11 13:23:38 - [MESSAGE][PASSED] - Delayed 10 second(s)

2019-07-11 13:23:48 - [MESSAGE][PASSED] - Delayed 10 second(s)

2019-07-11 13:23:58 - [MESSAGE][PASSED] - Delayed 10 second(s)

2019-07-11 13:24:08 - [MESSAGE][PASSED] - Delayed 10 second(s)

2019-07-11 13:24:18 - [MESSAGE][PASSED] - Delayed 10 second(s)

2019-07-11 13:24:28 - [MESSAGE][PASSED] - Delayed 10 second(s)

2019-07-11 13:24:38 - [MESSAGE][PASSED] - Delayed 10 second(s)

2019-07-11 13:24:48 - [MESSAGE][PASSED] - Delayed 10 second(s)

2019-07-11 13:24:58 - [MESSAGE][PASSED] - Delayed 10 second(s)

2019-07-11 13:25:08 - [MESSAGE][PASSED] - Delayed 10 second(s)

2019-07-11 13:25:18 - [MESSAGE][PASSED] - Delayed 10 second(s)

2019-07-11 13:25:28 - [MESSAGE][PASSED] - Delayed 10 second(s)

2019-07-11 13:25:38 - [MESSAGE][PASSED] - Delayed 10 second(s)

2019-07-11 13:25:48 - [MESSAGE][PASSED] - Delayed 10 second(s)

2019-07-11 13:25:58 - [MESSAGE][PASSED] - Delayed 10 second(s)

2019-07-11 13:26:08 - [MESSAGE][PASSED] - Delayed 10 second(s)

2019-07-11 13:26:18 - [MESSAGE][PASSED] - Delayed 10 second(s)

2019-07-11 13:26:28 - [MESSAGE][PASSED] - Delayed 10 second(s)

2019-07-11 13:26:38 - [MESSAGE][PASSED] - Delayed 10 second(s)

2019-07-11 13:26:48 - [MESSAGE][PASSED] - Delayed 10 second(s)

2019-07-11 13:26:58 - [MESSAGE][PASSED] - Delayed 10 second(s)

2019-07-11 13:27:08 - [MESSAGE][PASSED] - Delayed 10 second(s)

2019-07-11 13:27:18 - [MESSAGE][PASSED] - Delayed 10 second(s)

2019-07-11 13:27:28 - [MESSAGE][PASSED] - Delayed 10 second(s)

2019-07-11 13:27:38 - [MESSAGE][PASSED] - Delayed 10 second(s)

2019-07-11 14:20:30 - [MESSAGE][PASSED] - Delayed 10 second(s)

2019-07-11 14:20:40 - [MESSAGE][PASSED] - Delayed 10 second(s)

2019-07-11 14:20:50 - [MESSAGE][PASSED] - Delayed 10 second(s)

2019-07-11 14:21:00 - [MESSAGE][PASSED] - Delayed 10 second(s)

2019-07-11 14:21:00 - [MESSAGE][PASSED] - Object: 'Object Repository/Innovation/AddFile_LEED_Accredited/p_LEED_Accredited' is hovered

2019-07-11 14:21:02 - [MESSAGE][PASSED] - Delayed 2 second(s)

2019-07-11 14:21:04 - [MESSAGE][PASSED] - Delayed 2 second(s)

2019-07-11 14:21:05 - [MESSAGE][PASSED] - Object: 'Object Repository/Innovation/AddFile_LEED_Accredited/p_LEED_Accredited' is hovered

2019-07-11 14:21:05 - [MESSAGE][PASSED] - Object: '' is clicked on

2019-07-11 14:21:05 - [MESSAGE][PASSED] - Text of object '' is: 'SamplePPTFile_1000kb.ppt'

2019-07-11 14:21:05 - [MESSAGE][PASSED] - Object: 'Object Repository/Innovation/AddFile_LEED_Accredited/p_LEED_Accredited' is hovered

2019-07-11 14:21:07 - [MESSAGE][PASSED] - Delayed 2 second(s)

2019-07-11 14:21:09 - [MESSAGE][PASSED] - Delayed 2 second(s)

2019-07-11 14:21:09 - [MESSAGE][PASSED] - Object: 'Object Repository/Innovation/AddFile_LEED_Accredited/p_LEED_Accredited' is hovered

2019-07-11 14:21:09 - [MESSAGE][PASSED] - Object: '' is clicked on

2019-07-11 14:21:09 - [MESSAGE][PASSED] - Text of object '' is: 'SampleGIFImage_350kbmb.gif'

2019-07-11 14:21:09 - [MESSAGE][PASSED] - Object: 'Object Repository/Innovation/AddFile_LEED_Accredited/p_LEED_Accredited' is hovered

2019-07-11 14:21:11 - [MESSAGE][PASSED] - Delayed 2 second(s)

2019-07-11 14:21:14 - [MESSAGE][PASSED] - Delayed 3 second(s)

2019-07-11 14:21:16 - [MESSAGE][PASSED] - Delayed 2 second(s)

2019-07-11 14:21:17 - [MESSAGE][PASSED] - Delayed 1 second(s)

2019-07-11 14:21:17 - [MESSAGE][PASSED] - SampleGIFImage_350kbmb.gif exist in H:/Git_personal/Personal_Leed/Usgbc_LeedOnline_ScoreCard/Include/TestData/DownloadedFiles and was deleted

2019-07-11 14:21:17 - [MESSAGE][PASSED] - 

2019-07-11 14:21:17 - [MESSAGE][PASSED] - Actual text 'SampleGIFImage_350kbmb.gif' and expected text 'SampleGIFImage_350kbmb.gif' are matched 

2019-07-11 14:21:19 - [MESSAGE][PASSED] - Delayed 2 second(s)

2019-07-11 14:21:20 - [MESSAGE][PASSED] - Delayed 1 second(s)

2019-07-11 14:21:20 - [MESSAGE][PASSED] - SamplePPTFile_1000kb.ppt exist in H:/Git_personal/Personal_Leed/Usgbc_LeedOnline_ScoreCard/Include/TestData/DownloadedFiles and was deleted

2019-07-11 14:21:20 - [MESSAGE][PASSED] - 

2019-07-11 14:21:20 - [MESSAGE][PASSED] - Actual text 'SamplePPTFile_1000kb.ppt' and expected text 'SamplePPTFile_1000kb.ppt' are matched 

2019-07-11 14:21:22 - [MESSAGE][PASSED] - Delayed 2 second(s)

2019-07-11 14:21:23 - [MESSAGE][PASSED] - Delayed 1 second(s)

2019-07-11 14:21:23 - [MESSAGE][PASSED] - ZZ.pdf exist in H:/Git_personal/Personal_Leed/Usgbc_LeedOnline_ScoreCard/Include/TestData/DownloadedFiles and was deleted

2019-07-11 14:21:23 - [MESSAGE][PASSED] - 

2019-07-11 14:21:23 - [MESSAGE][PASSED] - Actual text 'ZZ.pdf' and expected text 'ZZ.pdf' are matched 

2019-07-11 14:21:23 - [MESSAGE][PASSED] - Scroll to object 'Object Repository/Innovation/Pilot_Credit_Opt2/AddFile_required_doc/Table_required_doc' successfully

2019-07-11 14:21:24 - [MESSAGE][PASSED] - Object 'Object Repository/Innovation/Pilot_Credit_Opt2/AddFile_required_doc/Table_required_doc' is present

2019-07-11 14:21:24 - [MESSAGE][PASSED] - Scroll to object 'Object Repository/Innovation/Pilot_Credit_Opt2/AddFile_required_doc/p_required_doc' successfully

2019-07-11 14:21:26 - [MESSAGE][PASSED] - Delayed 2 second(s)

2019-07-11 14:21:26 - [MESSAGE][PASSED] - Object: 'Object Repository/Innovation/Pilot_Credit_Opt2/AddFile_required_doc/p_required_doc' is hovered

2019-07-11 14:21:26 - [MESSAGE][PASSED] - Object: '' is clicked on

2019-07-11 14:21:26 - [MESSAGE][PASSED] - Text of object '' is: 'ZZ.pdf'

2019-07-11 14:21:36 - [MESSAGE][PASSED] - Delayed 10 second(s)

2019-07-11 14:21:38 - [MESSAGE][PASSED] - Object: 'Object Repository/Innovation/Pilot_Credit_Opt2/AddFile_required_doc/p_required_doc' is hovered

2019-07-11 14:21:40 - [MESSAGE][PASSED] - Delayed 2 second(s)

2019-07-11 14:21:42 - [MESSAGE][PASSED] - Delayed 2 second(s)

2019-07-11 14:21:42 - [MESSAGE][PASSED] - Object: 'Object Repository/Innovation/Pilot_Credit_Opt2/AddFile_required_doc/p_required_doc' is hovered

2019-07-11 14:21:42 - [MESSAGE][PASSED] - Object: '' is clicked on

2019-07-11 14:21:42 - [MESSAGE][PASSED] - Text of object '' is: 'SamplePPTFile_1000kb.ppt'

2019-07-11 14:21:42 - [MESSAGE][PASSED] - Object: 'Object Repository/Innovation/Pilot_Credit_Opt2/AddFile_required_doc/p_required_doc' is hovered

2019-07-11 14:21:44 - [MESSAGE][PASSED] - Delayed 2 second(s)

2019-07-11 14:21:46 - [MESSAGE][PASSED] - Delayed 2 second(s)

2019-07-11 14:21:46 - [MESSAGE][PASSED] - Object: 'Object Repository/Innovation/Pilot_Credit_Opt2/AddFile_required_doc/p_required_doc' is hovered

2019-07-11 14:21:46 - [MESSAGE][PASSED] - Object: '' is clicked on

2019-07-11 14:21:47 - [MESSAGE][PASSED] - Text of object '' is: 'SampleGIFImage_350kbmb.gif'

2019-07-11 14:21:47 - [MESSAGE][PASSED] - Object: 'Object Repository/Innovation/Pilot_Credit_Opt2/AddFile_required_doc/p_required_doc' is hovered

2019-07-11 14:21:49 - [MESSAGE][PASSED] - Delayed 2 second(s)

2019-07-11 14:21:52 - [MESSAGE][PASSED] - Delayed 3 second(s)

2019-07-11 14:21:54 - [MESSAGE][PASSED] - Delayed 2 second(s)

2019-07-11 14:21:55 - [MESSAGE][PASSED] - Delayed 1 second(s)

2019-07-11 14:21:55 - [MESSAGE][PASSED] - SampleGIFImage_350kbmb.gif exist in H:/Git_personal/Personal_Leed/Usgbc_LeedOnline_ScoreCard/Include/TestData/DownloadedFiles and was deleted

2019-07-11 14:21:55 - [MESSAGE][PASSED] - 

2019-07-11 14:21:55 - [MESSAGE][PASSED] - Actual text 'SampleGIFImage_350kbmb.gif' and expected text 'SampleGIFImage_350kbmb.gif' are matched 

2019-07-11 14:21:57 - [MESSAGE][PASSED] - Delayed 2 second(s)

2019-07-11 14:21:58 - [MESSAGE][PASSED] - Delayed 1 second(s)

2019-07-11 14:21:58 - [MESSAGE][PASSED] - SamplePPTFile_1000kb.ppt exist in H:/Git_personal/Personal_Leed/Usgbc_LeedOnline_ScoreCard/Include/TestData/DownloadedFiles and was deleted

2019-07-11 14:21:58 - [MESSAGE][PASSED] - 

2019-07-11 14:21:58 - [MESSAGE][PASSED] - Actual text 'SamplePPTFile_1000kb.ppt' and expected text 'SamplePPTFile_1000kb.ppt' are matched 

2019-07-11 14:22:00 - [MESSAGE][PASSED] - Delayed 2 second(s)

2019-07-11 14:22:01 - [MESSAGE][PASSED] - Delayed 1 second(s)

2019-07-11 14:22:01 - [MESSAGE][PASSED] - ZZ.pdf exist in H:/Git_personal/Personal_Leed/Usgbc_LeedOnline_ScoreCard/Include/TestData/DownloadedFiles and was deleted

2019-07-11 14:22:01 - [MESSAGE][PASSED] - 

2019-07-11 14:22:01 - [MESSAGE][PASSED] - Actual text 'ZZ.pdf' and expected text 'ZZ.pdf' are matched 

2019-07-11 14:22:01 - [MESSAGE][PASSED] - Scroll to object 'Object Repository/Innovation/Special Circumstances/AddFile_additionalDoc/Table_additionalDoc' successfully

2019-07-11 14:22:01 - [MESSAGE][PASSED] - Object 'Object Repository/Innovation/Special Circumstances/AddFile_additionalDoc/Table_additionalDoc' is present

2019-07-11 14:22:01 - [MESSAGE][PASSED] - Scroll to object 'Object Repository/Innovation/Special Circumstances/AddFile_additionalDoc/p_Upload any additional documentation' successfully

2019-07-11 14:22:03 - [MESSAGE][PASSED] - Delayed 2 second(s)

2019-07-11 14:22:04 - [MESSAGE][PASSED] - Object: 'Object Repository/Innovation/Special Circumstances/AddFile_additionalDoc/p_Upload any additional documentation' is hovered

2019-07-11 14:22:04 - [MESSAGE][PASSED] - Object: '' is clicked on

2019-07-11 14:22:04 - [MESSAGE][PASSED] - Text of object '' is: 'ZZ.pdf'

2019-07-11 14:22:14 - [MESSAGE][PASSED] - Delayed 10 second(s)

2019-07-11 14:22:14 - [MESSAGE][PASSED] - Object: 'Object Repository/Innovation/Special Circumstances/AddFile_additionalDoc/p_Upload any additional documentation' is hovered

2019-07-11 14:22:16 - [MESSAGE][PASSED] - Delayed 2 second(s)

2019-07-11 14:22:18 - [MESSAGE][PASSED] - Delayed 2 second(s)

2019-07-11 14:22:18 - [MESSAGE][PASSED] - Object: 'Object Repository/Innovation/Special Circumstances/AddFile_additionalDoc/p_Upload any additional documentation' is hovered

2019-07-11 14:22:18 - [MESSAGE][PASSED] - Object: '' is clicked on

2019-07-11 14:22:18 - [MESSAGE][PASSED] - Text of object '' is: 'SamplePPTFile_1000kb.ppt'

2019-07-11 14:22:18 - [MESSAGE][PASSED] - Object: 'Object Repository/Innovation/Special Circumstances/AddFile_additionalDoc/p_Upload any additional documentation' is hovered

2019-07-11 14:22:20 - [MESSAGE][PASSED] - Delayed 2 second(s)

2019-07-11 14:22:22 - [MESSAGE][PASSED] - Delayed 2 second(s)

2019-07-11 14:22:23 - [MESSAGE][PASSED] - Object: 'Object Repository/Innovation/Special Circumstances/AddFile_additionalDoc/p_Upload any additional documentation' is hovered

2019-07-11 14:22:23 - [MESSAGE][PASSED] - Object: '' is clicked on

2019-07-11 14:22:23 - [MESSAGE][PASSED] - Text of object '' is: 'SampleGIFImage_350kbmb.gif'

2019-07-11 14:22:23 - [MESSAGE][PASSED] - Object: 'Object Repository/Innovation/Special Circumstances/AddFile_additionalDoc/p_Upload any additional documentation' is hovered

2019-07-11 14:22:25 - [MESSAGE][PASSED] - Delayed 2 second(s)

2019-07-11 14:22:28 - [MESSAGE][PASSED] - Delayed 3 second(s)

2019-07-11 14:22:30 - [MESSAGE][PASSED] - Delayed 2 second(s)

2019-07-11 14:22:31 - [MESSAGE][PASSED] - Delayed 1 second(s)

2019-07-11 14:22:31 - [MESSAGE][PASSED] - SampleGIFImage_350kbmb.gif exist in H:/Git_personal/Personal_Leed/Usgbc_LeedOnline_ScoreCard/Include/TestData/DownloadedFiles and was deleted

2019-07-11 14:22:31 - [MESSAGE][PASSED] - 

2019-07-11 14:22:31 - [MESSAGE][PASSED] - Actual text 'SampleGIFImage_350kbmb.gif' and expected text 'SampleGIFImage_350kbmb.gif' are matched 

2019-07-11 14:22:33 - [MESSAGE][PASSED] - Delayed 2 second(s)

2019-07-11 14:22:34 - [MESSAGE][PASSED] - Delayed 1 second(s)

2019-07-11 14:22:34 - [MESSAGE][PASSED] - SamplePPTFile_1000kb.ppt exist in H:/Git_personal/Personal_Leed/Usgbc_LeedOnline_ScoreCard/Include/TestData/DownloadedFiles and was deleted

2019-07-11 14:22:34 - [MESSAGE][PASSED] - 

2019-07-11 14:22:34 - [MESSAGE][PASSED] - Actual text 'SamplePPTFile_1000kb.ppt' and expected text 'SamplePPTFile_1000kb.ppt' are matched 

2019-07-11 14:22:36 - [MESSAGE][PASSED] - Delayed 2 second(s)

2019-07-11 14:22:38 - [MESSAGE][PASSED] - Delayed 1 second(s)

2019-07-11 14:22:38 - [MESSAGE][PASSED] - ZZ.pdf exist in H:/Git_personal/Personal_Leed/Usgbc_LeedOnline_ScoreCard/Include/TestData/DownloadedFiles and was deleted

2019-07-11 14:22:38 - [MESSAGE][PASSED] - 

2019-07-11 14:22:38 - [MESSAGE][PASSED] - Actual text 'ZZ.pdf' and expected text 'ZZ.pdf' are matched 

2019-07-11 14:22:38 - [MESSAGE][PASSED] - Scroll to object 'Object Repository/Innovation/Innovation_Strategy_Opt1/radio_innovation_Strategy' successfully

2019-07-11 14:22:38 - [MESSAGE][PASSED] - Object 'Object Repository/Innovation/Innovation_Strategy_Opt1/radio_innovation_Strategy' is present

2019-07-11 14:22:41 - [MESSAGE][PASSED] - Delayed 3 second(s)

2019-07-11 14:22:41 - [MESSAGE][PASSED] - Object 'Object Repository/Innovation/Innovation_Strategy_Opt1/radio_innovation_Strategy' is checked

2019-07-11 14:22:41 - [MESSAGE][PASSED] - Scroll to object 'Object Repository/Innovation/Innovation_Strategy_Opt1/AddFile_supporting_doc/Table_supporting_doc' successfully

2019-07-11 14:22:41 - [MESSAGE][PASSED] - Object 'Object Repository/Innovation/Innovation_Strategy_Opt1/AddFile_supporting_doc/Table_supporting_doc' is present

2019-07-11 14:22:46 - [MESSAGE][PASSED] - Delayed 5 second(s)

2019-07-11 14:22:46 - [MESSAGE][PASSED] - Scroll to object 'Object Repository/Innovation/Innovation_Strategy_Opt1/AddFile_supporting_doc/p_supporting_doc' successfully

2019-07-11 14:22:48 - [MESSAGE][PASSED] - Delayed 2 second(s)

2019-07-11 14:22:49 - [MESSAGE][PASSED] - Object: 'Object Repository/Innovation/Innovation_Strategy_Opt1/AddFile_supporting_doc/p_supporting_doc' is hovered

2019-07-11 14:22:49 - [MESSAGE][PASSED] - Object: '' is clicked on

2019-07-11 14:22:49 - [MESSAGE][PASSED] - Text of object '' is: 'ZZ.pdf'

2019-07-11 14:22:59 - [MESSAGE][PASSED] - Delayed 10 second(s)

2019-07-11 14:22:59 - [MESSAGE][PASSED] - Object: 'Object Repository/Innovation/Innovation_Strategy_Opt1/AddFile_supporting_doc/p_supporting_doc' is hovered

2019-07-11 14:23:01 - [MESSAGE][PASSED] - Delayed 2 second(s)

2019-07-11 14:23:03 - [MESSAGE][PASSED] - Delayed 2 second(s)

2019-07-11 14:23:03 - [MESSAGE][PASSED] - Object: 'Object Repository/Innovation/Innovation_Strategy_Opt1/AddFile_supporting_doc/p_supporting_doc' is hovered

2019-07-11 14:23:03 - [MESSAGE][PASSED] - Object: '' is clicked on

2019-07-11 14:23:03 - [MESSAGE][PASSED] - Text of object '' is: 'SamplePPTFile_1000kb.ppt'

2019-07-11 14:23:04 - [MESSAGE][PASSED] - Object: 'Object Repository/Innovation/Innovation_Strategy_Opt1/AddFile_supporting_doc/p_supporting_doc' is hovered

2019-07-11 14:23:06 - [MESSAGE][PASSED] - Delayed 2 second(s)

2019-07-11 14:23:08 - [MESSAGE][PASSED] - Delayed 2 second(s)

2019-07-11 14:23:08 - [MESSAGE][PASSED] - Object: 'Object Repository/Innovation/Innovation_Strategy_Opt1/AddFile_supporting_doc/p_supporting_doc' is hovered

2019-07-11 14:23:08 - [MESSAGE][PASSED] - Object: '' is clicked on

2019-07-11 14:23:08 - [MESSAGE][PASSED] - Text of object '' is: 'SampleGIFImage_350kbmb.gif'

2019-07-11 14:23:08 - [MESSAGE][PASSED] - Object: 'Object Repository/Innovation/Innovation_Strategy_Opt1/AddFile_supporting_doc/p_supporting_doc' is hovered

2019-07-11 14:23:10 - [MESSAGE][PASSED] - Delayed 2 second(s)

2019-07-11 14:23:13 - [MESSAGE][PASSED] - Delayed 3 second(s)

2019-07-11 14:23:15 - [MESSAGE][PASSED] - Delayed 2 second(s)

2019-07-11 14:23:16 - [MESSAGE][PASSED] - Delayed 1 second(s)

2019-07-11 14:23:16 - [MESSAGE][PASSED] - SampleGIFImage_350kbmb.gif exist in H:/Git_personal/Personal_Leed/Usgbc_LeedOnline_ScoreCard/Include/TestData/DownloadedFiles and was deleted

2019-07-11 14:23:16 - [MESSAGE][PASSED] - 

2019-07-11 14:23:16 - [MESSAGE][PASSED] - Actual text 'SampleGIFImage_350kbmb.gif' and expected text 'SampleGIFImage_350kbmb.gif' are matched 

2019-07-11 14:23:18 - [MESSAGE][PASSED] - Delayed 2 second(s)

2019-07-11 14:23:19 - [MESSAGE][PASSED] - Delayed 1 second(s)

2019-07-11 14:23:19 - [MESSAGE][PASSED] - SamplePPTFile_1000kb.ppt exist in H:/Git_personal/Personal_Leed/Usgbc_LeedOnline_ScoreCard/Include/TestData/DownloadedFiles and was deleted

2019-07-11 14:23:19 - [MESSAGE][PASSED] - 

2019-07-11 14:23:19 - [MESSAGE][PASSED] - Actual text 'SamplePPTFile_1000kb.ppt' and expected text 'SamplePPTFile_1000kb.ppt' are matched 

2019-07-11 14:23:21 - [MESSAGE][PASSED] - Delayed 2 second(s)

2019-07-11 14:23:22 - [MESSAGE][PASSED] - Delayed 1 second(s)

2019-07-11 14:23:22 - [MESSAGE][PASSED] - ZZ.pdf exist in H:/Git_personal/Personal_Leed/Usgbc_LeedOnline_ScoreCard/Include/TestData/DownloadedFiles and was deleted

2019-07-11 14:23:22 - [MESSAGE][PASSED] - 

2019-07-11 14:23:22 - [MESSAGE][PASSED] - Actual text 'ZZ.pdf' and expected text 'ZZ.pdf' are matched 

2019-07-11 14:23:32 - [MESSAGE][PASSED] - Delayed 10 second(s)

2019-07-11 14:23:33 - [MESSAGE][PASSED] - Object 'Object Repository/Innovation/Autosave/a_Clear draft' is present

2019-07-11 14:23:33 - [MESSAGE][PASSED] - Object: 'Object Repository/Innovation/Autosave/a_Clear draft' is clicked on

2019-07-11 14:23:33 - [MESSAGE][PASSED] - Object: 'Object Repository/Innovation/Autosave/button_Yes' is clicked on

2019-07-11 14:23:33 - [MESSAGE][PASSED] - Run with 'innovation_Form.Runner_In_DownloadFiles' was passed

2019-07-11 14:23:33 - [TEST_STEP][PASSED] - Start listener action : sampleAfterTestCase: Browser is closed

2019-07-11 14:23:33 - [TEST_STEP][PASSED] - closeBrowser(): Browser is closed

2019-07-11 14:23:34 - [MESSAGE][PASSED] - Browser is closed]]></system-out>
         <system-err><![CDATA[]]></system-err>
      </testcase>
      <testcase name="Test Cases/Innovation/TC_In_DeleteFiles" classname="Test Cases/Innovation/TC_In_DeleteFiles" status="PASSED">
         <system-out><![CDATA[2019-07-11 14:23:34 - [TEST_CASE][PASSED] - Test Cases/Innovation/TC_In_DeleteFiles: Test Cases/Innovation/TC_In_DeleteFiles

2019-07-11 14:23:34 - [TEST_STEP][PASSED] - Start listener action : sampleBeforeTestCase: null

2019-07-11 14:23:34 - [TEST_STEP][PASSED] - openBrowser(""): Browser is opened with url: ''

2019-07-11 14:23:34 - [MESSAGE][INFO] - Starting 'Chrome' driver

2019-07-11 14:23:34 - [MESSAGE][INFO] - User set preference: ['args', '[--window-size=1920,1080]']

2019-07-11 14:23:36 - [MESSAGE][PASSED] - Browser is opened with url: ''

2019-07-11 14:23:36 - [TEST_STEP][PASSED] - driver = getWebDriver(): null

2019-07-11 14:23:36 - [TEST_STEP][PASSED] - println("The driver is ########### " + driver): null

2019-07-11 14:23:36 - [TEST_STEP][PASSED] - downloadPath = "H:/Git_personal/Personal_Leed/Usgbc_LeedOnline_ScoreCard/Include/TestData/DownloadedFiles": null

2019-07-11 14:23:36 - [TEST_STEP][PASSED] - projectKeywords().sendCommandForDownloadChromeHeadLess(driver.getCommandExecutor(), driver.getSessionId(), downloadPath): null

2019-07-11 14:23:37 - [TEST_STEP][PASSED] - runWithCucumberRunner(innovation_Form.Runner_In_DeleteFiles): Run with 'innovation_Form.Runner_In_DeleteFiles' was passed

2019-07-11 14:23:39 - [TEST_CASE][PASSED] - Test Cases/Innovation/TC_In_Navigation: Test Cases/Innovation/TC_In_Navigation

2019-07-11 14:23:39 - [TEST_STEP][PASSED] - runWithCucumberRunner(innovation_Form.Runner_In_Navigation): Run with 'innovation_Form.Runner_In_Navigation' was passed

2019-07-11 14:23:40 - [TEST_CASE][PASSED] - Test Cases/Login/TC_Login: Test Cases/Login/TC_Login

2019-07-11 14:23:40 - [TEST_STEP][PASSED] - runWithCucumberRunner(common.Runner_Login): Run with 'common.Runner_Login' was passed

2019-07-11 14:23:44 - [MESSAGE][PASSED] - Navigate to 'https://leedonline-stg.usgbc.org' successfully

2019-07-11 14:23:46 - [MESSAGE][PASSED] - Delayed 2 second(s)

2019-07-11 14:23:46 - [MESSAGE][PASSED] - Text 'automationbdd1@gmail.com' is set on object 'Object Repository/Login/input_username'

2019-07-11 14:23:46 - [MESSAGE][PASSED] - Text 'initpass' is set on object 'Object Repository/Login/input_password'

2019-07-11 14:23:49 - [MESSAGE][PASSED] - Delayed 3 second(s)

2019-07-11 14:23:49 - [MESSAGE][PASSED] - Scroll to object 'Object Repository/Login/span_End User License Agreement' successfully

2019-07-11 14:23:49 - [MESSAGE][PASSED] - Object 'Object Repository/Login/span_End User License Agreement' is visible

2019-07-11 14:23:49 - [MESSAGE][PASSED] - Object 'Object Repository/Login/span_End User License Agreement' is checked

2019-07-11 14:23:50 - [MESSAGE][PASSED] - Delayed 1 second(s)

2019-07-11 14:23:52 - [MESSAGE][PASSED] - Object: 'Object Repository/Login/button_Log In' is clicked on

2019-07-11 14:23:57 - [MESSAGE][PASSED] - Object: '' is clicked on

2019-07-11 14:23:59 - [MESSAGE][PASSED] - Object: 'Object Repository/Login/a_Credits' is clicked on

2019-07-11 14:23:59 - [MESSAGE][PASSED] - Run with 'common.Runner_Login' was passed

2019-07-11 14:23:59 - [MESSAGE][PASSED] - Call Test Case 'Test Cases/Login/TC_Login' successfully

2019-07-11 14:23:59 - [MESSAGE][PASSED] - Scroll to object 'Object Repository/Innovation/In_Navigation/div_Innovation' successfully

2019-07-11 14:23:59 - [MESSAGE][PASSED] - Object 'Object Repository/Innovation/In_Navigation/div_Innovation' is present

2019-07-11 14:23:59 - [MESSAGE][PASSED] - Text of object 'Object Repository/Innovation/In_Navigation/h3_Status' is: 'ATTEMPTED'

2019-07-11 14:23:59 - [MESSAGE][PASSED] - Text of object 'Object Repository/Innovation/In_Navigation/divval' is: 'ATTEMPTED'

2019-07-11 14:23:59 - [MESSAGE][PASSED] - Text of object 'Object Repository/Innovation/In_Navigation/h3_Status' is: 'ATTEMPTED'

2019-07-11 14:23:59 - [MESSAGE][PASSED] - Object: 'Object Repository/Innovation/In_Navigation/div_Innovation' is clicked on

2019-07-11 14:24:02 - [MESSAGE][PASSED] - Delayed 3 second(s)

2019-07-11 14:24:11 - [MESSAGE][PASSED] - Object: 'Object Repository/Innovation/In_Navigation/span_(V01)' is clicked on

2019-07-11 14:24:11 - [MESSAGE][PASSED] - Object 'Object Repository/Innovation/In_Navigation/div_InnovationCredit' is present

2019-07-11 14:24:11 - [MESSAGE][PASSED] - Run with 'innovation_Form.Runner_In_Navigation' was passed

2019-07-11 14:24:11 - [MESSAGE][PASSED] - Call Test Case 'Test Cases/Innovation/TC_In_Navigation' successfully

2019-07-11 14:24:11 - [MESSAGE][PASSED] - Scroll to object 'Object Repository/Innovation/AddFile_LEED_Accredited/Table_LEED_Accredited' successfully

2019-07-11 14:24:11 - [MESSAGE][PASSED] - Object 'Object Repository/Innovation/AddFile_LEED_Accredited/Table_LEED_Accredited' is present

2019-07-11 14:24:11 - [MESSAGE][PASSED] - Scroll to object 'Object Repository/Innovation/AddFile_LEED_Accredited/p_LEED_Accredited' successfully

2019-07-11 14:24:12 - [MESSAGE][PASSED] - Delayed 1 second(s)

2019-07-11 14:24:12 - [MESSAGE][PASSED] - Object: '' is clicked on

2019-07-11 14:24:14 - [MESSAGE][PASSED] - Delayed 2 second(s)

2019-07-11 14:24:15 - [MESSAGE][PASSED] - Object: 'Object Repository/LightPollutionReduction/FixtureShielding/button_Yes' is clicked on

2019-07-11 14:24:16 - [MESSAGE][PASSED] - Delayed 1 second(s)

2019-07-11 14:24:16 - [MESSAGE][PASSED] - Object: '' is clicked on

2019-07-11 14:24:18 - [MESSAGE][PASSED] - Delayed 2 second(s)

2019-07-11 14:24:18 - [MESSAGE][PASSED] - Object: 'Object Repository/LightPollutionReduction/FixtureShielding/button_Yes' is clicked on

2019-07-11 14:24:19 - [MESSAGE][PASSED] - Delayed 1 second(s)

2019-07-11 14:24:19 - [MESSAGE][PASSED] - Object: '' is clicked on

2019-07-11 14:24:21 - [MESSAGE][PASSED] - Delayed 2 second(s)

2019-07-11 14:24:21 - [MESSAGE][PASSED] - Object: 'Object Repository/LightPollutionReduction/FixtureShielding/button_Yes' is clicked on

2019-07-11 14:24:23 - [MESSAGE][PASSED] - Delayed 2 second(s)

2019-07-11 14:24:24 - [MESSAGE][PASSED] - Web element with id: 'Object Repository/Innovation/AddFile_LEED_Accredited/Table_LEED_Accredited' located by 'By.xpath: //*[@id="leedApDocs_files"]/table' is not present after '30' second(s)

2019-07-11 14:24:24 - [MESSAGE][PASSED] - Scroll to object 'Object Repository/Innovation/Pilot_Credit_Opt2/AddFile_required_doc/Table_required_doc' successfully

2019-07-11 14:24:24 - [MESSAGE][PASSED] - Object 'Object Repository/Innovation/Pilot_Credit_Opt2/AddFile_required_doc/Table_required_doc' is present

2019-07-11 14:24:24 - [MESSAGE][PASSED] - Scroll to object 'Object Repository/Innovation/Pilot_Credit_Opt2/AddFile_required_doc/p_required_doc' successfully

2019-07-11 14:24:25 - [MESSAGE][PASSED] - Delayed 1 second(s)

2019-07-11 14:24:25 - [MESSAGE][PASSED] - Object: '' is clicked on

2019-07-11 14:24:27 - [MESSAGE][PASSED] - Delayed 2 second(s)

2019-07-11 14:24:27 - [MESSAGE][PASSED] - Object: 'Object Repository/LightPollutionReduction/FixtureShielding/button_Yes' is clicked on

2019-07-11 14:24:28 - [MESSAGE][PASSED] - Delayed 1 second(s)

2019-07-11 14:24:32 - [MESSAGE][PASSED] - Object: '' is clicked on

2019-07-11 14:24:34 - [MESSAGE][PASSED] - Delayed 2 second(s)

2019-07-11 14:24:34 - [MESSAGE][PASSED] - Object: 'Object Repository/LightPollutionReduction/FixtureShielding/button_Yes' is clicked on

2019-07-11 14:24:35 - [MESSAGE][PASSED] - Delayed 1 second(s)

2019-07-11 14:24:35 - [MESSAGE][PASSED] - Object: '' is clicked on

2019-07-11 14:24:37 - [MESSAGE][PASSED] - Delayed 2 second(s)

2019-07-11 14:24:38 - [MESSAGE][PASSED] - Object: 'Object Repository/LightPollutionReduction/FixtureShielding/button_Yes' is clicked on

2019-07-11 14:24:40 - [MESSAGE][PASSED] - Delayed 2 second(s)

2019-07-11 14:24:40 - [MESSAGE][PASSED] - Web element with id: 'Object Repository/Innovation/Pilot_Credit_Opt2/AddFile_required_doc/Table_required_doc' located by 'By.xpath: //*[@id="pcRequiredDocs_files"]/table' is not present after '30' second(s)

2019-07-11 14:24:40 - [MESSAGE][PASSED] - Scroll to object 'Object Repository/Innovation/Special Circumstances/AddFile_additionalDoc/Table_additionalDoc' successfully

2019-07-11 14:24:40 - [MESSAGE][PASSED] - Object 'Object Repository/Innovation/Special Circumstances/AddFile_additionalDoc/Table_additionalDoc' is present

2019-07-11 14:24:40 - [MESSAGE][PASSED] - Scroll to object 'Object Repository/Innovation/Special Circumstances/AddFile_additionalDoc/p_Upload any additional documentation' successfully

2019-07-11 14:24:41 - [MESSAGE][PASSED] - Delayed 1 second(s)

2019-07-11 14:24:41 - [MESSAGE][PASSED] - Object: '' is clicked on

2019-07-11 14:24:43 - [MESSAGE][PASSED] - Delayed 2 second(s)

2019-07-11 14:24:43 - [MESSAGE][PASSED] - Object: 'Object Repository/LightPollutionReduction/FixtureShielding/button_Yes' is clicked on

2019-07-11 14:24:44 - [MESSAGE][PASSED] - Delayed 1 second(s)

2019-07-11 14:24:45 - [MESSAGE][PASSED] - Object: '' is clicked on

2019-07-11 14:24:47 - [MESSAGE][PASSED] - Delayed 2 second(s)

2019-07-11 14:24:47 - [MESSAGE][PASSED] - Object: 'Object Repository/LightPollutionReduction/FixtureShielding/button_Yes' is clicked on

2019-07-11 14:24:48 - [MESSAGE][PASSED] - Delayed 1 second(s)

2019-07-11 14:24:48 - [MESSAGE][PASSED] - Object: '' is clicked on

2019-07-11 14:24:50 - [MESSAGE][PASSED] - Delayed 2 second(s)

2019-07-11 14:24:50 - [MESSAGE][PASSED] - Object: 'Object Repository/LightPollutionReduction/FixtureShielding/button_Yes' is clicked on

2019-07-11 14:24:52 - [MESSAGE][PASSED] - Delayed 2 second(s)

2019-07-11 14:24:52 - [MESSAGE][PASSED] - Web element with id: 'Object Repository/Innovation/Special Circumstances/AddFile_additionalDoc/Table_additionalDoc' located by 'By.xpath: //div[@id='splCircumstancesDocs_files']/table' is not present after '30' second(s)

2019-07-11 14:24:52 - [MESSAGE][PASSED] - Scroll to object 'Object Repository/Innovation/Innovation_Strategy_Opt1/radio_innovation_Strategy' successfully

2019-07-11 14:24:52 - [MESSAGE][PASSED] - Object 'Object Repository/Innovation/Innovation_Strategy_Opt1/radio_innovation_Strategy' is present

2019-07-11 14:24:55 - [MESSAGE][PASSED] - Delayed 3 second(s)

2019-07-11 14:24:56 - [MESSAGE][PASSED] - Object 'Object Repository/Innovation/Innovation_Strategy_Opt1/radio_innovation_Strategy' is checked

2019-07-11 14:24:56 - [MESSAGE][PASSED] - Scroll to object 'Object Repository/Innovation/Innovation_Strategy_Opt1/AddFile_supporting_doc/Table_supporting_doc' successfully

2019-07-11 14:24:56 - [MESSAGE][PASSED] - Object 'Object Repository/Innovation/Innovation_Strategy_Opt1/AddFile_supporting_doc/Table_supporting_doc' is present

2019-07-11 14:24:56 - [MESSAGE][PASSED] - Scroll to object 'Object Repository/Innovation/Innovation_Strategy_Opt1/AddFile_supporting_doc/p_supporting_doc' successfully

2019-07-11 14:24:57 - [MESSAGE][PASSED] - Delayed 1 second(s)

2019-07-11 14:24:57 - [MESSAGE][PASSED] - Object: '' is clicked on

2019-07-11 14:24:59 - [MESSAGE][PASSED] - Delayed 2 second(s)

2019-07-11 14:25:00 - [MESSAGE][PASSED] - Object: 'Object Repository/LightPollutionReduction/FixtureShielding/button_Yes' is clicked on

2019-07-11 14:25:01 - [MESSAGE][PASSED] - Delayed 1 second(s)

2019-07-11 14:25:01 - [MESSAGE][PASSED] - Object: '' is clicked on

2019-07-11 14:25:03 - [MESSAGE][PASSED] - Delayed 2 second(s)

2019-07-11 14:25:03 - [MESSAGE][PASSED] - Object: 'Object Repository/LightPollutionReduction/FixtureShielding/button_Yes' is clicked on

2019-07-11 14:25:04 - [MESSAGE][PASSED] - Delayed 1 second(s)

2019-07-11 14:25:04 - [MESSAGE][PASSED] - Object: '' is clicked on

2019-07-11 14:25:06 - [MESSAGE][PASSED] - Delayed 2 second(s)

2019-07-11 14:25:06 - [MESSAGE][PASSED] - Object: 'Object Repository/LightPollutionReduction/FixtureShielding/button_Yes' is clicked on

2019-07-11 14:25:08 - [MESSAGE][PASSED] - Delayed 2 second(s)

2019-07-11 14:25:08 - [MESSAGE][PASSED] - Web element with id: 'Object Repository/Innovation/Innovation_Strategy_Opt1/AddFile_supporting_doc/Table_supporting_doc' located by 'By.xpath: //*[@id="isSupportingDocs_files"]/table' is not present after '30' second(s)

2019-07-11 14:25:18 - [MESSAGE][PASSED] - Delayed 10 second(s)

2019-07-11 14:25:19 - [MESSAGE][PASSED] - Object 'Object Repository/Innovation/Autosave/a_Clear draft' is present

2019-07-11 14:25:20 - [MESSAGE][PASSED] - Object: 'Object Repository/Innovation/Autosave/a_Clear draft' is clicked on

2019-07-11 14:25:20 - [MESSAGE][PASSED] - Object: 'Object Repository/Innovation/Autosave/button_Yes' is clicked on

2019-07-11 14:25:20 - [MESSAGE][PASSED] - Run with 'innovation_Form.Runner_In_DeleteFiles' was passed

2019-07-11 14:25:20 - [TEST_STEP][PASSED] - Start listener action : sampleAfterTestCase: Browser is closed

2019-07-11 14:25:20 - [TEST_STEP][PASSED] - closeBrowser(): Browser is closed

2019-07-11 14:25:21 - [MESSAGE][PASSED] - Browser is closed]]></system-out>
         <system-err><![CDATA[]]></system-err>
      </testcase>
      <testcase name="Test Cases/Innovation/TC_In_AutoSaveAsDraft" classname="Test Cases/Innovation/TC_In_AutoSaveAsDraft" status="FAILED">
         <failure type="FAILED" message="Test Cases/Innovation/TC_In_AutoSaveAsDraft FAILED.
Reason:
com.kms.katalon.core.exception.StepFailedException: These following reason:
 [Call Test Case 'Test Cases/Innovation/TC_In_Navigation' failed, Unable to scroll to object 'Object Repository/Innovation/AddFile_LEED_Accredited/p_LEED_Accredited', Unable to verify object 'Object Repository/Innovation/Autosave/span_Last draft saved on' is not present, Unable to check object 'Object Repository/Innovation/Innovation_Strategy_Opt1/radio_innovation_Strategy']
	at com.kms.katalon.core.keyword.internal.KeywordMain.stepFailed(KeywordMain.groovy:48)
	at com.kms.katalon.core.keyword.internal.KeywordMain.stepFailed(KeywordMain.groovy)
	at com.kms.katalon.core.keyword.internal.KeywordMain.stepFailed(KeywordMain.groovy:21)
	at com.kms.katalon.core.keyword.internal.KeywordMain$stepFailed$0.call(Unknown Source)
	at com.kms.katalon.core.cucumber.keyword.CucumberBuiltinKeywords$_runWithCucumberRunner_closure3.doCall(CucumberBuiltinKeywords.groovy:272)
	at com.kms.katalon.core.cucumber.keyword.CucumberBuiltinKeywords$_runWithCucumberRunner_closure3.doCall(CucumberBuiltinKeywords.groovy)
	at com.kms.katalon.core.keyword.internal.KeywordMain.runKeyword(KeywordMain.groovy:66)
	at com.kms.katalon.core.keyword.internal.KeywordMain$runKeyword.call(Unknown Source)
	at com.kms.katalon.core.cucumber.keyword.CucumberBuiltinKeywords.runWithCucumberRunner(CucumberBuiltinKeywords.groovy:257)
	at com.kms.katalon.core.cucumber.keyword.CucumberBuiltinKeywords$runWithCucumberRunner$0.callStatic(Unknown Source)
	at com.kms.katalon.core.cucumber.keyword.CucumberBuiltinKeywords.runWithCucumberRunner(CucumberBuiltinKeywords.groovy:357)
	at com.kms.katalon.core.cucumber.keyword.CucumberBuiltinKeywords$runWithCucumberRunner.call(Unknown Source)
	at TC_In_AutoSaveAsDraft.run(TC_In_AutoSaveAsDraft:18)
	at com.kms.katalon.core.main.ScriptEngine.run(ScriptEngine.java:194)
	at com.kms.katalon.core.main.ScriptEngine.runScriptAsRawText(ScriptEngine.java:119)
	at com.kms.katalon.core.main.TestCaseExecutor.runScript(TestCaseExecutor.java:336)
	at com.kms.katalon.core.main.TestCaseExecutor.doExecute(TestCaseExecutor.java:327)
	at com.kms.katalon.core.main.TestCaseExecutor.processExecutionPhase(TestCaseExecutor.java:306)
	at com.kms.katalon.core.main.TestCaseExecutor.accessMainPhase(TestCaseExecutor.java:298)
	at com.kms.katalon.core.main.TestCaseExecutor.execute(TestCaseExecutor.java:232)
	at com.kms.katalon.core.main.TestSuiteExecutor.accessTestCaseMainPhase(TestSuiteExecutor.java:129)
	at com.kms.katalon.core.main.TestSuiteExecutor.accessTestSuiteMainPhase(TestSuiteExecutor.java:112)
	at com.kms.katalon.core.main.TestSuiteExecutor.execute(TestSuiteExecutor.java:81)
	at com.kms.katalon.core.main.TestCaseMain.startTestSuite(TestCaseMain.java:157)
	at com.kms.katalon.core.main.TestCaseMain$startTestSuite$0.call(Unknown Source)
	at TempTestSuite1562830999925.run(TempTestSuite1562830999925.groovy:35)
"/>
         <system-out><![CDATA[2019-07-11 14:25:21 - [TEST_CASE][FAILED] - Test Cases/Innovation/TC_In_AutoSaveAsDraft: Test Cases/Innovation/TC_In_AutoSaveAsDraft FAILED.
Reason:
com.kms.katalon.core.exception.StepFailedException: These following reason:
 [Call Test Case 'Test Cases/Innovation/TC_In_Navigation' failed, Unable to scroll to object 'Object Repository/Innovation/AddFile_LEED_Accredited/p_LEED_Accredited', Unable to verify object 'Object Repository/Innovation/Autosave/span_Last draft saved on' is not present, Unable to check object 'Object Repository/Innovation/Innovation_Strategy_Opt1/radio_innovation_Strategy']
	at com.kms.katalon.core.keyword.internal.KeywordMain.stepFailed(KeywordMain.groovy:48)
	at com.kms.katalon.core.keyword.internal.KeywordMain.stepFailed(KeywordMain.groovy)
	at com.kms.katalon.core.keyword.internal.KeywordMain.stepFailed(KeywordMain.groovy:21)
	at com.kms.katalon.core.keyword.internal.KeywordMain$stepFailed$0.call(Unknown Source)
	at com.kms.katalon.core.cucumber.keyword.CucumberBuiltinKeywords$_runWithCucumberRunner_closure3.doCall(CucumberBuiltinKeywords.groovy:272)
	at com.kms.katalon.core.cucumber.keyword.CucumberBuiltinKeywords$_runWithCucumberRunner_closure3.doCall(CucumberBuiltinKeywords.groovy)
	at com.kms.katalon.core.keyword.internal.KeywordMain.runKeyword(KeywordMain.groovy:66)
	at com.kms.katalon.core.keyword.internal.KeywordMain$runKeyword.call(Unknown Source)
	at com.kms.katalon.core.cucumber.keyword.CucumberBuiltinKeywords.runWithCucumberRunner(CucumberBuiltinKeywords.groovy:257)
	at com.kms.katalon.core.cucumber.keyword.CucumberBuiltinKeywords$runWithCucumberRunner$0.callStatic(Unknown Source)
	at com.kms.katalon.core.cucumber.keyword.CucumberBuiltinKeywords.runWithCucumberRunner(CucumberBuiltinKeywords.groovy:357)
	at com.kms.katalon.core.cucumber.keyword.CucumberBuiltinKeywords$runWithCucumberRunner.call(Unknown Source)
	at TC_In_AutoSaveAsDraft.run(TC_In_AutoSaveAsDraft:18)
	at com.kms.katalon.core.main.ScriptEngine.run(ScriptEngine.java:194)
	at com.kms.katalon.core.main.ScriptEngine.runScriptAsRawText(ScriptEngine.java:119)
	at com.kms.katalon.core.main.TestCaseExecutor.runScript(TestCaseExecutor.java:336)
	at com.kms.katalon.core.main.TestCaseExecutor.doExecute(TestCaseExecutor.java:327)
	at com.kms.katalon.core.main.TestCaseExecutor.processExecutionPhase(TestCaseExecutor.java:306)
	at com.kms.katalon.core.main.TestCaseExecutor.accessMainPhase(TestCaseExecutor.java:298)
	at com.kms.katalon.core.main.TestCaseExecutor.execute(TestCaseExecutor.java:232)
	at com.kms.katalon.core.main.TestSuiteExecutor.accessTestCaseMainPhase(TestSuiteExecutor.java:129)
	at com.kms.katalon.core.main.TestSuiteExecutor.accessTestSuiteMainPhase(TestSuiteExecutor.java:112)
	at com.kms.katalon.core.main.TestSuiteExecutor.execute(TestSuiteExecutor.java:81)
	at com.kms.katalon.core.main.TestCaseMain.startTestSuite(TestCaseMain.java:157)
	at com.kms.katalon.core.main.TestCaseMain$startTestSuite$0.call(Unknown Source)
	at TempTestSuite1562830999925.run(TempTestSuite1562830999925.groovy:35)


2019-07-11 14:25:21 - [TEST_STEP][PASSED] - Start listener action : sampleBeforeTestCase: null

2019-07-11 14:25:21 - [TEST_STEP][PASSED] - openBrowser(""): Browser is opened with url: ''

2019-07-11 14:25:21 - [MESSAGE][INFO] - Starting 'Chrome' driver

2019-07-11 14:25:21 - [MESSAGE][INFO] - User set preference: ['args', '[--window-size=1920,1080]']

2019-07-11 14:25:23 - [MESSAGE][PASSED] - Browser is opened with url: ''

2019-07-11 14:25:23 - [TEST_STEP][PASSED] - driver = getWebDriver(): null

2019-07-11 14:25:23 - [TEST_STEP][PASSED] - println("The driver is ########### " + driver): null

2019-07-11 14:25:23 - [TEST_STEP][PASSED] - downloadPath = "H:/Git_personal/Personal_Leed/Usgbc_LeedOnline_ScoreCard/Include/TestData/DownloadedFiles": null

2019-07-11 14:25:23 - [TEST_STEP][PASSED] - projectKeywords().sendCommandForDownloadChromeHeadLess(driver.getCommandExecutor(), driver.getSessionId(), downloadPath): null

2019-07-11 14:25:24 - [TEST_STEP][FAILED] - runWithCucumberRunner(innovation_Form.Runner_In_AutoSaveAsDraft): Keyword runWithCucumberRunner was failed (Root cause: com.kms.katalon.core.exception.StepFailedException: These following reason:
 [Call Test Case 'Test Cases/Innovation/TC_In_Navigation' failed, Unable to scroll to object 'Object Repository/Innovation/AddFile_LEED_Accredited/p_LEED_Accredited', Unable to verify object 'Object Repository/Innovation/Autosave/span_Last draft saved on' is not present, Unable to check object 'Object Repository/Innovation/Innovation_Strategy_Opt1/radio_innovation_Strategy']
	at com.kms.katalon.core.keyword.internal.KeywordMain.stepFailed(KeywordMain.groovy:48)
	at com.kms.katalon.core.keyword.internal.KeywordMain.stepFailed(KeywordMain.groovy)
	at com.kms.katalon.core.keyword.internal.KeywordMain.stepFailed(KeywordMain.groovy:21)
	at com.kms.katalon.core.keyword.internal.KeywordMain$stepFailed$0.call(Unknown Source)
	at com.kms.katalon.core.cucumber.keyword.CucumberBuiltinKeywords$_runWithCucumberRunner_closure3.doCall(CucumberBuiltinKeywords.groovy:272)
	at com.kms.katalon.core.cucumber.keyword.CucumberBuiltinKeywords$_runWithCucumberRunner_closure3.doCall(CucumberBuiltinKeywords.groovy)
	at com.kms.katalon.core.keyword.internal.KeywordMain.runKeyword(KeywordMain.groovy:66)
	at com.kms.katalon.core.keyword.internal.KeywordMain$runKeyword.call(Unknown Source)
	at com.kms.katalon.core.cucumber.keyword.CucumberBuiltinKeywords.runWithCucumberRunner(CucumberBuiltinKeywords.groovy:257)
	at com.kms.katalon.core.cucumber.keyword.CucumberBuiltinKeywords$runWithCucumberRunner$0.callStatic(Unknown Source)
	at com.kms.katalon.core.cucumber.keyword.CucumberBuiltinKeywords.runWithCucumberRunner(CucumberBuiltinKeywords.groovy:357)
	at com.kms.katalon.core.cucumber.keyword.CucumberBuiltinKeywords$runWithCucumberRunner.call(Unknown Source)
	at TC_In_AutoSaveAsDraft.run(TC_In_AutoSaveAsDraft:18)
	at com.kms.katalon.core.main.ScriptEngine.run(ScriptEngine.java:194)
	at com.kms.katalon.core.main.ScriptEngine.runScriptAsRawText(ScriptEngine.java:119)
	at com.kms.katalon.core.main.TestCaseExecutor.runScript(TestCaseExecutor.java:336)
	at com.kms.katalon.core.main.TestCaseExecutor.doExecute(TestCaseExecutor.java:327)
	at com.kms.katalon.core.main.TestCaseExecutor.processExecutionPhase(TestCaseExecutor.java:306)
	at com.kms.katalon.core.main.TestCaseExecutor.accessMainPhase(TestCaseExecutor.java:298)
	at com.kms.katalon.core.main.TestCaseExecutor.execute(TestCaseExecutor.java:232)
	at com.kms.katalon.core.main.TestSuiteExecutor.accessTestCaseMainPhase(TestSuiteExecutor.java:129)
	at com.kms.katalon.core.main.TestSuiteExecutor.accessTestSuiteMainPhase(TestSuiteExecutor.java:112)
	at com.kms.katalon.core.main.TestSuiteExecutor.execute(TestSuiteExecutor.java:81)
	at com.kms.katalon.core.main.TestCaseMain.startTestSuite(TestCaseMain.java:157)
	at com.kms.katalon.core.main.TestCaseMain$startTestSuite$0.call(Unknown Source)
	at TempTestSuite1562830999925.run(TempTestSuite1562830999925.groovy:35)
)

2019-07-11 14:25:25 - [TEST_CASE][FAILED] - Test Cases/Innovation/TC_In_Navigation: Test Cases/Innovation/TC_In_Navigation FAILED.
Reason:
com.kms.katalon.core.exception.StepFailedException: These following reason:
 [Unable to click on object 'Object Repository/Innovation/In_Navigation/span_(V01)']
	at com.kms.katalon.core.keyword.internal.KeywordMain.stepFailed(KeywordMain.groovy:48)
	at com.kms.katalon.core.keyword.internal.KeywordMain.stepFailed(KeywordMain.groovy)
	at com.kms.katalon.core.keyword.internal.KeywordMain.stepFailed(KeywordMain.groovy:21)
	at com.kms.katalon.core.keyword.internal.KeywordMain$stepFailed$0.call(Unknown Source)
	at com.kms.katalon.core.cucumber.keyword.CucumberBuiltinKeywords$_runWithCucumberRunner_closure3.doCall(CucumberBuiltinKeywords.groovy:272)
	at com.kms.katalon.core.cucumber.keyword.CucumberBuiltinKeywords$_runWithCucumberRunner_closure3.doCall(CucumberBuiltinKeywords.groovy)
	at com.kms.katalon.core.keyword.internal.KeywordMain.runKeyword(KeywordMain.groovy:66)
	at com.kms.katalon.core.keyword.internal.KeywordMain$runKeyword.call(Unknown Source)
	at com.kms.katalon.core.cucumber.keyword.CucumberBuiltinKeywords.runWithCucumberRunner(CucumberBuiltinKeywords.groovy:257)
	at com.kms.katalon.core.cucumber.keyword.CucumberBuiltinKeywords$runWithCucumberRunner$0.callStatic(Unknown Source)
	at com.kms.katalon.core.cucumber.keyword.CucumberBuiltinKeywords.runWithCucumberRunner(CucumberBuiltinKeywords.groovy:357)
	at com.kms.katalon.core.cucumber.keyword.CucumberBuiltinKeywords$runWithCucumberRunner.call(Unknown Source)
	at TC_In_Navigation.run(TC_In_Navigation:19)
	at com.kms.katalon.core.main.ScriptEngine.run(ScriptEngine.java:194)
	at com.kms.katalon.core.main.ScriptEngine.runScriptAsRawText(ScriptEngine.java:119)
	at com.kms.katalon.core.main.TestCaseExecutor.runScript(TestCaseExecutor.java:336)
	at com.kms.katalon.core.main.TestCaseExecutor.doExecute(TestCaseExecutor.java:327)
	at com.kms.katalon.core.main.TestCaseExecutor.processExecutionPhase(TestCaseExecutor.java:306)
	at com.kms.katalon.core.main.TestCaseExecutor.accessMainPhase(TestCaseExecutor.java:298)
	at com.kms.katalon.core.main.TestCaseExecutor.execute(TestCaseExecutor.java:232)
	at com.kms.katalon.core.main.TestCaseMain.runTestCase(TestCaseMain.java:114)
	at com.kms.katalon.core.keyword.builtin.CallTestCaseKeyword$_callTestCase_closure1.doCall(CallTestCaseKeyword.groovy:59)
	at com.kms.katalon.core.keyword.builtin.CallTestCaseKeyword$_callTestCase_closure1.call(CallTestCaseKeyword.groovy)
	at com.kms.katalon.core.keyword.internal.KeywordMain.runKeyword(KeywordMain.groovy:66)
	at com.kms.katalon.core.keyword.builtin.CallTestCaseKeyword.callTestCase(CallTestCaseKeyword.groovy:81)
	at com.kms.katalon.core.keyword.builtin.CallTestCaseKeyword.execute(CallTestCaseKeyword.groovy:44)
	at com.kms.katalon.core.keyword.internal.KeywordExecutor.executeKeywordForPlatform(KeywordExecutor.groovy:56)
	at com.kms.katalon.core.keyword.BuiltinKeywords.callTestCase(BuiltinKeywords.groovy:334)
	at innovation_Form.In_AutoSaveAsDraft.user_is_on_the_Formv_of_Innovation_Form(In_AutoSaveAsDraft.groovy:58)
	at cucumber.runtime.Utils$1.call(Utils.java:26)
	at cucumber.runtime.Timeout.timeout(Timeout.java:16)
	at cucumber.runtime.Utils.invoke(Utils.java:20)
	at cucumber.runtime.java.JavaStepDefinition.execute(JavaStepDefinition.java:48)
	at cucumber.runtime.PickleStepDefinitionMatch.runStep(PickleStepDefinitionMatch.java:50)
	at cucumber.runner.TestStep.executeStep(TestStep.java:55)
	at cucumber.runner.TestStep.run(TestStep.java:42)
	at cucumber.runner.PickleStepTestStep.run(PickleStepTestStep.java:53)
	at cucumber.runner.TestCase.run(TestCase.java:47)
	at cucumber.runner.Runner.runPickle(Runner.java:44)
	at cucumber.runtime.junit.PickleRunners$NoStepDescriptions.run(PickleRunners.java:140)
	at cucumber.runtime.junit.FeatureRunner.runChild(FeatureRunner.java:68)
	at cucumber.runtime.junit.FeatureRunner.runChild(FeatureRunner.java:23)
	at org.junit.runners.ParentRunner$3.run(ParentRunner.java:290)
	at org.junit.runners.ParentRunner$1.schedule(ParentRunner.java:71)
	at org.junit.runners.ParentRunner.runChildren(ParentRunner.java:288)
	at org.junit.runners.ParentRunner.access$000(ParentRunner.java:58)
	at org.junit.runners.ParentRunner$2.evaluate(ParentRunner.java:268)
	at org.junit.runners.ParentRunner.run(ParentRunner.java:363)
	at cucumber.runtime.junit.FeatureRunner.run(FeatureRunner.java:73)
	at cucumber.api.junit.Cucumber.runChild(Cucumber.java:98)
	at cucumber.api.junit.Cucumber.runChild(Cucumber.java:55)
	at org.junit.runners.ParentRunner$3.run(ParentRunner.java:290)
	at org.junit.runners.ParentRunner$1.schedule(ParentRunner.java:71)
	at org.junit.runners.ParentRunner.runChildren(ParentRunner.java:288)
	at org.junit.runners.ParentRunner.access$000(ParentRunner.java:58)
	at org.junit.runners.ParentRunner$2.evaluate(ParentRunner.java:268)
	at cucumber.api.junit.Cucumber$1.evaluate(Cucumber.java:107)
	at org.junit.runners.ParentRunner.run(ParentRunner.java:363)
	at org.junit.runners.Suite.runChild(Suite.java:128)
	at org.junit.runners.Suite.runChild(Suite.java:27)
	at org.junit.runners.ParentRunner$3.run(ParentRunner.java:290)
	at org.junit.runners.ParentRunner$1.schedule(ParentRunner.java:71)
	at org.junit.runners.ParentRunner.runChildren(ParentRunner.java:288)
	at org.junit.runners.ParentRunner.access$000(ParentRunner.java:58)
	at org.junit.runners.ParentRunner$2.evaluate(ParentRunner.java:268)
	at org.junit.runners.ParentRunner.run(ParentRunner.java:363)
	at org.junit.runner.JUnitCore.run(JUnitCore.java:137)
	at org.junit.runner.JUnitCore.run(JUnitCore.java:115)
	at org.junit.runner.JUnitCore.run(JUnitCore.java:105)
	at com.kms.katalon.core.cucumber.keyword.CucumberBuiltinKeywords$_runWithCucumberRunner_closure3.doCall(CucumberBuiltinKeywords.groovy:260)
	at com.kms.katalon.core.cucumber.keyword.CucumberBuiltinKeywords$_runWithCucumberRunner_closure3.doCall(CucumberBuiltinKeywords.groovy)
	at com.kms.katalon.core.keyword.internal.KeywordMain.runKeyword(KeywordMain.groovy:66)
	at com.kms.katalon.core.keyword.internal.KeywordMain$runKeyword.call(Unknown Source)
	at com.kms.katalon.core.cucumber.keyword.CucumberBuiltinKeywords.runWithCucumberRunner(CucumberBuiltinKeywords.groovy:257)
	at com.kms.katalon.core.cucumber.keyword.CucumberBuiltinKeywords$runWithCucumberRunner$0.callStatic(Unknown Source)
	at com.kms.katalon.core.cucumber.keyword.CucumberBuiltinKeywords.runWithCucumberRunner(CucumberBuiltinKeywords.groovy:357)
	at com.kms.katalon.core.cucumber.keyword.CucumberBuiltinKeywords$runWithCucumberRunner.call(Unknown Source)
	at TC_In_AutoSaveAsDraft.run(TC_In_AutoSaveAsDraft:18)
	at com.kms.katalon.core.main.ScriptEngine.run(ScriptEngine.java:194)
	at com.kms.katalon.core.main.ScriptEngine.runScriptAsRawText(ScriptEngine.java:119)
	at com.kms.katalon.core.main.TestCaseExecutor.runScript(TestCaseExecutor.java:336)
	at com.kms.katalon.core.main.TestCaseExecutor.doExecute(TestCaseExecutor.java:327)
	at com.kms.katalon.core.main.TestCaseExecutor.processExecutionPhase(TestCaseExecutor.java:306)
	at com.kms.katalon.core.main.TestCaseExecutor.accessMainPhase(TestCaseExecutor.java:298)
	at com.kms.katalon.core.main.TestCaseExecutor.execute(TestCaseExecutor.java:232)
	at com.kms.katalon.core.main.TestSuiteExecutor.accessTestCaseMainPhase(TestSuiteExecutor.java:129)
	at com.kms.katalon.core.main.TestSuiteExecutor.accessTestSuiteMainPhase(TestSuiteExecutor.java:112)
	at com.kms.katalon.core.main.TestSuiteExecutor.execute(TestSuiteExecutor.java:81)
	at com.kms.katalon.core.main.TestCaseMain.startTestSuite(TestCaseMain.java:157)
	at com.kms.katalon.core.main.TestCaseMain$startTestSuite$0.call(Unknown Source)
	at TempTestSuite1562830999925.run(TempTestSuite1562830999925.groovy:35)


2019-07-11 14:25:25 - [TEST_STEP][FAILED] - runWithCucumberRunner(innovation_Form.Runner_In_Navigation): Keyword runWithCucumberRunner was failed (Root cause: com.kms.katalon.core.exception.StepFailedException: These following reason:
 [Unable to click on object 'Object Repository/Innovation/In_Navigation/span_(V01)']
	at com.kms.katalon.core.keyword.internal.KeywordMain.stepFailed(KeywordMain.groovy:48)
	at com.kms.katalon.core.keyword.internal.KeywordMain.stepFailed(KeywordMain.groovy)
	at com.kms.katalon.core.keyword.internal.KeywordMain.stepFailed(KeywordMain.groovy:21)
	at com.kms.katalon.core.keyword.internal.KeywordMain$stepFailed$0.call(Unknown Source)
	at com.kms.katalon.core.cucumber.keyword.CucumberBuiltinKeywords$_runWithCucumberRunner_closure3.doCall(CucumberBuiltinKeywords.groovy:272)
	at com.kms.katalon.core.cucumber.keyword.CucumberBuiltinKeywords$_runWithCucumberRunner_closure3.doCall(CucumberBuiltinKeywords.groovy)
	at com.kms.katalon.core.keyword.internal.KeywordMain.runKeyword(KeywordMain.groovy:66)
	at com.kms.katalon.core.keyword.internal.KeywordMain$runKeyword.call(Unknown Source)
	at com.kms.katalon.core.cucumber.keyword.CucumberBuiltinKeywords.runWithCucumberRunner(CucumberBuiltinKeywords.groovy:257)
	at com.kms.katalon.core.cucumber.keyword.CucumberBuiltinKeywords$runWithCucumberRunner$0.callStatic(Unknown Source)
	at com.kms.katalon.core.cucumber.keyword.CucumberBuiltinKeywords.runWithCucumberRunner(CucumberBuiltinKeywords.groovy:357)
	at com.kms.katalon.core.cucumber.keyword.CucumberBuiltinKeywords$runWithCucumberRunner.call(Unknown Source)
	at TC_In_Navigation.run(TC_In_Navigation:19)
	at com.kms.katalon.core.main.ScriptEngine.run(ScriptEngine.java:194)
	at com.kms.katalon.core.main.ScriptEngine.runScriptAsRawText(ScriptEngine.java:119)
	at com.kms.katalon.core.main.TestCaseExecutor.runScript(TestCaseExecutor.java:336)
	at com.kms.katalon.core.main.TestCaseExecutor.doExecute(TestCaseExecutor.java:327)
	at com.kms.katalon.core.main.TestCaseExecutor.processExecutionPhase(TestCaseExecutor.java:306)
	at com.kms.katalon.core.main.TestCaseExecutor.accessMainPhase(TestCaseExecutor.java:298)
	at com.kms.katalon.core.main.TestCaseExecutor.execute(TestCaseExecutor.java:232)
	at com.kms.katalon.core.main.TestCaseMain.runTestCase(TestCaseMain.java:114)
	at com.kms.katalon.core.keyword.builtin.CallTestCaseKeyword$_callTestCase_closure1.doCall(CallTestCaseKeyword.groovy:59)
	at com.kms.katalon.core.keyword.builtin.CallTestCaseKeyword$_callTestCase_closure1.call(CallTestCaseKeyword.groovy)
	at com.kms.katalon.core.keyword.internal.KeywordMain.runKeyword(KeywordMain.groovy:66)
	at com.kms.katalon.core.keyword.builtin.CallTestCaseKeyword.callTestCase(CallTestCaseKeyword.groovy:81)
	at com.kms.katalon.core.keyword.builtin.CallTestCaseKeyword.execute(CallTestCaseKeyword.groovy:44)
	at com.kms.katalon.core.keyword.internal.KeywordExecutor.executeKeywordForPlatform(KeywordExecutor.groovy:56)
	at com.kms.katalon.core.keyword.BuiltinKeywords.callTestCase(BuiltinKeywords.groovy:334)
	at innovation_Form.In_AutoSaveAsDraft.user_is_on_the_Formv_of_Innovation_Form(In_AutoSaveAsDraft.groovy:58)
	at cucumber.runtime.Utils$1.call(Utils.java:26)
	at cucumber.runtime.Timeout.timeout(Timeout.java:16)
	at cucumber.runtime.Utils.invoke(Utils.java:20)
	at cucumber.runtime.java.JavaStepDefinition.execute(JavaStepDefinition.java:48)
	at cucumber.runtime.PickleStepDefinitionMatch.runStep(PickleStepDefinitionMatch.java:50)
	at cucumber.runner.TestStep.executeStep(TestStep.java:55)
	at cucumber.runner.TestStep.run(TestStep.java:42)
	at cucumber.runner.PickleStepTestStep.run(PickleStepTestStep.java:53)
	at cucumber.runner.TestCase.run(TestCase.java:47)
	at cucumber.runner.Runner.runPickle(Runner.java:44)
	at cucumber.runtime.junit.PickleRunners$NoStepDescriptions.run(PickleRunners.java:140)
	at cucumber.runtime.junit.FeatureRunner.runChild(FeatureRunner.java:68)
	at cucumber.runtime.junit.FeatureRunner.runChild(FeatureRunner.java:23)
	at org.junit.runners.ParentRunner$3.run(ParentRunner.java:290)
	at org.junit.runners.ParentRunner$1.schedule(ParentRunner.java:71)
	at org.junit.runners.ParentRunner.runChildren(ParentRunner.java:288)
	at org.junit.runners.ParentRunner.access$000(ParentRunner.java:58)
	at org.junit.runners.ParentRunner$2.evaluate(ParentRunner.java:268)
	at org.junit.runners.ParentRunner.run(ParentRunner.java:363)
	at cucumber.runtime.junit.FeatureRunner.run(FeatureRunner.java:73)
	at cucumber.api.junit.Cucumber.runChild(Cucumber.java:98)
	at cucumber.api.junit.Cucumber.runChild(Cucumber.java:55)
	at org.junit.runners.ParentRunner$3.run(ParentRunner.java:290)
	at org.junit.runners.ParentRunner$1.schedule(ParentRunner.java:71)
	at org.junit.runners.ParentRunner.runChildren(ParentRunner.java:288)
	at org.junit.runners.ParentRunner.access$000(ParentRunner.java:58)
	at org.junit.runners.ParentRunner$2.evaluate(ParentRunner.java:268)
	at cucumber.api.junit.Cucumber$1.evaluate(Cucumber.java:107)
	at org.junit.runners.ParentRunner.run(ParentRunner.java:363)
	at org.junit.runners.Suite.runChild(Suite.java:128)
	at org.junit.runners.Suite.runChild(Suite.java:27)
	at org.junit.runners.ParentRunner$3.run(ParentRunner.java:290)
	at org.junit.runners.ParentRunner$1.schedule(ParentRunner.java:71)
	at org.junit.runners.ParentRunner.runChildren(ParentRunner.java:288)
	at org.junit.runners.ParentRunner.access$000(ParentRunner.java:58)
	at org.junit.runners.ParentRunner$2.evaluate(ParentRunner.java:268)
	at org.junit.runners.ParentRunner.run(ParentRunner.java:363)
	at org.junit.runner.JUnitCore.run(JUnitCore.java:137)
	at org.junit.runner.JUnitCore.run(JUnitCore.java:115)
	at org.junit.runner.JUnitCore.run(JUnitCore.java:105)
	at com.kms.katalon.core.cucumber.keyword.CucumberBuiltinKeywords$_runWithCucumberRunner_closure3.doCall(CucumberBuiltinKeywords.groovy:260)
	at com.kms.katalon.core.cucumber.keyword.CucumberBuiltinKeywords$_runWithCucumberRunner_closure3.doCall(CucumberBuiltinKeywords.groovy)
	at com.kms.katalon.core.keyword.internal.KeywordMain.runKeyword(KeywordMain.groovy:66)
	at com.kms.katalon.core.keyword.internal.KeywordMain$runKeyword.call(Unknown Source)
	at com.kms.katalon.core.cucumber.keyword.CucumberBuiltinKeywords.runWithCucumberRunner(CucumberBuiltinKeywords.groovy:257)
	at com.kms.katalon.core.cucumber.keyword.CucumberBuiltinKeywords$runWithCucumberRunner$0.callStatic(Unknown Source)
	at com.kms.katalon.core.cucumber.keyword.CucumberBuiltinKeywords.runWithCucumberRunner(CucumberBuiltinKeywords.groovy:357)
	at com.kms.katalon.core.cucumber.keyword.CucumberBuiltinKeywords$runWithCucumberRunner.call(Unknown Source)
	at TC_In_AutoSaveAsDraft.run(TC_In_AutoSaveAsDraft:18)
	at com.kms.katalon.core.main.ScriptEngine.run(ScriptEngine.java:194)
	at com.kms.katalon.core.main.ScriptEngine.runScriptAsRawText(ScriptEngine.java:119)
	at com.kms.katalon.core.main.TestCaseExecutor.runScript(TestCaseExecutor.java:336)
	at com.kms.katalon.core.main.TestCaseExecutor.doExecute(TestCaseExecutor.java:327)
	at com.kms.katalon.core.main.TestCaseExecutor.processExecutionPhase(TestCaseExecutor.java:306)
	at com.kms.katalon.core.main.TestCaseExecutor.accessMainPhase(TestCaseExecutor.java:298)
	at com.kms.katalon.core.main.TestCaseExecutor.execute(TestCaseExecutor.java:232)
	at com.kms.katalon.core.main.TestSuiteExecutor.accessTestCaseMainPhase(TestSuiteExecutor.java:129)
	at com.kms.katalon.core.main.TestSuiteExecutor.accessTestSuiteMainPhase(TestSuiteExecutor.java:112)
	at com.kms.katalon.core.main.TestSuiteExecutor.execute(TestSuiteExecutor.java:81)
	at com.kms.katalon.core.main.TestCaseMain.startTestSuite(TestCaseMain.java:157)
	at com.kms.katalon.core.main.TestCaseMain$startTestSuite$0.call(Unknown Source)
	at TempTestSuite1562830999925.run(TempTestSuite1562830999925.groovy:35)
)

2019-07-11 14:25:26 - [TEST_CASE][PASSED] - Test Cases/Login/TC_Login: Test Cases/Login/TC_Login

2019-07-11 14:25:26 - [TEST_STEP][PASSED] - runWithCucumberRunner(common.Runner_Login): Run with 'common.Runner_Login' was passed

2019-07-11 14:25:31 - [MESSAGE][PASSED] - Navigate to 'https://leedonline-stg.usgbc.org' successfully

2019-07-11 14:25:33 - [MESSAGE][PASSED] - Delayed 2 second(s)

2019-07-11 14:25:33 - [MESSAGE][PASSED] - Text 'automationbdd1@gmail.com' is set on object 'Object Repository/Login/input_username'

2019-07-11 14:25:33 - [MESSAGE][PASSED] - Text 'initpass' is set on object 'Object Repository/Login/input_password'

2019-07-11 14:25:36 - [MESSAGE][PASSED] - Delayed 3 second(s)

2019-07-11 14:25:36 - [MESSAGE][PASSED] - Scroll to object 'Object Repository/Login/span_End User License Agreement' successfully

2019-07-11 14:25:36 - [MESSAGE][PASSED] - Object 'Object Repository/Login/span_End User License Agreement' is visible

2019-07-11 14:25:36 - [MESSAGE][PASSED] - Object 'Object Repository/Login/span_End User License Agreement' is checked

2019-07-11 14:25:37 - [MESSAGE][PASSED] - Delayed 1 second(s)

2019-07-11 14:25:38 - [MESSAGE][PASSED] - Object: 'Object Repository/Login/button_Log In' is clicked on

2019-07-11 14:25:45 - [MESSAGE][PASSED] - Object: '' is clicked on

2019-07-11 14:25:50 - [MESSAGE][PASSED] - Object: 'Object Repository/Login/a_Credits' is clicked on

2019-07-11 14:25:50 - [MESSAGE][PASSED] - Run with 'common.Runner_Login' was passed

2019-07-11 14:25:50 - [MESSAGE][PASSED] - Call Test Case 'Test Cases/Login/TC_Login' successfully

2019-07-11 14:25:50 - [MESSAGE][PASSED] - Scroll to object 'Object Repository/Innovation/In_Navigation/div_Innovation' successfully

2019-07-11 14:25:50 - [MESSAGE][PASSED] - Object 'Object Repository/Innovation/In_Navigation/div_Innovation' is present

2019-07-11 14:25:50 - [MESSAGE][PASSED] - Text of object 'Object Repository/Innovation/In_Navigation/h3_Status' is: 'ATTEMPTED'

2019-07-11 14:25:50 - [MESSAGE][PASSED] - Text of object 'Object Repository/Innovation/In_Navigation/divval' is: 'ATTEMPTED'

2019-07-11 14:25:50 - [MESSAGE][PASSED] - Text of object 'Object Repository/Innovation/In_Navigation/h3_Status' is: 'ATTEMPTED'

2019-07-11 14:25:55 - [MESSAGE][PASSED] - Object: 'Object Repository/Innovation/In_Navigation/div_Innovation' is clicked on

2019-07-11 14:25:58 - [MESSAGE][PASSED] - Delayed 3 second(s)

2019-07-11 14:25:59 - [MESSAGE][FAILED] - Unable to click on object 'Object Repository/Innovation/In_Navigation/span_(V01)' (Root cause: com.kms.katalon.core.exception.StepFailedException: Unable to click on object 'Object Repository/Innovation/In_Navigation/span_(V01)'
	at com.kms.katalon.core.webui.keyword.internal.WebUIKeywordMain.stepFailed(WebUIKeywordMain.groovy:64)
	at com.kms.katalon.core.webui.keyword.internal.WebUIKeywordMain.runKeyword(WebUIKeywordMain.groovy:26)
	at com.kms.katalon.core.webui.keyword.builtin.ClickKeyword.click(ClickKeyword.groovy:86)
	at com.kms.katalon.core.webui.keyword.builtin.ClickKeyword.execute(ClickKeyword.groovy:67)
	at com.kms.katalon.core.keyword.internal.KeywordExecutor.executeKeywordForPlatform(KeywordExecutor.groovy:56)
	at com.kms.katalon.core.webui.keyword.WebUiBuiltInKeywords.click(WebUiBuiltInKeywords.groovy:616)
	at com.kms.katalon.core.webui.keyword.WebUiBuiltInKeywords$click$5.call(Unknown Source)
	at innovation_Form.Innovation_Form.user_has_to_click_on_FormV_button_of_Innovation(Innovation_Form.groovy:95)
	at cucumber.runtime.Utils$1.call(Utils.java:26)
	at cucumber.runtime.Timeout.timeout(Timeout.java:16)
	at cucumber.runtime.Utils.invoke(Utils.java:20)
	at cucumber.runtime.java.JavaStepDefinition.execute(JavaStepDefinition.java:48)
	at cucumber.runtime.PickleStepDefinitionMatch.runStep(PickleStepDefinitionMatch.java:50)
	at cucumber.runner.TestStep.executeStep(TestStep.java:55)
	at cucumber.runner.TestStep.run(TestStep.java:42)
	at cucumber.runner.PickleStepTestStep.run(PickleStepTestStep.java:53)
	at cucumber.runner.TestCase.run(TestCase.java:47)
	at cucumber.runner.Runner.runPickle(Runner.java:44)
	at cucumber.runtime.junit.PickleRunners$NoStepDescriptions.run(PickleRunners.java:140)
	at cucumber.runtime.junit.FeatureRunner.runChild(FeatureRunner.java:68)
	at cucumber.runtime.junit.FeatureRunner.runChild(FeatureRunner.java:23)
	at org.junit.runners.ParentRunner$3.run(ParentRunner.java:290)
	at org.junit.runners.ParentRunner$1.schedule(ParentRunner.java:71)
	at org.junit.runners.ParentRunner.runChildren(ParentRunner.java:288)
	at org.junit.runners.ParentRunner.access$000(ParentRunner.java:58)
	at org.junit.runners.ParentRunner$2.evaluate(ParentRunner.java:268)
	at org.junit.runners.ParentRunner.run(ParentRunner.java:363)
	at cucumber.runtime.junit.FeatureRunner.run(FeatureRunner.java:73)
	at cucumber.api.junit.Cucumber.runChild(Cucumber.java:98)
	at cucumber.api.junit.Cucumber.runChild(Cucumber.java:55)
	at org.junit.runners.ParentRunner$3.run(ParentRunner.java:290)
	at org.junit.runners.ParentRunner$1.schedule(ParentRunner.java:71)
	at org.junit.runners.ParentRunner.runChildren(ParentRunner.java:288)
	at org.junit.runners.ParentRunner.access$000(ParentRunner.java:58)
	at org.junit.runners.ParentRunner$2.evaluate(ParentRunner.java:268)
	at cucumber.api.junit.Cucumber$1.evaluate(Cucumber.java:107)
	at org.junit.runners.ParentRunner.run(ParentRunner.java:363)
	at org.junit.runners.Suite.runChild(Suite.java:128)
	at org.junit.runners.Suite.runChild(Suite.java:27)
	at org.junit.runners.ParentRunner$3.run(ParentRunner.java:290)
	at org.junit.runners.ParentRunner$1.schedule(ParentRunner.java:71)
	at org.junit.runners.ParentRunner.runChildren(ParentRunner.java:288)
	at org.junit.runners.ParentRunner.access$000(ParentRunner.java:58)
	at org.junit.runners.ParentRunner$2.evaluate(ParentRunner.java:268)
	at org.junit.runners.ParentRunner.run(ParentRunner.java:363)
	at org.junit.runner.JUnitCore.run(JUnitCore.java:137)
	at org.junit.runner.JUnitCore.run(JUnitCore.java:115)
	at org.junit.runner.JUnitCore.run(JUnitCore.java:105)
	at com.kms.katalon.core.cucumber.keyword.CucumberBuiltinKeywords$_runWithCucumberRunner_closure3.doCall(CucumberBuiltinKeywords.groovy:260)
	at com.kms.katalon.core.cucumber.keyword.CucumberBuiltinKeywords$_runWithCucumberRunner_closure3.doCall(CucumberBuiltinKeywords.groovy)
	at com.kms.katalon.core.keyword.internal.KeywordMain.runKeyword(KeywordMain.groovy:66)
	at com.kms.katalon.core.keyword.internal.KeywordMain$runKeyword.call(Unknown Source)
	at com.kms.katalon.core.cucumber.keyword.CucumberBuiltinKeywords.runWithCucumberRunner(CucumberBuiltinKeywords.groovy:257)
	at com.kms.katalon.core.cucumber.keyword.CucumberBuiltinKeywords$runWithCucumberRunner$0.callStatic(Unknown Source)
	at com.kms.katalon.core.cucumber.keyword.CucumberBuiltinKeywords.runWithCucumberRunner(CucumberBuiltinKeywords.groovy:357)
	at com.kms.katalon.core.cucumber.keyword.CucumberBuiltinKeywords$runWithCucumberRunner.call(Unknown Source)
	at TC_In_Navigation.run(TC_In_Navigation:19)
	at com.kms.katalon.core.main.ScriptEngine.run(ScriptEngine.java:194)
	at com.kms.katalon.core.main.ScriptEngine.runScriptAsRawText(ScriptEngine.java:119)
	at com.kms.katalon.core.main.TestCaseExecutor.runScript(TestCaseExecutor.java:336)
	at com.kms.katalon.core.main.TestCaseExecutor.doExecute(TestCaseExecutor.java:327)
	at com.kms.katalon.core.main.TestCaseExecutor.processExecutionPhase(TestCaseExecutor.java:306)
	at com.kms.katalon.core.main.TestCaseExecutor.accessMainPhase(TestCaseExecutor.java:298)
	at com.kms.katalon.core.main.TestCaseExecutor.execute(TestCaseExecutor.java:232)
	at com.kms.katalon.core.main.TestCaseMain.runTestCase(TestCaseMain.java:114)
	at com.kms.katalon.core.keyword.builtin.CallTestCaseKeyword$_callTestCase_closure1.doCall(CallTestCaseKeyword.groovy:59)
	at com.kms.katalon.core.keyword.builtin.CallTestCaseKeyword$_callTestCase_closure1.call(CallTestCaseKeyword.groovy)
	at com.kms.katalon.core.keyword.internal.KeywordMain.runKeyword(KeywordMain.groovy:66)
	at com.kms.katalon.core.keyword.builtin.CallTestCaseKeyword.callTestCase(CallTestCaseKeyword.groovy:81)
	at com.kms.katalon.core.keyword.builtin.CallTestCaseKeyword.execute(CallTestCaseKeyword.groovy:44)
	at com.kms.katalon.core.keyword.internal.KeywordExecutor.executeKeywordForPlatform(KeywordExecutor.groovy:56)
	at com.kms.katalon.core.keyword.BuiltinKeywords.callTestCase(BuiltinKeywords.groovy:334)
	at innovation_Form.In_AutoSaveAsDraft.user_is_on_the_Formv_of_Innovation_Form(In_AutoSaveAsDraft.groovy:58)
	at cucumber.runtime.Utils$1.call(Utils.java:26)
	at cucumber.runtime.Timeout.timeout(Timeout.java:16)
	at cucumber.runtime.Utils.invoke(Utils.java:20)
	at cucumber.runtime.java.JavaStepDefinition.execute(JavaStepDefinition.java:48)
	at cucumber.runtime.PickleStepDefinitionMatch.runStep(PickleStepDefinitionMatch.java:50)
	at cucumber.runner.TestStep.executeStep(TestStep.java:55)
	at cucumber.runner.TestStep.run(TestStep.java:42)
	at cucumber.runner.PickleStepTestStep.run(PickleStepTestStep.java:53)
	at cucumber.runner.TestCase.run(TestCase.java:47)
	at cucumber.runner.Runner.runPickle(Runner.java:44)
	at cucumber.runtime.junit.PickleRunners$NoStepDescriptions.run(PickleRunners.java:140)
	at cucumber.runtime.junit.FeatureRunner.runChild(FeatureRunner.java:68)
	at cucumber.runtime.junit.FeatureRunner.runChild(FeatureRunner.java:23)
	at org.junit.runners.ParentRunner$3.run(ParentRunner.java:290)
	at org.junit.runners.ParentRunner$1.schedule(ParentRunner.java:71)
	at org.junit.runners.ParentRunner.runChildren(ParentRunner.java:288)
	at org.junit.runners.ParentRunner.access$000(ParentRunner.java:58)
	at org.junit.runners.ParentRunner$2.evaluate(ParentRunner.java:268)
	at org.junit.runners.ParentRunner.run(ParentRunner.java:363)
	at cucumber.runtime.junit.FeatureRunner.run(FeatureRunner.java:73)
	at cucumber.api.junit.Cucumber.runChild(Cucumber.java:98)
	at cucumber.api.junit.Cucumber.runChild(Cucumber.java:55)
	at org.junit.runners.ParentRunner$3.run(ParentRunner.java:290)
	at org.junit.runners.ParentRunner$1.schedule(ParentRunner.java:71)
	at org.junit.runners.ParentRunner.runChildren(ParentRunner.java:288)
	at org.junit.runners.ParentRunner.access$000(ParentRunner.java:58)
	at org.junit.runners.ParentRunner$2.evaluate(ParentRunner.java:268)
	at cucumber.api.junit.Cucumber$1.evaluate(Cucumber.java:107)
	at org.junit.runners.ParentRunner.run(ParentRunner.java:363)
	at org.junit.runners.Suite.runChild(Suite.java:128)
	at org.junit.runners.Suite.runChild(Suite.java:27)
	at org.junit.runners.ParentRunner$3.run(ParentRunner.java:290)
	at org.junit.runners.ParentRunner$1.schedule(ParentRunner.java:71)
	at org.junit.runners.ParentRunner.runChildren(ParentRunner.java:288)
	at org.junit.runners.ParentRunner.access$000(ParentRunner.java:58)
	at org.junit.runners.ParentRunner$2.evaluate(ParentRunner.java:268)
	at org.junit.runners.ParentRunner.run(ParentRunner.java:363)
	at org.junit.runner.JUnitCore.run(JUnitCore.java:137)
	at org.junit.runner.JUnitCore.run(JUnitCore.java:115)
	at org.junit.runner.JUnitCore.run(JUnitCore.java:105)
	at com.kms.katalon.core.cucumber.keyword.CucumberBuiltinKeywords$_runWithCucumberRunner_closure3.doCall(CucumberBuiltinKeywords.groovy:260)
	at com.kms.katalon.core.cucumber.keyword.CucumberBuiltinKeywords$_runWithCucumberRunner_closure3.doCall(CucumberBuiltinKeywords.groovy)
	at com.kms.katalon.core.keyword.internal.KeywordMain.runKeyword(KeywordMain.groovy:66)
	at com.kms.katalon.core.keyword.internal.KeywordMain$runKeyword.call(Unknown Source)
	at com.kms.katalon.core.cucumber.keyword.CucumberBuiltinKeywords.runWithCucumberRunner(CucumberBuiltinKeywords.groovy:257)
	at com.kms.katalon.core.cucumber.keyword.CucumberBuiltinKeywords$runWithCucumberRunner$0.callStatic(Unknown Source)
	at com.kms.katalon.core.cucumber.keyword.CucumberBuiltinKeywords.runWithCucumberRunner(CucumberBuiltinKeywords.groovy:357)
	at com.kms.katalon.core.cucumber.keyword.CucumberBuiltinKeywords$runWithCucumberRunner.call(Unknown Source)
	at TC_In_AutoSaveAsDraft.run(TC_In_AutoSaveAsDraft:18)
	at com.kms.katalon.core.main.ScriptEngine.run(ScriptEngine.java:194)
	at com.kms.katalon.core.main.ScriptEngine.runScriptAsRawText(ScriptEngine.java:119)
	at com.kms.katalon.core.main.TestCaseExecutor.runScript(TestCaseExecutor.java:336)
	at com.kms.katalon.core.main.TestCaseExecutor.doExecute(TestCaseExecutor.java:327)
	at com.kms.katalon.core.main.TestCaseExecutor.processExecutionPhase(TestCaseExecutor.java:306)
	at com.kms.katalon.core.main.TestCaseExecutor.accessMainPhase(TestCaseExecutor.java:298)
	at com.kms.katalon.core.main.TestCaseExecutor.execute(TestCaseExecutor.java:232)
	at com.kms.katalon.core.main.TestSuiteExecutor.accessTestCaseMainPhase(TestSuiteExecutor.java:129)
	at com.kms.katalon.core.main.TestSuiteExecutor.accessTestSuiteMainPhase(TestSuiteExecutor.java:112)
	at com.kms.katalon.core.main.TestSuiteExecutor.execute(TestSuiteExecutor.java:81)
	at com.kms.katalon.core.main.TestCaseMain.startTestSuite(TestCaseMain.java:157)
	at com.kms.katalon.core.main.TestCaseMain$startTestSuite$0.call(Unknown Source)
	at TempTestSuite1562830999925.run(TempTestSuite1562830999925.groovy:35)
Caused by: org.openqa.selenium.ElementNotVisibleException: element not interactable
  (Session info: chrome=75.0.3770.100)
  (Driver info: chromedriver=74.0.3729.6 (255758eccf3d244491b8a1317aa76e1ce10d57e9-refs/branch-heads/3729@{#29}),platform=Windows NT 10.0.17134 x86_64) (WARNING: The server did not provide any stacktrace information)
Command duration or timeout: 0 milliseconds
Build info: version: '3.7.1', revision: '8a0099a', time: '2017-11-06T21:07:36.161Z'
System info: host: 'G10PROLT025', ip: '192.168.232.1', os.name: 'Windows 10', os.arch: 'amd64', os.version: '10.0', java.version: '1.8.0_181'
Driver info: com.kms.katalon.selenium.driver.CChromeDriver
Capabilities {acceptInsecureCerts: false, acceptSslCerts: false, applicationCacheEnabled: false, browserConnectionEnabled: false, browserName: chrome, chrome: {chromedriverVersion: 74.0.3729.6 (255758eccf3d24..., userDataDir: C:\Users\PROMAN~1\AppData\L...}, cssSelectorsEnabled: true, databaseEnabled: false, goog:chromeOptions: {debuggerAddress: localhost:63081}, handlesAlerts: true, hasTouchScreen: false, javascriptEnabled: true, locationContextEnabled: true, mobileEmulationEnabled: false, nativeEvents: true, networkConnectionEnabled: false, pageLoadStrategy: normal, platform: XP, platformName: XP, proxy: Proxy(direct), rotatable: false, setWindowRect: true, strictFileInteractability: false, takesHeapSnapshot: true, takesScreenshot: true, timeouts: {implicit: 0, pageLoad: 300000, script: 30000}, unexpectedAlertBehaviour: ignore, unhandledPromptBehavior: ignore, version: 75.0.3770.100, webStorageEnabled: true}
Session ID: 80e8d8d375f430c0db1af3cffd4514d4
	at org.openqa.selenium.remote.ErrorHandler.createThrowable(ErrorHandler.java:214)
	at org.openqa.selenium.remote.ErrorHandler.throwIfResponseFailed(ErrorHandler.java:166)
	at org.openqa.selenium.remote.http.JsonHttpResponseCodec.reconstructValue(JsonHttpResponseCodec.java:40)
	at org.openqa.selenium.remote.http.AbstractHttpResponseCodec.decode(AbstractHttpResponseCodec.java:80)
	at org.openqa.selenium.remote.http.AbstractHttpResponseCodec.decode(AbstractHttpResponseCodec.java:44)
	at org.openqa.selenium.remote.HttpCommandExecutor.execute(HttpCommandExecutor.java:164)
	at org.openqa.selenium.remote.service.DriverCommandExecutor.execute(DriverCommandExecutor.java:83)
	at org.openqa.selenium.remote.RemoteWebDriver.execute(RemoteWebDriver.java:600)
	at com.kms.katalon.selenium.driver.CChromeDriver.execute(CChromeDriver.java:20)
	at org.openqa.selenium.remote.RemoteWebElement.execute(RemoteWebElement.java:279)
	at org.openqa.selenium.remote.RemoteWebElement.click(RemoteWebElement.java:83)
	at com.kms.katalon.core.webui.keyword.builtin.ClickKeyword$_click_closure1.doCall(ClickKeyword.groovy:79)
	at com.kms.katalon.core.webui.keyword.builtin.ClickKeyword$_click_closure1.call(ClickKeyword.groovy)
	at com.kms.katalon.core.webui.keyword.internal.WebUIKeywordMain.runKeyword(WebUIKeywordMain.groovy:20)
	at com.kms.katalon.core.webui.keyword.builtin.ClickKeyword.click(ClickKeyword.groovy:86)
	at com.kms.katalon.core.webui.keyword.builtin.ClickKeyword.execute(ClickKeyword.groovy:67)
	at com.kms.katalon.core.keyword.internal.KeywordExecutor.executeKeywordForPlatform(KeywordExecutor.groovy:56)
	at com.kms.katalon.core.webui.keyword.WebUiBuiltInKeywords.click(WebUiBuiltInKeywords.groovy:616)
	at com.kms.katalon.core.webui.keyword.WebUiBuiltInKeywords$click$5.call(Unknown Source)
	at innovation_Form.Innovation_Form.user_has_to_click_on_FormV_button_of_Innovation(Innovation_Form.groovy:95)
	at cucumber.runtime.Utils$1.call(Utils.java:26)
	at cucumber.runtime.Timeout.timeout(Timeout.java:16)
	at cucumber.runtime.Utils.invoke(Utils.java:20)
	at cucumber.runtime.java.JavaStepDefinition.execute(JavaStepDefinition.java:48)
	at cucumber.runtime.PickleStepDefinitionMatch.runStep(PickleStepDefinitionMatch.java:50)
	at cucumber.runner.TestStep.executeStep(TestStep.java:55)
	at cucumber.runner.TestStep.run(TestStep.java:42)
	at cucumber.runner.PickleStepTestStep.run(PickleStepTestStep.java:53)
	at cucumber.runner.TestCase.run(TestCase.java:47)
	at cucumber.runner.Runner.runPickle(Runner.java:44)
	at cucumber.runtime.junit.PickleRunners$NoStepDescriptions.run(PickleRunners.java:140)
	at cucumber.runtime.junit.FeatureRunner.runChild(FeatureRunner.java:68)
	at cucumber.runtime.junit.FeatureRunner.runChild(FeatureRunner.java:23)
	at org.junit.runners.ParentRunner$3.run(ParentRunner.java:290)
	at org.junit.runners.ParentRunner$1.schedule(ParentRunner.java:71)
	at org.junit.runners.ParentRunner.runChildren(ParentRunner.java:288)
	at org.junit.runners.ParentRunner.access$000(ParentRunner.java:58)
	at org.junit.runners.ParentRunner$2.evaluate(ParentRunner.java:268)
	at org.junit.runners.ParentRunner.run(ParentRunner.java:363)
	at cucumber.runtime.junit.FeatureRunner.run(FeatureRunner.java:73)
	at cucumber.api.junit.Cucumber.runChild(Cucumber.java:98)
	at cucumber.api.junit.Cucumber.runChild(Cucumber.java:55)
	at org.junit.runners.ParentRunner$3.run(ParentRunner.java:290)
	at org.junit.runners.ParentRunner$1.schedule(ParentRunner.java:71)
	at org.junit.runners.ParentRunner.runChildren(ParentRunner.java:288)
	at org.junit.runners.ParentRunner.access$000(ParentRunner.java:58)
	at org.junit.runners.ParentRunner$2.evaluate(ParentRunner.java:268)
	at cucumber.api.junit.Cucumber$1.evaluate(Cucumber.java:107)
	at org.junit.runners.ParentRunner.run(ParentRunner.java:363)
	at org.junit.runners.Suite.runChild(Suite.java:128)
	at org.junit.runners.Suite.runChild(Suite.java:27)
	at org.junit.runners.ParentRunner$3.run(ParentRunner.java:290)
	at org.junit.runners.ParentRunner$1.schedule(ParentRunner.java:71)
	at org.junit.runners.ParentRunner.runChildren(ParentRunner.java:288)
	at org.junit.runners.ParentRunner.access$000(ParentRunner.java:58)
	at org.junit.runners.ParentRunner$2.evaluate(ParentRunner.java:268)
	at org.junit.runners.ParentRunner.run(ParentRunner.java:363)
	at org.junit.runner.JUnitCore.run(JUnitCore.java:137)
	at org.junit.runner.JUnitCore.run(JUnitCore.java:115)
	at org.junit.runner.JUnitCore.run(JUnitCore.java:105)
	at com.kms.katalon.core.cucumber.keyword.CucumberBuiltinKeywords$_runWithCucumberRunner_closure3.doCall(CucumberBuiltinKeywords.groovy:260)
	at com.kms.katalon.core.cucumber.keyword.CucumberBuiltinKeywords$_runWithCucumberRunner_closure3.doCall(CucumberBuiltinKeywords.groovy)
	at com.kms.katalon.core.keyword.internal.KeywordMain.runKeyword(KeywordMain.groovy:66)
	at com.kms.katalon.core.keyword.internal.KeywordMain$runKeyword.call(Unknown Source)
	at com.kms.katalon.core.cucumber.keyword.CucumberBuiltinKeywords.runWithCucumberRunner(CucumberBuiltinKeywords.groovy:257)
	at com.kms.katalon.core.cucumber.keyword.CucumberBuiltinKeywords$runWithCucumberRunner$0.callStatic(Unknown Source)
	at com.kms.katalon.core.cucumber.keyword.CucumberBuiltinKeywords.runWithCucumberRunner(CucumberBuiltinKeywords.groovy:357)
	at com.kms.katalon.core.cucumber.keyword.CucumberBuiltinKeywords$runWithCucumberRunner.call(Unknown Source)
	at Script1561715360496.run(Script1561715360496.groovy:19)
	at com.kms.katalon.core.main.ScriptEngine.run(ScriptEngine.java:194)
	at com.kms.katalon.core.main.ScriptEngine.runScriptAsRawText(ScriptEngine.java:119)
	at com.kms.katalon.core.main.TestCaseExecutor.runScript(TestCaseExecutor.java:336)
	at com.kms.katalon.core.main.TestCaseExecutor.doExecute(TestCaseExecutor.java:327)
	at com.kms.katalon.core.main.TestCaseExecutor.processExecutionPhase(TestCaseExecutor.java:306)
	at com.kms.katalon.core.main.TestCaseExecutor.accessMainPhase(TestCaseExecutor.java:298)
	at com.kms.katalon.core.main.TestCaseExecutor.execute(TestCaseExecutor.java:232)
	at com.kms.katalon.core.main.TestCaseMain.runTestCase(TestCaseMain.java:114)
	at com.kms.katalon.core.keyword.builtin.CallTestCaseKeyword$_callTestCase_closure1.doCall(CallTestCaseKeyword.groovy:59)
	at com.kms.katalon.core.keyword.builtin.CallTestCaseKeyword$_callTestCase_closure1.call(CallTestCaseKeyword.groovy)
	at com.kms.katalon.core.keyword.internal.KeywordMain.runKeyword(KeywordMain.groovy:66)
	at com.kms.katalon.core.keyword.builtin.CallTestCaseKeyword.callTestCase(CallTestCaseKeyword.groovy:81)
	at com.kms.katalon.core.keyword.builtin.CallTestCaseKeyword.execute(CallTestCaseKeyword.groovy:44)
	at com.kms.katalon.core.keyword.internal.KeywordExecutor.executeKeywordForPlatform(KeywordExecutor.groovy:56)
	at com.kms.katalon.core.keyword.BuiltinKeywords.callTestCase(BuiltinKeywords.groovy:334)
	at innovation_Form.In_AutoSaveAsDraft.user_is_on_the_Formv_of_Innovation_Form(In_AutoSaveAsDraft.groovy:58)
	at cucumber.runtime.Utils$1.call(Utils.java:26)
	at cucumber.runtime.Timeout.timeout(Timeout.java:16)
	at cucumber.runtime.Utils.invoke(Utils.java:20)
	at cucumber.runtime.java.JavaStepDefinition.execute(JavaStepDefinition.java:48)
	at cucumber.runtime.PickleStepDefinitionMatch.runStep(PickleStepDefinitionMatch.java:50)
	at cucumber.runner.TestStep.executeStep(TestStep.java:55)
	at cucumber.runner.TestStep.run(TestStep.java:42)
	at cucumber.runner.PickleStepTestStep.run(PickleStepTestStep.java:53)
	at cucumber.runner.TestCase.run(TestCase.java:47)
	at cucumber.runner.Runner.runPickle(Runner.java:44)
	at cucumber.runtime.junit.PickleRunners$NoStepDescriptions.run(PickleRunners.java:140)
	at cucumber.runtime.junit.FeatureRunner.runChild(FeatureRunner.java:68)
	at cucumber.runtime.junit.FeatureRunner.runChild(FeatureRunner.java:23)
	at org.junit.runners.ParentRunner$3.run(ParentRunner.java:290)
	at org.junit.runners.ParentRunner$1.schedule(ParentRunner.java:71)
	at org.junit.runners.ParentRunner.runChildren(ParentRunner.java:288)
	at org.junit.runners.ParentRunner.access$000(ParentRunner.java:58)
	at org.junit.runners.ParentRunner$2.evaluate(ParentRunner.java:268)
	at org.junit.runners.ParentRunner.run(ParentRunner.java:363)
	at cucumber.runtime.junit.FeatureRunner.run(FeatureRunner.java:73)
	at cucumber.api.junit.Cucumber.runChild(Cucumber.java:98)
	at cucumber.api.junit.Cucumber.runChild(Cucumber.java:55)
	at org.junit.runners.ParentRunner$3.run(ParentRunner.java:290)
	at org.junit.runners.ParentRunner$1.schedule(ParentRunner.java:71)
	at org.junit.runners.ParentRunner.runChildren(ParentRunner.java:288)
	at org.junit.runners.ParentRunner.access$000(ParentRunner.java:58)
	at org.junit.runners.ParentRunner$2.evaluate(ParentRunner.java:268)
	at cucumber.api.junit.Cucumber$1.evaluate(Cucumber.java:107)
	at org.junit.runners.ParentRunner.run(ParentRunner.java:363)
	at org.junit.runners.Suite.runChild(Suite.java:128)
	at org.junit.runners.Suite.runChild(Suite.java:27)
	at org.junit.runners.ParentRunner$3.run(ParentRunner.java:290)
	at org.junit.runners.ParentRunner$1.schedule(ParentRunner.java:71)
	at org.junit.runners.ParentRunner.runChildren(ParentRunner.java:288)
	at org.junit.runners.ParentRunner.access$000(ParentRunner.java:58)
	at org.junit.runners.ParentRunner$2.evaluate(ParentRunner.java:268)
	at org.junit.runners.ParentRunner.run(ParentRunner.java:363)
	at org.junit.runner.JUnitCore.run(JUnitCore.java:137)
	at org.junit.runner.JUnitCore.run(JUnitCore.java:115)
	at org.junit.runner.JUnitCore.run(JUnitCore.java:105)
	at com.kms.katalon.core.cucumber.keyword.CucumberBuiltinKeywords$_runWithCucumberRunner_closure3.doCall(CucumberBuiltinKeywords.groovy:260)
	at com.kms.katalon.core.cucumber.keyword.CucumberBuiltinKeywords$_runWithCucumberRunner_closure3.doCall(CucumberBuiltinKeywords.groovy)
	at com.kms.katalon.core.keyword.internal.KeywordMain.runKeyword(KeywordMain.groovy:66)
	at com.kms.katalon.core.keyword.internal.KeywordMain$runKeyword.call(Unknown Source)
	at com.kms.katalon.core.cucumber.keyword.CucumberBuiltinKeywords.runWithCucumberRunner(CucumberBuiltinKeywords.groovy:257)
	at com.kms.katalon.core.cucumber.keyword.CucumberBuiltinKeywords$runWithCucumberRunner$0.callStatic(Unknown Source)
	at com.kms.katalon.core.cucumber.keyword.CucumberBuiltinKeywords.runWithCucumberRunner(CucumberBuiltinKeywords.groovy:357)
	at com.kms.katalon.core.cucumber.keyword.CucumberBuiltinKeywords$runWithCucumberRunner.call(Unknown Source)
	at Script1561980408254.run(Script1561980408254.groovy:18)
	... 13 more
)
[[ATTACHMENT|H:\\Git_personal\\Personal_Leed\\Usgbc_LeedOnline_ScoreCard\\Reports\\In_SmokeTest\\20190711_131315\\1562835358987.png]]

2019-07-11 14:25:59 - [MESSAGE][FAILED] - These following reason:
 [Unable to click on object 'Object Repository/Innovation/In_Navigation/span_(V01)']

2019-07-11 14:25:59 - [MESSAGE][FAILED] - Keyword runWithCucumberRunner was failed (Root cause: com.kms.katalon.core.exception.StepFailedException: These following reason:
 [Unable to click on object 'Object Repository/Innovation/In_Navigation/span_(V01)']
	at com.kms.katalon.core.keyword.internal.KeywordMain.stepFailed(KeywordMain.groovy:48)
	at com.kms.katalon.core.keyword.internal.KeywordMain.stepFailed(KeywordMain.groovy)
	at com.kms.katalon.core.keyword.internal.KeywordMain.stepFailed(KeywordMain.groovy:21)
	at com.kms.katalon.core.keyword.internal.KeywordMain$stepFailed$0.call(Unknown Source)
	at com.kms.katalon.core.cucumber.keyword.CucumberBuiltinKeywords$_runWithCucumberRunner_closure3.doCall(CucumberBuiltinKeywords.groovy:272)
	at com.kms.katalon.core.cucumber.keyword.CucumberBuiltinKeywords$_runWithCucumberRunner_closure3.doCall(CucumberBuiltinKeywords.groovy)
	at com.kms.katalon.core.keyword.internal.KeywordMain.runKeyword(KeywordMain.groovy:66)
	at com.kms.katalon.core.keyword.internal.KeywordMain$runKeyword.call(Unknown Source)
	at com.kms.katalon.core.cucumber.keyword.CucumberBuiltinKeywords.runWithCucumberRunner(CucumberBuiltinKeywords.groovy:257)
	at com.kms.katalon.core.cucumber.keyword.CucumberBuiltinKeywords$runWithCucumberRunner$0.callStatic(Unknown Source)
	at com.kms.katalon.core.cucumber.keyword.CucumberBuiltinKeywords.runWithCucumberRunner(CucumberBuiltinKeywords.groovy:357)
	at com.kms.katalon.core.cucumber.keyword.CucumberBuiltinKeywords$runWithCucumberRunner.call(Unknown Source)
	at TC_In_Navigation.run(TC_In_Navigation:19)
	at com.kms.katalon.core.main.ScriptEngine.run(ScriptEngine.java:194)
	at com.kms.katalon.core.main.ScriptEngine.runScriptAsRawText(ScriptEngine.java:119)
	at com.kms.katalon.core.main.TestCaseExecutor.runScript(TestCaseExecutor.java:336)
	at com.kms.katalon.core.main.TestCaseExecutor.doExecute(TestCaseExecutor.java:327)
	at com.kms.katalon.core.main.TestCaseExecutor.processExecutionPhase(TestCaseExecutor.java:306)
	at com.kms.katalon.core.main.TestCaseExecutor.accessMainPhase(TestCaseExecutor.java:298)
	at com.kms.katalon.core.main.TestCaseExecutor.execute(TestCaseExecutor.java:232)
	at com.kms.katalon.core.main.TestCaseMain.runTestCase(TestCaseMain.java:114)
	at com.kms.katalon.core.keyword.builtin.CallTestCaseKeyword$_callTestCase_closure1.doCall(CallTestCaseKeyword.groovy:59)
	at com.kms.katalon.core.keyword.builtin.CallTestCaseKeyword$_callTestCase_closure1.call(CallTestCaseKeyword.groovy)
	at com.kms.katalon.core.keyword.internal.KeywordMain.runKeyword(KeywordMain.groovy:66)
	at com.kms.katalon.core.keyword.builtin.CallTestCaseKeyword.callTestCase(CallTestCaseKeyword.groovy:81)
	at com.kms.katalon.core.keyword.builtin.CallTestCaseKeyword.execute(CallTestCaseKeyword.groovy:44)
	at com.kms.katalon.core.keyword.internal.KeywordExecutor.executeKeywordForPlatform(KeywordExecutor.groovy:56)
	at com.kms.katalon.core.keyword.BuiltinKeywords.callTestCase(BuiltinKeywords.groovy:334)
	at innovation_Form.In_AutoSaveAsDraft.user_is_on_the_Formv_of_Innovation_Form(In_AutoSaveAsDraft.groovy:58)
	at cucumber.runtime.Utils$1.call(Utils.java:26)
	at cucumber.runtime.Timeout.timeout(Timeout.java:16)
	at cucumber.runtime.Utils.invoke(Utils.java:20)
	at cucumber.runtime.java.JavaStepDefinition.execute(JavaStepDefinition.java:48)
	at cucumber.runtime.PickleStepDefinitionMatch.runStep(PickleStepDefinitionMatch.java:50)
	at cucumber.runner.TestStep.executeStep(TestStep.java:55)
	at cucumber.runner.TestStep.run(TestStep.java:42)
	at cucumber.runner.PickleStepTestStep.run(PickleStepTestStep.java:53)
	at cucumber.runner.TestCase.run(TestCase.java:47)
	at cucumber.runner.Runner.runPickle(Runner.java:44)
	at cucumber.runtime.junit.PickleRunners$NoStepDescriptions.run(PickleRunners.java:140)
	at cucumber.runtime.junit.FeatureRunner.runChild(FeatureRunner.java:68)
	at cucumber.runtime.junit.FeatureRunner.runChild(FeatureRunner.java:23)
	at org.junit.runners.ParentRunner$3.run(ParentRunner.java:290)
	at org.junit.runners.ParentRunner$1.schedule(ParentRunner.java:71)
	at org.junit.runners.ParentRunner.runChildren(ParentRunner.java:288)
	at org.junit.runners.ParentRunner.access$000(ParentRunner.java:58)
	at org.junit.runners.ParentRunner$2.evaluate(ParentRunner.java:268)
	at org.junit.runners.ParentRunner.run(ParentRunner.java:363)
	at cucumber.runtime.junit.FeatureRunner.run(FeatureRunner.java:73)
	at cucumber.api.junit.Cucumber.runChild(Cucumber.java:98)
	at cucumber.api.junit.Cucumber.runChild(Cucumber.java:55)
	at org.junit.runners.ParentRunner$3.run(ParentRunner.java:290)
	at org.junit.runners.ParentRunner$1.schedule(ParentRunner.java:71)
	at org.junit.runners.ParentRunner.runChildren(ParentRunner.java:288)
	at org.junit.runners.ParentRunner.access$000(ParentRunner.java:58)
	at org.junit.runners.ParentRunner$2.evaluate(ParentRunner.java:268)
	at cucumber.api.junit.Cucumber$1.evaluate(Cucumber.java:107)
	at org.junit.runners.ParentRunner.run(ParentRunner.java:363)
	at org.junit.runners.Suite.runChild(Suite.java:128)
	at org.junit.runners.Suite.runChild(Suite.java:27)
	at org.junit.runners.ParentRunner$3.run(ParentRunner.java:290)
	at org.junit.runners.ParentRunner$1.schedule(ParentRunner.java:71)
	at org.junit.runners.ParentRunner.runChildren(ParentRunner.java:288)
	at org.junit.runners.ParentRunner.access$000(ParentRunner.java:58)
	at org.junit.runners.ParentRunner$2.evaluate(ParentRunner.java:268)
	at org.junit.runners.ParentRunner.run(ParentRunner.java:363)
	at org.junit.runner.JUnitCore.run(JUnitCore.java:137)
	at org.junit.runner.JUnitCore.run(JUnitCore.java:115)
	at org.junit.runner.JUnitCore.run(JUnitCore.java:105)
	at com.kms.katalon.core.cucumber.keyword.CucumberBuiltinKeywords$_runWithCucumberRunner_closure3.doCall(CucumberBuiltinKeywords.groovy:260)
	at com.kms.katalon.core.cucumber.keyword.CucumberBuiltinKeywords$_runWithCucumberRunner_closure3.doCall(CucumberBuiltinKeywords.groovy)
	at com.kms.katalon.core.keyword.internal.KeywordMain.runKeyword(KeywordMain.groovy:66)
	at com.kms.katalon.core.keyword.internal.KeywordMain$runKeyword.call(Unknown Source)
	at com.kms.katalon.core.cucumber.keyword.CucumberBuiltinKeywords.runWithCucumberRunner(CucumberBuiltinKeywords.groovy:257)
	at com.kms.katalon.core.cucumber.keyword.CucumberBuiltinKeywords$runWithCucumberRunner$0.callStatic(Unknown Source)
	at com.kms.katalon.core.cucumber.keyword.CucumberBuiltinKeywords.runWithCucumberRunner(CucumberBuiltinKeywords.groovy:357)
	at com.kms.katalon.core.cucumber.keyword.CucumberBuiltinKeywords$runWithCucumberRunner.call(Unknown Source)
	at TC_In_AutoSaveAsDraft.run(TC_In_AutoSaveAsDraft:18)
	at com.kms.katalon.core.main.ScriptEngine.run(ScriptEngine.java:194)
	at com.kms.katalon.core.main.ScriptEngine.runScriptAsRawText(ScriptEngine.java:119)
	at com.kms.katalon.core.main.TestCaseExecutor.runScript(TestCaseExecutor.java:336)
	at com.kms.katalon.core.main.TestCaseExecutor.doExecute(TestCaseExecutor.java:327)
	at com.kms.katalon.core.main.TestCaseExecutor.processExecutionPhase(TestCaseExecutor.java:306)
	at com.kms.katalon.core.main.TestCaseExecutor.accessMainPhase(TestCaseExecutor.java:298)
	at com.kms.katalon.core.main.TestCaseExecutor.execute(TestCaseExecutor.java:232)
	at com.kms.katalon.core.main.TestSuiteExecutor.accessTestCaseMainPhase(TestSuiteExecutor.java:129)
	at com.kms.katalon.core.main.TestSuiteExecutor.accessTestSuiteMainPhase(TestSuiteExecutor.java:112)
	at com.kms.katalon.core.main.TestSuiteExecutor.execute(TestSuiteExecutor.java:81)
	at com.kms.katalon.core.main.TestCaseMain.startTestSuite(TestCaseMain.java:157)
	at com.kms.katalon.core.main.TestCaseMain$startTestSuite$0.call(Unknown Source)
	at TempTestSuite1562830999925.run(TempTestSuite1562830999925.groovy:35)
)

2019-07-11 14:25:59 - [MESSAGE][FAILED] - Unable to call Test Case 'Test Cases/Innovation/TC_In_Navigation' (Root cause: com.kms.katalon.core.exception.StepFailedException: Call Test Case 'Test Cases/Innovation/TC_In_Navigation' failed
	at com.kms.katalon.core.keyword.builtin.CallTestCaseKeyword$_callTestCase_closure1.doCall(CallTestCaseKeyword.groovy:63)
	at com.kms.katalon.core.keyword.builtin.CallTestCaseKeyword$_callTestCase_closure1.call(CallTestCaseKeyword.groovy)
	at com.kms.katalon.core.keyword.internal.KeywordMain.runKeyword(KeywordMain.groovy:66)
	at com.kms.katalon.core.keyword.builtin.CallTestCaseKeyword.callTestCase(CallTestCaseKeyword.groovy:81)
	at com.kms.katalon.core.keyword.builtin.CallTestCaseKeyword.execute(CallTestCaseKeyword.groovy:44)
	at com.kms.katalon.core.keyword.internal.KeywordExecutor.executeKeywordForPlatform(KeywordExecutor.groovy:56)
	at com.kms.katalon.core.keyword.BuiltinKeywords.callTestCase(BuiltinKeywords.groovy:334)
	at innovation_Form.In_AutoSaveAsDraft.user_is_on_the_Formv_of_Innovation_Form(In_AutoSaveAsDraft.groovy:58)
	at cucumber.runtime.Utils$1.call(Utils.java:26)
	at cucumber.runtime.Timeout.timeout(Timeout.java:16)
	at cucumber.runtime.Utils.invoke(Utils.java:20)
	at cucumber.runtime.java.JavaStepDefinition.execute(JavaStepDefinition.java:48)
	at cucumber.runtime.PickleStepDefinitionMatch.runStep(PickleStepDefinitionMatch.java:50)
	at cucumber.runner.TestStep.executeStep(TestStep.java:55)
	at cucumber.runner.TestStep.run(TestStep.java:42)
	at cucumber.runner.PickleStepTestStep.run(PickleStepTestStep.java:53)
	at cucumber.runner.TestCase.run(TestCase.java:47)
	at cucumber.runner.Runner.runPickle(Runner.java:44)
	at cucumber.runtime.junit.PickleRunners$NoStepDescriptions.run(PickleRunners.java:140)
	at cucumber.runtime.junit.FeatureRunner.runChild(FeatureRunner.java:68)
	at cucumber.runtime.junit.FeatureRunner.runChild(FeatureRunner.java:23)
	at org.junit.runners.ParentRunner$3.run(ParentRunner.java:290)
	at org.junit.runners.ParentRunner$1.schedule(ParentRunner.java:71)
	at org.junit.runners.ParentRunner.runChildren(ParentRunner.java:288)
	at org.junit.runners.ParentRunner.access$000(ParentRunner.java:58)
	at org.junit.runners.ParentRunner$2.evaluate(ParentRunner.java:268)
	at org.junit.runners.ParentRunner.run(ParentRunner.java:363)
	at cucumber.runtime.junit.FeatureRunner.run(FeatureRunner.java:73)
	at cucumber.api.junit.Cucumber.runChild(Cucumber.java:98)
	at cucumber.api.junit.Cucumber.runChild(Cucumber.java:55)
	at org.junit.runners.ParentRunner$3.run(ParentRunner.java:290)
	at org.junit.runners.ParentRunner$1.schedule(ParentRunner.java:71)
	at org.junit.runners.ParentRunner.runChildren(ParentRunner.java:288)
	at org.junit.runners.ParentRunner.access$000(ParentRunner.java:58)
	at org.junit.runners.ParentRunner$2.evaluate(ParentRunner.java:268)
	at cucumber.api.junit.Cucumber$1.evaluate(Cucumber.java:107)
	at org.junit.runners.ParentRunner.run(ParentRunner.java:363)
	at org.junit.runners.Suite.runChild(Suite.java:128)
	at org.junit.runners.Suite.runChild(Suite.java:27)
	at org.junit.runners.ParentRunner$3.run(ParentRunner.java:290)
	at org.junit.runners.ParentRunner$1.schedule(ParentRunner.java:71)
	at org.junit.runners.ParentRunner.runChildren(ParentRunner.java:288)
	at org.junit.runners.ParentRunner.access$000(ParentRunner.java:58)
	at org.junit.runners.ParentRunner$2.evaluate(ParentRunner.java:268)
	at org.junit.runners.ParentRunner.run(ParentRunner.java:363)
	at org.junit.runner.JUnitCore.run(JUnitCore.java:137)
	at org.junit.runner.JUnitCore.run(JUnitCore.java:115)
	at org.junit.runner.JUnitCore.run(JUnitCore.java:105)
	at com.kms.katalon.core.cucumber.keyword.CucumberBuiltinKeywords$_runWithCucumberRunner_closure3.doCall(CucumberBuiltinKeywords.groovy:260)
	at com.kms.katalon.core.cucumber.keyword.CucumberBuiltinKeywords$_runWithCucumberRunner_closure3.doCall(CucumberBuiltinKeywords.groovy)
	at com.kms.katalon.core.keyword.internal.KeywordMain.runKeyword(KeywordMain.groovy:66)
	at com.kms.katalon.core.keyword.internal.KeywordMain$runKeyword.call(Unknown Source)
	at com.kms.katalon.core.cucumber.keyword.CucumberBuiltinKeywords.runWithCucumberRunner(CucumberBuiltinKeywords.groovy:257)
	at com.kms.katalon.core.cucumber.keyword.CucumberBuiltinKeywords$runWithCucumberRunner$0.callStatic(Unknown Source)
	at com.kms.katalon.core.cucumber.keyword.CucumberBuiltinKeywords.runWithCucumberRunner(CucumberBuiltinKeywords.groovy:357)
	at com.kms.katalon.core.cucumber.keyword.CucumberBuiltinKeywords$runWithCucumberRunner.call(Unknown Source)
	at TC_In_AutoSaveAsDraft.run(TC_In_AutoSaveAsDraft:18)
	at com.kms.katalon.core.main.ScriptEngine.run(ScriptEngine.java:194)
	at com.kms.katalon.core.main.ScriptEngine.runScriptAsRawText(ScriptEngine.java:119)
	at com.kms.katalon.core.main.TestCaseExecutor.runScript(TestCaseExecutor.java:336)
	at com.kms.katalon.core.main.TestCaseExecutor.doExecute(TestCaseExecutor.java:327)
	at com.kms.katalon.core.main.TestCaseExecutor.processExecutionPhase(TestCaseExecutor.java:306)
	at com.kms.katalon.core.main.TestCaseExecutor.accessMainPhase(TestCaseExecutor.java:298)
	at com.kms.katalon.core.main.TestCaseExecutor.execute(TestCaseExecutor.java:232)
	at com.kms.katalon.core.main.TestSuiteExecutor.accessTestCaseMainPhase(TestSuiteExecutor.java:129)
	at com.kms.katalon.core.main.TestSuiteExecutor.accessTestSuiteMainPhase(TestSuiteExecutor.java:112)
	at com.kms.katalon.core.main.TestSuiteExecutor.execute(TestSuiteExecutor.java:81)
	at com.kms.katalon.core.main.TestCaseMain.startTestSuite(TestCaseMain.java:157)
	at com.kms.katalon.core.main.TestCaseMain$startTestSuite$0.call(Unknown Source)
	at TempTestSuite1562830999925.run(TempTestSuite1562830999925.groovy:35)
Caused by: com.kms.katalon.core.exception.StepFailedException: These following reason:
 [Unable to click on object 'Object Repository/Innovation/In_Navigation/span_(V01)']
	at com.kms.katalon.core.keyword.internal.KeywordMain.stepFailed(KeywordMain.groovy:48)
	at com.kms.katalon.core.keyword.internal.KeywordMain.stepFailed(KeywordMain.groovy)
	at com.kms.katalon.core.keyword.internal.KeywordMain.stepFailed(KeywordMain.groovy:21)
	at com.kms.katalon.core.keyword.internal.KeywordMain$stepFailed$0.call(Unknown Source)
	at com.kms.katalon.core.cucumber.keyword.CucumberBuiltinKeywords$_runWithCucumberRunner_closure3.doCall(CucumberBuiltinKeywords.groovy:272)
	at com.kms.katalon.core.cucumber.keyword.CucumberBuiltinKeywords$_runWithCucumberRunner_closure3.doCall(CucumberBuiltinKeywords.groovy)
	at com.kms.katalon.core.keyword.internal.KeywordMain.runKeyword(KeywordMain.groovy:66)
	at com.kms.katalon.core.keyword.internal.KeywordMain$runKeyword.call(Unknown Source)
	at com.kms.katalon.core.cucumber.keyword.CucumberBuiltinKeywords.runWithCucumberRunner(CucumberBuiltinKeywords.groovy:257)
	at com.kms.katalon.core.cucumber.keyword.CucumberBuiltinKeywords$runWithCucumberRunner$0.callStatic(Unknown Source)
	at com.kms.katalon.core.cucumber.keyword.CucumberBuiltinKeywords.runWithCucumberRunner(CucumberBuiltinKeywords.groovy:357)
	at com.kms.katalon.core.cucumber.keyword.CucumberBuiltinKeywords$runWithCucumberRunner.call(Unknown Source)
	at TC_In_Navigation.run(TC_In_Navigation:19)
	at com.kms.katalon.core.main.ScriptEngine.run(ScriptEngine.java:194)
	at com.kms.katalon.core.main.ScriptEngine.runScriptAsRawText(ScriptEngine.java:119)
	at com.kms.katalon.core.main.TestCaseExecutor.runScript(TestCaseExecutor.java:336)
	at com.kms.katalon.core.main.TestCaseExecutor.doExecute(TestCaseExecutor.java:327)
	at com.kms.katalon.core.main.TestCaseExecutor.processExecutionPhase(TestCaseExecutor.java:306)
	at com.kms.katalon.core.main.TestCaseExecutor.accessMainPhase(TestCaseExecutor.java:298)
	at com.kms.katalon.core.main.TestCaseExecutor.execute(TestCaseExecutor.java:232)
	at com.kms.katalon.core.main.TestCaseMain.runTestCase(TestCaseMain.java:114)
	at com.kms.katalon.core.keyword.builtin.CallTestCaseKeyword$_callTestCase_closure1.doCall(CallTestCaseKeyword.groovy:59)
	... 69 more
)

2019-07-11 14:26:34 - [MESSAGE][INFO] - Unable to find the element located by 'By.xpath: //div[@id='creditHtmlForm']/iframe'. Please recheck the objects properties to make sure the desired element is located. 

2019-07-11 14:26:34 - [MESSAGE][FAILED] - Unable to scroll to object 'Object Repository/Innovation/AddFile_LEED_Accredited/p_LEED_Accredited' (Root cause: com.kms.katalon.core.exception.StepFailedException: Unable to scroll to object 'Object Repository/Innovation/AddFile_LEED_Accredited/p_LEED_Accredited'
	at com.kms.katalon.core.webui.keyword.internal.WebUIKeywordMain.stepFailed(WebUIKeywordMain.groovy:64)
	at com.kms.katalon.core.webui.keyword.internal.WebUIKeywordMain.runKeyword(WebUIKeywordMain.groovy:26)
	at com.kms.katalon.core.webui.keyword.builtin.ScrollToElementKeyword.scrollToElement(ScrollToElementKeyword.groovy:88)
	at com.kms.katalon.core.webui.keyword.builtin.ScrollToElementKeyword.execute(ScrollToElementKeyword.groovy:68)
	at com.kms.katalon.core.keyword.internal.KeywordExecutor.executeKeywordForPlatform(KeywordExecutor.groovy:56)
	at com.kms.katalon.core.webui.keyword.WebUiBuiltInKeywords.scrollToElement(WebUiBuiltInKeywords.groovy:2975)
	at com.kms.katalon.core.webui.keyword.WebUiBuiltInKeywords$scrollToElement$2.call(Unknown Source)
	at innovation_Form.In_AutoSaveAsDraft.user_should_be_able_to_see_Upload_file_on_Innovation_Form(In_AutoSaveAsDraft.groovy:76)
	at cucumber.runtime.Utils$1.call(Utils.java:26)
	at cucumber.runtime.Timeout.timeout(Timeout.java:16)
	at cucumber.runtime.Utils.invoke(Utils.java:20)
	at cucumber.runtime.java.JavaStepDefinition.execute(JavaStepDefinition.java:48)
	at cucumber.runtime.PickleStepDefinitionMatch.runStep(PickleStepDefinitionMatch.java:50)
	at cucumber.runner.TestStep.executeStep(TestStep.java:55)
	at cucumber.runner.TestStep.run(TestStep.java:42)
	at cucumber.runner.PickleStepTestStep.run(PickleStepTestStep.java:53)
	at cucumber.runner.TestCase.run(TestCase.java:47)
	at cucumber.runner.Runner.runPickle(Runner.java:44)
	at cucumber.runtime.junit.PickleRunners$NoStepDescriptions.run(PickleRunners.java:140)
	at cucumber.runtime.junit.FeatureRunner.runChild(FeatureRunner.java:68)
	at cucumber.runtime.junit.FeatureRunner.runChild(FeatureRunner.java:23)
	at org.junit.runners.ParentRunner$3.run(ParentRunner.java:290)
	at org.junit.runners.ParentRunner$1.schedule(ParentRunner.java:71)
	at org.junit.runners.ParentRunner.runChildren(ParentRunner.java:288)
	at org.junit.runners.ParentRunner.access$000(ParentRunner.java:58)
	at org.junit.runners.ParentRunner$2.evaluate(ParentRunner.java:268)
	at org.junit.runners.ParentRunner.run(ParentRunner.java:363)
	at cucumber.runtime.junit.FeatureRunner.run(FeatureRunner.java:73)
	at cucumber.api.junit.Cucumber.runChild(Cucumber.java:98)
	at cucumber.api.junit.Cucumber.runChild(Cucumber.java:55)
	at org.junit.runners.ParentRunner$3.run(ParentRunner.java:290)
	at org.junit.runners.ParentRunner$1.schedule(ParentRunner.java:71)
	at org.junit.runners.ParentRunner.runChildren(ParentRunner.java:288)
	at org.junit.runners.ParentRunner.access$000(ParentRunner.java:58)
	at org.junit.runners.ParentRunner$2.evaluate(ParentRunner.java:268)
	at cucumber.api.junit.Cucumber$1.evaluate(Cucumber.java:107)
	at org.junit.runners.ParentRunner.run(ParentRunner.java:363)
	at org.junit.runners.Suite.runChild(Suite.java:128)
	at org.junit.runners.Suite.runChild(Suite.java:27)
	at org.junit.runners.ParentRunner$3.run(ParentRunner.java:290)
	at org.junit.runners.ParentRunner$1.schedule(ParentRunner.java:71)
	at org.junit.runners.ParentRunner.runChildren(ParentRunner.java:288)
	at org.junit.runners.ParentRunner.access$000(ParentRunner.java:58)
	at org.junit.runners.ParentRunner$2.evaluate(ParentRunner.java:268)
	at org.junit.runners.ParentRunner.run(ParentRunner.java:363)
	at org.junit.runner.JUnitCore.run(JUnitCore.java:137)
	at org.junit.runner.JUnitCore.run(JUnitCore.java:115)
	at org.junit.runner.JUnitCore.run(JUnitCore.java:105)
	at com.kms.katalon.core.cucumber.keyword.CucumberBuiltinKeywords$_runWithCucumberRunner_closure3.doCall(CucumberBuiltinKeywords.groovy:260)
	at com.kms.katalon.core.cucumber.keyword.CucumberBuiltinKeywords$_runWithCucumberRunner_closure3.doCall(CucumberBuiltinKeywords.groovy)
	at com.kms.katalon.core.keyword.internal.KeywordMain.runKeyword(KeywordMain.groovy:66)
	at com.kms.katalon.core.keyword.internal.KeywordMain$runKeyword.call(Unknown Source)
	at com.kms.katalon.core.cucumber.keyword.CucumberBuiltinKeywords.runWithCucumberRunner(CucumberBuiltinKeywords.groovy:257)
	at com.kms.katalon.core.cucumber.keyword.CucumberBuiltinKeywords$runWithCucumberRunner$0.callStatic(Unknown Source)
	at com.kms.katalon.core.cucumber.keyword.CucumberBuiltinKeywords.runWithCucumberRunner(CucumberBuiltinKeywords.groovy:357)
	at com.kms.katalon.core.cucumber.keyword.CucumberBuiltinKeywords$runWithCucumberRunner.call(Unknown Source)
	at TC_In_AutoSaveAsDraft.run(TC_In_AutoSaveAsDraft:18)
	at com.kms.katalon.core.main.ScriptEngine.run(ScriptEngine.java:194)
	at com.kms.katalon.core.main.ScriptEngine.runScriptAsRawText(ScriptEngine.java:119)
	at com.kms.katalon.core.main.TestCaseExecutor.runScript(TestCaseExecutor.java:336)
	at com.kms.katalon.core.main.TestCaseExecutor.doExecute(TestCaseExecutor.java:327)
	at com.kms.katalon.core.main.TestCaseExecutor.processExecutionPhase(TestCaseExecutor.java:306)
	at com.kms.katalon.core.main.TestCaseExecutor.accessMainPhase(TestCaseExecutor.java:298)
	at com.kms.katalon.core.main.TestCaseExecutor.execute(TestCaseExecutor.java:232)
	at com.kms.katalon.core.main.TestSuiteExecutor.accessTestCaseMainPhase(TestSuiteExecutor.java:129)
	at com.kms.katalon.core.main.TestSuiteExecutor.accessTestSuiteMainPhase(TestSuiteExecutor.java:112)
	at com.kms.katalon.core.main.TestSuiteExecutor.execute(TestSuiteExecutor.java:81)
	at com.kms.katalon.core.main.TestCaseMain.startTestSuite(TestCaseMain.java:157)
	at com.kms.katalon.core.main.TestCaseMain$startTestSuite$0.call(Unknown Source)
	at TempTestSuite1562830999925.run(TempTestSuite1562830999925.groovy:35)
Caused by: com.kms.katalon.core.webui.exception.WebElementNotFoundException: Web element with id: 'Object Repository/Innovation/iframe' located by 'By.xpath: //div[@id='creditHtmlForm']/iframe' not found
	at com.kms.katalon.core.webui.common.WebUiCommonHelper.findWebElement(WebUiCommonHelper.java:1097)
	at com.kms.katalon.core.webui.common.WebUiCommonHelper.switchToParentFrame(WebUiCommonHelper.java:1163)
	at com.kms.katalon.core.webui.common.WebUiCommonHelper.switchToParentFrame(WebUiCommonHelper.java:1152)
	at com.kms.katalon.core.webui.common.WebUiCommonHelper.switchToParentFrame(WebUiCommonHelper.java:1174)
	at com.kms.katalon.core.webui.keyword.builtin.ScrollToElementKeyword$_scrollToElement_closure1.doCall(ScrollToElementKeyword.groovy:78)
	at com.kms.katalon.core.webui.keyword.builtin.ScrollToElementKeyword$_scrollToElement_closure1.call(ScrollToElementKeyword.groovy)
	at com.kms.katalon.core.webui.keyword.internal.WebUIKeywordMain.runKeyword(WebUIKeywordMain.groovy:20)
	at com.kms.katalon.core.webui.keyword.builtin.ScrollToElementKeyword.scrollToElement(ScrollToElementKeyword.groovy:88)
	at com.kms.katalon.core.webui.keyword.builtin.ScrollToElementKeyword.execute(ScrollToElementKeyword.groovy:68)
	at com.kms.katalon.core.keyword.internal.KeywordExecutor.executeKeywordForPlatform(KeywordExecutor.groovy:56)
	at com.kms.katalon.core.webui.keyword.WebUiBuiltInKeywords.scrollToElement(WebUiBuiltInKeywords.groovy:2975)
	at com.kms.katalon.core.webui.keyword.WebUiBuiltInKeywords$scrollToElement$2.call(Unknown Source)
	at innovation_Form.In_AutoSaveAsDraft.user_should_be_able_to_see_Upload_file_on_Innovation_Form(In_AutoSaveAsDraft.groovy:76)
	at cucumber.runtime.Utils$1.call(Utils.java:26)
	at cucumber.runtime.Timeout.timeout(Timeout.java:16)
	at cucumber.runtime.Utils.invoke(Utils.java:20)
	at cucumber.runtime.java.JavaStepDefinition.execute(JavaStepDefinition.java:48)
	at cucumber.runtime.PickleStepDefinitionMatch.runStep(PickleStepDefinitionMatch.java:50)
	at cucumber.runner.TestStep.executeStep(TestStep.java:55)
	at cucumber.runner.TestStep.run(TestStep.java:42)
	at cucumber.runner.PickleStepTestStep.run(PickleStepTestStep.java:53)
	at cucumber.runner.TestCase.run(TestCase.java:47)
	at cucumber.runner.Runner.runPickle(Runner.java:44)
	at cucumber.runtime.junit.PickleRunners$NoStepDescriptions.run(PickleRunners.java:140)
	at cucumber.runtime.junit.FeatureRunner.runChild(FeatureRunner.java:68)
	at cucumber.runtime.junit.FeatureRunner.runChild(FeatureRunner.java:23)
	at org.junit.runners.ParentRunner$3.run(ParentRunner.java:290)
	at org.junit.runners.ParentRunner$1.schedule(ParentRunner.java:71)
	at org.junit.runners.ParentRunner.runChildren(ParentRunner.java:288)
	at org.junit.runners.ParentRunner.access$000(ParentRunner.java:58)
	at org.junit.runners.ParentRunner$2.evaluate(ParentRunner.java:268)
	at org.junit.runners.ParentRunner.run(ParentRunner.java:363)
	at cucumber.runtime.junit.FeatureRunner.run(FeatureRunner.java:73)
	at cucumber.api.junit.Cucumber.runChild(Cucumber.java:98)
	at cucumber.api.junit.Cucumber.runChild(Cucumber.java:55)
	at org.junit.runners.ParentRunner$3.run(ParentRunner.java:290)
	at org.junit.runners.ParentRunner$1.schedule(ParentRunner.java:71)
	at org.junit.runners.ParentRunner.runChildren(ParentRunner.java:288)
	at org.junit.runners.ParentRunner.access$000(ParentRunner.java:58)
	at org.junit.runners.ParentRunner$2.evaluate(ParentRunner.java:268)
	at cucumber.api.junit.Cucumber$1.evaluate(Cucumber.java:107)
	at org.junit.runners.ParentRunner.run(ParentRunner.java:363)
	at org.junit.runners.Suite.runChild(Suite.java:128)
	at org.junit.runners.Suite.runChild(Suite.java:27)
	at org.junit.runners.ParentRunner$3.run(ParentRunner.java:290)
	at org.junit.runners.ParentRunner$1.schedule(ParentRunner.java:71)
	at org.junit.runners.ParentRunner.runChildren(ParentRunner.java:288)
	at org.junit.runners.ParentRunner.access$000(ParentRunner.java:58)
	at org.junit.runners.ParentRunner$2.evaluate(ParentRunner.java:268)
	at org.junit.runners.ParentRunner.run(ParentRunner.java:363)
	at org.junit.runner.JUnitCore.run(JUnitCore.java:137)
	at org.junit.runner.JUnitCore.run(JUnitCore.java:115)
	at org.junit.runner.JUnitCore.run(JUnitCore.java:105)
	at com.kms.katalon.core.cucumber.keyword.CucumberBuiltinKeywords$_runWithCucumberRunner_closure3.doCall(CucumberBuiltinKeywords.groovy:260)
	at com.kms.katalon.core.cucumber.keyword.CucumberBuiltinKeywords$_runWithCucumberRunner_closure3.doCall(CucumberBuiltinKeywords.groovy)
	at com.kms.katalon.core.keyword.internal.KeywordMain.runKeyword(KeywordMain.groovy:66)
	at com.kms.katalon.core.keyword.internal.KeywordMain$runKeyword.call(Unknown Source)
	at com.kms.katalon.core.cucumber.keyword.CucumberBuiltinKeywords.runWithCucumberRunner(CucumberBuiltinKeywords.groovy:257)
	at com.kms.katalon.core.cucumber.keyword.CucumberBuiltinKeywords$runWithCucumberRunner$0.callStatic(Unknown Source)
	at com.kms.katalon.core.cucumber.keyword.CucumberBuiltinKeywords.runWithCucumberRunner(CucumberBuiltinKeywords.groovy:357)
	at com.kms.katalon.core.cucumber.keyword.CucumberBuiltinKeywords$runWithCucumberRunner.call(Unknown Source)
	at Script1561980408254.run(Script1561980408254.groovy:18)
	... 13 more
)
[[ATTACHMENT|H:\\Git_personal\\Personal_Leed\\Usgbc_LeedOnline_ScoreCard\\Reports\\In_SmokeTest\\20190711_131315\\1562835394183.png]]

2019-07-11 14:26:35 - [MESSAGE][PASSED] - Scroll to object 'Object Repository/Innovation/Pilot_Credit_Opt2/div_nameOfPilot' successfully

2019-07-11 14:26:35 - [MESSAGE][PASSED] - Object 'Object Repository/Innovation/Pilot_Credit_Opt2/div_nameOfPilot' is present

2019-07-11 14:26:35 - [MESSAGE][PASSED] - Text 'Credit_AutoSave' is set on object 'Object Repository/Innovation/Pilot_Credit_Opt2/input_nameOfPilot'

2019-07-11 14:26:45 - [MESSAGE][PASSED] - Delayed 10 second(s)

2019-07-11 14:26:45 - [MESSAGE][PASSED] - Object 'Object Repository/Innovation/Autosave/span_Last draft saved on' is present

2019-07-11 14:26:45 - [MESSAGE][PASSED] - Text of object 'Object Repository/Innovation/Autosave/span_Last draft saved on' is: 'Last draft saved on: 11 Jul 2019 02:26:42 PM  Clear draft'

2019-07-11 14:26:45 - [MESSAGE][PASSED] - Scroll to object 'Object Repository/Innovation/Pilot_Credit_Opt2/div_numberOfPilot' successfully

2019-07-11 14:26:45 - [MESSAGE][PASSED] - Object 'Object Repository/Innovation/Pilot_Credit_Opt2/div_numberOfPilot' is present

2019-07-11 14:26:45 - [MESSAGE][PASSED] - Text '100' is set on object 'Object Repository/Innovation/Pilot_Credit_Opt2/input_numberOfPilot'

2019-07-11 14:26:55 - [MESSAGE][PASSED] - Delayed 10 second(s)

2019-07-11 14:26:55 - [MESSAGE][PASSED] - Object 'Object Repository/Innovation/Autosave/span_Last draft saved on' is present

2019-07-11 14:26:56 - [MESSAGE][PASSED] - Text of object 'Object Repository/Innovation/Autosave/span_Last draft saved on' is: 'Last draft saved on: 11 Jul 2019 02:26:52 PM  Clear draft'

2019-07-11 14:26:56 - [MESSAGE][PASSED] - Actual text 'Last draft saved on: 11 Jul 2019 02:26:52 PM  Clear draft' and expected text 'null' are not matched 

2019-07-11 14:26:56 - [MESSAGE][PASSED] - Scroll to object 'Object Repository/Innovation/Editor_LEED_Accredited/p_LEED_Accredited_Editorbox' successfully

2019-07-11 14:26:56 - [MESSAGE][PASSED] - Object 'Object Repository/Innovation/Editor_LEED_Accredited/p_LEED_Accredited_Editorbox' is present

2019-07-11 14:26:56 - [MESSAGE][PASSED] - Text 'Test Data for Narrative' is set on object 'Object Repository/Innovation/Editor_LEED_Accredited/body_LEED_Accredited'

2019-07-11 14:26:59 - [MESSAGE][PASSED] - Delayed 3 second(s)

2019-07-11 14:27:09 - [MESSAGE][PASSED] - Delayed 10 second(s)

2019-07-11 14:27:09 - [MESSAGE][PASSED] - Object 'Object Repository/Innovation/Autosave/span_Last draft saved on' is present

2019-07-11 14:27:09 - [MESSAGE][PASSED] - Text of object 'Object Repository/Innovation/Autosave/span_Last draft saved on' is: 'Last draft saved on: 11 Jul 2019 02:27:03 PM  Clear draft'

2019-07-11 14:27:09 - [MESSAGE][PASSED] - Actual text 'Last draft saved on: 11 Jul 2019 02:27:03 PM  Clear draft' and expected text 'null' are not matched 

2019-07-11 14:27:09 - [MESSAGE][PASSED] - Object 'Object Repository/Innovation/Autosave/span_Last draft saved on' is present

2019-07-11 14:27:10 - [MESSAGE][PASSED] - Scroll to object 'Object Repository/Innovation/btn_Save' successfully

2019-07-11 14:27:10 - [MESSAGE][PASSED] - Object 'Object Repository/Innovation/btn_Save' is present

2019-07-11 14:27:13 - [MESSAGE][PASSED] - Delayed 3 second(s)

2019-07-11 14:27:18 - [MESSAGE][PASSED] - Object: 'Object Repository/Innovation/btn_Save' is clicked on

2019-07-11 14:27:21 - [MESSAGE][FAILED] - Web element with id: 'Object Repository/Innovation/Autosave/span_Last draft saved on' located by 'By.xpath: //*[@id="credit-form"]/div[5]/div/span/span' is present after '2' second(s) (Root cause: com.kms.katalon.core.exception.StepFailedException: Web element with id: 'Object Repository/Innovation/Autosave/span_Last draft saved on' located by 'By.xpath: //*[@id="credit-form"]/div[5]/div/span/span' is present after '2' second(s)
	at com.kms.katalon.core.webui.keyword.internal.WebUIKeywordMain.stepFailed(WebUIKeywordMain.groovy:64)
	at com.kms.katalon.core.webui.keyword.builtin.VerifyElementNotPresentKeyword$_verifyElementNotPresent_closure1.doCall(VerifyElementNotPresentKeyword.groovy:107)
	at com.kms.katalon.core.webui.keyword.builtin.VerifyElementNotPresentKeyword$_verifyElementNotPresent_closure1.call(VerifyElementNotPresentKeyword.groovy)
	at com.kms.katalon.core.webui.keyword.internal.WebUIKeywordMain.runKeyword(WebUIKeywordMain.groovy:20)
	at com.kms.katalon.core.webui.keyword.builtin.VerifyElementNotPresentKeyword.verifyElementNotPresent(VerifyElementNotPresentKeyword.groovy:118)
	at com.kms.katalon.core.webui.keyword.builtin.VerifyElementNotPresentKeyword.execute(VerifyElementNotPresentKeyword.groovy:68)
	at com.kms.katalon.core.keyword.internal.KeywordExecutor.executeKeywordForPlatform(KeywordExecutor.groovy:56)
	at com.kms.katalon.core.webui.keyword.WebUiBuiltInKeywords.verifyElementNotPresent(WebUiBuiltInKeywords.groovy:1467)
	at com.kms.katalon.core.webui.keyword.WebUiBuiltInKeywords$verifyElementNotPresent$18.call(Unknown Source)
	at innovation_Form.In_AutoSaveAsDraft.user_verifies_the_form_draft_warning_message_is_not_retained_in_Innovation_form(In_AutoSaveAsDraft.groovy:174)
	at cucumber.runtime.Utils$1.call(Utils.java:26)
	at cucumber.runtime.Timeout.timeout(Timeout.java:16)
	at cucumber.runtime.Utils.invoke(Utils.java:20)
	at cucumber.runtime.java.JavaStepDefinition.execute(JavaStepDefinition.java:48)
	at cucumber.runtime.PickleStepDefinitionMatch.runStep(PickleStepDefinitionMatch.java:50)
	at cucumber.runner.TestStep.executeStep(TestStep.java:55)
	at cucumber.runner.TestStep.run(TestStep.java:42)
	at cucumber.runner.PickleStepTestStep.run(PickleStepTestStep.java:53)
	at cucumber.runner.TestCase.run(TestCase.java:47)
	at cucumber.runner.Runner.runPickle(Runner.java:44)
	at cucumber.runtime.junit.PickleRunners$NoStepDescriptions.run(PickleRunners.java:140)
	at cucumber.runtime.junit.FeatureRunner.runChild(FeatureRunner.java:68)
	at cucumber.runtime.junit.FeatureRunner.runChild(FeatureRunner.java:23)
	at org.junit.runners.ParentRunner$3.run(ParentRunner.java:290)
	at org.junit.runners.ParentRunner$1.schedule(ParentRunner.java:71)
	at org.junit.runners.ParentRunner.runChildren(ParentRunner.java:288)
	at org.junit.runners.ParentRunner.access$000(ParentRunner.java:58)
	at org.junit.runners.ParentRunner$2.evaluate(ParentRunner.java:268)
	at org.junit.runners.ParentRunner.run(ParentRunner.java:363)
	at cucumber.runtime.junit.FeatureRunner.run(FeatureRunner.java:73)
	at cucumber.api.junit.Cucumber.runChild(Cucumber.java:98)
	at cucumber.api.junit.Cucumber.runChild(Cucumber.java:55)
	at org.junit.runners.ParentRunner$3.run(ParentRunner.java:290)
	at org.junit.runners.ParentRunner$1.schedule(ParentRunner.java:71)
	at org.junit.runners.ParentRunner.runChildren(ParentRunner.java:288)
	at org.junit.runners.ParentRunner.access$000(ParentRunner.java:58)
	at org.junit.runners.ParentRunner$2.evaluate(ParentRunner.java:268)
	at cucumber.api.junit.Cucumber$1.evaluate(Cucumber.java:107)
	at org.junit.runners.ParentRunner.run(ParentRunner.java:363)
	at org.junit.runners.Suite.runChild(Suite.java:128)
	at org.junit.runners.Suite.runChild(Suite.java:27)
	at org.junit.runners.ParentRunner$3.run(ParentRunner.java:290)
	at org.junit.runners.ParentRunner$1.schedule(ParentRunner.java:71)
	at org.junit.runners.ParentRunner.runChildren(ParentRunner.java:288)
	at org.junit.runners.ParentRunner.access$000(ParentRunner.java:58)
	at org.junit.runners.ParentRunner$2.evaluate(ParentRunner.java:268)
	at org.junit.runners.ParentRunner.run(ParentRunner.java:363)
	at org.junit.runner.JUnitCore.run(JUnitCore.java:137)
	at org.junit.runner.JUnitCore.run(JUnitCore.java:115)
	at org.junit.runner.JUnitCore.run(JUnitCore.java:105)
	at com.kms.katalon.core.cucumber.keyword.CucumberBuiltinKeywords$_runWithCucumberRunner_closure3.doCall(CucumberBuiltinKeywords.groovy:260)
	at com.kms.katalon.core.cucumber.keyword.CucumberBuiltinKeywords$_runWithCucumberRunner_closure3.doCall(CucumberBuiltinKeywords.groovy)
	at com.kms.katalon.core.keyword.internal.KeywordMain.runKeyword(KeywordMain.groovy:66)
	at com.kms.katalon.core.keyword.internal.KeywordMain$runKeyword.call(Unknown Source)
	at com.kms.katalon.core.cucumber.keyword.CucumberBuiltinKeywords.runWithCucumberRunner(CucumberBuiltinKeywords.groovy:257)
	at com.kms.katalon.core.cucumber.keyword.CucumberBuiltinKeywords$runWithCucumberRunner$0.callStatic(Unknown Source)
	at com.kms.katalon.core.cucumber.keyword.CucumberBuiltinKeywords.runWithCucumberRunner(CucumberBuiltinKeywords.groovy:357)
	at com.kms.katalon.core.cucumber.keyword.CucumberBuiltinKeywords$runWithCucumberRunner.call(Unknown Source)
	at TC_In_AutoSaveAsDraft.run(TC_In_AutoSaveAsDraft:18)
	at com.kms.katalon.core.main.ScriptEngine.run(ScriptEngine.java:194)
	at com.kms.katalon.core.main.ScriptEngine.runScriptAsRawText(ScriptEngine.java:119)
	at com.kms.katalon.core.main.TestCaseExecutor.runScript(TestCaseExecutor.java:336)
	at com.kms.katalon.core.main.TestCaseExecutor.doExecute(TestCaseExecutor.java:327)
	at com.kms.katalon.core.main.TestCaseExecutor.processExecutionPhase(TestCaseExecutor.java:306)
	at com.kms.katalon.core.main.TestCaseExecutor.accessMainPhase(TestCaseExecutor.java:298)
	at com.kms.katalon.core.main.TestCaseExecutor.execute(TestCaseExecutor.java:232)
	at com.kms.katalon.core.main.TestSuiteExecutor.accessTestCaseMainPhase(TestSuiteExecutor.java:129)
	at com.kms.katalon.core.main.TestSuiteExecutor.accessTestSuiteMainPhase(TestSuiteExecutor.java:112)
	at com.kms.katalon.core.main.TestSuiteExecutor.execute(TestSuiteExecutor.java:81)
	at com.kms.katalon.core.main.TestCaseMain.startTestSuite(TestCaseMain.java:157)
	at com.kms.katalon.core.main.TestCaseMain$startTestSuite$0.call(Unknown Source)
	at TempTestSuite1562830999925.run(TempTestSuite1562830999925.groovy:35)
)
[[ATTACHMENT|H:\\Git_personal\\Personal_Leed\\Usgbc_LeedOnline_ScoreCard\\Reports\\In_SmokeTest\\20190711_131315\\1562835440593.png]]

2019-07-11 14:27:21 - [MESSAGE][FAILED] - Unable to verify object 'Object Repository/Innovation/Autosave/span_Last draft saved on' is not present (Root cause: com.kms.katalon.core.exception.StepFailedException: Unable to verify object 'Object Repository/Innovation/Autosave/span_Last draft saved on' is not present
	at com.kms.katalon.core.webui.keyword.internal.WebUIKeywordMain.stepFailed(WebUIKeywordMain.groovy:64)
	at com.kms.katalon.core.webui.keyword.internal.WebUIKeywordMain.runKeyword(WebUIKeywordMain.groovy:26)
	at com.kms.katalon.core.webui.keyword.builtin.VerifyElementNotPresentKeyword.verifyElementNotPresent(VerifyElementNotPresentKeyword.groovy:118)
	at com.kms.katalon.core.webui.keyword.builtin.VerifyElementNotPresentKeyword.execute(VerifyElementNotPresentKeyword.groovy:68)
	at com.kms.katalon.core.keyword.internal.KeywordExecutor.executeKeywordForPlatform(KeywordExecutor.groovy:56)
	at com.kms.katalon.core.webui.keyword.WebUiBuiltInKeywords.verifyElementNotPresent(WebUiBuiltInKeywords.groovy:1467)
	at com.kms.katalon.core.webui.keyword.WebUiBuiltInKeywords$verifyElementNotPresent$18.call(Unknown Source)
	at innovation_Form.In_AutoSaveAsDraft.user_verifies_the_form_draft_warning_message_is_not_retained_in_Innovation_form(In_AutoSaveAsDraft.groovy:174)
	at cucumber.runtime.Utils$1.call(Utils.java:26)
	at cucumber.runtime.Timeout.timeout(Timeout.java:16)
	at cucumber.runtime.Utils.invoke(Utils.java:20)
	at cucumber.runtime.java.JavaStepDefinition.execute(JavaStepDefinition.java:48)
	at cucumber.runtime.PickleStepDefinitionMatch.runStep(PickleStepDefinitionMatch.java:50)
	at cucumber.runner.TestStep.executeStep(TestStep.java:55)
	at cucumber.runner.TestStep.run(TestStep.java:42)
	at cucumber.runner.PickleStepTestStep.run(PickleStepTestStep.java:53)
	at cucumber.runner.TestCase.run(TestCase.java:47)
	at cucumber.runner.Runner.runPickle(Runner.java:44)
	at cucumber.runtime.junit.PickleRunners$NoStepDescriptions.run(PickleRunners.java:140)
	at cucumber.runtime.junit.FeatureRunner.runChild(FeatureRunner.java:68)
	at cucumber.runtime.junit.FeatureRunner.runChild(FeatureRunner.java:23)
	at org.junit.runners.ParentRunner$3.run(ParentRunner.java:290)
	at org.junit.runners.ParentRunner$1.schedule(ParentRunner.java:71)
	at org.junit.runners.ParentRunner.runChildren(ParentRunner.java:288)
	at org.junit.runners.ParentRunner.access$000(ParentRunner.java:58)
	at org.junit.runners.ParentRunner$2.evaluate(ParentRunner.java:268)
	at org.junit.runners.ParentRunner.run(ParentRunner.java:363)
	at cucumber.runtime.junit.FeatureRunner.run(FeatureRunner.java:73)
	at cucumber.api.junit.Cucumber.runChild(Cucumber.java:98)
	at cucumber.api.junit.Cucumber.runChild(Cucumber.java:55)
	at org.junit.runners.ParentRunner$3.run(ParentRunner.java:290)
	at org.junit.runners.ParentRunner$1.schedule(ParentRunner.java:71)
	at org.junit.runners.ParentRunner.runChildren(ParentRunner.java:288)
	at org.junit.runners.ParentRunner.access$000(ParentRunner.java:58)
	at org.junit.runners.ParentRunner$2.evaluate(ParentRunner.java:268)
	at cucumber.api.junit.Cucumber$1.evaluate(Cucumber.java:107)
	at org.junit.runners.ParentRunner.run(ParentRunner.java:363)
	at org.junit.runners.Suite.runChild(Suite.java:128)
	at org.junit.runners.Suite.runChild(Suite.java:27)
	at org.junit.runners.ParentRunner$3.run(ParentRunner.java:290)
	at org.junit.runners.ParentRunner$1.schedule(ParentRunner.java:71)
	at org.junit.runners.ParentRunner.runChildren(ParentRunner.java:288)
	at org.junit.runners.ParentRunner.access$000(ParentRunner.java:58)
	at org.junit.runners.ParentRunner$2.evaluate(ParentRunner.java:268)
	at org.junit.runners.ParentRunner.run(ParentRunner.java:363)
	at org.junit.runner.JUnitCore.run(JUnitCore.java:137)
	at org.junit.runner.JUnitCore.run(JUnitCore.java:115)
	at org.junit.runner.JUnitCore.run(JUnitCore.java:105)
	at com.kms.katalon.core.cucumber.keyword.CucumberBuiltinKeywords$_runWithCucumberRunner_closure3.doCall(CucumberBuiltinKeywords.groovy:260)
	at com.kms.katalon.core.cucumber.keyword.CucumberBuiltinKeywords$_runWithCucumberRunner_closure3.doCall(CucumberBuiltinKeywords.groovy)
	at com.kms.katalon.core.keyword.internal.KeywordMain.runKeyword(KeywordMain.groovy:66)
	at com.kms.katalon.core.keyword.internal.KeywordMain$runKeyword.call(Unknown Source)
	at com.kms.katalon.core.cucumber.keyword.CucumberBuiltinKeywords.runWithCucumberRunner(CucumberBuiltinKeywords.groovy:257)
	at com.kms.katalon.core.cucumber.keyword.CucumberBuiltinKeywords$runWithCucumberRunner$0.callStatic(Unknown Source)
	at com.kms.katalon.core.cucumber.keyword.CucumberBuiltinKeywords.runWithCucumberRunner(CucumberBuiltinKeywords.groovy:357)
	at com.kms.katalon.core.cucumber.keyword.CucumberBuiltinKeywords$runWithCucumberRunner.call(Unknown Source)
	at TC_In_AutoSaveAsDraft.run(TC_In_AutoSaveAsDraft:18)
	at com.kms.katalon.core.main.ScriptEngine.run(ScriptEngine.java:194)
	at com.kms.katalon.core.main.ScriptEngine.runScriptAsRawText(ScriptEngine.java:119)
	at com.kms.katalon.core.main.TestCaseExecutor.runScript(TestCaseExecutor.java:336)
	at com.kms.katalon.core.main.TestCaseExecutor.doExecute(TestCaseExecutor.java:327)
	at com.kms.katalon.core.main.TestCaseExecutor.processExecutionPhase(TestCaseExecutor.java:306)
	at com.kms.katalon.core.main.TestCaseExecutor.accessMainPhase(TestCaseExecutor.java:298)
	at com.kms.katalon.core.main.TestCaseExecutor.execute(TestCaseExecutor.java:232)
	at com.kms.katalon.core.main.TestSuiteExecutor.accessTestCaseMainPhase(TestSuiteExecutor.java:129)
	at com.kms.katalon.core.main.TestSuiteExecutor.accessTestSuiteMainPhase(TestSuiteExecutor.java:112)
	at com.kms.katalon.core.main.TestSuiteExecutor.execute(TestSuiteExecutor.java:81)
	at com.kms.katalon.core.main.TestCaseMain.startTestSuite(TestCaseMain.java:157)
	at com.kms.katalon.core.main.TestCaseMain$startTestSuite$0.call(Unknown Source)
	at TempTestSuite1562830999925.run(TempTestSuite1562830999925.groovy:35)
Caused by: com.kms.katalon.core.exception.StepFailedException: Web element with id: 'Object Repository/Innovation/Autosave/span_Last draft saved on' located by 'By.xpath: //*[@id="credit-form"]/div[5]/div/span/span' is present after '2' second(s)
	at com.kms.katalon.core.webui.keyword.internal.WebUIKeywordMain.stepFailed(WebUIKeywordMain.groovy:64)
	at com.kms.katalon.core.webui.keyword.builtin.VerifyElementNotPresentKeyword$_verifyElementNotPresent_closure1.doCall(VerifyElementNotPresentKeyword.groovy:107)
	at com.kms.katalon.core.webui.keyword.builtin.VerifyElementNotPresentKeyword$_verifyElementNotPresent_closure1.call(VerifyElementNotPresentKeyword.groovy)
	at com.kms.katalon.core.webui.keyword.internal.WebUIKeywordMain.runKeyword(WebUIKeywordMain.groovy:20)
	... 68 more
)
[[ATTACHMENT|H:\\Git_personal\\Personal_Leed\\Usgbc_LeedOnline_ScoreCard\\Reports\\In_SmokeTest\\20190711_131315\\1562835441034.png]]

2019-07-11 14:27:21 - [MESSAGE][PASSED] - Scroll to object 'Object Repository/Innovation/Innovation_Strategy_Opt1/radio_innovation_Strategy' successfully

2019-07-11 14:27:21 - [MESSAGE][PASSED] - Object 'Object Repository/Innovation/Innovation_Strategy_Opt1/radio_innovation_Strategy' is present

2019-07-11 14:27:23 - [MESSAGE][PASSED] - Delayed 2 second(s)

2019-07-11 14:27:24 - [MESSAGE][FAILED] - Unable to check object 'Object Repository/Innovation/Innovation_Strategy_Opt1/radio_innovation_Strategy' (Root cause: com.kms.katalon.core.exception.StepFailedException: Unable to check object 'Object Repository/Innovation/Innovation_Strategy_Opt1/radio_innovation_Strategy'
	at com.kms.katalon.core.webui.keyword.internal.WebUIKeywordMain.stepFailed(WebUIKeywordMain.groovy:64)
	at com.kms.katalon.core.webui.keyword.internal.WebUIKeywordMain.runKeyword(WebUIKeywordMain.groovy:26)
	at com.kms.katalon.core.webui.keyword.builtin.CheckKeyword.check(CheckKeyword.groovy:88)
	at com.kms.katalon.core.webui.keyword.builtin.CheckKeyword.execute(CheckKeyword.groovy:67)
	at com.kms.katalon.core.keyword.internal.KeywordExecutor.executeKeywordForPlatform(KeywordExecutor.groovy:56)
	at com.kms.katalon.core.webui.keyword.WebUiBuiltInKeywords.check(WebUiBuiltInKeywords.groovy:1039)
	at com.kms.katalon.core.webui.keyword.WebUiBuiltInKeywords$check$4.call(Unknown Source)
	at innovation_Form.In_AutoSaveAsDraft.user_clicks_on_the_radio_button_of_Innovation_Strategy_and_waits_for_seconds(In_AutoSaveAsDraft.groovy:192)
	at cucumber.runtime.Utils$1.call(Utils.java:26)
	at cucumber.runtime.Timeout.timeout(Timeout.java:16)
	at cucumber.runtime.Utils.invoke(Utils.java:20)
	at cucumber.runtime.java.JavaStepDefinition.execute(JavaStepDefinition.java:48)
	at cucumber.runtime.PickleStepDefinitionMatch.runStep(PickleStepDefinitionMatch.java:50)
	at cucumber.runner.TestStep.executeStep(TestStep.java:55)
	at cucumber.runner.TestStep.run(TestStep.java:42)
	at cucumber.runner.PickleStepTestStep.run(PickleStepTestStep.java:53)
	at cucumber.runner.TestCase.run(TestCase.java:47)
	at cucumber.runner.Runner.runPickle(Runner.java:44)
	at cucumber.runtime.junit.PickleRunners$NoStepDescriptions.run(PickleRunners.java:140)
	at cucumber.runtime.junit.FeatureRunner.runChild(FeatureRunner.java:68)
	at cucumber.runtime.junit.FeatureRunner.runChild(FeatureRunner.java:23)
	at org.junit.runners.ParentRunner$3.run(ParentRunner.java:290)
	at org.junit.runners.ParentRunner$1.schedule(ParentRunner.java:71)
	at org.junit.runners.ParentRunner.runChildren(ParentRunner.java:288)
	at org.junit.runners.ParentRunner.access$000(ParentRunner.java:58)
	at org.junit.runners.ParentRunner$2.evaluate(ParentRunner.java:268)
	at org.junit.runners.ParentRunner.run(ParentRunner.java:363)
	at cucumber.runtime.junit.FeatureRunner.run(FeatureRunner.java:73)
	at cucumber.api.junit.Cucumber.runChild(Cucumber.java:98)
	at cucumber.api.junit.Cucumber.runChild(Cucumber.java:55)
	at org.junit.runners.ParentRunner$3.run(ParentRunner.java:290)
	at org.junit.runners.ParentRunner$1.schedule(ParentRunner.java:71)
	at org.junit.runners.ParentRunner.runChildren(ParentRunner.java:288)
	at org.junit.runners.ParentRunner.access$000(ParentRunner.java:58)
	at org.junit.runners.ParentRunner$2.evaluate(ParentRunner.java:268)
	at cucumber.api.junit.Cucumber$1.evaluate(Cucumber.java:107)
	at org.junit.runners.ParentRunner.run(ParentRunner.java:363)
	at org.junit.runners.Suite.runChild(Suite.java:128)
	at org.junit.runners.Suite.runChild(Suite.java:27)
	at org.junit.runners.ParentRunner$3.run(ParentRunner.java:290)
	at org.junit.runners.ParentRunner$1.schedule(ParentRunner.java:71)
	at org.junit.runners.ParentRunner.runChildren(ParentRunner.java:288)
	at org.junit.runners.ParentRunner.access$000(ParentRunner.java:58)
	at org.junit.runners.ParentRunner$2.evaluate(ParentRunner.java:268)
	at org.junit.runners.ParentRunner.run(ParentRunner.java:363)
	at org.junit.runner.JUnitCore.run(JUnitCore.java:137)
	at org.junit.runner.JUnitCore.run(JUnitCore.java:115)
	at org.junit.runner.JUnitCore.run(JUnitCore.java:105)
	at com.kms.katalon.core.cucumber.keyword.CucumberBuiltinKeywords$_runWithCucumberRunner_closure3.doCall(CucumberBuiltinKeywords.groovy:260)
	at com.kms.katalon.core.cucumber.keyword.CucumberBuiltinKeywords$_runWithCucumberRunner_closure3.doCall(CucumberBuiltinKeywords.groovy)
	at com.kms.katalon.core.keyword.internal.KeywordMain.runKeyword(KeywordMain.groovy:66)
	at com.kms.katalon.core.keyword.internal.KeywordMain$runKeyword.call(Unknown Source)
	at com.kms.katalon.core.cucumber.keyword.CucumberBuiltinKeywords.runWithCucumberRunner(CucumberBuiltinKeywords.groovy:257)
	at com.kms.katalon.core.cucumber.keyword.CucumberBuiltinKeywords$runWithCucumberRunner$0.callStatic(Unknown Source)
	at com.kms.katalon.core.cucumber.keyword.CucumberBuiltinKeywords.runWithCucumberRunner(CucumberBuiltinKeywords.groovy:357)
	at com.kms.katalon.core.cucumber.keyword.CucumberBuiltinKeywords$runWithCucumberRunner.call(Unknown Source)
	at TC_In_AutoSaveAsDraft.run(TC_In_AutoSaveAsDraft:18)
	at com.kms.katalon.core.main.ScriptEngine.run(ScriptEngine.java:194)
	at com.kms.katalon.core.main.ScriptEngine.runScriptAsRawText(ScriptEngine.java:119)
	at com.kms.katalon.core.main.TestCaseExecutor.runScript(TestCaseExecutor.java:336)
	at com.kms.katalon.core.main.TestCaseExecutor.doExecute(TestCaseExecutor.java:327)
	at com.kms.katalon.core.main.TestCaseExecutor.processExecutionPhase(TestCaseExecutor.java:306)
	at com.kms.katalon.core.main.TestCaseExecutor.accessMainPhase(TestCaseExecutor.java:298)
	at com.kms.katalon.core.main.TestCaseExecutor.execute(TestCaseExecutor.java:232)
	at com.kms.katalon.core.main.TestSuiteExecutor.accessTestCaseMainPhase(TestSuiteExecutor.java:129)
	at com.kms.katalon.core.main.TestSuiteExecutor.accessTestSuiteMainPhase(TestSuiteExecutor.java:112)
	at com.kms.katalon.core.main.TestSuiteExecutor.execute(TestSuiteExecutor.java:81)
	at com.kms.katalon.core.main.TestCaseMain.startTestSuite(TestCaseMain.java:157)
	at com.kms.katalon.core.main.TestCaseMain$startTestSuite$0.call(Unknown Source)
	at TempTestSuite1562830999925.run(TempTestSuite1562830999925.groovy:35)
Caused by: org.openqa.selenium.ElementClickInterceptedException: element click intercepted: Element <iframe src="https://leedonline-api-stg.usgbc.org/Credit/form/eS9VSXQ4RTBSc2RBR3ZCNGhKYmxYNTdveGg5dEEwTUJ1WWplcTFZekh5K0l1UjhhQXRMckFMTTBwTEkrei9zRFpKRjh4NzVpUjhwMTgrL0lmSy9SeXhWZS93SnBlUS92dnZNR01Oc3o2VVdEVm41bDVsWlBWSEFTTXJQUWFhb2k0Z2VXek42cmJNaEpnNThHQ1c0L1Z3RUd6K3ZwUFphM0MwMVB3b1QvOUhJOTZSOUE2Q3J3MGJpK3BDdTBTUmV1cGo3QWx2cmRCMnV2cm0rMjh1eDdLdERDRUN6ZW55cTc1eXZUdU1wbEtQVlJDa1RUVVpJZzI2VktaTGdMMmZsTmhFWmNvbTRZMUw3Nkp2TENBUFp5QWJ6cElwR0lmZ1lrVEE1dmtTWnVtMk5NdlBEWjd0MHltc2Q4eTBEVkZ6VE9ENEszY2J5UjJFZ2FXckhHMTMrRllrZFcvYTJQR3hBTUhoYUU0eGkrdVVZPSRxWWVwVm42b256MD0?initialWidth=916&amp;childId=creditHtmlForm&amp;parentTitle=LEED%20Online&amp;parentUrl=https%3A%2F%2Fleedonline-stg.usgbc.org%2Fform%2FsimpleForm%3F__creditId%3DEBCTIN101L-1000163341%26__creditShortId%3DIN101%26creditHash%3D2b3d64238fc5cfa3eedcc40fe47531db%26projectId%3D1000163341" width="100%" scrolling="no" marginheight="0" frameborder="0" height="1326px" cd_frame_id_="08c906b94edda07d8fdbd560576cb81a"></iframe> is not clickable at point (252, 8). Other element would receive the click: <div class="alert alert-error" style="padding: 15px; margin-bottom: 1px; overflow-wrap: break-word;">...</div>
  (Session info: chrome=75.0.3770.100)
  (Driver info: chromedriver=74.0.3729.6 (255758eccf3d244491b8a1317aa76e1ce10d57e9-refs/branch-heads/3729@{#29}),platform=Windows NT 10.0.17134 x86_64) (WARNING: The server did not provide any stacktrace information)
Command duration or timeout: 0 milliseconds
Build info: version: '3.7.1', revision: '8a0099a', time: '2017-11-06T21:07:36.161Z'
System info: host: 'G10PROLT025', ip: '192.168.232.1', os.name: 'Windows 10', os.arch: 'amd64', os.version: '10.0', java.version: '1.8.0_181'
Driver info: com.kms.katalon.selenium.driver.CChromeDriver
Capabilities {acceptInsecureCerts: false, acceptSslCerts: false, applicationCacheEnabled: false, browserConnectionEnabled: false, browserName: chrome, chrome: {chromedriverVersion: 74.0.3729.6 (255758eccf3d24..., userDataDir: C:\Users\PROMAN~1\AppData\L...}, cssSelectorsEnabled: true, databaseEnabled: false, goog:chromeOptions: {debuggerAddress: localhost:63081}, handlesAlerts: true, hasTouchScreen: false, javascriptEnabled: true, locationContextEnabled: true, mobileEmulationEnabled: false, nativeEvents: true, networkConnectionEnabled: false, pageLoadStrategy: normal, platform: XP, platformName: XP, proxy: Proxy(direct), rotatable: false, setWindowRect: true, strictFileInteractability: false, takesHeapSnapshot: true, takesScreenshot: true, timeouts: {implicit: 0, pageLoad: 300000, script: 30000}, unexpectedAlertBehaviour: ignore, unhandledPromptBehavior: ignore, version: 75.0.3770.100, webStorageEnabled: true}
Session ID: 80e8d8d375f430c0db1af3cffd4514d4
	at org.openqa.selenium.remote.ErrorHandler.createThrowable(ErrorHandler.java:214)
	at org.openqa.selenium.remote.ErrorHandler.throwIfResponseFailed(ErrorHandler.java:166)
	at org.openqa.selenium.remote.http.JsonHttpResponseCodec.reconstructValue(JsonHttpResponseCodec.java:40)
	at org.openqa.selenium.remote.http.AbstractHttpResponseCodec.decode(AbstractHttpResponseCodec.java:80)
	at org.openqa.selenium.remote.http.AbstractHttpResponseCodec.decode(AbstractHttpResponseCodec.java:44)
	at org.openqa.selenium.remote.HttpCommandExecutor.execute(HttpCommandExecutor.java:164)
	at org.openqa.selenium.remote.service.DriverCommandExecutor.execute(DriverCommandExecutor.java:83)
	at org.openqa.selenium.remote.RemoteWebDriver.execute(RemoteWebDriver.java:600)
	at com.kms.katalon.selenium.driver.CChromeDriver.execute(CChromeDriver.java:20)
	at org.openqa.selenium.remote.RemoteWebElement.execute(RemoteWebElement.java:279)
	at org.openqa.selenium.remote.RemoteWebElement.click(RemoteWebElement.java:83)
	at com.kms.katalon.core.webui.keyword.builtin.CheckKeyword$_check_closure1.doCall(CheckKeyword.groovy:80)
	at com.kms.katalon.core.webui.keyword.builtin.CheckKeyword$_check_closure1.call(CheckKeyword.groovy)
	at com.kms.katalon.core.webui.keyword.internal.WebUIKeywordMain.runKeyword(WebUIKeywordMain.groovy:20)
	at com.kms.katalon.core.webui.keyword.builtin.CheckKeyword.check(CheckKeyword.groovy:88)
	at com.kms.katalon.core.webui.keyword.builtin.CheckKeyword.execute(CheckKeyword.groovy:67)
	at com.kms.katalon.core.keyword.internal.KeywordExecutor.executeKeywordForPlatform(KeywordExecutor.groovy:56)
	at com.kms.katalon.core.webui.keyword.WebUiBuiltInKeywords.check(WebUiBuiltInKeywords.groovy:1039)
	at com.kms.katalon.core.webui.keyword.WebUiBuiltInKeywords$check$4.call(Unknown Source)
	at innovation_Form.In_AutoSaveAsDraft.user_clicks_on_the_radio_button_of_Innovation_Strategy_and_waits_for_seconds(In_AutoSaveAsDraft.groovy:192)
	at cucumber.runtime.Utils$1.call(Utils.java:26)
	at cucumber.runtime.Timeout.timeout(Timeout.java:16)
	at cucumber.runtime.Utils.invoke(Utils.java:20)
	at cucumber.runtime.java.JavaStepDefinition.execute(JavaStepDefinition.java:48)
	at cucumber.runtime.PickleStepDefinitionMatch.runStep(PickleStepDefinitionMatch.java:50)
	at cucumber.runner.TestStep.executeStep(TestStep.java:55)
	at cucumber.runner.TestStep.run(TestStep.java:42)
	at cucumber.runner.PickleStepTestStep.run(PickleStepTestStep.java:53)
	at cucumber.runner.TestCase.run(TestCase.java:47)
	at cucumber.runner.Runner.runPickle(Runner.java:44)
	at cucumber.runtime.junit.PickleRunners$NoStepDescriptions.run(PickleRunners.java:140)
	at cucumber.runtime.junit.FeatureRunner.runChild(FeatureRunner.java:68)
	at cucumber.runtime.junit.FeatureRunner.runChild(FeatureRunner.java:23)
	at org.junit.runners.ParentRunner$3.run(ParentRunner.java:290)
	at org.junit.runners.ParentRunner$1.schedule(ParentRunner.java:71)
	at org.junit.runners.ParentRunner.runChildren(ParentRunner.java:288)
	at org.junit.runners.ParentRunner.access$000(ParentRunner.java:58)
	at org.junit.runners.ParentRunner$2.evaluate(ParentRunner.java:268)
	at org.junit.runners.ParentRunner.run(ParentRunner.java:363)
	at cucumber.runtime.junit.FeatureRunner.run(FeatureRunner.java:73)
	at cucumber.api.junit.Cucumber.runChild(Cucumber.java:98)
	at cucumber.api.junit.Cucumber.runChild(Cucumber.java:55)
	at org.junit.runners.ParentRunner$3.run(ParentRunner.java:290)
	at org.junit.runners.ParentRunner$1.schedule(ParentRunner.java:71)
	at org.junit.runners.ParentRunner.runChildren(ParentRunner.java:288)
	at org.junit.runners.ParentRunner.access$000(ParentRunner.java:58)
	at org.junit.runners.ParentRunner$2.evaluate(ParentRunner.java:268)
	at cucumber.api.junit.Cucumber$1.evaluate(Cucumber.java:107)
	at org.junit.runners.ParentRunner.run(ParentRunner.java:363)
	at org.junit.runners.Suite.runChild(Suite.java:128)
	at org.junit.runners.Suite.runChild(Suite.java:27)
	at org.junit.runners.ParentRunner$3.run(ParentRunner.java:290)
	at org.junit.runners.ParentRunner$1.schedule(ParentRunner.java:71)
	at org.junit.runners.ParentRunner.runChildren(ParentRunner.java:288)
	at org.junit.runners.ParentRunner.access$000(ParentRunner.java:58)
	at org.junit.runners.ParentRunner$2.evaluate(ParentRunner.java:268)
	at org.junit.runners.ParentRunner.run(ParentRunner.java:363)
	at org.junit.runner.JUnitCore.run(JUnitCore.java:137)
	at org.junit.runner.JUnitCore.run(JUnitCore.java:115)
	at org.junit.runner.JUnitCore.run(JUnitCore.java:105)
	at com.kms.katalon.core.cucumber.keyword.CucumberBuiltinKeywords$_runWithCucumberRunner_closure3.doCall(CucumberBuiltinKeywords.groovy:260)
	at com.kms.katalon.core.cucumber.keyword.CucumberBuiltinKeywords$_runWithCucumberRunner_closure3.doCall(CucumberBuiltinKeywords.groovy)
	at com.kms.katalon.core.keyword.internal.KeywordMain.runKeyword(KeywordMain.groovy:66)
	at com.kms.katalon.core.keyword.internal.KeywordMain$runKeyword.call(Unknown Source)
	at com.kms.katalon.core.cucumber.keyword.CucumberBuiltinKeywords.runWithCucumberRunner(CucumberBuiltinKeywords.groovy:257)
	at com.kms.katalon.core.cucumber.keyword.CucumberBuiltinKeywords$runWithCucumberRunner$0.callStatic(Unknown Source)
	at com.kms.katalon.core.cucumber.keyword.CucumberBuiltinKeywords.runWithCucumberRunner(CucumberBuiltinKeywords.groovy:357)
	at com.kms.katalon.core.cucumber.keyword.CucumberBuiltinKeywords$runWithCucumberRunner.call(Unknown Source)
	at Script1561980408254.run(Script1561980408254.groovy:18)
	... 13 more
)
[[ATTACHMENT|H:\\Git_personal\\Personal_Leed\\Usgbc_LeedOnline_ScoreCard\\Reports\\In_SmokeTest\\20190711_131315\\1562835443735.png]]

2019-07-11 14:27:24 - [MESSAGE][PASSED] - Scroll to object 'Object Repository/Innovation/Special Circumstances/EditorBox_splCircum/p_EditorBox' successfully

2019-07-11 14:27:24 - [MESSAGE][PASSED] - Object 'Object Repository/Innovation/Special Circumstances/EditorBox_splCircum/p_EditorBox' is present

2019-07-11 14:27:24 - [MESSAGE][PASSED] - Text 'Test Data for Narrative' is set on object 'Object Repository/Innovation/Special Circumstances/EditorBox_splCircum/body_splCircum'

2019-07-11 14:27:34 - [MESSAGE][PASSED] - Delayed 10 second(s)

2019-07-11 14:27:34 - [MESSAGE][PASSED] - Object 'Object Repository/Innovation/Autosave/a_Clear draft' is present

2019-07-11 14:27:34 - [MESSAGE][PASSED] - Object: 'Object Repository/Innovation/Autosave/a_Clear draft' is clicked on

2019-07-11 14:27:35 - [MESSAGE][PASSED] - Object: 'Object Repository/Innovation/Autosave/button_Yes' is clicked on

2019-07-11 14:27:35 - [MESSAGE][PASSED] - Scroll to object 'Object Repository/Innovation/Special Circumstances/EditorBox_splCircum/p_EditorBox' successfully

2019-07-11 14:27:35 - [MESSAGE][PASSED] - Object 'Object Repository/Innovation/Special Circumstances/EditorBox_splCircum/p_EditorBox' is present

2019-07-11 14:27:38 - [MESSAGE][PASSED] - Delayed 3 second(s)

2019-07-11 14:27:38 - [MESSAGE][PASSED] - Text 'Test Logout and Login' is set on object 'Object Repository/Innovation/Editor_LEED_Accredited/body_LEED_Accredited'

2019-07-11 14:27:48 - [MESSAGE][PASSED] - Delayed 10 second(s)

2019-07-11 14:27:49 - [MESSAGE][PASSED] - Text of object 'Object Repository/Innovation/Autosave/span_Last draft saved on' is: 'Last draft saved on: 11 Jul 2019 02:27:47 PM  Clear draft'

2019-07-11 14:27:52 - [MESSAGE][PASSED] - Delayed 3 second(s)

2019-07-11 14:27:52 - [MESSAGE][PASSED] - Object: 'Object Repository/Innovation/Autosave/div_Signout' is clicked on

2019-07-11 14:27:53 - [MESSAGE][PASSED] - Object: 'Object Repository/Innovation/Autosave/a_Sign out' is clicked on

2019-07-11 14:27:55 - [MESSAGE][PASSED] - Delayed 2 second(s)

2019-07-11 14:27:55 - [MESSAGE][WARNING] - A browser is already opened. Closing browser and opening a new one

2019-07-11 14:27:56 - [MESSAGE][INFO] - Starting 'Chrome' driver

2019-07-11 14:27:56 - [MESSAGE][INFO] - User set preference: ['args', '[--window-size=1920,1080]']

2019-07-11 14:27:58 - [MESSAGE][PASSED] - Browser is opened with url: ''

2019-07-11 14:28:00 - [MESSAGE][PASSED] - Navigate to 'https://leedonline-stg.usgbc.org' successfully

2019-07-11 14:28:02 - [MESSAGE][PASSED] - Delayed 2 second(s)

2019-07-11 14:28:02 - [MESSAGE][PASSED] - Text 'automationbdd1@gmail.com' is set on object 'Object Repository/Login/input_username'

2019-07-11 14:28:03 - [MESSAGE][PASSED] - Text 'initpass' is set on object 'Object Repository/Login/input_password'

2019-07-11 14:28:06 - [MESSAGE][PASSED] - Delayed 3 second(s)

2019-07-11 14:28:06 - [MESSAGE][PASSED] - Scroll to object 'Object Repository/Login/span_End User License Agreement' successfully

2019-07-11 14:28:06 - [MESSAGE][PASSED] - Object 'Object Repository/Login/span_End User License Agreement' is visible

2019-07-11 14:28:06 - [MESSAGE][PASSED] - Object 'Object Repository/Login/span_End User License Agreement' is checked

2019-07-11 14:28:07 - [MESSAGE][PASSED] - Delayed 1 second(s)

2019-07-11 14:28:07 - [MESSAGE][PASSED] - Object: 'Object Repository/Login/button_Log In' is clicked on

2019-07-11 14:28:13 - [MESSAGE][PASSED] - Object: '' is clicked on

2019-07-11 14:28:14 - [MESSAGE][PASSED] - Object: 'Object Repository/Login/a_Credits' is clicked on

2019-07-11 14:28:16 - [MESSAGE][PASSED] - Delayed 2 second(s)

2019-07-11 14:28:16 - [MESSAGE][PASSED] - Object: 'Object Repository/Innovation/In_Navigation/div_Innovation' is clicked on

2019-07-11 14:28:18 - [MESSAGE][PASSED] - Delayed 2 second(s)

2019-07-11 14:28:22 - [MESSAGE][PASSED] - Object: 'Object Repository/Innovation/In_Navigation/span_(V01)' is clicked on

2019-07-11 14:28:22 - [MESSAGE][PASSED] - Object 'Object Repository/Innovation/Autosave/div_Form drafted and not yet saved' is present

2019-07-11 14:28:22 - [MESSAGE][PASSED] - Object 'Object Repository/Innovation/Autosave/Last draft saved dateTime_warningDiv' is present

2019-07-11 14:28:22 - [MESSAGE][PASSED] - Text of object 'Object Repository/Innovation/Autosave/Last draft saved dateTime_warningDiv' is: 'Last draft saved on: 11 Jul 2019 02:27:47 PM  Clear draft'

2019-07-11 14:28:22 - [MESSAGE][PASSED] - Actual text 'Last draft saved on: 11 Jul 2019 02:27:47 PM  Clear draft' and expected text 'Last draft saved on: 11 Jul 2019 02:27:47 PM  Clear draft' are matched 

2019-07-11 14:28:22 - [MESSAGE][PASSED] - Object: 'Object Repository/Innovation/Autosave/a_Clear draft' is clicked on

2019-07-11 14:28:23 - [MESSAGE][PASSED] - Object: 'Object Repository/Innovation/Autosave/button_Yes' is clicked on

2019-07-11 14:28:23 - [MESSAGE][FAILED] - These following reason:
 [Call Test Case 'Test Cases/Innovation/TC_In_Navigation' failed, Unable to scroll to object 'Object Repository/Innovation/AddFile_LEED_Accredited/p_LEED_Accredited', Unable to verify object 'Object Repository/Innovation/Autosave/span_Last draft saved on' is not present, Unable to check object 'Object Repository/Innovation/Innovation_Strategy_Opt1/radio_innovation_Strategy']

2019-07-11 14:28:23 - [MESSAGE][FAILED] - Keyword runWithCucumberRunner was failed (Root cause: com.kms.katalon.core.exception.StepFailedException: These following reason:
 [Call Test Case 'Test Cases/Innovation/TC_In_Navigation' failed, Unable to scroll to object 'Object Repository/Innovation/AddFile_LEED_Accredited/p_LEED_Accredited', Unable to verify object 'Object Repository/Innovation/Autosave/span_Last draft saved on' is not present, Unable to check object 'Object Repository/Innovation/Innovation_Strategy_Opt1/radio_innovation_Strategy']
	at com.kms.katalon.core.keyword.internal.KeywordMain.stepFailed(KeywordMain.groovy:48)
	at com.kms.katalon.core.keyword.internal.KeywordMain.stepFailed(KeywordMain.groovy)
	at com.kms.katalon.core.keyword.internal.KeywordMain.stepFailed(KeywordMain.groovy:21)
	at com.kms.katalon.core.keyword.internal.KeywordMain$stepFailed$0.call(Unknown Source)
	at com.kms.katalon.core.cucumber.keyword.CucumberBuiltinKeywords$_runWithCucumberRunner_closure3.doCall(CucumberBuiltinKeywords.groovy:272)
	at com.kms.katalon.core.cucumber.keyword.CucumberBuiltinKeywords$_runWithCucumberRunner_closure3.doCall(CucumberBuiltinKeywords.groovy)
	at com.kms.katalon.core.keyword.internal.KeywordMain.runKeyword(KeywordMain.groovy:66)
	at com.kms.katalon.core.keyword.internal.KeywordMain$runKeyword.call(Unknown Source)
	at com.kms.katalon.core.cucumber.keyword.CucumberBuiltinKeywords.runWithCucumberRunner(CucumberBuiltinKeywords.groovy:257)
	at com.kms.katalon.core.cucumber.keyword.CucumberBuiltinKeywords$runWithCucumberRunner$0.callStatic(Unknown Source)
	at com.kms.katalon.core.cucumber.keyword.CucumberBuiltinKeywords.runWithCucumberRunner(CucumberBuiltinKeywords.groovy:357)
	at com.kms.katalon.core.cucumber.keyword.CucumberBuiltinKeywords$runWithCucumberRunner.call(Unknown Source)
	at TC_In_AutoSaveAsDraft.run(TC_In_AutoSaveAsDraft:18)
	at com.kms.katalon.core.main.ScriptEngine.run(ScriptEngine.java:194)
	at com.kms.katalon.core.main.ScriptEngine.runScriptAsRawText(ScriptEngine.java:119)
	at com.kms.katalon.core.main.TestCaseExecutor.runScript(TestCaseExecutor.java:336)
	at com.kms.katalon.core.main.TestCaseExecutor.doExecute(TestCaseExecutor.java:327)
	at com.kms.katalon.core.main.TestCaseExecutor.processExecutionPhase(TestCaseExecutor.java:306)
	at com.kms.katalon.core.main.TestCaseExecutor.accessMainPhase(TestCaseExecutor.java:298)
	at com.kms.katalon.core.main.TestCaseExecutor.execute(TestCaseExecutor.java:232)
	at com.kms.katalon.core.main.TestSuiteExecutor.accessTestCaseMainPhase(TestSuiteExecutor.java:129)
	at com.kms.katalon.core.main.TestSuiteExecutor.accessTestSuiteMainPhase(TestSuiteExecutor.java:112)
	at com.kms.katalon.core.main.TestSuiteExecutor.execute(TestSuiteExecutor.java:81)
	at com.kms.katalon.core.main.TestCaseMain.startTestSuite(TestCaseMain.java:157)
	at com.kms.katalon.core.main.TestCaseMain$startTestSuite$0.call(Unknown Source)
	at TempTestSuite1562830999925.run(TempTestSuite1562830999925.groovy:35)
)

2019-07-11 14:28:23 - [TEST_STEP][PASSED] - Start listener action : sampleAfterTestCase: Browser is closed

2019-07-11 14:28:23 - [TEST_STEP][PASSED] - closeBrowser(): Browser is closed

2019-07-11 14:28:24 - [MESSAGE][PASSED] - Browser is closed]]></system-out>
         <system-err><![CDATA[2019-07-11 14:25:21 - [TEST_CASE][FAILED] - Test Cases/Innovation/TC_In_AutoSaveAsDraft: Test Cases/Innovation/TC_In_AutoSaveAsDraft FAILED.
Reason:
com.kms.katalon.core.exception.StepFailedException: These following reason:
 [Call Test Case 'Test Cases/Innovation/TC_In_Navigation' failed, Unable to scroll to object 'Object Repository/Innovation/AddFile_LEED_Accredited/p_LEED_Accredited', Unable to verify object 'Object Repository/Innovation/Autosave/span_Last draft saved on' is not present, Unable to check object 'Object Repository/Innovation/Innovation_Strategy_Opt1/radio_innovation_Strategy']
	at com.kms.katalon.core.keyword.internal.KeywordMain.stepFailed(KeywordMain.groovy:48)
	at com.kms.katalon.core.keyword.internal.KeywordMain.stepFailed(KeywordMain.groovy)
	at com.kms.katalon.core.keyword.internal.KeywordMain.stepFailed(KeywordMain.groovy:21)
	at com.kms.katalon.core.keyword.internal.KeywordMain$stepFailed$0.call(Unknown Source)
	at com.kms.katalon.core.cucumber.keyword.CucumberBuiltinKeywords$_runWithCucumberRunner_closure3.doCall(CucumberBuiltinKeywords.groovy:272)
	at com.kms.katalon.core.cucumber.keyword.CucumberBuiltinKeywords$_runWithCucumberRunner_closure3.doCall(CucumberBuiltinKeywords.groovy)
	at com.kms.katalon.core.keyword.internal.KeywordMain.runKeyword(KeywordMain.groovy:66)
	at com.kms.katalon.core.keyword.internal.KeywordMain$runKeyword.call(Unknown Source)
	at com.kms.katalon.core.cucumber.keyword.CucumberBuiltinKeywords.runWithCucumberRunner(CucumberBuiltinKeywords.groovy:257)
	at com.kms.katalon.core.cucumber.keyword.CucumberBuiltinKeywords$runWithCucumberRunner$0.callStatic(Unknown Source)
	at com.kms.katalon.core.cucumber.keyword.CucumberBuiltinKeywords.runWithCucumberRunner(CucumberBuiltinKeywords.groovy:357)
	at com.kms.katalon.core.cucumber.keyword.CucumberBuiltinKeywords$runWithCucumberRunner.call(Unknown Source)
	at TC_In_AutoSaveAsDraft.run(TC_In_AutoSaveAsDraft:18)
	at com.kms.katalon.core.main.ScriptEngine.run(ScriptEngine.java:194)
	at com.kms.katalon.core.main.ScriptEngine.runScriptAsRawText(ScriptEngine.java:119)
	at com.kms.katalon.core.main.TestCaseExecutor.runScript(TestCaseExecutor.java:336)
	at com.kms.katalon.core.main.TestCaseExecutor.doExecute(TestCaseExecutor.java:327)
	at com.kms.katalon.core.main.TestCaseExecutor.processExecutionPhase(TestCaseExecutor.java:306)
	at com.kms.katalon.core.main.TestCaseExecutor.accessMainPhase(TestCaseExecutor.java:298)
	at com.kms.katalon.core.main.TestCaseExecutor.execute(TestCaseExecutor.java:232)
	at com.kms.katalon.core.main.TestSuiteExecutor.accessTestCaseMainPhase(TestSuiteExecutor.java:129)
	at com.kms.katalon.core.main.TestSuiteExecutor.accessTestSuiteMainPhase(TestSuiteExecutor.java:112)
	at com.kms.katalon.core.main.TestSuiteExecutor.execute(TestSuiteExecutor.java:81)
	at com.kms.katalon.core.main.TestCaseMain.startTestSuite(TestCaseMain.java:157)
	at com.kms.katalon.core.main.TestCaseMain$startTestSuite$0.call(Unknown Source)
	at TempTestSuite1562830999925.run(TempTestSuite1562830999925.groovy:35)]]></system-err>
      </testcase>
      <system-out><![CDATA[2019-07-11 13:13:22 - [TEST_SUITE][FAILED] - In_SmokeTest: Test Cases/Innovation/TC_In_Innovation_Strategy FAILED.
Reason:
com.kms.katalon.core.exception.StepFailedException: These following reason:
 [Unable to verify text 'Form data saved successfully.' is present , Unable to click on object 'Object Repository/Innovation/icon_pdf']
	at com.kms.katalon.core.keyword.internal.KeywordMain.stepFailed(KeywordMain.groovy:48)
	at com.kms.katalon.core.keyword.internal.KeywordMain.stepFailed(KeywordMain.groovy)
	at com.kms.katalon.core.keyword.internal.KeywordMain.stepFailed(KeywordMain.groovy:21)
	at com.kms.katalon.core.keyword.internal.KeywordMain$stepFailed$0.call(Unknown Source)
	at com.kms.katalon.core.cucumber.keyword.CucumberBuiltinKeywords$_runWithCucumberRunner_closure3.doCall(CucumberBuiltinKeywords.groovy:272)
	at com.kms.katalon.core.cucumber.keyword.CucumberBuiltinKeywords$_runWithCucumberRunner_closure3.doCall(CucumberBuiltinKeywords.groovy)
	at com.kms.katalon.core.keyword.internal.KeywordMain.runKeyword(KeywordMain.groovy:66)
	at com.kms.katalon.core.keyword.internal.KeywordMain$runKeyword.call(Unknown Source)
	at com.kms.katalon.core.cucumber.keyword.CucumberBuiltinKeywords.runWithCucumberRunner(CucumberBuiltinKeywords.groovy:257)
	at com.kms.katalon.core.cucumber.keyword.CucumberBuiltinKeywords$runWithCucumberRunner$0.callStatic(Unknown Source)
	at com.kms.katalon.core.cucumber.keyword.CucumberBuiltinKeywords.runWithCucumberRunner(CucumberBuiltinKeywords.groovy:357)
	at com.kms.katalon.core.cucumber.keyword.CucumberBuiltinKeywords$runWithCucumberRunner.call(Unknown Source)
	at TC_In_Innovation_Strategy.run(TC_In_Innovation_Strategy:18)
	at com.kms.katalon.core.main.ScriptEngine.run(ScriptEngine.java:194)
	at com.kms.katalon.core.main.ScriptEngine.runScriptAsRawText(ScriptEngine.java:119)
	at com.kms.katalon.core.main.TestCaseExecutor.runScript(TestCaseExecutor.java:336)
	at com.kms.katalon.core.main.TestCaseExecutor.doExecute(TestCaseExecutor.java:327)
	at com.kms.katalon.core.main.TestCaseExecutor.processExecutionPhase(TestCaseExecutor.java:306)
	at com.kms.katalon.core.main.TestCaseExecutor.accessMainPhase(TestCaseExecutor.java:298)
	at com.kms.katalon.core.main.TestCaseExecutor.execute(TestCaseExecutor.java:232)
	at com.kms.katalon.core.main.TestSuiteExecutor.accessTestCaseMainPhase(TestSuiteExecutor.java:129)
	at com.kms.katalon.core.main.TestSuiteExecutor.accessTestSuiteMainPhase(TestSuiteExecutor.java:112)
	at com.kms.katalon.core.main.TestSuiteExecutor.execute(TestSuiteExecutor.java:81)
	at com.kms.katalon.core.main.TestCaseMain.startTestSuite(TestCaseMain.java:157)
	at com.kms.katalon.core.main.TestCaseMain$startTestSuite$0.call(Unknown Source)
	at TempTestSuite1562830999925.run(TempTestSuite1562830999925.groovy:35)]]></system-out>
      <system-err><![CDATA[2019-07-11 13:13:22 - [TEST_SUITE][FAILED] - In_SmokeTest: Test Cases/Innovation/TC_In_Innovation_Strategy FAILED.
Reason:
com.kms.katalon.core.exception.StepFailedException: These following reason:
 [Unable to verify text 'Form data saved successfully.' is present , Unable to click on object 'Object Repository/Innovation/icon_pdf']
	at com.kms.katalon.core.keyword.internal.KeywordMain.stepFailed(KeywordMain.groovy:48)
	at com.kms.katalon.core.keyword.internal.KeywordMain.stepFailed(KeywordMain.groovy)
	at com.kms.katalon.core.keyword.internal.KeywordMain.stepFailed(KeywordMain.groovy:21)
	at com.kms.katalon.core.keyword.internal.KeywordMain$stepFailed$0.call(Unknown Source)
	at com.kms.katalon.core.cucumber.keyword.CucumberBuiltinKeywords$_runWithCucumberRunner_closure3.doCall(CucumberBuiltinKeywords.groovy:272)
	at com.kms.katalon.core.cucumber.keyword.CucumberBuiltinKeywords$_runWithCucumberRunner_closure3.doCall(CucumberBuiltinKeywords.groovy)
	at com.kms.katalon.core.keyword.internal.KeywordMain.runKeyword(KeywordMain.groovy:66)
	at com.kms.katalon.core.keyword.internal.KeywordMain$runKeyword.call(Unknown Source)
	at com.kms.katalon.core.cucumber.keyword.CucumberBuiltinKeywords.runWithCucumberRunner(CucumberBuiltinKeywords.groovy:257)
	at com.kms.katalon.core.cucumber.keyword.CucumberBuiltinKeywords$runWithCucumberRunner$0.callStatic(Unknown Source)
	at com.kms.katalon.core.cucumber.keyword.CucumberBuiltinKeywords.runWithCucumberRunner(CucumberBuiltinKeywords.groovy:357)
	at com.kms.katalon.core.cucumber.keyword.CucumberBuiltinKeywords$runWithCucumberRunner.call(Unknown Source)
	at TC_In_Innovation_Strategy.run(TC_In_Innovation_Strategy:18)
	at com.kms.katalon.core.main.ScriptEngine.run(ScriptEngine.java:194)
	at com.kms.katalon.core.main.ScriptEngine.runScriptAsRawText(ScriptEngine.java:119)
	at com.kms.katalon.core.main.TestCaseExecutor.runScript(TestCaseExecutor.java:336)
	at com.kms.katalon.core.main.TestCaseExecutor.doExecute(TestCaseExecutor.java:327)
	at com.kms.katalon.core.main.TestCaseExecutor.processExecutionPhase(TestCaseExecutor.java:306)
	at com.kms.katalon.core.main.TestCaseExecutor.accessMainPhase(TestCaseExecutor.java:298)
	at com.kms.katalon.core.main.TestCaseExecutor.execute(TestCaseExecutor.java:232)
	at com.kms.katalon.core.main.TestSuiteExecutor.accessTestCaseMainPhase(TestSuiteExecutor.java:129)
	at com.kms.katalon.core.main.TestSuiteExecutor.accessTestSuiteMainPhase(TestSuiteExecutor.java:112)
	at com.kms.katalon.core.main.TestSuiteExecutor.execute(TestSuiteExecutor.java:81)
	at com.kms.katalon.core.main.TestCaseMain.startTestSuite(TestCaseMain.java:157)
	at com.kms.katalon.core.main.TestCaseMain$startTestSuite$0.call(Unknown Source)
	at TempTestSuite1562830999925.run(TempTestSuite1562830999925.groovy:35)]]></system-err>
   </testsuite>
</testsuites>
