<?xml version="1.0" encoding="UTF-8"?>
<testsuites name="EEBM_SmokeTest" time="780" tests="5" failures="0" errors="0">
   <testsuite name="EEBM_SmokeTest" tests="5" failures="0" errors="0" time="780" timestamp="2019-06-26 16:09:29" hostname="promantus inc - G10PROLT025" id="Test Suites/EEBM_SmokeTest">
      <properties>
         <property name="deviceName" value=""/>
         <property name="devicePlatform" value=""/>
         <property name="logFolder" value="H:\\Git Projects\\Usgbc_LeedOnline_ScoreCard\\Usgbc_LeedOnline_ScoreCard\\Reports\\EEBM_SmokeTest\\20190626_160918"/>
         <property name="logFiles" value="H:\\Git Projects\\Usgbc_LeedOnline_ScoreCard\\Usgbc_LeedOnline_ScoreCard\\Reports\\EEBM_SmokeTest\\20190626_160918\\execution0.log"/>
         <property name="attachments" value=""/>
         <property name="hostName" value="promantus inc - G10PROLT025"/>
         <property name="os" value="Windows 10 64bit"/>
         <property name="katalonVersion" value="6.1.3.3"/>
         <property name="browser" value="Chrome 75.0.3770.100"/>
         <property name="hostAddress" value="192.168.232.1"/>
         <property name="sessionId" value="89bf2a1a5539ff9cf7b6897e349f86ac"/>
         <property name="seleniumVersion" value="3.7.1"/>
         <property name="proxyInformation" value="ProxyInformation{proxyOption=NO_PROXY, proxyServerType=HTTP, password=, proxyServerAddress=, proxyServerPort=0}"/>
         <property name="platform" value="Windows 10"/>
      </properties>
      <testcase name="Test Cases/EnergyEfficiencyBestManagementPractices/TC_EEBM_EnergyEfficiencyBestMgmt" classname="Test Cases/EnergyEfficiencyBestManagementPractices/TC_EEBM_EnergyEfficiencyBestMgmt" status="PASSED">
         <system-out><![CDATA[2019-06-26 16:09:29 - [TEST_CASE][PASSED] - Test Cases/EnergyEfficiencyBestManagementPractices/TC_EEBM_EnergyEfficiencyBestMgmt: Test Cases/EnergyEfficiencyBestManagementPractices/TC_EEBM_EnergyEfficiencyBestMgmt

2019-06-26 16:09:29 - [TEST_STEP][PASSED] - Start listener action : sampleBeforeTestCase: null

2019-06-26 16:09:29 - [TEST_STEP][PASSED] - openBrowser(""): Browser is opened with url: ''

2019-06-26 16:09:29 - [MESSAGE][INFO] - Starting 'Chrome' driver

2019-06-26 16:09:29 - [MESSAGE][INFO] - User set preference: ['args', '[--window-size=1920,1080]']

2019-06-26 16:09:29 - [MESSAGE][INFO] - Action delay is set to 0 seconds

2019-06-26 16:09:34 - [MESSAGE][PASSED] - Browser is opened with url: ''

2019-06-26 16:09:34 - [TEST_STEP][PASSED] - driver = getWebDriver(): null

2019-06-26 16:09:34 - [TEST_STEP][PASSED] - println("The driver is ########### " + driver): null

2019-06-26 16:09:34 - [TEST_STEP][PASSED] - downloadPath = "H:\Git Projects\Usgbc_LeedOnline_ScoreCard\Usgbc_LeedOnline_ScoreCard\Include\TestData\DownloadedFiles": null

2019-06-26 16:09:34 - [TEST_STEP][PASSED] - projectKeywords().sendCommandForDownloadChromeHeadLess(driver.getCommandExecutor(), driver.getSessionId(), downloadPath): null

2019-06-26 16:09:35 - [TEST_STEP][PASSED] - runWithCucumberRunner(energyEfficiencyBestManagementPractices.Runner_EEBM_EnergyEfficiencyBestMgmt): Run with 'energyEfficiencyBestManagementPractices.Runner_EEBM_EnergyEfficiencyBestMgmt' was passed

2019-06-26 16:09:38 - [TEST_CASE][PASSED] - Test Cases/EnergyEfficiencyBestManagementPractices/TC_EEBM_Navigation: Test Cases/EnergyEfficiencyBestManagementPractices/TC_EEBM_Navigation

2019-06-26 16:09:38 - [TEST_STEP][PASSED] - runWithCucumberRunner(energyEfficiencyBestManagementPractices.Runner_EEBM_Navigation): Run with 'energyEfficiencyBestManagementPractices.Runner_EEBM_Navigation' was passed

2019-06-26 16:09:40 - [TEST_CASE][PASSED] - Test Cases/Login/TC_Login: Test Cases/Login/TC_Login

2019-06-26 16:09:40 - [TEST_STEP][PASSED] - runWithCucumberRunner(common.Runner_Login): Run with 'common.Runner_Login' was passed

2019-06-26 16:09:44 - [MESSAGE][PASSED] - Navigate to 'https://leedonline-stg.usgbc.org' successfully

2019-06-26 16:09:46 - [MESSAGE][PASSED] - Delayed 2 second(s)

2019-06-26 16:09:47 - [MESSAGE][PASSED] - Text 'automationbdd1@gmail.com' is set on object 'Object Repository/Login/input_username'

2019-06-26 16:09:47 - [MESSAGE][PASSED] - Text 'initpass' is set on object 'Object Repository/Login/input_password'

2019-06-26 16:09:50 - [MESSAGE][PASSED] - Delayed 3 second(s)

2019-06-26 16:09:50 - [MESSAGE][PASSED] - Scroll to object 'Object Repository/Login/span_End User License Agreement' successfully

2019-06-26 16:09:50 - [MESSAGE][PASSED] - Object 'Object Repository/Login/span_End User License Agreement' is visible

2019-06-26 16:09:50 - [MESSAGE][PASSED] - Object 'Object Repository/Login/span_End User License Agreement' is checked

2019-06-26 16:09:51 - [MESSAGE][PASSED] - Delayed 1 second(s)

2019-06-26 16:09:51 - [MESSAGE][PASSED] - Object: 'Object Repository/Login/button_Log In' is clicked on

2019-06-26 16:10:00 - [MESSAGE][PASSED] - Object: '' is clicked on

2019-06-26 16:10:02 - [MESSAGE][PASSED] - Object: 'Object Repository/Login/a_Credits' is clicked on

2019-06-26 16:10:02 - [MESSAGE][PASSED] - Run with 'common.Runner_Login' was passed

2019-06-26 16:10:02 - [MESSAGE][PASSED] - Call Test Case 'Test Cases/Login/TC_Login' successfully

2019-06-26 16:10:02 - [MESSAGE][PASSED] - Scroll to object 'Object Repository/EnergyEfficiencyBestManagementpractices/EEBM_Navigation/div_Energy Efficiency Best Management Practices' successfully

2019-06-26 16:10:02 - [MESSAGE][PASSED] - Object 'Object Repository/EnergyEfficiencyBestManagementpractices/EEBM_Navigation/div_Energy Efficiency Best Management Practices' is present

2019-06-26 16:10:02 - [MESSAGE][PASSED] - Text of object 'Object Repository/EnergyEfficiencyBestManagementpractices/EEBM_Navigation/h3_Status' is: 'ATTEMPTED'

2019-06-26 16:10:02 - [MESSAGE][PASSED] - Text of object 'Object Repository/EnergyEfficiencyBestManagementpractices/EEBM_Navigation/divval' is: 'ATTEMPTED'

2019-06-26 16:10:02 - [MESSAGE][PASSED] - Text of object 'Object Repository/EnergyEfficiencyBestManagementpractices/EEBM_Navigation/h3_Status' is: 'ATTEMPTED'

2019-06-26 16:10:02 - [MESSAGE][PASSED] - Object: 'Object Repository/EnergyEfficiencyBestManagementpractices/EEBM_Navigation/div_Energy Efficiency Best Management Practices' is clicked on

2019-06-26 16:10:05 - [MESSAGE][PASSED] - Delayed 3 second(s)

2019-06-26 16:10:11 - [MESSAGE][PASSED] - Object: 'Object Repository/EnergyEfficiencyBestManagementpractices/EEBM_Navigation/span_(V01)' is clicked on

2019-06-26 16:10:11 - [MESSAGE][PASSED] - Object 'Object Repository/EnergyEfficiencyBestManagementpractices/EEBM_Navigation/div_EnergyEfficiencyBestManagement_Credit' is present

2019-06-26 16:10:11 - [MESSAGE][PASSED] - Run with 'energyEfficiencyBestManagementPractices.Runner_EEBM_Navigation' was passed

2019-06-26 16:10:11 - [MESSAGE][PASSED] - Call Test Case 'Test Cases/EnergyEfficiencyBestManagementPractices/TC_EEBM_Navigation' successfully

2019-06-26 16:10:11 - [MESSAGE][PASSED] - Object 'Object Repository/EnergyEfficiencyBestManagementpractices/checkbox_date_EEBM/input' is present

2019-06-26 16:10:11 - [MESSAGE][PASSED] - Object 'Object Repository/EnergyEfficiencyBestManagementpractices/checkbox_date_EEBM/input' is checked

2019-06-26 16:10:13 - [MESSAGE][PASSED] - Delayed 2 second(s)

2019-06-26 16:10:13 - [MESSAGE][PASSED] - Object 'Object Repository/EnergyEfficiencyBestManagementpractices/checkbox_date_EEBM/input' is checked

2019-06-26 16:10:13 - [MESSAGE][WARNING] - Timeout '0' is invalid. Using default page load timeout: '30'

2019-06-26 16:10:13 - [MESSAGE][PASSED] - Scroll to object 'Object Repository/EnergyEfficiencyBestManagementpractices/checkbox_date_EEBM/div_Date of Audit' successfully

2019-06-26 16:10:13 - [MESSAGE][PASSED] - Object 'Object Repository/EnergyEfficiencyBestManagementpractices/checkbox_date_EEBM/div_Date of Audit' is present

2019-06-26 16:10:13 - [MESSAGE][PASSED] - Object: 'Object Repository/EnergyEfficiencyBestManagementpractices/checkbox_date_EEBM/input_date' is clicked on

2019-06-26 16:10:14 - [MESSAGE][PASSED] - Object: 'Object Repository/EnergyEfficiencyBestManagementpractices/checkbox_date_EEBM/span_18' is clicked on

2019-06-26 16:10:14 - [MESSAGE][PASSED] - Attribute 'value' of object 'Object Repository/EnergyEfficiencyBestManagementpractices/checkbox_date_EEBM/input_date' is: '13 Jun 2019'

2019-06-26 16:10:14 - [MESSAGE][PASSED] - Object 'Object Repository/EnergyEfficiencyBestManagementpractices/AddFile_ASHRAE_preliminary/p_Upload the ASHRAE preliminary' is present

2019-06-26 16:10:14 - [MESSAGE][PASSED] - Scroll to object 'Object Repository/EnergyEfficiencyBestManagementpractices/AddFile_ASHRAE_preliminary/p_Upload the ASHRAE preliminary' successfully

2019-06-26 16:10:14 - [MESSAGE][PASSED] - Object 'Object Repository/EnergyEfficiencyBestManagementpractices/AddFile_ASHRAE_preliminary/Button_ASHRAE_priliminary' has attribute 'class' with value 'tiny ui button'

2019-06-26 16:10:14 - [MESSAGE][PASSED] - File 'H:\Git Projects\Usgbc_LeedOnline_ScoreCard\Usgbc_LeedOnline_ScoreCard\Include\TestData\MultipleFileDiffExt\SampleGIFImage_350kbmb.gif' sent to object: 'Object Repository/EnergyEfficiencyBestManagementpractices/AddFile_ASHRAE_preliminary/input_ASHRAE_preliminary'

2019-06-26 16:10:15 - [MESSAGE][PASSED] - Delayed 1 second(s)

2019-06-26 16:10:17 - [MESSAGE][PASSED] - Object 'Object Repository/EnergyEfficiencyBestManagementpractices/AddFile_ASHRAE_preliminary/Button_ASHRAE_priliminary' has attribute 'class' with value 'tiny ui button'

2019-06-26 16:10:17 - [MESSAGE][PASSED] - File 'H:\Git Projects\Usgbc_LeedOnline_ScoreCard\Usgbc_LeedOnline_ScoreCard\Include\TestData\MultipleFileDiffExt\SamplePPTFile_1000kb.ppt' sent to object: 'Object Repository/EnergyEfficiencyBestManagementpractices/AddFile_ASHRAE_preliminary/input_ASHRAE_preliminary'

2019-06-26 16:10:18 - [MESSAGE][PASSED] - Delayed 1 second(s)

2019-06-26 16:10:29 - [MESSAGE][PASSED] - Object 'Object Repository/EnergyEfficiencyBestManagementpractices/AddFile_ASHRAE_preliminary/Button_ASHRAE_priliminary' has attribute 'class' with value 'tiny ui button'

2019-06-26 16:10:29 - [MESSAGE][PASSED] - File 'H:\Git Projects\Usgbc_LeedOnline_ScoreCard\Usgbc_LeedOnline_ScoreCard\Include\TestData\MultipleFileDiffExt\ZZ.pdf' sent to object: 'Object Repository/EnergyEfficiencyBestManagementpractices/AddFile_ASHRAE_preliminary/input_ASHRAE_preliminary'

2019-06-26 16:10:30 - [MESSAGE][PASSED] - Delayed 1 second(s)

2019-06-26 16:10:30 - [MESSAGE][PASSED] - Object 'Object Repository/EnergyEfficiencyBestManagementpractices/AddFile_CFR/p_current_facility_requirements' is present

2019-06-26 16:10:30 - [MESSAGE][PASSED] - Scroll to object 'Object Repository/EnergyEfficiencyBestManagementpractices/AddFile_CFR/p_current_facility_requirements' successfully

2019-06-26 16:10:30 - [MESSAGE][PASSED] - Object 'Object Repository/EnergyEfficiencyBestManagementpractices/AddFile_CFR/Button_CFR' has attribute 'class' with value 'tiny ui button'

2019-06-26 16:10:30 - [MESSAGE][PASSED] - File 'H:\Git Projects\Usgbc_LeedOnline_ScoreCard\Usgbc_LeedOnline_ScoreCard\Include\TestData\MultipleFileDiffExt\SampleGIFImage_350kbmb.gif' sent to object: 'Object Repository/EnergyEfficiencyBestManagementpractices/AddFile_CFR/input_current_facility_requirements'

2019-06-26 16:10:31 - [MESSAGE][PASSED] - Delayed 1 second(s)

2019-06-26 16:10:34 - [MESSAGE][PASSED] - Object 'Object Repository/EnergyEfficiencyBestManagementpractices/AddFile_CFR/Button_CFR' has attribute 'class' with value 'tiny ui button'

2019-06-26 16:10:34 - [MESSAGE][PASSED] - File 'H:\Git Projects\Usgbc_LeedOnline_ScoreCard\Usgbc_LeedOnline_ScoreCard\Include\TestData\MultipleFileDiffExt\SamplePPTFile_1000kb.ppt' sent to object: 'Object Repository/EnergyEfficiencyBestManagementpractices/AddFile_CFR/input_current_facility_requirements'

2019-06-26 16:10:35 - [MESSAGE][PASSED] - Delayed 1 second(s)

2019-06-26 16:10:39 - [MESSAGE][PASSED] - Object 'Object Repository/EnergyEfficiencyBestManagementpractices/AddFile_CFR/Button_CFR' has attribute 'class' with value 'tiny ui button'

2019-06-26 16:10:39 - [MESSAGE][PASSED] - File 'H:\Git Projects\Usgbc_LeedOnline_ScoreCard\Usgbc_LeedOnline_ScoreCard\Include\TestData\MultipleFileDiffExt\ZZ.pdf' sent to object: 'Object Repository/EnergyEfficiencyBestManagementpractices/AddFile_CFR/input_current_facility_requirements'

2019-06-26 16:10:40 - [MESSAGE][PASSED] - Delayed 1 second(s)

2019-06-26 16:10:40 - [MESSAGE][PASSED] - Object 'Object Repository/EnergyEfficiencyBestManagementpractices/AddFile_DC_Pro/p_DC_Pro' is present

2019-06-26 16:10:40 - [MESSAGE][PASSED] - Scroll to object 'Object Repository/EnergyEfficiencyBestManagementpractices/AddFile_DC_Pro/p_DC_Pro' successfully

2019-06-26 16:10:40 - [MESSAGE][PASSED] - Object 'Object Repository/EnergyEfficiencyBestManagementpractices/AddFile_DC_Pro/Button_DC_Pro' has attribute 'class' with value 'tiny ui button'

2019-06-26 16:10:40 - [MESSAGE][PASSED] - File 'H:\Git Projects\Usgbc_LeedOnline_ScoreCard\Usgbc_LeedOnline_ScoreCard\Include\TestData\MultipleFileDiffExt\SampleGIFImage_350kbmb.gif' sent to object: 'Object Repository/EnergyEfficiencyBestManagementpractices/AddFile_DC_Pro/input_DC_Pro'

2019-06-26 16:10:41 - [MESSAGE][PASSED] - Delayed 1 second(s)

2019-06-26 16:10:43 - [MESSAGE][PASSED] - Object 'Object Repository/EnergyEfficiencyBestManagementpractices/AddFile_DC_Pro/Button_DC_Pro' has attribute 'class' with value 'tiny ui button'

2019-06-26 16:10:43 - [MESSAGE][PASSED] - File 'H:\Git Projects\Usgbc_LeedOnline_ScoreCard\Usgbc_LeedOnline_ScoreCard\Include\TestData\MultipleFileDiffExt\SamplePPTFile_1000kb.ppt' sent to object: 'Object Repository/EnergyEfficiencyBestManagementpractices/AddFile_DC_Pro/input_DC_Pro'

2019-06-26 16:10:44 - [MESSAGE][PASSED] - Delayed 1 second(s)

2019-06-26 16:10:48 - [MESSAGE][PASSED] - Object 'Object Repository/EnergyEfficiencyBestManagementpractices/AddFile_DC_Pro/Button_DC_Pro' has attribute 'class' with value 'tiny ui button'

2019-06-26 16:10:48 - [MESSAGE][PASSED] - File 'H:\Git Projects\Usgbc_LeedOnline_ScoreCard\Usgbc_LeedOnline_ScoreCard\Include\TestData\MultipleFileDiffExt\ZZ.pdf' sent to object: 'Object Repository/EnergyEfficiencyBestManagementpractices/AddFile_DC_Pro/input_DC_Pro'

2019-06-26 16:10:49 - [MESSAGE][PASSED] - Delayed 1 second(s)

2019-06-26 16:10:49 - [MESSAGE][PASSED] - Object 'Object Repository/EnergyEfficiencyBestManagementpractices/Special Circumstances/AddFile_additionalDoc/p_Upload any additional documentation' is present

2019-06-26 16:10:49 - [MESSAGE][PASSED] - Scroll to object 'Object Repository/EnergyEfficiencyBestManagementpractices/Special Circumstances/AddFile_additionalDoc/p_Upload any additional documentation' successfully

2019-06-26 16:10:50 - [MESSAGE][PASSED] - Object 'Object Repository/EnergyEfficiencyBestManagementpractices/Special Circumstances/AddFile_additionalDoc/Button_additionalDoc' has attribute 'class' with value 'tiny ui button'

2019-06-26 16:10:50 - [MESSAGE][PASSED] - File 'H:\Git Projects\Usgbc_LeedOnline_ScoreCard\Usgbc_LeedOnline_ScoreCard\Include\TestData\MultipleFileDiffExt\SampleGIFImage_350kbmb.gif' sent to object: 'Object Repository/EnergyEfficiencyBestManagementpractices/Special Circumstances/AddFile_additionalDoc/input_additionalDoc'

2019-06-26 16:10:51 - [MESSAGE][PASSED] - Delayed 1 second(s)

2019-06-26 16:10:52 - [MESSAGE][PASSED] - Object 'Object Repository/EnergyEfficiencyBestManagementpractices/Special Circumstances/AddFile_additionalDoc/Button_additionalDoc' has attribute 'class' with value 'tiny ui button'

2019-06-26 16:10:52 - [MESSAGE][PASSED] - File 'H:\Git Projects\Usgbc_LeedOnline_ScoreCard\Usgbc_LeedOnline_ScoreCard\Include\TestData\MultipleFileDiffExt\SamplePPTFile_1000kb.ppt' sent to object: 'Object Repository/EnergyEfficiencyBestManagementpractices/Special Circumstances/AddFile_additionalDoc/input_additionalDoc'

2019-06-26 16:10:53 - [MESSAGE][PASSED] - Delayed 1 second(s)

2019-06-26 16:10:57 - [MESSAGE][PASSED] - Object 'Object Repository/EnergyEfficiencyBestManagementpractices/Special Circumstances/AddFile_additionalDoc/Button_additionalDoc' has attribute 'class' with value 'tiny ui button'

2019-06-26 16:10:57 - [MESSAGE][PASSED] - File 'H:\Git Projects\Usgbc_LeedOnline_ScoreCard\Usgbc_LeedOnline_ScoreCard\Include\TestData\MultipleFileDiffExt\ZZ.pdf' sent to object: 'Object Repository/EnergyEfficiencyBestManagementpractices/Special Circumstances/AddFile_additionalDoc/input_additionalDoc'

2019-06-26 16:10:58 - [MESSAGE][PASSED] - Delayed 1 second(s)

2019-06-26 16:10:58 - [MESSAGE][PASSED] - Scroll to object 'Object Repository/EnergyEfficiencyBestManagementpractices/Special Circumstances/EditorBox_splCircum/p_EditorBox' successfully

2019-06-26 16:10:58 - [MESSAGE][PASSED] - Object 'Object Repository/EnergyEfficiencyBestManagementpractices/Special Circumstances/EditorBox_splCircum/p_EditorBox' is present

2019-06-26 16:11:05 - [MESSAGE][PASSED] - Text 'Known that everybody have the personal aim. It is defferent . For example, there are some people think that the most important thing in them life is career. While there are other people think that is family. me too. The most important thing with my life is my small and big family. Because I see the mind is the most important. Let think that if you are verry rich while you alway are worry and sad, you will feel not happy. So I think we should spend many time for looking after our family. When we have a happy family, we will have power to try. At that time we will work better. How do you think. Anna and Henry go to the doctor. Anna has an ultrasound scan. 9V2MI' is set on object 'Object Repository/EnergyEfficiencyBestManagementpractices/Special Circumstances/EditorBox_splCircum/body_splCircum'

2019-06-26 16:11:08 - [MESSAGE][PASSED] - Delayed 3 second(s)

2019-06-26 16:11:09 - [MESSAGE][PASSED] - Text of object 'Object Repository/EnergyEfficiencyBestManagementpractices/Special Circumstances/EditorBox_splCircum/body_splCircum' is: 'Known that everybody have the personal aim. It is defferent . For example, there are some people think that the most important thing in them life is career. While there are other people think that is family. me too. The most important thing with my life is my small and big family. Because I see the mind is the most important. Let think that if you are verry rich while you alway are worry and sad, you will feel not happy. So I think we should spend many time for looking after our family. When we have a happy family, we will have power to try. At that time we will work better. How do you think. Anna and Henry go to the doctor. Anna has an ultrasound scan. 9V2MI'

2019-06-26 16:11:09 - [MESSAGE][PASSED] - Actual text 'Known that everybody have the personal aim. It is defferent . For example, there are some people think that the most important thing in them life is career. While there are other people think that is family. me too. The most important thing with my life is my small and big family. Because I see the mind is the most important. Let think that if you are verry rich while you alway are worry and sad, you will feel not happy. So I think we should spend many time for looking after our family. When we have a happy family, we will have power to try. At that time we will work better. How do you think. Anna and Henry go to the doctor. Anna has an ultrasound scan. 9V2MI' and expected text 'Known that everybody have the personal aim. It is defferent . For example, there are some people think that the most important thing in them life is career. While there are other people think that is family. me too. The most important thing with my life is my small and big family. Because I see the mind is the most important. Let think that if you are verry rich while you alway are worry and sad, you will feel not happy. So I think we should spend many time for looking after our family. When we have a happy family, we will have power to try. At that time we will work better. How do you think. Anna and Henry go to the doctor. Anna has an ultrasound scan. 9V2MI' are matched 

2019-06-26 16:11:19 - [MESSAGE][PASSED] - Delayed 10 second(s)

2019-06-26 16:11:19 - [MESSAGE][PASSED] - Scroll to object 'Object Repository/EnergyEfficiencyBestManagementpractices/btn_Save' successfully

2019-06-26 16:11:19 - [MESSAGE][PASSED] - Object 'Object Repository/EnergyEfficiencyBestManagementpractices/btn_Save' is visible

2019-06-26 16:11:19 - [MESSAGE][PASSED] - Object: 'Object Repository/EnergyEfficiencyBestManagementpractices/btn_Save' is clicked on

2019-06-26 16:11:21 - [MESSAGE][PASSED] - Delayed 2 second(s)

2019-06-26 16:11:21 - [MESSAGE][PASSED] - Text 'Form data saved successfully.' is present on page 

2019-06-26 16:11:21 - [MESSAGE][PASSED] - Scroll to object 'Object Repository/EnergyEfficiencyBestManagementpractices/icon_pdf' successfully

2019-06-26 16:11:21 - [MESSAGE][PASSED] - Object 'Object Repository/EnergyEfficiencyBestManagementpractices/icon_pdf' is present

2019-06-26 16:11:26 - [MESSAGE][PASSED] - Delayed 5 second(s)

2019-06-26 16:11:27 - [MESSAGE][PASSED] - Object: 'Object Repository/EnergyEfficiencyBestManagementpractices/icon_pdf' is clicked on

2019-06-26 16:11:37 - [MESSAGE][PASSED] - Delayed 10 second(s)

2019-06-26 16:11:37 - [MESSAGE][PASSED] - Attribute 'value' of object 'Object Repository/EnergyEfficiencyBestManagementpractices/checkbox_date_EEBM/input_date' is: '13 Jun 2019'

2019-06-26 16:11:41 - [MESSAGE][PASSED] - Delayed 3 second(s)

2019-06-26 16:11:47 - [MESSAGE][PASSED] - Delayed 5 second(s)

2019-06-26 16:11:47 - [MESSAGE][PASSED] - Scroll to object 'Object Repository/EnergyEfficiencyBestManagementpractices/AddFile_ASHRAE_preliminary/p_Upload the ASHRAE preliminary' successfully

2019-06-26 16:11:49 - [MESSAGE][PASSED] - Delayed 2 second(s)

2019-06-26 16:11:55 - [MESSAGE][PASSED] - Delayed 5 second(s)

2019-06-26 16:11:55 - [MESSAGE][PASSED] - Scroll to object 'Object Repository/EnergyEfficiencyBestManagementpractices/AddFile_CFR/p_current_facility_requirements' successfully

2019-06-26 16:11:57 - [MESSAGE][PASSED] - Delayed 2 second(s)

2019-06-26 16:12:02 - [MESSAGE][PASSED] - Delayed 5 second(s)

2019-06-26 16:12:02 - [MESSAGE][PASSED] - Scroll to object 'Object Repository/EnergyEfficiencyBestManagementpractices/AddFile_DC_Pro/p_DC_Pro' successfully

2019-06-26 16:12:05 - [MESSAGE][PASSED] - Delayed 2 second(s)

2019-06-26 16:12:10 - [MESSAGE][PASSED] - Delayed 5 second(s)

2019-06-26 16:12:10 - [MESSAGE][PASSED] - Scroll to object 'Object Repository/EnergyEfficiencyBestManagementpractices/Special Circumstances/AddFile_additionalDoc/p_Upload any additional documentation' successfully

2019-06-26 16:12:12 - [MESSAGE][PASSED] - Delayed 2 second(s)

2019-06-26 16:12:17 - [MESSAGE][PASSED] - Delayed 5 second(s)

2019-06-26 16:12:17 - [MESSAGE][PASSED] - Scroll to object 'Object Repository/EnergyEfficiencyBestManagementpractices/Special Circumstances/EditorBox_splCircum/p_EditorBox' successfully

2019-06-26 16:12:18 - [MESSAGE][PASSED] - Text of object 'Object Repository/EnergyEfficiencyBestManagementpractices/Special Circumstances/EditorBox_splCircum/body_splCircum' is: 'Known that everybody have the personal aim. It is defferent . For example, there are some people think that the most important thing in them life is career. While there are other people think that is family. me too. The most important thing with my life is my small and big family. Because I see the mind is the most important. Let think that if you are verry rich while you alway are worry and sad, you will feel not happy. So I think we should spend many time for looking after our family. When we have a happy family, we will have power to try. At that time we will work better. How do you think. Anna and Henry go to the doctor. Anna has an ultrasound scan. 9V2MI'

2019-06-26 16:12:20 - [MESSAGE][PASSED] - Delayed 2 second(s)

2019-06-26 16:12:20 - [MESSAGE][PASSED] - Refresh successfully

2019-06-26 16:12:21 - [MESSAGE][PASSED] - Text of object 'Object Repository/EnergyEfficiencyBestManagementpractices/Special Circumstances/EditorBox_splCircum/body_splCircum' is: 'Known that everybody have the personal aim. It is defferent . For example, there are some people think that the most important thing in them life is career. While there are other people think that is family. me too. The most important thing with my life is my small and big family. Because I see the mind is the most important. Let think that if you are verry rich while you alway are worry and sad, you will feel not happy. So I think we should spend many time for looking after our family. When we have a happy family, we will have power to try. At that time we will work better. How do you think. Anna and Henry go to the doctor. Anna has an ultrasound scan. 9V2MI'

2019-06-26 16:12:21 - [MESSAGE][PASSED] - Actual text 'Known that everybody have the personal aim. It is defferent . For example, there are some people think that the most important thing in them life is career. While there are other people think that is family. me too. The most important thing with my life is my small and big family. Because I see the mind is the most important. Let think that if you are verry rich while you alway are worry and sad, you will feel not happy. So I think we should spend many time for looking after our family. When we have a happy family, we will have power to try. At that time we will work better. How do you think. Anna and Henry go to the doctor. Anna has an ultrasound scan. 9V2MI' and expected text 'Known that everybody have the personal aim. It is defferent . For example, there are some people think that the most important thing in them life is career. While there are other people think that is family. me too. The most important thing with my life is my small and big family. Because I see the mind is the most important. Let think that if you are verry rich while you alway are worry and sad, you will feel not happy. So I think we should spend many time for looking after our family. When we have a happy family, we will have power to try. At that time we will work better. How do you think. Anna and Henry go to the doctor. Anna has an ultrasound scan. 9V2MI' are matched 

2019-06-26 16:12:21 - [MESSAGE][PASSED] - Run with 'energyEfficiencyBestManagementPractices.Runner_EEBM_EnergyEfficiencyBestMgmt' was passed

2019-06-26 16:12:21 - [TEST_STEP][PASSED] - Start listener action : sampleAfterTestCase: Browser is closed

2019-06-26 16:12:21 - [TEST_STEP][PASSED] - closeBrowser(): Browser is closed

2019-06-26 16:12:22 - [MESSAGE][PASSED] - Browser is closed]]></system-out>
         <system-err><![CDATA[]]></system-err>
      </testcase>
      <testcase name="Test Cases/EnergyEfficiencyBestManagementPractices/TC_EEBM_VerifyUploadedFiles" classname="Test Cases/EnergyEfficiencyBestManagementPractices/TC_EEBM_VerifyUploadedFiles" status="PASSED">
         <system-out><![CDATA[2019-06-26 16:12:22 - [TEST_CASE][PASSED] - Test Cases/EnergyEfficiencyBestManagementPractices/TC_EEBM_VerifyUploadedFiles: Test Cases/EnergyEfficiencyBestManagementPractices/TC_EEBM_VerifyUploadedFiles

2019-06-26 16:12:22 - [TEST_STEP][PASSED] - Start listener action : sampleBeforeTestCase: null

2019-06-26 16:12:22 - [TEST_STEP][PASSED] - openBrowser(""): Browser is opened with url: ''

2019-06-26 16:12:22 - [MESSAGE][INFO] - Starting 'Chrome' driver

2019-06-26 16:12:22 - [MESSAGE][INFO] - User set preference: ['args', '[--window-size=1920,1080]']

2019-06-26 16:12:26 - [MESSAGE][PASSED] - Browser is opened with url: ''

2019-06-26 16:12:26 - [TEST_STEP][PASSED] - driver = getWebDriver(): null

2019-06-26 16:12:26 - [TEST_STEP][PASSED] - println("The driver is ########### " + driver): null

2019-06-26 16:12:26 - [TEST_STEP][PASSED] - downloadPath = "H:\Git Projects\Usgbc_LeedOnline_ScoreCard\Usgbc_LeedOnline_ScoreCard\Include\TestData\DownloadedFiles": null

2019-06-26 16:12:26 - [TEST_STEP][PASSED] - projectKeywords().sendCommandForDownloadChromeHeadLess(driver.getCommandExecutor(), driver.getSessionId(), downloadPath): null

2019-06-26 16:12:26 - [TEST_STEP][PASSED] - runWithCucumberRunner(energyEfficiencyBestManagementPractices.Runner_EEBM_VerifyUploadedFiles): Run with 'energyEfficiencyBestManagementPractices.Runner_EEBM_VerifyUploadedFiles' was passed

2019-06-26 16:12:27 - [TEST_CASE][PASSED] - Test Cases/EnergyEfficiencyBestManagementPractices/TC_EEBM_Navigation: Test Cases/EnergyEfficiencyBestManagementPractices/TC_EEBM_Navigation

2019-06-26 16:12:27 - [TEST_STEP][PASSED] - runWithCucumberRunner(energyEfficiencyBestManagementPractices.Runner_EEBM_Navigation): Run with 'energyEfficiencyBestManagementPractices.Runner_EEBM_Navigation' was passed

2019-06-26 16:12:28 - [TEST_CASE][PASSED] - Test Cases/Login/TC_Login: Test Cases/Login/TC_Login

2019-06-26 16:12:28 - [TEST_STEP][PASSED] - runWithCucumberRunner(common.Runner_Login): Run with 'common.Runner_Login' was passed

2019-06-26 16:12:32 - [MESSAGE][PASSED] - Navigate to 'https://leedonline-stg.usgbc.org' successfully

2019-06-26 16:12:34 - [MESSAGE][PASSED] - Delayed 2 second(s)

2019-06-26 16:12:34 - [MESSAGE][PASSED] - Text 'automationbdd1@gmail.com' is set on object 'Object Repository/Login/input_username'

2019-06-26 16:12:35 - [MESSAGE][PASSED] - Text 'initpass' is set on object 'Object Repository/Login/input_password'

2019-06-26 16:12:38 - [MESSAGE][PASSED] - Delayed 3 second(s)

2019-06-26 16:12:38 - [MESSAGE][PASSED] - Scroll to object 'Object Repository/Login/span_End User License Agreement' successfully

2019-06-26 16:12:38 - [MESSAGE][PASSED] - Object 'Object Repository/Login/span_End User License Agreement' is visible

2019-06-26 16:12:38 - [MESSAGE][PASSED] - Object 'Object Repository/Login/span_End User License Agreement' is checked

2019-06-26 16:12:39 - [MESSAGE][PASSED] - Delayed 1 second(s)

2019-06-26 16:12:39 - [MESSAGE][PASSED] - Object: 'Object Repository/Login/button_Log In' is clicked on

2019-06-26 16:12:47 - [MESSAGE][PASSED] - Object: '' is clicked on

2019-06-26 16:12:49 - [MESSAGE][PASSED] - Object: 'Object Repository/Login/a_Credits' is clicked on

2019-06-26 16:12:49 - [MESSAGE][PASSED] - Run with 'common.Runner_Login' was passed

2019-06-26 16:12:49 - [MESSAGE][PASSED] - Call Test Case 'Test Cases/Login/TC_Login' successfully

2019-06-26 16:12:49 - [MESSAGE][PASSED] - Scroll to object 'Object Repository/EnergyEfficiencyBestManagementpractices/EEBM_Navigation/div_Energy Efficiency Best Management Practices' successfully

2019-06-26 16:12:49 - [MESSAGE][PASSED] - Object 'Object Repository/EnergyEfficiencyBestManagementpractices/EEBM_Navigation/div_Energy Efficiency Best Management Practices' is present

2019-06-26 16:12:49 - [MESSAGE][PASSED] - Text of object 'Object Repository/EnergyEfficiencyBestManagementpractices/EEBM_Navigation/h3_Status' is: 'ATTEMPTED'

2019-06-26 16:12:49 - [MESSAGE][PASSED] - Text of object 'Object Repository/EnergyEfficiencyBestManagementpractices/EEBM_Navigation/divval' is: 'ATTEMPTED'

2019-06-26 16:12:49 - [MESSAGE][PASSED] - Text of object 'Object Repository/EnergyEfficiencyBestManagementpractices/EEBM_Navigation/h3_Status' is: 'ATTEMPTED'

2019-06-26 16:12:50 - [MESSAGE][PASSED] - Object: 'Object Repository/EnergyEfficiencyBestManagementpractices/EEBM_Navigation/div_Energy Efficiency Best Management Practices' is clicked on

2019-06-26 16:12:53 - [MESSAGE][PASSED] - Delayed 3 second(s)

2019-06-26 16:12:57 - [MESSAGE][PASSED] - Object: 'Object Repository/EnergyEfficiencyBestManagementpractices/EEBM_Navigation/span_(V01)' is clicked on

2019-06-26 16:12:58 - [MESSAGE][PASSED] - Object 'Object Repository/EnergyEfficiencyBestManagementpractices/EEBM_Navigation/div_EnergyEfficiencyBestManagement_Credit' is present

2019-06-26 16:12:58 - [MESSAGE][PASSED] - Run with 'energyEfficiencyBestManagementPractices.Runner_EEBM_Navigation' was passed

2019-06-26 16:12:58 - [MESSAGE][PASSED] - Call Test Case 'Test Cases/EnergyEfficiencyBestManagementPractices/TC_EEBM_Navigation' successfully

2019-06-26 16:12:58 - [MESSAGE][PASSED] - Scroll to object 'Object Repository/EnergyEfficiencyBestManagementpractices/AddFile_ASHRAE_preliminary/table_ASHRAE_preliminary' successfully

2019-06-26 16:12:58 - [MESSAGE][PASSED] - Object 'Object Repository/EnergyEfficiencyBestManagementpractices/AddFile_ASHRAE_preliminary/table_ASHRAE_preliminary' is present

2019-06-26 16:12:59 - [MESSAGE][PASSED] - Text of object '' is: 'SampleGIFImage_350kbmb.gif'

2019-06-26 16:12:59 - [MESSAGE][PASSED] - SampleGIFImage_350kbmb.gif is equal to SampleGIFImage_350kbmb.gif

2019-06-26 16:12:59 - [MESSAGE][PASSED] - Actual text 'SampleGIFImage_350kbmb.gif' and expected text 'SampleGIFImage_350kbmb.gif' are matched 

2019-06-26 16:12:59 - [MESSAGE][PASSED] - Text of object '' is: 'SamplePPTFile_1000kb.ppt'

2019-06-26 16:12:59 - [MESSAGE][PASSED] - SamplePPTFile_1000kb.ppt is equal to SamplePPTFile_1000kb.ppt

2019-06-26 16:12:59 - [MESSAGE][PASSED] - Actual text 'SamplePPTFile_1000kb.ppt' and expected text 'SamplePPTFile_1000kb.ppt' are matched 

2019-06-26 16:12:59 - [MESSAGE][PASSED] - Text of object '' is: 'ZZ.pdf'

2019-06-26 16:12:59 - [MESSAGE][PASSED] - ZZ.pdf is equal to ZZ.pdf

2019-06-26 16:12:59 - [MESSAGE][PASSED] - Actual text 'ZZ.pdf' and expected text 'ZZ.pdf' are matched 

2019-06-26 16:13:00 - [MESSAGE][PASSED] - Scroll to object 'Object Repository/EnergyEfficiencyBestManagementpractices/AddFile_CFR/Table_CFR' successfully

2019-06-26 16:13:00 - [MESSAGE][PASSED] - Object 'Object Repository/EnergyEfficiencyBestManagementpractices/AddFile_CFR/Table_CFR' is present

2019-06-26 16:13:00 - [MESSAGE][PASSED] - Text of object '' is: 'SampleGIFImage_350kbmb.gif'

2019-06-26 16:13:00 - [MESSAGE][PASSED] - SampleGIFImage_350kbmb.gif is equal to SampleGIFImage_350kbmb.gif

2019-06-26 16:13:00 - [MESSAGE][PASSED] - Actual text 'SampleGIFImage_350kbmb.gif' and expected text 'SampleGIFImage_350kbmb.gif' are matched 

2019-06-26 16:13:00 - [MESSAGE][PASSED] - Text of object '' is: 'SamplePPTFile_1000kb.ppt'

2019-06-26 16:13:00 - [MESSAGE][PASSED] - SamplePPTFile_1000kb.ppt is equal to SamplePPTFile_1000kb.ppt

2019-06-26 16:13:00 - [MESSAGE][PASSED] - Actual text 'SamplePPTFile_1000kb.ppt' and expected text 'SamplePPTFile_1000kb.ppt' are matched 

2019-06-26 16:13:00 - [MESSAGE][PASSED] - Text of object '' is: 'ZZ.pdf'

2019-06-26 16:13:00 - [MESSAGE][PASSED] - ZZ.pdf is equal to ZZ.pdf

2019-06-26 16:13:00 - [MESSAGE][PASSED] - Actual text 'ZZ.pdf' and expected text 'ZZ.pdf' are matched 

2019-06-26 16:13:01 - [MESSAGE][PASSED] - Scroll to object 'Object Repository/EnergyEfficiencyBestManagementpractices/AddFile_DC_Pro/Table_DC_Pro' successfully

2019-06-26 16:13:01 - [MESSAGE][PASSED] - Object 'Object Repository/EnergyEfficiencyBestManagementpractices/AddFile_DC_Pro/Table_DC_Pro' is present

2019-06-26 16:13:01 - [MESSAGE][PASSED] - Text of object '' is: 'SampleGIFImage_350kbmb.gif'

2019-06-26 16:13:01 - [MESSAGE][PASSED] - SampleGIFImage_350kbmb.gif is equal to SampleGIFImage_350kbmb.gif

2019-06-26 16:13:01 - [MESSAGE][PASSED] - Actual text 'SampleGIFImage_350kbmb.gif' and expected text 'SampleGIFImage_350kbmb.gif' are matched 

2019-06-26 16:13:01 - [MESSAGE][PASSED] - Text of object '' is: 'SamplePPTFile_1000kb.ppt'

2019-06-26 16:13:01 - [MESSAGE][PASSED] - SamplePPTFile_1000kb.ppt is equal to SamplePPTFile_1000kb.ppt

2019-06-26 16:13:01 - [MESSAGE][PASSED] - Actual text 'SamplePPTFile_1000kb.ppt' and expected text 'SamplePPTFile_1000kb.ppt' are matched 

2019-06-26 16:13:01 - [MESSAGE][PASSED] - Text of object '' is: 'ZZ.pdf'

2019-06-26 16:13:01 - [MESSAGE][PASSED] - ZZ.pdf is equal to ZZ.pdf

2019-06-26 16:13:01 - [MESSAGE][PASSED] - Actual text 'ZZ.pdf' and expected text 'ZZ.pdf' are matched 

2019-06-26 16:13:02 - [MESSAGE][PASSED] - Scroll to object 'Object Repository/EnergyEfficiencyBestManagementpractices/Special Circumstances/AddFile_additionalDoc/Table_additionalDoc' successfully

2019-06-26 16:13:02 - [MESSAGE][PASSED] - Object 'Object Repository/EnergyEfficiencyBestManagementpractices/Special Circumstances/AddFile_additionalDoc/Table_additionalDoc' is present

2019-06-26 16:13:02 - [MESSAGE][PASSED] - Text of object '' is: 'SampleGIFImage_350kbmb.gif'

2019-06-26 16:13:02 - [MESSAGE][PASSED] - SampleGIFImage_350kbmb.gif is equal to SampleGIFImage_350kbmb.gif

2019-06-26 16:13:02 - [MESSAGE][PASSED] - Actual text 'SampleGIFImage_350kbmb.gif' and expected text 'SampleGIFImage_350kbmb.gif' are matched 

2019-06-26 16:13:02 - [MESSAGE][PASSED] - Text of object '' is: 'SamplePPTFile_1000kb.ppt'

2019-06-26 16:13:02 - [MESSAGE][PASSED] - SamplePPTFile_1000kb.ppt is equal to SamplePPTFile_1000kb.ppt

2019-06-26 16:13:02 - [MESSAGE][PASSED] - Actual text 'SamplePPTFile_1000kb.ppt' and expected text 'SamplePPTFile_1000kb.ppt' are matched 

2019-06-26 16:13:02 - [MESSAGE][PASSED] - Text of object '' is: 'ZZ.pdf'

2019-06-26 16:13:02 - [MESSAGE][PASSED] - ZZ.pdf is equal to ZZ.pdf

2019-06-26 16:13:02 - [MESSAGE][PASSED] - Actual text 'ZZ.pdf' and expected text 'ZZ.pdf' are matched 

2019-06-26 16:13:02 - [MESSAGE][PASSED] - Run with 'energyEfficiencyBestManagementPractices.Runner_EEBM_VerifyUploadedFiles' was passed

2019-06-26 16:13:02 - [TEST_STEP][PASSED] - Start listener action : sampleAfterTestCase: Browser is closed

2019-06-26 16:13:02 - [TEST_STEP][PASSED] - closeBrowser(): Browser is closed

2019-06-26 16:13:03 - [MESSAGE][PASSED] - Browser is closed]]></system-out>
         <system-err><![CDATA[]]></system-err>
      </testcase>
      <testcase name="Test Cases/EnergyEfficiencyBestManagementPractices/TC_EEBM_DownloadFiles" classname="Test Cases/EnergyEfficiencyBestManagementPractices/TC_EEBM_DownloadFiles" status="PASSED">
         <system-out><![CDATA[2019-06-26 16:13:03 - [TEST_CASE][PASSED] - Test Cases/EnergyEfficiencyBestManagementPractices/TC_EEBM_DownloadFiles: Test Cases/EnergyEfficiencyBestManagementPractices/TC_EEBM_DownloadFiles

2019-06-26 16:13:03 - [TEST_STEP][PASSED] - Start listener action : sampleBeforeTestCase: null

2019-06-26 16:13:03 - [TEST_STEP][PASSED] - openBrowser(""): Browser is opened with url: ''

2019-06-26 16:13:03 - [MESSAGE][INFO] - Starting 'Chrome' driver

2019-06-26 16:13:03 - [MESSAGE][INFO] - User set preference: ['args', '[--window-size=1920,1080]']

2019-06-26 16:13:06 - [MESSAGE][PASSED] - Browser is opened with url: ''

2019-06-26 16:13:06 - [TEST_STEP][PASSED] - driver = getWebDriver(): null

2019-06-26 16:13:06 - [TEST_STEP][PASSED] - println("The driver is ########### " + driver): null

2019-06-26 16:13:06 - [TEST_STEP][PASSED] - downloadPath = "H:\Git Projects\Usgbc_LeedOnline_ScoreCard\Usgbc_LeedOnline_ScoreCard\Include\TestData\DownloadedFiles": null

2019-06-26 16:13:06 - [TEST_STEP][PASSED] - projectKeywords().sendCommandForDownloadChromeHeadLess(driver.getCommandExecutor(), driver.getSessionId(), downloadPath): null

2019-06-26 16:13:07 - [TEST_STEP][PASSED] - runWithCucumberRunner(energyEfficiencyBestManagementPractices.Runner_EEBM_DownloadFiles): Run with 'energyEfficiencyBestManagementPractices.Runner_EEBM_DownloadFiles' was passed

2019-06-26 16:13:07 - [TEST_CASE][PASSED] - Test Cases/EnergyEfficiencyBestManagementPractices/TC_EEBM_Navigation: Test Cases/EnergyEfficiencyBestManagementPractices/TC_EEBM_Navigation

2019-06-26 16:13:07 - [TEST_STEP][PASSED] - runWithCucumberRunner(energyEfficiencyBestManagementPractices.Runner_EEBM_Navigation): Run with 'energyEfficiencyBestManagementPractices.Runner_EEBM_Navigation' was passed

2019-06-26 16:13:09 - [TEST_CASE][PASSED] - Test Cases/Login/TC_Login: Test Cases/Login/TC_Login

2019-06-26 16:13:09 - [TEST_STEP][PASSED] - runWithCucumberRunner(common.Runner_Login): Run with 'common.Runner_Login' was passed

2019-06-26 16:13:13 - [MESSAGE][PASSED] - Navigate to 'https://leedonline-stg.usgbc.org' successfully

2019-06-26 16:13:15 - [MESSAGE][PASSED] - Delayed 2 second(s)

2019-06-26 16:13:16 - [MESSAGE][PASSED] - Text 'automationbdd1@gmail.com' is set on object 'Object Repository/Login/input_username'

2019-06-26 16:13:16 - [MESSAGE][PASSED] - Text 'initpass' is set on object 'Object Repository/Login/input_password'

2019-06-26 16:13:19 - [MESSAGE][PASSED] - Delayed 3 second(s)

2019-06-26 16:13:19 - [MESSAGE][PASSED] - Scroll to object 'Object Repository/Login/span_End User License Agreement' successfully

2019-06-26 16:13:19 - [MESSAGE][PASSED] - Object 'Object Repository/Login/span_End User License Agreement' is visible

2019-06-26 16:13:19 - [MESSAGE][PASSED] - Object 'Object Repository/Login/span_End User License Agreement' is checked

2019-06-26 16:13:20 - [MESSAGE][PASSED] - Delayed 1 second(s)

2019-06-26 16:13:20 - [MESSAGE][PASSED] - Object: 'Object Repository/Login/button_Log In' is clicked on

2019-06-26 16:13:28 - [MESSAGE][PASSED] - Object: '' is clicked on

2019-06-26 16:13:30 - [MESSAGE][PASSED] - Object: 'Object Repository/Login/a_Credits' is clicked on

2019-06-26 16:13:30 - [MESSAGE][PASSED] - Run with 'common.Runner_Login' was passed

2019-06-26 16:13:30 - [MESSAGE][PASSED] - Call Test Case 'Test Cases/Login/TC_Login' successfully

2019-06-26 16:13:30 - [MESSAGE][PASSED] - Scroll to object 'Object Repository/EnergyEfficiencyBestManagementpractices/EEBM_Navigation/div_Energy Efficiency Best Management Practices' successfully

2019-06-26 16:13:30 - [MESSAGE][PASSED] - Object 'Object Repository/EnergyEfficiencyBestManagementpractices/EEBM_Navigation/div_Energy Efficiency Best Management Practices' is present

2019-06-26 16:13:30 - [MESSAGE][PASSED] - Text of object 'Object Repository/EnergyEfficiencyBestManagementpractices/EEBM_Navigation/h3_Status' is: 'ATTEMPTED'

2019-06-26 16:13:30 - [MESSAGE][PASSED] - Text of object 'Object Repository/EnergyEfficiencyBestManagementpractices/EEBM_Navigation/divval' is: 'ATTEMPTED'

2019-06-26 16:13:30 - [MESSAGE][PASSED] - Text of object 'Object Repository/EnergyEfficiencyBestManagementpractices/EEBM_Navigation/h3_Status' is: 'ATTEMPTED'

2019-06-26 16:13:30 - [MESSAGE][PASSED] - Object: 'Object Repository/EnergyEfficiencyBestManagementpractices/EEBM_Navigation/div_Energy Efficiency Best Management Practices' is clicked on

2019-06-26 16:13:33 - [MESSAGE][PASSED] - Delayed 3 second(s)

2019-06-26 16:13:38 - [MESSAGE][PASSED] - Object: 'Object Repository/EnergyEfficiencyBestManagementpractices/EEBM_Navigation/span_(V01)' is clicked on

2019-06-26 16:13:38 - [MESSAGE][PASSED] - Object 'Object Repository/EnergyEfficiencyBestManagementpractices/EEBM_Navigation/div_EnergyEfficiencyBestManagement_Credit' is present

2019-06-26 16:13:38 - [MESSAGE][PASSED] - Run with 'energyEfficiencyBestManagementPractices.Runner_EEBM_Navigation' was passed

2019-06-26 16:13:38 - [MESSAGE][PASSED] - Call Test Case 'Test Cases/EnergyEfficiencyBestManagementPractices/TC_EEBM_Navigation' successfully

2019-06-26 16:13:39 - [MESSAGE][PASSED] - Scroll to object 'Object Repository/EnergyEfficiencyBestManagementpractices/AddFile_ASHRAE_preliminary/table_ASHRAE_preliminary' successfully

2019-06-26 16:13:39 - [MESSAGE][PASSED] - Object 'Object Repository/EnergyEfficiencyBestManagementpractices/AddFile_ASHRAE_preliminary/table_ASHRAE_preliminary' is present

2019-06-26 16:13:39 - [MESSAGE][PASSED] - Scroll to object 'Object Repository/EnergyEfficiencyBestManagementpractices/AddFile_ASHRAE_preliminary/p_Upload the ASHRAE preliminary' successfully

2019-06-26 16:13:41 - [MESSAGE][PASSED] - Delayed 2 second(s)

2019-06-26 16:13:41 - [MESSAGE][PASSED] - Object: 'Object Repository/EnergyEfficiencyBestManagementpractices/AddFile_ASHRAE_preliminary/p_Upload the ASHRAE preliminary' is hovered

2019-06-26 16:13:41 - [MESSAGE][PASSED] - Object: '' is clicked on

2019-06-26 16:13:41 - [MESSAGE][PASSED] - Text of object '' is: 'ZZ.pdf'

2019-06-26 16:13:51 - [MESSAGE][PASSED] - Delayed 10 second(s)

2019-06-26 16:13:52 - [MESSAGE][PASSED] - Object: 'Object Repository/EnergyEfficiencyBestManagementpractices/AddFile_ASHRAE_preliminary/p_Upload the ASHRAE preliminary' is hovered

2019-06-26 16:13:54 - [MESSAGE][PASSED] - Delayed 2 second(s)

2019-06-26 16:13:56 - [MESSAGE][PASSED] - Delayed 2 second(s)

2019-06-26 16:13:56 - [MESSAGE][PASSED] - Object: 'Object Repository/EnergyEfficiencyBestManagementpractices/AddFile_ASHRAE_preliminary/p_Upload the ASHRAE preliminary' is hovered

2019-06-26 16:13:56 - [MESSAGE][PASSED] - Object: '' is clicked on

2019-06-26 16:13:56 - [MESSAGE][PASSED] - Text of object '' is: 'SamplePPTFile_1000kb.ppt'

2019-06-26 16:14:06 - [MESSAGE][PASSED] - Delayed 10 second(s)

2019-06-26 16:14:06 - [MESSAGE][PASSED] - Object: 'Object Repository/EnergyEfficiencyBestManagementpractices/AddFile_ASHRAE_preliminary/p_Upload the ASHRAE preliminary' is hovered

2019-06-26 16:14:08 - [MESSAGE][PASSED] - Delayed 2 second(s)

2019-06-26 16:14:10 - [MESSAGE][PASSED] - Delayed 2 second(s)

2019-06-26 16:14:11 - [MESSAGE][PASSED] - Object: 'Object Repository/EnergyEfficiencyBestManagementpractices/AddFile_ASHRAE_preliminary/p_Upload the ASHRAE preliminary' is hovered

2019-06-26 16:14:11 - [MESSAGE][PASSED] - Object: '' is clicked on

2019-06-26 16:14:11 - [MESSAGE][PASSED] - Text of object '' is: 'SampleGIFImage_350kbmb.gif'

2019-06-26 16:14:21 - [MESSAGE][PASSED] - Delayed 10 second(s)

2019-06-26 16:14:21 - [MESSAGE][PASSED] - Object: 'Object Repository/EnergyEfficiencyBestManagementpractices/AddFile_ASHRAE_preliminary/p_Upload the ASHRAE preliminary' is hovered

2019-06-26 16:14:23 - [MESSAGE][PASSED] - Delayed 2 second(s)

2019-06-26 16:14:26 - [MESSAGE][PASSED] - Delayed 3 second(s)

2019-06-26 16:14:28 - [MESSAGE][PASSED] - Delayed 2 second(s)

2019-06-26 16:14:29 - [MESSAGE][PASSED] - Delayed 1 second(s)

2019-06-26 16:14:29 - [MESSAGE][PASSED] - SampleGIFImage_350kbmb.gif exist in H:/Git Projects/Usgbc_LeedOnline_ScoreCard/Usgbc_LeedOnline_ScoreCard/Include/TestData/DownloadedFiles and was deleted

2019-06-26 16:14:29 - [MESSAGE][PASSED] - 

2019-06-26 16:14:29 - [MESSAGE][PASSED] - Actual text 'SampleGIFImage_350kbmb.gif' and expected text 'SampleGIFImage_350kbmb.gif' are matched 

2019-06-26 16:14:31 - [MESSAGE][PASSED] - Delayed 2 second(s)

2019-06-26 16:14:32 - [MESSAGE][PASSED] - Delayed 1 second(s)

2019-06-26 16:14:32 - [MESSAGE][PASSED] - SamplePPTFile_1000kb.ppt exist in H:/Git Projects/Usgbc_LeedOnline_ScoreCard/Usgbc_LeedOnline_ScoreCard/Include/TestData/DownloadedFiles and was deleted

2019-06-26 16:14:32 - [MESSAGE][PASSED] - 

2019-06-26 16:14:32 - [MESSAGE][PASSED] - Actual text 'SamplePPTFile_1000kb.ppt' and expected text 'SamplePPTFile_1000kb.ppt' are matched 

2019-06-26 16:14:34 - [MESSAGE][PASSED] - Delayed 2 second(s)

2019-06-26 16:14:35 - [MESSAGE][PASSED] - Delayed 1 second(s)

2019-06-26 16:14:35 - [MESSAGE][PASSED] - ZZ.pdf exist in H:/Git Projects/Usgbc_LeedOnline_ScoreCard/Usgbc_LeedOnline_ScoreCard/Include/TestData/DownloadedFiles and was deleted

2019-06-26 16:14:35 - [MESSAGE][PASSED] - 

2019-06-26 16:14:35 - [MESSAGE][PASSED] - Actual text 'ZZ.pdf' and expected text 'ZZ.pdf' are matched 

2019-06-26 16:14:35 - [MESSAGE][PASSED] - Scroll to object 'Object Repository/EnergyEfficiencyBestManagementpractices/AddFile_CFR/Table_CFR' successfully

2019-06-26 16:14:36 - [MESSAGE][PASSED] - Object 'Object Repository/EnergyEfficiencyBestManagementpractices/AddFile_CFR/Table_CFR' is present

2019-06-26 16:14:36 - [MESSAGE][PASSED] - Scroll to object 'Object Repository/EnergyEfficiencyBestManagementpractices/AddFile_CFR/p_current_facility_requirements' successfully

2019-06-26 16:14:38 - [MESSAGE][PASSED] - Delayed 2 second(s)

2019-06-26 16:14:38 - [MESSAGE][PASSED] - Object: 'Object Repository/EnergyEfficiencyBestManagementpractices/AddFile_CFR/p_current_facility_requirements' is hovered

2019-06-26 16:14:38 - [MESSAGE][PASSED] - Object: '' is clicked on

2019-06-26 16:14:38 - [MESSAGE][PASSED] - Text of object '' is: 'ZZ.pdf'

2019-06-26 16:14:48 - [MESSAGE][PASSED] - Delayed 10 second(s)

2019-06-26 16:14:48 - [MESSAGE][PASSED] - Object: 'Object Repository/EnergyEfficiencyBestManagementpractices/AddFile_CFR/p_current_facility_requirements' is hovered

2019-06-26 16:14:50 - [MESSAGE][PASSED] - Delayed 2 second(s)

2019-06-26 16:14:52 - [MESSAGE][PASSED] - Delayed 2 second(s)

2019-06-26 16:14:52 - [MESSAGE][PASSED] - Object: 'Object Repository/EnergyEfficiencyBestManagementpractices/AddFile_CFR/p_current_facility_requirements' is hovered

2019-06-26 16:14:53 - [MESSAGE][PASSED] - Object: '' is clicked on

2019-06-26 16:14:53 - [MESSAGE][PASSED] - Text of object '' is: 'SamplePPTFile_1000kb.ppt'

2019-06-26 16:15:03 - [MESSAGE][PASSED] - Delayed 10 second(s)

2019-06-26 16:15:08 - [MESSAGE][PASSED] - Object: 'Object Repository/EnergyEfficiencyBestManagementpractices/AddFile_CFR/p_current_facility_requirements' is hovered

2019-06-26 16:15:10 - [MESSAGE][PASSED] - Delayed 2 second(s)

2019-06-26 16:15:12 - [MESSAGE][PASSED] - Delayed 2 second(s)

2019-06-26 16:15:17 - [MESSAGE][PASSED] - Object: 'Object Repository/EnergyEfficiencyBestManagementpractices/AddFile_CFR/p_current_facility_requirements' is hovered

2019-06-26 16:15:22 - [MESSAGE][PASSED] - Object: '' is clicked on

2019-06-26 16:15:22 - [MESSAGE][PASSED] - Text of object '' is: 'SampleGIFImage_350kbmb.gif'

2019-06-26 16:15:32 - [MESSAGE][PASSED] - Delayed 10 second(s)

2019-06-26 16:15:37 - [MESSAGE][PASSED] - Object: 'Object Repository/EnergyEfficiencyBestManagementpractices/AddFile_CFR/p_current_facility_requirements' is hovered

2019-06-26 16:15:39 - [MESSAGE][PASSED] - Delayed 2 second(s)

2019-06-26 16:15:42 - [MESSAGE][PASSED] - Delayed 3 second(s)

2019-06-26 16:15:44 - [MESSAGE][PASSED] - Delayed 2 second(s)

2019-06-26 16:15:46 - [MESSAGE][PASSED] - Delayed 1 second(s)

2019-06-26 16:15:46 - [MESSAGE][PASSED] - SampleGIFImage_350kbmb.gif exist in H:/Git Projects/Usgbc_LeedOnline_ScoreCard/Usgbc_LeedOnline_ScoreCard/Include/TestData/DownloadedFiles and was deleted

2019-06-26 16:15:46 - [MESSAGE][PASSED] - 

2019-06-26 16:15:46 - [MESSAGE][PASSED] - Actual text 'SampleGIFImage_350kbmb.gif' and expected text 'SampleGIFImage_350kbmb.gif' are matched 

2019-06-26 16:15:48 - [MESSAGE][PASSED] - Delayed 2 second(s)

2019-06-26 16:15:49 - [MESSAGE][PASSED] - Delayed 1 second(s)

2019-06-26 16:15:49 - [MESSAGE][PASSED] - SamplePPTFile_1000kb.ppt exist in H:/Git Projects/Usgbc_LeedOnline_ScoreCard/Usgbc_LeedOnline_ScoreCard/Include/TestData/DownloadedFiles and was deleted

2019-06-26 16:15:49 - [MESSAGE][PASSED] - 

2019-06-26 16:15:49 - [MESSAGE][PASSED] - Actual text 'SamplePPTFile_1000kb.ppt' and expected text 'SamplePPTFile_1000kb.ppt' are matched 

2019-06-26 16:15:51 - [MESSAGE][PASSED] - Delayed 2 second(s)

2019-06-26 16:15:52 - [MESSAGE][PASSED] - Delayed 1 second(s)

2019-06-26 16:15:52 - [MESSAGE][PASSED] - ZZ.pdf exist in H:/Git Projects/Usgbc_LeedOnline_ScoreCard/Usgbc_LeedOnline_ScoreCard/Include/TestData/DownloadedFiles and was deleted

2019-06-26 16:15:52 - [MESSAGE][PASSED] - 

2019-06-26 16:15:52 - [MESSAGE][PASSED] - Actual text 'ZZ.pdf' and expected text 'ZZ.pdf' are matched 

2019-06-26 16:15:52 - [MESSAGE][PASSED] - Scroll to object 'Object Repository/EnergyEfficiencyBestManagementpractices/AddFile_DC_Pro/Table_DC_Pro' successfully

2019-06-26 16:15:52 - [MESSAGE][PASSED] - Object 'Object Repository/EnergyEfficiencyBestManagementpractices/AddFile_DC_Pro/Table_DC_Pro' is present

2019-06-26 16:15:52 - [MESSAGE][PASSED] - Scroll to object 'Object Repository/EnergyEfficiencyBestManagementpractices/AddFile_DC_Pro/p_DC_Pro' successfully

2019-06-26 16:15:54 - [MESSAGE][PASSED] - Delayed 2 second(s)

2019-06-26 16:15:54 - [MESSAGE][PASSED] - Object: 'Object Repository/EnergyEfficiencyBestManagementpractices/AddFile_DC_Pro/p_DC_Pro' is hovered

2019-06-26 16:15:55 - [MESSAGE][PASSED] - Object: '' is clicked on

2019-06-26 16:15:55 - [MESSAGE][PASSED] - Text of object '' is: 'ZZ.pdf'

2019-06-26 16:16:05 - [MESSAGE][PASSED] - Delayed 10 second(s)

2019-06-26 16:16:05 - [MESSAGE][PASSED] - Object: 'Object Repository/EnergyEfficiencyBestManagementpractices/AddFile_DC_Pro/p_DC_Pro' is hovered

2019-06-26 16:16:07 - [MESSAGE][PASSED] - Delayed 2 second(s)

2019-06-26 16:16:09 - [MESSAGE][PASSED] - Delayed 2 second(s)

2019-06-26 16:16:09 - [MESSAGE][PASSED] - Object: 'Object Repository/EnergyEfficiencyBestManagementpractices/AddFile_DC_Pro/p_DC_Pro' is hovered

2019-06-26 16:16:09 - [MESSAGE][PASSED] - Object: '' is clicked on

2019-06-26 16:16:09 - [MESSAGE][PASSED] - Text of object '' is: 'SamplePPTFile_1000kb.ppt'

2019-06-26 16:16:19 - [MESSAGE][PASSED] - Delayed 10 second(s)

2019-06-26 16:16:19 - [MESSAGE][PASSED] - Object: 'Object Repository/EnergyEfficiencyBestManagementpractices/AddFile_DC_Pro/p_DC_Pro' is hovered

2019-06-26 16:16:21 - [MESSAGE][PASSED] - Delayed 2 second(s)

2019-06-26 16:16:23 - [MESSAGE][PASSED] - Delayed 2 second(s)

2019-06-26 16:16:24 - [MESSAGE][PASSED] - Object: 'Object Repository/EnergyEfficiencyBestManagementpractices/AddFile_DC_Pro/p_DC_Pro' is hovered

2019-06-26 16:16:24 - [MESSAGE][PASSED] - Object: '' is clicked on

2019-06-26 16:16:24 - [MESSAGE][PASSED] - Text of object '' is: 'SampleGIFImage_350kbmb.gif'

2019-06-26 16:16:34 - [MESSAGE][PASSED] - Delayed 10 second(s)

2019-06-26 16:16:34 - [MESSAGE][PASSED] - Object: 'Object Repository/EnergyEfficiencyBestManagementpractices/AddFile_DC_Pro/p_DC_Pro' is hovered

2019-06-26 16:16:36 - [MESSAGE][PASSED] - Delayed 2 second(s)

2019-06-26 16:16:39 - [MESSAGE][PASSED] - Delayed 3 second(s)

2019-06-26 16:16:41 - [MESSAGE][PASSED] - Delayed 2 second(s)

2019-06-26 16:16:42 - [MESSAGE][PASSED] - Delayed 1 second(s)

2019-06-26 16:16:42 - [MESSAGE][PASSED] - SampleGIFImage_350kbmb.gif exist in H:/Git Projects/Usgbc_LeedOnline_ScoreCard/Usgbc_LeedOnline_ScoreCard/Include/TestData/DownloadedFiles and was deleted

2019-06-26 16:16:42 - [MESSAGE][PASSED] - 

2019-06-26 16:16:42 - [MESSAGE][PASSED] - Actual text 'SampleGIFImage_350kbmb.gif' and expected text 'SampleGIFImage_350kbmb.gif' are matched 

2019-06-26 16:16:44 - [MESSAGE][PASSED] - Delayed 2 second(s)

2019-06-26 16:16:45 - [MESSAGE][PASSED] - Delayed 1 second(s)

2019-06-26 16:16:45 - [MESSAGE][PASSED] - SamplePPTFile_1000kb.ppt exist in H:/Git Projects/Usgbc_LeedOnline_ScoreCard/Usgbc_LeedOnline_ScoreCard/Include/TestData/DownloadedFiles and was deleted

2019-06-26 16:16:45 - [MESSAGE][PASSED] - 

2019-06-26 16:16:45 - [MESSAGE][PASSED] - Actual text 'SamplePPTFile_1000kb.ppt' and expected text 'SamplePPTFile_1000kb.ppt' are matched 

2019-06-26 16:16:47 - [MESSAGE][PASSED] - Delayed 2 second(s)

2019-06-26 16:16:48 - [MESSAGE][PASSED] - Delayed 1 second(s)

2019-06-26 16:16:48 - [MESSAGE][PASSED] - ZZ.pdf exist in H:/Git Projects/Usgbc_LeedOnline_ScoreCard/Usgbc_LeedOnline_ScoreCard/Include/TestData/DownloadedFiles and was deleted

2019-06-26 16:16:48 - [MESSAGE][PASSED] - 

2019-06-26 16:16:48 - [MESSAGE][PASSED] - Actual text 'ZZ.pdf' and expected text 'ZZ.pdf' are matched 

2019-06-26 16:16:48 - [MESSAGE][PASSED] - Scroll to object 'Object Repository/EnergyEfficiencyBestManagementpractices/Special Circumstances/AddFile_additionalDoc/Table_additionalDoc' successfully

2019-06-26 16:16:48 - [MESSAGE][PASSED] - Object 'Object Repository/EnergyEfficiencyBestManagementpractices/Special Circumstances/AddFile_additionalDoc/Table_additionalDoc' is present

2019-06-26 16:16:48 - [MESSAGE][PASSED] - Scroll to object 'Object Repository/EnergyEfficiencyBestManagementpractices/Special Circumstances/AddFile_additionalDoc/p_Upload any additional documentation' successfully

2019-06-26 16:16:50 - [MESSAGE][PASSED] - Delayed 2 second(s)

2019-06-26 16:16:51 - [MESSAGE][PASSED] - Object: 'Object Repository/EnergyEfficiencyBestManagementpractices/Special Circumstances/AddFile_additionalDoc/p_Upload any additional documentation' is hovered

2019-06-26 16:16:51 - [MESSAGE][PASSED] - Object: '' is clicked on

2019-06-26 16:16:51 - [MESSAGE][PASSED] - Text of object '' is: 'ZZ.pdf'

2019-06-26 16:17:01 - [MESSAGE][PASSED] - Delayed 10 second(s)

2019-06-26 16:17:01 - [MESSAGE][PASSED] - Object: 'Object Repository/EnergyEfficiencyBestManagementpractices/Special Circumstances/AddFile_additionalDoc/p_Upload any additional documentation' is hovered

2019-06-26 16:17:03 - [MESSAGE][PASSED] - Delayed 2 second(s)

2019-06-26 16:17:05 - [MESSAGE][PASSED] - Delayed 2 second(s)

2019-06-26 16:17:05 - [MESSAGE][PASSED] - Object: 'Object Repository/EnergyEfficiencyBestManagementpractices/Special Circumstances/AddFile_additionalDoc/p_Upload any additional documentation' is hovered

2019-06-26 16:17:05 - [MESSAGE][PASSED] - Object: '' is clicked on

2019-06-26 16:17:05 - [MESSAGE][PASSED] - Text of object '' is: 'SamplePPTFile_1000kb.ppt'

2019-06-26 16:17:15 - [MESSAGE][PASSED] - Delayed 10 second(s)

2019-06-26 16:17:15 - [MESSAGE][PASSED] - Object: 'Object Repository/EnergyEfficiencyBestManagementpractices/Special Circumstances/AddFile_additionalDoc/p_Upload any additional documentation' is hovered

2019-06-26 16:17:17 - [MESSAGE][PASSED] - Delayed 2 second(s)

2019-06-26 16:17:19 - [MESSAGE][PASSED] - Delayed 2 second(s)

2019-06-26 16:17:20 - [MESSAGE][PASSED] - Object: 'Object Repository/EnergyEfficiencyBestManagementpractices/Special Circumstances/AddFile_additionalDoc/p_Upload any additional documentation' is hovered

2019-06-26 16:17:20 - [MESSAGE][PASSED] - Object: '' is clicked on

2019-06-26 16:17:20 - [MESSAGE][PASSED] - Text of object '' is: 'SampleGIFImage_350kbmb.gif'

2019-06-26 16:17:30 - [MESSAGE][PASSED] - Delayed 10 second(s)

2019-06-26 16:17:30 - [MESSAGE][PASSED] - Object: 'Object Repository/EnergyEfficiencyBestManagementpractices/Special Circumstances/AddFile_additionalDoc/p_Upload any additional documentation' is hovered

2019-06-26 16:17:32 - [MESSAGE][PASSED] - Delayed 2 second(s)

2019-06-26 16:17:35 - [MESSAGE][PASSED] - Delayed 3 second(s)

2019-06-26 16:17:37 - [MESSAGE][PASSED] - Delayed 2 second(s)

2019-06-26 16:17:38 - [MESSAGE][PASSED] - Delayed 1 second(s)

2019-06-26 16:17:38 - [MESSAGE][PASSED] - SampleGIFImage_350kbmb.gif exist in H:/Git Projects/Usgbc_LeedOnline_ScoreCard/Usgbc_LeedOnline_ScoreCard/Include/TestData/DownloadedFiles and was deleted

2019-06-26 16:17:38 - [MESSAGE][PASSED] - 

2019-06-26 16:17:38 - [MESSAGE][PASSED] - Actual text 'SampleGIFImage_350kbmb.gif' and expected text 'SampleGIFImage_350kbmb.gif' are matched 

2019-06-26 16:17:40 - [MESSAGE][PASSED] - Delayed 2 second(s)

2019-06-26 16:17:41 - [MESSAGE][PASSED] - Delayed 1 second(s)

2019-06-26 16:17:41 - [MESSAGE][PASSED] - SamplePPTFile_1000kb.ppt exist in H:/Git Projects/Usgbc_LeedOnline_ScoreCard/Usgbc_LeedOnline_ScoreCard/Include/TestData/DownloadedFiles and was deleted

2019-06-26 16:17:41 - [MESSAGE][PASSED] - 

2019-06-26 16:17:41 - [MESSAGE][PASSED] - Actual text 'SamplePPTFile_1000kb.ppt' and expected text 'SamplePPTFile_1000kb.ppt' are matched 

2019-06-26 16:17:43 - [MESSAGE][PASSED] - Delayed 2 second(s)

2019-06-26 16:17:44 - [MESSAGE][PASSED] - Delayed 1 second(s)

2019-06-26 16:17:44 - [MESSAGE][PASSED] - ZZ.pdf exist in H:/Git Projects/Usgbc_LeedOnline_ScoreCard/Usgbc_LeedOnline_ScoreCard/Include/TestData/DownloadedFiles and was deleted

2019-06-26 16:17:44 - [MESSAGE][PASSED] - 

2019-06-26 16:17:44 - [MESSAGE][PASSED] - Actual text 'ZZ.pdf' and expected text 'ZZ.pdf' are matched 

2019-06-26 16:17:44 - [MESSAGE][PASSED] - Run with 'energyEfficiencyBestManagementPractices.Runner_EEBM_DownloadFiles' was passed

2019-06-26 16:17:44 - [TEST_STEP][PASSED] - Start listener action : sampleAfterTestCase: Browser is closed

2019-06-26 16:17:44 - [TEST_STEP][PASSED] - closeBrowser(): Browser is closed

2019-06-26 16:17:45 - [MESSAGE][PASSED] - Browser is closed]]></system-out>
         <system-err><![CDATA[]]></system-err>
      </testcase>
      <testcase name="Test Cases/EnergyEfficiencyBestManagementPractices/TC_EEBM_DeleteUploadedFiles" classname="Test Cases/EnergyEfficiencyBestManagementPractices/TC_EEBM_DeleteUploadedFiles" status="PASSED">
         <system-out><![CDATA[2019-06-26 16:17:45 - [TEST_CASE][PASSED] - Test Cases/EnergyEfficiencyBestManagementPractices/TC_EEBM_DeleteUploadedFiles: Test Cases/EnergyEfficiencyBestManagementPractices/TC_EEBM_DeleteUploadedFiles

2019-06-26 16:17:45 - [TEST_STEP][PASSED] - Start listener action : sampleBeforeTestCase: null

2019-06-26 16:17:45 - [TEST_STEP][PASSED] - openBrowser(""): Browser is opened with url: ''

2019-06-26 16:17:45 - [MESSAGE][INFO] - Starting 'Chrome' driver

2019-06-26 16:17:45 - [MESSAGE][INFO] - User set preference: ['args', '[--window-size=1920,1080]']

2019-06-26 16:17:48 - [MESSAGE][PASSED] - Browser is opened with url: ''

2019-06-26 16:17:48 - [TEST_STEP][PASSED] - driver = getWebDriver(): null

2019-06-26 16:17:48 - [TEST_STEP][PASSED] - println("The driver is ########### " + driver): null

2019-06-26 16:17:48 - [TEST_STEP][PASSED] - downloadPath = "H:\Git Projects\Usgbc_LeedOnline_ScoreCard\Usgbc_LeedOnline_ScoreCard\Include\TestData\DownloadedFiles": null

2019-06-26 16:17:48 - [TEST_STEP][PASSED] - projectKeywords().sendCommandForDownloadChromeHeadLess(driver.getCommandExecutor(), driver.getSessionId(), downloadPath): null

2019-06-26 16:17:49 - [TEST_STEP][PASSED] - runWithCucumberRunner(energyEfficiencyBestManagementPractices.Runner_EEBM_DeleteUploadedFiles): Run with 'energyEfficiencyBestManagementPractices.Runner_EEBM_DeleteUploadedFiles' was passed

2019-06-26 16:17:50 - [TEST_CASE][PASSED] - Test Cases/EnergyEfficiencyBestManagementPractices/TC_EEBM_Navigation: Test Cases/EnergyEfficiencyBestManagementPractices/TC_EEBM_Navigation

2019-06-26 16:17:50 - [TEST_STEP][PASSED] - runWithCucumberRunner(energyEfficiencyBestManagementPractices.Runner_EEBM_Navigation): Run with 'energyEfficiencyBestManagementPractices.Runner_EEBM_Navigation' was passed

2019-06-26 16:17:51 - [TEST_CASE][PASSED] - Test Cases/Login/TC_Login: Test Cases/Login/TC_Login

2019-06-26 16:17:51 - [TEST_STEP][PASSED] - runWithCucumberRunner(common.Runner_Login): Run with 'common.Runner_Login' was passed

2019-06-26 16:17:56 - [MESSAGE][PASSED] - Navigate to 'https://leedonline-stg.usgbc.org' successfully

2019-06-26 16:17:58 - [MESSAGE][PASSED] - Delayed 2 second(s)

2019-06-26 16:17:58 - [MESSAGE][PASSED] - Text 'automationbdd1@gmail.com' is set on object 'Object Repository/Login/input_username'

2019-06-26 16:17:58 - [MESSAGE][PASSED] - Text 'initpass' is set on object 'Object Repository/Login/input_password'

2019-06-26 16:18:01 - [MESSAGE][PASSED] - Delayed 3 second(s)

2019-06-26 16:18:01 - [MESSAGE][PASSED] - Scroll to object 'Object Repository/Login/span_End User License Agreement' successfully

2019-06-26 16:18:01 - [MESSAGE][PASSED] - Object 'Object Repository/Login/span_End User License Agreement' is visible

2019-06-26 16:18:01 - [MESSAGE][PASSED] - Object 'Object Repository/Login/span_End User License Agreement' is checked

2019-06-26 16:18:02 - [MESSAGE][PASSED] - Delayed 1 second(s)

2019-06-26 16:18:02 - [MESSAGE][PASSED] - Object: 'Object Repository/Login/button_Log In' is clicked on

2019-06-26 16:18:10 - [MESSAGE][PASSED] - Object: '' is clicked on

2019-06-26 16:18:12 - [MESSAGE][PASSED] - Object: 'Object Repository/Login/a_Credits' is clicked on

2019-06-26 16:18:12 - [MESSAGE][PASSED] - Run with 'common.Runner_Login' was passed

2019-06-26 16:18:12 - [MESSAGE][PASSED] - Call Test Case 'Test Cases/Login/TC_Login' successfully

2019-06-26 16:18:12 - [MESSAGE][PASSED] - Scroll to object 'Object Repository/EnergyEfficiencyBestManagementpractices/EEBM_Navigation/div_Energy Efficiency Best Management Practices' successfully

2019-06-26 16:18:12 - [MESSAGE][PASSED] - Object 'Object Repository/EnergyEfficiencyBestManagementpractices/EEBM_Navigation/div_Energy Efficiency Best Management Practices' is present

2019-06-26 16:18:12 - [MESSAGE][PASSED] - Text of object 'Object Repository/EnergyEfficiencyBestManagementpractices/EEBM_Navigation/h3_Status' is: 'ATTEMPTED'

2019-06-26 16:18:12 - [MESSAGE][PASSED] - Text of object 'Object Repository/EnergyEfficiencyBestManagementpractices/EEBM_Navigation/divval' is: 'ATTEMPTED'

2019-06-26 16:18:12 - [MESSAGE][PASSED] - Text of object 'Object Repository/EnergyEfficiencyBestManagementpractices/EEBM_Navigation/h3_Status' is: 'ATTEMPTED'

2019-06-26 16:18:12 - [MESSAGE][PASSED] - Object: 'Object Repository/EnergyEfficiencyBestManagementpractices/EEBM_Navigation/div_Energy Efficiency Best Management Practices' is clicked on

2019-06-26 16:18:15 - [MESSAGE][PASSED] - Delayed 3 second(s)

2019-06-26 16:18:20 - [MESSAGE][PASSED] - Object: 'Object Repository/EnergyEfficiencyBestManagementpractices/EEBM_Navigation/span_(V01)' is clicked on

2019-06-26 16:18:20 - [MESSAGE][PASSED] - Object 'Object Repository/EnergyEfficiencyBestManagementpractices/EEBM_Navigation/div_EnergyEfficiencyBestManagement_Credit' is present

2019-06-26 16:18:20 - [MESSAGE][PASSED] - Run with 'energyEfficiencyBestManagementPractices.Runner_EEBM_Navigation' was passed

2019-06-26 16:18:20 - [MESSAGE][PASSED] - Call Test Case 'Test Cases/EnergyEfficiencyBestManagementPractices/TC_EEBM_Navigation' successfully

2019-06-26 16:18:20 - [MESSAGE][PASSED] - Scroll to object 'Object Repository/EnergyEfficiencyBestManagementpractices/AddFile_ASHRAE_preliminary/table_ASHRAE_preliminary' successfully

2019-06-26 16:18:20 - [MESSAGE][PASSED] - Object 'Object Repository/EnergyEfficiencyBestManagementpractices/AddFile_ASHRAE_preliminary/table_ASHRAE_preliminary' is present

2019-06-26 16:18:20 - [MESSAGE][PASSED] - Scroll to object 'Object Repository/EnergyEfficiencyBestManagementpractices/AddFile_ASHRAE_preliminary/p_Upload the ASHRAE preliminary' successfully

2019-06-26 16:18:22 - [MESSAGE][PASSED] - Delayed 1 second(s)

2019-06-26 16:18:22 - [MESSAGE][PASSED] - Object: '' is clicked on

2019-06-26 16:18:24 - [MESSAGE][PASSED] - Delayed 2 second(s)

2019-06-26 16:18:24 - [MESSAGE][PASSED] - Object: 'Object Repository/LightPollutionReduction/FixtureShielding/button_Yes' is clicked on

2019-06-26 16:18:25 - [MESSAGE][PASSED] - Delayed 1 second(s)

2019-06-26 16:18:25 - [MESSAGE][PASSED] - Object: '' is clicked on

2019-06-26 16:18:27 - [MESSAGE][PASSED] - Delayed 2 second(s)

2019-06-26 16:18:27 - [MESSAGE][PASSED] - Object: 'Object Repository/LightPollutionReduction/FixtureShielding/button_Yes' is clicked on

2019-06-26 16:18:28 - [MESSAGE][PASSED] - Delayed 1 second(s)

2019-06-26 16:18:29 - [MESSAGE][PASSED] - Object: '' is clicked on

2019-06-26 16:18:31 - [MESSAGE][PASSED] - Delayed 2 second(s)

2019-06-26 16:18:31 - [MESSAGE][PASSED] - Object: 'Object Repository/LightPollutionReduction/FixtureShielding/button_Yes' is clicked on

2019-06-26 16:18:33 - [MESSAGE][PASSED] - Delayed 2 second(s)

2019-06-26 16:18:33 - [MESSAGE][PASSED] - Web element with id: 'Object Repository/EnergyEfficiencyBestManagementpractices/AddFile_ASHRAE_preliminary/table_ASHRAE_preliminary' located by 'By.xpath: //*[@id="ashraeAnalysisDocs_files"]/table' is not present after '30' second(s)

2019-06-26 16:18:33 - [MESSAGE][PASSED] - Scroll to object 'Object Repository/EnergyEfficiencyBestManagementpractices/AddFile_CFR/Table_CFR' successfully

2019-06-26 16:18:33 - [MESSAGE][PASSED] - Object 'Object Repository/EnergyEfficiencyBestManagementpractices/AddFile_CFR/Table_CFR' is present

2019-06-26 16:18:33 - [MESSAGE][PASSED] - Scroll to object 'Object Repository/EnergyEfficiencyBestManagementpractices/AddFile_CFR/p_current_facility_requirements' successfully

2019-06-26 16:18:34 - [MESSAGE][PASSED] - Delayed 1 second(s)

2019-06-26 16:18:35 - [MESSAGE][PASSED] - Object: '' is clicked on

2019-06-26 16:18:37 - [MESSAGE][PASSED] - Delayed 2 second(s)

2019-06-26 16:18:37 - [MESSAGE][PASSED] - Object: 'Object Repository/LightPollutionReduction/FixtureShielding/button_Yes' is clicked on

2019-06-26 16:18:38 - [MESSAGE][PASSED] - Delayed 1 second(s)

2019-06-26 16:18:38 - [MESSAGE][PASSED] - Object: '' is clicked on

2019-06-26 16:18:40 - [MESSAGE][PASSED] - Delayed 2 second(s)

2019-06-26 16:18:40 - [MESSAGE][PASSED] - Object: 'Object Repository/LightPollutionReduction/FixtureShielding/button_Yes' is clicked on

2019-06-26 16:18:41 - [MESSAGE][PASSED] - Delayed 1 second(s)

2019-06-26 16:18:41 - [MESSAGE][PASSED] - Object: '' is clicked on

2019-06-26 16:18:43 - [MESSAGE][PASSED] - Delayed 2 second(s)

2019-06-26 16:18:44 - [MESSAGE][PASSED] - Object: 'Object Repository/LightPollutionReduction/FixtureShielding/button_Yes' is clicked on

2019-06-26 16:18:46 - [MESSAGE][PASSED] - Delayed 2 second(s)

2019-06-26 16:18:46 - [MESSAGE][PASSED] - Web element with id: 'Object Repository/EnergyEfficiencyBestManagementpractices/AddFile_CFR/Table_CFR' located by 'By.xpath: //*[@id="cfrAndOmp_files"]/table' is not present after '30' second(s)

2019-06-26 16:18:46 - [MESSAGE][PASSED] - Scroll to object 'Object Repository/EnergyEfficiencyBestManagementpractices/AddFile_DC_Pro/Table_DC_Pro' successfully

2019-06-26 16:18:46 - [MESSAGE][PASSED] - Object 'Object Repository/EnergyEfficiencyBestManagementpractices/AddFile_DC_Pro/Table_DC_Pro' is present

2019-06-26 16:18:46 - [MESSAGE][PASSED] - Scroll to object 'Object Repository/EnergyEfficiencyBestManagementpractices/AddFile_DC_Pro/p_DC_Pro' successfully

2019-06-26 16:18:47 - [MESSAGE][PASSED] - Delayed 1 second(s)

2019-06-26 16:18:47 - [MESSAGE][PASSED] - Object: '' is clicked on

2019-06-26 16:18:49 - [MESSAGE][PASSED] - Delayed 2 second(s)

2019-06-26 16:18:49 - [MESSAGE][PASSED] - Object: 'Object Repository/LightPollutionReduction/FixtureShielding/button_Yes' is clicked on

2019-06-26 16:18:50 - [MESSAGE][PASSED] - Delayed 1 second(s)

2019-06-26 16:18:51 - [MESSAGE][PASSED] - Object: '' is clicked on

2019-06-26 16:18:53 - [MESSAGE][PASSED] - Delayed 2 second(s)

2019-06-26 16:18:53 - [MESSAGE][PASSED] - Object: 'Object Repository/LightPollutionReduction/FixtureShielding/button_Yes' is clicked on

2019-06-26 16:18:54 - [MESSAGE][PASSED] - Delayed 1 second(s)

2019-06-26 16:18:54 - [MESSAGE][PASSED] - Object: '' is clicked on

2019-06-26 16:18:56 - [MESSAGE][PASSED] - Delayed 2 second(s)

2019-06-26 16:18:56 - [MESSAGE][PASSED] - Object: 'Object Repository/LightPollutionReduction/FixtureShielding/button_Yes' is clicked on

2019-06-26 16:18:58 - [MESSAGE][PASSED] - Delayed 2 second(s)

2019-06-26 16:18:59 - [MESSAGE][PASSED] - Web element with id: 'Object Repository/EnergyEfficiencyBestManagementpractices/AddFile_DC_Pro/Table_DC_Pro' located by 'By.xpath: //*[@id="dcProfToolDocs_files"]/table' is not present after '30' second(s)

2019-06-26 16:18:59 - [MESSAGE][PASSED] - Scroll to object 'Object Repository/EnergyEfficiencyBestManagementpractices/Special Circumstances/AddFile_additionalDoc/Table_additionalDoc' successfully

2019-06-26 16:18:59 - [MESSAGE][PASSED] - Object 'Object Repository/EnergyEfficiencyBestManagementpractices/Special Circumstances/AddFile_additionalDoc/Table_additionalDoc' is present

2019-06-26 16:18:59 - [MESSAGE][PASSED] - Scroll to object 'Object Repository/EnergyEfficiencyBestManagementpractices/Special Circumstances/AddFile_additionalDoc/p_Upload any additional documentation' successfully

2019-06-26 16:19:00 - [MESSAGE][PASSED] - Delayed 1 second(s)

2019-06-26 16:19:00 - [MESSAGE][PASSED] - Object: '' is clicked on

2019-06-26 16:19:02 - [MESSAGE][PASSED] - Delayed 2 second(s)

2019-06-26 16:19:02 - [MESSAGE][PASSED] - Object: 'Object Repository/LightPollutionReduction/FixtureShielding/button_Yes' is clicked on

2019-06-26 16:19:03 - [MESSAGE][PASSED] - Delayed 1 second(s)

2019-06-26 16:19:03 - [MESSAGE][PASSED] - Object: '' is clicked on

2019-06-26 16:19:05 - [MESSAGE][PASSED] - Delayed 2 second(s)

2019-06-26 16:19:06 - [MESSAGE][PASSED] - Object: 'Object Repository/LightPollutionReduction/FixtureShielding/button_Yes' is clicked on

2019-06-26 16:19:07 - [MESSAGE][PASSED] - Delayed 1 second(s)

2019-06-26 16:19:07 - [MESSAGE][PASSED] - Object: '' is clicked on

2019-06-26 16:19:09 - [MESSAGE][PASSED] - Delayed 2 second(s)

2019-06-26 16:19:09 - [MESSAGE][PASSED] - Object: 'Object Repository/LightPollutionReduction/FixtureShielding/button_Yes' is clicked on

2019-06-26 16:19:11 - [MESSAGE][PASSED] - Delayed 2 second(s)

2019-06-26 16:19:11 - [MESSAGE][PASSED] - Web element with id: 'Object Repository/EnergyEfficiencyBestManagementpractices/Special Circumstances/AddFile_additionalDoc/Table_additionalDoc' located by 'By.xpath: //div[@id='splCircumstancesDocs_files']/table' is not present after '30' second(s)

2019-06-26 16:19:11 - [MESSAGE][PASSED] - Run with 'energyEfficiencyBestManagementPractices.Runner_EEBM_DeleteUploadedFiles' was passed

2019-06-26 16:19:11 - [TEST_STEP][PASSED] - Start listener action : sampleAfterTestCase: Browser is closed

2019-06-26 16:19:11 - [TEST_STEP][PASSED] - closeBrowser(): Browser is closed

2019-06-26 16:19:12 - [MESSAGE][PASSED] - Browser is closed]]></system-out>
         <system-err><![CDATA[]]></system-err>
      </testcase>
      <testcase name="Test Cases/EnergyEfficiencyBestManagementPractices/TC_EEBM_AutoSaveAsDraft" classname="Test Cases/EnergyEfficiencyBestManagementPractices/TC_EEBM_AutoSaveAsDraft" status="PASSED">
         <system-out><![CDATA[2019-06-26 16:19:12 - [TEST_CASE][PASSED] - Test Cases/EnergyEfficiencyBestManagementPractices/TC_EEBM_AutoSaveAsDraft: Test Cases/EnergyEfficiencyBestManagementPractices/TC_EEBM_AutoSaveAsDraft

2019-06-26 16:19:12 - [TEST_STEP][PASSED] - Start listener action : sampleBeforeTestCase: null

2019-06-26 16:19:12 - [TEST_STEP][PASSED] - openBrowser(""): Browser is opened with url: ''

2019-06-26 16:19:12 - [MESSAGE][INFO] - Starting 'Chrome' driver

2019-06-26 16:19:12 - [MESSAGE][INFO] - User set preference: ['args', '[--window-size=1920,1080]']

2019-06-26 16:19:15 - [MESSAGE][PASSED] - Browser is opened with url: ''

2019-06-26 16:19:15 - [TEST_STEP][PASSED] - driver = getWebDriver(): null

2019-06-26 16:19:15 - [TEST_STEP][PASSED] - println("The driver is ########### " + driver): null

2019-06-26 16:19:15 - [TEST_STEP][PASSED] - downloadPath = "H:\Git Projects\Usgbc_LeedOnline_ScoreCard\Usgbc_LeedOnline_ScoreCard\Include\TestData\DownloadedFiles": null

2019-06-26 16:19:15 - [TEST_STEP][PASSED] - projectKeywords().sendCommandForDownloadChromeHeadLess(driver.getCommandExecutor(), driver.getSessionId(), downloadPath): null

2019-06-26 16:19:15 - [TEST_STEP][PASSED] - runWithCucumberRunner(energyEfficiencyBestManagementPractices.Runner_EEBM_AutoSaveAsDraft): Run with 'energyEfficiencyBestManagementPractices.Runner_EEBM_AutoSaveAsDraft' was passed

2019-06-26 16:19:15 - [TEST_CASE][PASSED] - Test Cases/EnergyEfficiencyBestManagementPractices/TC_EEBM_Navigation: Test Cases/EnergyEfficiencyBestManagementPractices/TC_EEBM_Navigation

2019-06-26 16:19:16 - [TEST_STEP][PASSED] - runWithCucumberRunner(energyEfficiencyBestManagementPractices.Runner_EEBM_Navigation): Run with 'energyEfficiencyBestManagementPractices.Runner_EEBM_Navigation' was passed

2019-06-26 16:19:16 - [TEST_CASE][PASSED] - Test Cases/Login/TC_Login: Test Cases/Login/TC_Login

2019-06-26 16:19:16 - [TEST_STEP][PASSED] - runWithCucumberRunner(common.Runner_Login): Run with 'common.Runner_Login' was passed

2019-06-26 16:19:21 - [MESSAGE][PASSED] - Navigate to 'https://leedonline-stg.usgbc.org' successfully

2019-06-26 16:19:23 - [MESSAGE][PASSED] - Delayed 2 second(s)

2019-06-26 16:19:23 - [MESSAGE][PASSED] - Text 'automationbdd1@gmail.com' is set on object 'Object Repository/Login/input_username'

2019-06-26 16:19:23 - [MESSAGE][PASSED] - Text 'initpass' is set on object 'Object Repository/Login/input_password'

2019-06-26 16:19:26 - [MESSAGE][PASSED] - Delayed 3 second(s)

2019-06-26 16:19:26 - [MESSAGE][PASSED] - Scroll to object 'Object Repository/Login/span_End User License Agreement' successfully

2019-06-26 16:19:26 - [MESSAGE][PASSED] - Object 'Object Repository/Login/span_End User License Agreement' is visible

2019-06-26 16:19:26 - [MESSAGE][PASSED] - Object 'Object Repository/Login/span_End User License Agreement' is checked

2019-06-26 16:19:27 - [MESSAGE][PASSED] - Delayed 1 second(s)

2019-06-26 16:19:27 - [MESSAGE][PASSED] - Object: 'Object Repository/Login/button_Log In' is clicked on

2019-06-26 16:19:35 - [MESSAGE][PASSED] - Object: '' is clicked on

2019-06-26 16:19:37 - [MESSAGE][PASSED] - Object: 'Object Repository/Login/a_Credits' is clicked on

2019-06-26 16:19:37 - [MESSAGE][PASSED] - Run with 'common.Runner_Login' was passed

2019-06-26 16:19:37 - [MESSAGE][PASSED] - Call Test Case 'Test Cases/Login/TC_Login' successfully

2019-06-26 16:19:37 - [MESSAGE][PASSED] - Scroll to object 'Object Repository/EnergyEfficiencyBestManagementpractices/EEBM_Navigation/div_Energy Efficiency Best Management Practices' successfully

2019-06-26 16:19:37 - [MESSAGE][PASSED] - Object 'Object Repository/EnergyEfficiencyBestManagementpractices/EEBM_Navigation/div_Energy Efficiency Best Management Practices' is present

2019-06-26 16:19:37 - [MESSAGE][PASSED] - Text of object 'Object Repository/EnergyEfficiencyBestManagementpractices/EEBM_Navigation/h3_Status' is: 'ATTEMPTED'

2019-06-26 16:19:37 - [MESSAGE][PASSED] - Text of object 'Object Repository/EnergyEfficiencyBestManagementpractices/EEBM_Navigation/divval' is: 'ATTEMPTED'

2019-06-26 16:19:37 - [MESSAGE][PASSED] - Text of object 'Object Repository/EnergyEfficiencyBestManagementpractices/EEBM_Navigation/h3_Status' is: 'ATTEMPTED'

2019-06-26 16:19:37 - [MESSAGE][PASSED] - Object: 'Object Repository/EnergyEfficiencyBestManagementpractices/EEBM_Navigation/div_Energy Efficiency Best Management Practices' is clicked on

2019-06-26 16:19:40 - [MESSAGE][PASSED] - Delayed 3 second(s)

2019-06-26 16:19:45 - [MESSAGE][PASSED] - Object: 'Object Repository/EnergyEfficiencyBestManagementpractices/EEBM_Navigation/span_(V01)' is clicked on

2019-06-26 16:19:45 - [MESSAGE][PASSED] - Object 'Object Repository/EnergyEfficiencyBestManagementpractices/EEBM_Navigation/div_EnergyEfficiencyBestManagement_Credit' is present

2019-06-26 16:19:45 - [MESSAGE][PASSED] - Run with 'energyEfficiencyBestManagementPractices.Runner_EEBM_Navigation' was passed

2019-06-26 16:19:45 - [MESSAGE][PASSED] - Call Test Case 'Test Cases/EnergyEfficiencyBestManagementPractices/TC_EEBM_Navigation' successfully

2019-06-26 16:19:55 - [MESSAGE][PASSED] - Delayed 10 second(s)

2019-06-26 16:19:55 - [MESSAGE][PASSED] - Web element with id: 'Object Repository/EnergyEfficiencyBestManagementpractices/Autosave/span_Last draft saved on' located by 'By.xpath: //*[@id="credit-form"]/div[5]/div/span/span' is not present after '2' second(s)

2019-06-26 16:20:06 - [MESSAGE][PASSED] - Delayed 10 second(s)

2019-06-26 16:20:06 - [MESSAGE][WARNING] - Timeout '0' is invalid. Using default page load timeout: '30'

2019-06-26 16:20:06 - [MESSAGE][PASSED] - Scroll to object 'Object Repository/EnergyEfficiencyBestManagementpractices/AddFile_ASHRAE_preliminary/input_ASHRAE_preliminary' successfully

2019-06-26 16:20:06 - [MESSAGE][PASSED] - File 'H:/Git Projects/Usgbc_LeedOnline_ScoreCard/Usgbc_LeedOnline_ScoreCard/Include/TestData/MultipleFileDiffExt/ZZ.pdf' sent to object: 'Object Repository/EnergyEfficiencyBestManagementpractices/AddFile_ASHRAE_preliminary/input_ASHRAE_preliminary'

2019-06-26 16:20:06 - [MESSAGE][WARNING] - Timeout '0' is invalid. Using default page load timeout: '30'

2019-06-26 16:20:06 - [MESSAGE][PASSED] - Scroll to object 'Object Repository/EnergyEfficiencyBestManagementpractices/AddFile_CFR/input_current_facility_requirements' successfully

2019-06-26 16:20:06 - [MESSAGE][PASSED] - File 'H:/Git Projects/Usgbc_LeedOnline_ScoreCard/Usgbc_LeedOnline_ScoreCard/Include/TestData/MultipleFileDiffExt/ZZ.pdf' sent to object: 'Object Repository/EnergyEfficiencyBestManagementpractices/AddFile_CFR/input_current_facility_requirements'

2019-06-26 16:20:06 - [MESSAGE][WARNING] - Timeout '0' is invalid. Using default page load timeout: '30'

2019-06-26 16:20:06 - [MESSAGE][PASSED] - Scroll to object 'Object Repository/EnergyEfficiencyBestManagementpractices/AddFile_DC_Pro/input_DC_Pro' successfully

2019-06-26 16:20:06 - [MESSAGE][PASSED] - File 'H:/Git Projects/Usgbc_LeedOnline_ScoreCard/Usgbc_LeedOnline_ScoreCard/Include/TestData/MultipleFileDiffExt/ZZ.pdf' sent to object: 'Object Repository/EnergyEfficiencyBestManagementpractices/AddFile_DC_Pro/input_DC_Pro'

2019-06-26 16:20:06 - [MESSAGE][WARNING] - Timeout '0' is invalid. Using default page load timeout: '30'

2019-06-26 16:20:06 - [MESSAGE][PASSED] - Scroll to object 'Object Repository/EnergyEfficiencyBestManagementpractices/Special Circumstances/AddFile_additionalDoc/input_additionalDoc' successfully

2019-06-26 16:20:06 - [MESSAGE][PASSED] - File 'H:/Git Projects/Usgbc_LeedOnline_ScoreCard/Usgbc_LeedOnline_ScoreCard/Include/TestData/MultipleFileDiffExt/ZZ.pdf' sent to object: 'Object Repository/EnergyEfficiencyBestManagementpractices/Special Circumstances/AddFile_additionalDoc/input_additionalDoc'

2019-06-26 16:20:21 - [MESSAGE][PASSED] - Delayed 15 second(s)

2019-06-26 16:20:22 - [MESSAGE][PASSED] - Web element with id: 'Object Repository/EnergyEfficiencyBestManagementpractices/Autosave/span_Last draft saved on' located by 'By.xpath: //*[@id="credit-form"]/div[5]/div/span/span' is not present after '2' second(s)

2019-06-26 16:20:22 - [MESSAGE][PASSED] - Object 'Object Repository/EnergyEfficiencyBestManagementpractices/checkbox_date_EEBM/input' is present

2019-06-26 16:20:22 - [MESSAGE][PASSED] - Object 'Object Repository/EnergyEfficiencyBestManagementpractices/checkbox_date_EEBM/input' is un-checked

2019-06-26 16:20:32 - [MESSAGE][PASSED] - Delayed 10 second(s)

2019-06-26 16:20:32 - [MESSAGE][PASSED] - Object 'Object Repository/EnergyEfficiencyBestManagementpractices/Autosave/span_Last draft saved on' is present

2019-06-26 16:20:32 - [MESSAGE][PASSED] - Text of object 'Object Repository/EnergyEfficiencyBestManagementpractices/Autosave/span_Last draft saved on' is: 'Last draft saved on: 26 Jun 2019 04:20:25 PM  Clear draft'

2019-06-26 16:20:32 - [MESSAGE][PASSED] - Object 'Object Repository/EnergyEfficiencyBestManagementpractices/checkbox_date_EEBM/input_date' is present

2019-06-26 16:20:32 - [MESSAGE][PASSED] - Object: 'Object Repository/EnergyEfficiencyBestManagementpractices/checkbox_date_EEBM/input_date' is clicked on

2019-06-26 16:20:32 - [MESSAGE][PASSED] - Object: 'Object Repository/EnergyEfficiencyBestManagementpractices/checkbox_date_EEBM/span_16' is clicked on

2019-06-26 16:20:32 - [MESSAGE][PASSED] - Object 'Object Repository/EnergyEfficiencyBestManagementpractices/Autosave/span_Last draft saved on' is present

2019-06-26 16:20:33 - [MESSAGE][PASSED] - Text of object 'Object Repository/EnergyEfficiencyBestManagementpractices/Autosave/span_Last draft saved on' is: 'Last draft saved on: 26 Jun 2019 04:20:25 PM  Clear draft'

2019-06-26 16:20:33 - [MESSAGE][PASSED] - Actual text 'null' and expected text 'Last draft saved on: 26 Jun 2019 04:20:25 PM  Clear draft' are not matched 

2019-06-26 16:20:33 - [MESSAGE][PASSED] - Object 'Object Repository/EnergyEfficiencyBestManagementpractices/Special Circumstances/EditorBox_splCircum/p_EditorBox' is present

2019-06-26 16:20:33 - [MESSAGE][PASSED] - Text 'Test Data for Narrative' is set on object 'Object Repository/EnergyEfficiencyBestManagementpractices/Special Circumstances/EditorBox_splCircum/body_splCircum'

2019-06-26 16:20:43 - [MESSAGE][PASSED] - Delayed 10 second(s)

2019-06-26 16:20:43 - [MESSAGE][PASSED] - Object 'Object Repository/EnergyEfficiencyBestManagementpractices/Autosave/span_Last draft saved on' is present

2019-06-26 16:20:43 - [MESSAGE][PASSED] - Text of object 'Object Repository/EnergyEfficiencyBestManagementpractices/Autosave/span_Last draft saved on' is: 'Last draft saved on: 26 Jun 2019 04:20:35 PM  Clear draft'

2019-06-26 16:20:43 - [MESSAGE][PASSED] - Actual text 'null' and expected text 'Last draft saved on: 26 Jun 2019 04:20:35 PM  Clear draft' are not matched 

2019-06-26 16:20:43 - [MESSAGE][PASSED] - Object 'Object Repository/EnergyEfficiencyBestManagementpractices/Autosave/span_Last draft saved on' is present

2019-06-26 16:20:43 - [MESSAGE][PASSED] - Object 'Object Repository/EnergyEfficiencyBestManagementpractices/btn_Save' is present

2019-06-26 16:20:53 - [MESSAGE][PASSED] - Delayed 10 second(s)

2019-06-26 16:20:54 - [MESSAGE][PASSED] - Object: 'Object Repository/EnergyEfficiencyBestManagementpractices/btn_Save' is clicked on

2019-06-26 16:21:04 - [MESSAGE][PASSED] - Delayed 10 second(s)

2019-06-26 16:21:04 - [MESSAGE][PASSED] - Web element with id: 'Object Repository/GreenCleaningPolicy/div_Form drafted and not yet saved' located by 'By.xpath: //div[@id='draftDataWarning']' is not present after '2' second(s)

2019-06-26 16:21:04 - [MESSAGE][PASSED] - Scroll to object 'Object Repository/EnergyEfficiencyBestManagementpractices/AddFile_ASHRAE_preliminary/p_Upload the ASHRAE preliminary' successfully

2019-06-26 16:21:05 - [MESSAGE][PASSED] - Delayed 1 second(s)

2019-06-26 16:21:05 - [MESSAGE][PASSED] - Object: '' is clicked on

2019-06-26 16:21:07 - [MESSAGE][PASSED] - Delayed 2 second(s)

2019-06-26 16:21:07 - [MESSAGE][PASSED] - Object: 'Object Repository/LightPollutionReduction/FixtureShielding/button_Yes' is clicked on

2019-06-26 16:21:07 - [MESSAGE][PASSED] - Scroll to object 'Object Repository/EnergyEfficiencyBestManagementpractices/AddFile_CFR/p_current_facility_requirements' successfully

2019-06-26 16:21:08 - [MESSAGE][PASSED] - Delayed 1 second(s)

2019-06-26 16:21:09 - [MESSAGE][PASSED] - Object: '' is clicked on

2019-06-26 16:21:11 - [MESSAGE][PASSED] - Delayed 2 second(s)

2019-06-26 16:21:11 - [MESSAGE][PASSED] - Object: 'Object Repository/LightPollutionReduction/FixtureShielding/button_Yes' is clicked on

2019-06-26 16:21:11 - [MESSAGE][PASSED] - Scroll to object 'Object Repository/EnergyEfficiencyBestManagementpractices/AddFile_DC_Pro/p_DC_Pro' successfully

2019-06-26 16:21:12 - [MESSAGE][PASSED] - Delayed 1 second(s)

2019-06-26 16:21:12 - [MESSAGE][PASSED] - Object: '' is clicked on

2019-06-26 16:21:14 - [MESSAGE][PASSED] - Delayed 2 second(s)

2019-06-26 16:21:14 - [MESSAGE][PASSED] - Object: 'Object Repository/LightPollutionReduction/FixtureShielding/button_Yes' is clicked on

2019-06-26 16:21:15 - [MESSAGE][PASSED] - Scroll to object 'Object Repository/EnergyEfficiencyBestManagementpractices/Special Circumstances/AddFile_additionalDoc/p_Upload any additional documentation' successfully

2019-06-26 16:21:16 - [MESSAGE][PASSED] - Delayed 1 second(s)

2019-06-26 16:21:16 - [MESSAGE][PASSED] - Object: '' is clicked on

2019-06-26 16:21:18 - [MESSAGE][PASSED] - Delayed 2 second(s)

2019-06-26 16:21:18 - [MESSAGE][PASSED] - Object: 'Object Repository/LightPollutionReduction/FixtureShielding/button_Yes' is clicked on

2019-06-26 16:21:21 - [MESSAGE][PASSED] - Delayed 3 second(s)

2019-06-26 16:21:21 - [MESSAGE][PASSED] - Object 'Object Repository/EnergyEfficiencyBestManagementpractices/Special Circumstances/EditorBox_splCircum/p_EditorBox' is present

2019-06-26 16:21:22 - [MESSAGE][PASSED] - Text 'Test Narrative' is set on object 'Object Repository/EnergyEfficiencyBestManagementpractices/Special Circumstances/EditorBox_splCircum/body_splCircum'

2019-06-26 16:21:32 - [MESSAGE][PASSED] - Delayed 10 second(s)

2019-06-26 16:21:32 - [MESSAGE][PASSED] - Object 'Object Repository/EnergyEfficiencyBestManagementpractices/Autosave/span_Last draft saved on' is present

2019-06-26 16:21:32 - [MESSAGE][PASSED] - Object: 'Object Repository/EnergyEfficiencyBestManagementpractices/Autosave/a_Clear draft' is clicked on

2019-06-26 16:21:32 - [MESSAGE][PASSED] - Object: 'Object Repository/EnergyEfficiencyBestManagementpractices/Autosave/button_Yes' is clicked on

2019-06-26 16:21:37 - [MESSAGE][PASSED] - Delayed 5 second(s)

2019-06-26 16:21:37 - [MESSAGE][PASSED] - Object 'Object Repository/EnergyEfficiencyBestManagementpractices/Special Circumstances/EditorBox_splCircum/p_EditorBox' is present

2019-06-26 16:21:37 - [MESSAGE][PASSED] - Text 'Test Logout and Login' is set on object 'Object Repository/EnergyEfficiencyBestManagementpractices/Special Circumstances/EditorBox_splCircum/body_splCircum'

2019-06-26 16:21:47 - [MESSAGE][PASSED] - Delayed 10 second(s)

2019-06-26 16:21:48 - [MESSAGE][PASSED] - Text of object 'Object Repository/EnergyEfficiencyBestManagementpractices/Autosave/span_Last draft saved on' is: 'Last draft saved on: 26 Jun 2019 04:21:45 PM  Clear draft'

2019-06-26 16:21:48 - [MESSAGE][PASSED] - Object: 'Object Repository/EnergyEfficiencyBestManagementpractices/Autosave/div_Signout' is clicked on

2019-06-26 16:21:49 - [MESSAGE][PASSED] - Object: 'Object Repository/EnergyEfficiencyBestManagementpractices/Autosave/a_Sign out' is clicked on

2019-06-26 16:21:51 - [MESSAGE][PASSED] - Delayed 2 second(s)

2019-06-26 16:21:51 - [MESSAGE][WARNING] - A browser is already opened. Closing browser and opening a new one

2019-06-26 16:21:52 - [MESSAGE][INFO] - Starting 'Chrome' driver

2019-06-26 16:21:52 - [MESSAGE][INFO] - User set preference: ['args', '[--window-size=1920,1080]']

2019-06-26 16:21:54 - [MESSAGE][PASSED] - Browser is opened with url: ''

2019-06-26 16:21:58 - [MESSAGE][PASSED] - Navigate to 'https://leedonline-stg.usgbc.org' successfully

2019-06-26 16:22:00 - [MESSAGE][PASSED] - Delayed 2 second(s)

2019-06-26 16:22:01 - [MESSAGE][PASSED] - Text 'automationbdd1@gmail.com' is set on object 'Object Repository/Login/input_username'

2019-06-26 16:22:01 - [MESSAGE][PASSED] - Text 'initpass' is set on object 'Object Repository/Login/input_password'

2019-06-26 16:22:04 - [MESSAGE][PASSED] - Delayed 3 second(s)

2019-06-26 16:22:04 - [MESSAGE][PASSED] - Scroll to object 'Object Repository/Login/span_End User License Agreement' successfully

2019-06-26 16:22:04 - [MESSAGE][PASSED] - Object 'Object Repository/Login/span_End User License Agreement' is visible

2019-06-26 16:22:04 - [MESSAGE][PASSED] - Object 'Object Repository/Login/span_End User License Agreement' is checked

2019-06-26 16:22:05 - [MESSAGE][PASSED] - Delayed 1 second(s)

2019-06-26 16:22:05 - [MESSAGE][PASSED] - Object: 'Object Repository/Login/button_Log In' is clicked on

2019-06-26 16:22:14 - [MESSAGE][PASSED] - Object: '' is clicked on

2019-06-26 16:22:16 - [MESSAGE][PASSED] - Object: 'Object Repository/Login/a_Credits' is clicked on

2019-06-26 16:22:18 - [MESSAGE][PASSED] - Delayed 2 second(s)

2019-06-26 16:22:18 - [MESSAGE][PASSED] - Object: 'Object Repository/EnergyEfficiencyBestManagementpractices/EEBM_Navigation/div_Energy Efficiency Best Management Practices' is clicked on

2019-06-26 16:22:20 - [MESSAGE][PASSED] - Delayed 2 second(s)

2019-06-26 16:22:25 - [MESSAGE][PASSED] - Object: 'Object Repository/EnergyEfficiencyBestManagementpractices/EEBM_Navigation/span_(V01)' is clicked on

2019-06-26 16:22:25 - [MESSAGE][PASSED] - Object 'Object Repository/EnergyEfficiencyBestManagementpractices/Autosave/div_Form drafted and not yet saved' is present

2019-06-26 16:22:25 - [MESSAGE][PASSED] - Object 'Object Repository/EnergyEfficiencyBestManagementpractices/Autosave/Last draft saved dateTime_warningDiv' is present

2019-06-26 16:22:25 - [MESSAGE][PASSED] - Text of object 'Object Repository/EnergyEfficiencyBestManagementpractices/Autosave/Last draft saved dateTime_warningDiv' is: 'Last draft saved on: 26 Jun 2019 04:21:45 PM  Clear draft'

2019-06-26 16:22:25 - [MESSAGE][PASSED] - Actual text 'Last draft saved on: 26 Jun 2019 04:21:45 PM  Clear draft' and expected text 'Last draft saved on: 26 Jun 2019 04:21:45 PM  Clear draft' are matched 

2019-06-26 16:22:27 - [MESSAGE][PASSED] - Delayed 2 second(s)

2019-06-26 16:22:28 - [MESSAGE][PASSED] - Object: 'Object Repository/EnergyEfficiencyBestManagementpractices/Autosave/a_Clear draft' is clicked on

2019-06-26 16:22:28 - [MESSAGE][PASSED] - Object: 'Object Repository/EnergyEfficiencyBestManagementpractices/Autosave/button_Yes' is clicked on

2019-06-26 16:22:28 - [MESSAGE][PASSED] - Run with 'energyEfficiencyBestManagementPractices.Runner_EEBM_AutoSaveAsDraft' was passed

2019-06-26 16:22:28 - [TEST_STEP][PASSED] - Start listener action : sampleAfterTestCase: Browser is closed

2019-06-26 16:22:28 - [TEST_STEP][PASSED] - closeBrowser(): Browser is closed

2019-06-26 16:22:29 - [MESSAGE][PASSED] - Browser is closed]]></system-out>
         <system-err><![CDATA[]]></system-err>
      </testcase>
      <system-out><![CDATA[2019-06-26 16:09:29 - [TEST_SUITE][PASSED] - EEBM_SmokeTest: Test Cases/EnergyEfficiencyBestManagementPractices/TC_EEBM_AutoSaveAsDraft]]></system-out>
      <system-err><![CDATA[]]></system-err>
   </testsuite>
</testsuites>
