<?xml version="1.0" encoding="UTF-8"?>
<testsuites name="IPM_SmokeTest" time="198" tests="1" failures="0" errors="0">
   <testsuite name="IPM_SmokeTest" tests="1" failures="0" errors="0" time="198" timestamp="2019-06-10 13:08:03" hostname="Promantus Inc - G10PROLT021" id="Test Suites/IPM_SmokeTest">
      <properties>
         <property name="deviceName" value=""/>
         <property name="devicePlatform" value=""/>
         <property name="logFolder" value="G:\\Sabareesh\\MyGitRepos\\Usgbc_LeedOnline_ScoreCard\\Usgbc_LeedOnline_ScoreCard\\Reports\\IPM_SmokeTest\\20190610_130800"/>
         <property name="logFiles" value="G:\\Sabareesh\\MyGitRepos\\Usgbc_LeedOnline_ScoreCard\\Usgbc_LeedOnline_ScoreCard\\Reports\\IPM_SmokeTest\\20190610_130800\\execution0.log"/>
         <property name="attachments" value=""/>
         <property name="hostName" value="Promantus Inc - G10PROLT021"/>
         <property name="os" value="Windows 10 64bit"/>
         <property name="katalonVersion" value="6.0.5.4"/>
         <property name="browser" value="Chrome 74.0.3729.169"/>
         <property name="hostAddress" value="192.168.1.100"/>
         <property name="sessionId" value="92259504c4a153ee183eab0394e1b328"/>
         <property name="seleniumVersion" value="3.7.1"/>
         <property name="proxyInformation" value="ProxyInformation{proxyOption=NO_PROXY, proxyServerType=HTTP, password=, proxyServerAddress=, proxyServerPort=0}"/>
         <property name="platform" value="Windows 10"/>
      </properties>
      <testcase name="Test Cases/IntegratedPestManagement/TC_IPM_InHouseProgram" classname="Test Cases/IntegratedPestManagement/TC_IPM_InHouseProgram" status="PASSED">
         <system-out><![CDATA[2019-06-10 13:08:04 - [TEST_CASE][PASSED] - Test Cases/IntegratedPestManagement/TC_IPM_InHouseProgram: Test Cases/IntegratedPestManagement/TC_IPM_InHouseProgram

2019-06-10 13:08:04 - [TEST_STEP][PASSED] - Start listener action : sampleBeforeTestCase: null

2019-06-10 13:08:04 - [TEST_STEP][PASSED] - openBrowser(""): Browser is opened with url: ''

2019-06-10 13:08:04 - [MESSAGE][INFO] - Starting 'Chrome' driver

2019-06-10 13:08:04 - [MESSAGE][INFO] - User set preference: ['args', '[--window-size=1920,1080]']

2019-06-10 13:08:04 - [MESSAGE][INFO] - Action delay is set to 0 seconds

2019-06-10 13:08:09 - [MESSAGE][PASSED] - Browser is opened with url: ''

2019-06-10 13:08:09 - [TEST_STEP][PASSED] - driver = getWebDriver(): null

2019-06-10 13:08:09 - [TEST_STEP][PASSED] - println("The driver is ########### " + driver): null

2019-06-10 13:08:09 - [TEST_STEP][PASSED] - downloadPath = "G:\Sabareesh\MyGitRepos\Usgbc_LeedOnline_ScoreCard\Usgbc_LeedOnline_ScoreCard\Include\TestData\DownloadedFiles": null

2019-06-10 13:08:09 - [TEST_STEP][PASSED] - projectKeywords().sendCommandForDownloadChromeHeadLess(driver.getCommandExecutor(), driver.getSessionId(), downloadPath): null

2019-06-10 13:08:10 - [TEST_STEP][PASSED] - runWithCucumberRunner(integratedPestMgmtForm.Runner_IPM_InHouseProgram): Run with 'integratedPestMgmtForm.Runner_IPM_InHouseProgram' was passed

2019-06-10 13:08:14 - [TEST_CASE][PASSED] - Test Cases/IntegratedPestManagement/TC_NavigateToIPM: Test Cases/IntegratedPestManagement/TC_NavigateToIPM

2019-06-10 13:08:14 - [TEST_STEP][PASSED] - runWithCucumberRunner(integratedPestMgmtForm.Runner_NavigateToIPM): Run with 'integratedPestMgmtForm.Runner_NavigateToIPM' was passed

2019-06-10 13:08:15 - [TEST_CASE][PASSED] - Test Cases/Login/TC_Login: Test Cases/Login/TC_Login

2019-06-10 13:08:16 - [TEST_STEP][PASSED] - runWithCucumberRunner(common.Runner_Login): Run with 'common.Runner_Login' was passed

2019-06-10 13:08:20 - [MESSAGE][PASSED] - Navigate to 'https://leedonline-stg.usgbc.org' successfully

2019-06-10 13:08:22 - [MESSAGE][PASSED] - Delayed 2 second(s)

2019-06-10 13:08:22 - [MESSAGE][PASSED] - Text 'jaypeejay@hotmail.com' is set on object 'Object Repository/Login/input_username'

2019-06-10 13:08:23 - [MESSAGE][PASSED] - Text 'initpass' is set on object 'Object Repository/Login/input_password'

2019-06-10 13:08:26 - [MESSAGE][PASSED] - Delayed 3 second(s)

2019-06-10 13:08:26 - [MESSAGE][PASSED] - Scroll to object 'Object Repository/Login/span_End User License Agreement' successfully

2019-06-10 13:08:26 - [MESSAGE][PASSED] - Object 'Object Repository/Login/span_End User License Agreement' is visible

2019-06-10 13:08:26 - [MESSAGE][PASSED] - Object 'Object Repository/Login/span_End User License Agreement' is checked

2019-06-10 13:08:27 - [MESSAGE][PASSED] - Delayed 1 second(s)

2019-06-10 13:08:27 - [MESSAGE][PASSED] - Object: 'Object Repository/Login/button_Log In' is clicked on

2019-06-10 13:08:33 - [MESSAGE][PASSED] - Object: '' is clicked on

2019-06-10 13:08:34 - [MESSAGE][PASSED] - Object: 'Object Repository/Login/a_Credits' is clicked on

2019-06-10 13:08:35 - [MESSAGE][PASSED] - Run with 'common.Runner_Login' was passed

2019-06-10 13:08:35 - [MESSAGE][PASSED] - Call Test Case 'Test Cases/Login/TC_Login' successfully

2019-06-10 13:08:35 - [MESSAGE][PASSED] - Scroll to object 'Object Repository/IntegratedPestMgmt/Navigation/div_Integrated Pest Management' successfully

2019-06-10 13:08:35 - [MESSAGE][PASSED] - Object 'Object Repository/IntegratedPestMgmt/Navigation/div_Integrated Pest Management' is present

2019-06-10 13:08:35 - [MESSAGE][PASSED] - Text of object 'Object Repository/IntegratedPestMgmt/Navigation/h3_Status' is: 'READY FOR REVIEW'

2019-06-10 13:08:35 - [MESSAGE][PASSED] - Object: 'Object Repository/IntegratedPestMgmt/Navigation/a_MarkReadyForReview' is clicked on

2019-06-10 13:08:40 - [MESSAGE][PASSED] - Delayed 5 second(s)

2019-06-10 13:08:40 - [MESSAGE][PASSED] - Text of object 'Object Repository/IntegratedPestMgmt/Navigation/h3_Status' is: 'ATTEMPTED'

2019-06-10 13:08:40 - [MESSAGE][PASSED] - Object: 'Object Repository/IntegratedPestMgmt/Navigation/div_Integrated Pest Management' is clicked on

2019-06-10 13:08:45 - [MESSAGE][PASSED] - Object: 'Object Repository/IntegratedPestMgmt/Navigation/a_Form (V01)' is clicked on

2019-06-10 13:08:45 - [MESSAGE][PASSED] - Object 'Object Repository/IntegratedPestMgmt/Navigation/div_IPMForm' is present

2019-06-10 13:08:45 - [MESSAGE][PASSED] - Run with 'integratedPestMgmtForm.Runner_NavigateToIPM' was passed

2019-06-10 13:08:45 - [MESSAGE][PASSED] - Call Test Case 'Test Cases/IntegratedPestManagement/TC_NavigateToIPM' successfully

2019-06-10 13:08:45 - [MESSAGE][PASSED] - Object 'Object Repository/IntegratedPestMgmt/Option_IPMProgram/Input_Option1_RadioBtn' is present

2019-06-10 13:08:45 - [MESSAGE][PASSED] - Object: 'Object Repository/IntegratedPestMgmt/Option_IPMProgram/Input_Option1_RadioBtn' is clicked on

2019-06-10 13:08:47 - [MESSAGE][PASSED] - Delayed 2 second(s)

2019-06-10 13:08:47 - [MESSAGE][PASSED] - Text 'Option 1. In-house IPM program' is present on page 

2019-06-10 13:08:47 - [MESSAGE][PASSED] - Object 'Object Repository/IntegratedPestMgmt/Option_IPMProgram/AddFile_IntegratedPestMngmnt/p_IntegrartedPestMngnt' is present

2019-06-10 13:08:47 - [MESSAGE][PASSED] - Scroll to object 'Object Repository/IntegratedPestMgmt/Option_IPMProgram/AddFile_IntegratedPestMngmnt/p_IntegrartedPestMngnt' successfully

2019-06-10 13:08:47 - [MESSAGE][PASSED] - Object 'Object Repository/IntegratedPestMgmt/Option_IPMProgram/AddFile_IntegratedPestMngmnt/btn_AddFile' has attribute 'class' with value 'tiny ui button'

2019-06-10 13:08:48 - [MESSAGE][PASSED] - File 'G:\Sabareesh\MyGitRepos\Usgbc_LeedOnline_ScoreCard\Usgbc_LeedOnline_ScoreCard\Include\TestData\MultipleFileDiffExt\SampleGIFImage_350kbmb.gif' sent to object: 'Object Repository/IntegratedPestMgmt/Option_IPMProgram/AddFile_IntegratedPestMngmnt/input_Addfile'

2019-06-10 13:08:49 - [MESSAGE][PASSED] - Delayed 1 second(s)

2019-06-10 13:08:55 - [MESSAGE][PASSED] - Object 'Object Repository/IntegratedPestMgmt/Option_IPMProgram/AddFile_IntegratedPestMngmnt/btn_AddFile' has attribute 'class' with value 'tiny ui button'

2019-06-10 13:08:55 - [MESSAGE][PASSED] - File 'G:\Sabareesh\MyGitRepos\Usgbc_LeedOnline_ScoreCard\Usgbc_LeedOnline_ScoreCard\Include\TestData\MultipleFileDiffExt\SamplePPTFile_1000kb.ppt' sent to object: 'Object Repository/IntegratedPestMgmt/Option_IPMProgram/AddFile_IntegratedPestMngmnt/input_Addfile'

2019-06-10 13:08:56 - [MESSAGE][PASSED] - Delayed 1 second(s)

2019-06-10 13:09:08 - [MESSAGE][PASSED] - Object 'Object Repository/IntegratedPestMgmt/Option_IPMProgram/AddFile_IntegratedPestMngmnt/btn_AddFile' has attribute 'class' with value 'tiny ui button'

2019-06-10 13:09:08 - [MESSAGE][PASSED] - File 'G:\Sabareesh\MyGitRepos\Usgbc_LeedOnline_ScoreCard\Usgbc_LeedOnline_ScoreCard\Include\TestData\MultipleFileDiffExt\ZZ.pdf' sent to object: 'Object Repository/IntegratedPestMgmt/Option_IPMProgram/AddFile_IntegratedPestMngmnt/input_Addfile'

2019-06-10 13:09:09 - [MESSAGE][PASSED] - Delayed 1 second(s)

2019-06-10 13:09:09 - [MESSAGE][PASSED] - Object 'Object Repository/IntegratedPestMgmt/Option_IPMProgram/AddFile_Examples_Documentation/p_AddFileDocumentation' is present

2019-06-10 13:09:09 - [MESSAGE][PASSED] - Scroll to object 'Object Repository/IntegratedPestMgmt/Option_IPMProgram/AddFile_Examples_Documentation/p_AddFileDocumentation' successfully

2019-06-10 13:09:09 - [MESSAGE][PASSED] - Object 'Object Repository/IntegratedPestMgmt/Option_IPMProgram/AddFile_Examples_Documentation/btn_AddFile' has attribute 'class' with value 'tiny ui button'

2019-06-10 13:09:09 - [MESSAGE][PASSED] - File 'G:\Sabareesh\MyGitRepos\Usgbc_LeedOnline_ScoreCard\Usgbc_LeedOnline_ScoreCard\Include\TestData\MultipleFileDiffExt\SampleGIFImage_350kbmb.gif' sent to object: 'Object Repository/IntegratedPestMgmt/Option_IPMProgram/AddFile_Examples_Documentation/input_Addfile'

2019-06-10 13:09:11 - [MESSAGE][PASSED] - Delayed 1 second(s)

2019-06-10 13:09:14 - [MESSAGE][PASSED] - Object 'Object Repository/IntegratedPestMgmt/Option_IPMProgram/AddFile_Examples_Documentation/btn_AddFile' has attribute 'class' with value 'tiny ui button'

2019-06-10 13:09:14 - [MESSAGE][PASSED] - File 'G:\Sabareesh\MyGitRepos\Usgbc_LeedOnline_ScoreCard\Usgbc_LeedOnline_ScoreCard\Include\TestData\MultipleFileDiffExt\SamplePPTFile_1000kb.ppt' sent to object: 'Object Repository/IntegratedPestMgmt/Option_IPMProgram/AddFile_Examples_Documentation/input_Addfile'

2019-06-10 13:09:15 - [MESSAGE][PASSED] - Delayed 1 second(s)

2019-06-10 13:09:30 - [MESSAGE][PASSED] - Object 'Object Repository/IntegratedPestMgmt/Option_IPMProgram/AddFile_Examples_Documentation/btn_AddFile' has attribute 'class' with value 'tiny ui button'

2019-06-10 13:09:30 - [MESSAGE][PASSED] - File 'G:\Sabareesh\MyGitRepos\Usgbc_LeedOnline_ScoreCard\Usgbc_LeedOnline_ScoreCard\Include\TestData\MultipleFileDiffExt\ZZ.pdf' sent to object: 'Object Repository/IntegratedPestMgmt/Option_IPMProgram/AddFile_Examples_Documentation/input_Addfile'

2019-06-10 13:09:31 - [MESSAGE][PASSED] - Delayed 1 second(s)

2019-06-10 13:09:31 - [MESSAGE][PASSED] - Object 'Object Repository/IntegratedPestMgmt/Option_IPMProgram/AddFile_PestcideAppList/p_Pesticide_AddFile' is present

2019-06-10 13:09:31 - [MESSAGE][PASSED] - Scroll to object 'Object Repository/IntegratedPestMgmt/Option_IPMProgram/AddFile_PestcideAppList/p_Pesticide_AddFile' successfully

2019-06-10 13:09:31 - [MESSAGE][PASSED] - Object 'Object Repository/IntegratedPestMgmt/Option_IPMProgram/AddFile_PestcideAppList/btn_AddFile' has attribute 'class' with value 'tiny ui button'

2019-06-10 13:09:31 - [MESSAGE][PASSED] - File 'G:\Sabareesh\MyGitRepos\Usgbc_LeedOnline_ScoreCard\Usgbc_LeedOnline_ScoreCard\Include\TestData\MultipleFileDiffExt\SampleGIFImage_350kbmb.gif' sent to object: 'Object Repository/IntegratedPestMgmt/Option_IPMProgram/AddFile_PestcideAppList/input_Addfile'

2019-06-10 13:09:32 - [MESSAGE][PASSED] - Delayed 1 second(s)

2019-06-10 13:09:38 - [MESSAGE][PASSED] - Object 'Object Repository/IntegratedPestMgmt/Option_IPMProgram/AddFile_PestcideAppList/btn_AddFile' has attribute 'class' with value 'tiny ui button'

2019-06-10 13:09:38 - [MESSAGE][PASSED] - File 'G:\Sabareesh\MyGitRepos\Usgbc_LeedOnline_ScoreCard\Usgbc_LeedOnline_ScoreCard\Include\TestData\MultipleFileDiffExt\SamplePPTFile_1000kb.ppt' sent to object: 'Object Repository/IntegratedPestMgmt/Option_IPMProgram/AddFile_PestcideAppList/input_Addfile'

2019-06-10 13:09:39 - [MESSAGE][PASSED] - Delayed 1 second(s)

2019-06-10 13:09:47 - [MESSAGE][PASSED] - Object 'Object Repository/IntegratedPestMgmt/Option_IPMProgram/AddFile_PestcideAppList/btn_AddFile' has attribute 'class' with value 'tiny ui button'

2019-06-10 13:09:47 - [MESSAGE][PASSED] - File 'G:\Sabareesh\MyGitRepos\Usgbc_LeedOnline_ScoreCard\Usgbc_LeedOnline_ScoreCard\Include\TestData\MultipleFileDiffExt\ZZ.pdf' sent to object: 'Object Repository/IntegratedPestMgmt/Option_IPMProgram/AddFile_PestcideAppList/input_Addfile'

2019-06-10 13:09:48 - [MESSAGE][PASSED] - Delayed 1 second(s)

2019-06-10 13:09:49 - [MESSAGE][PASSED] - Object 'Object Repository/IntegratedPestMgmt/SpecialCircumstances/SC_AddFile/p_Upload_AddDoc_SC' is present

2019-06-10 13:09:49 - [MESSAGE][PASSED] - Scroll to object 'Object Repository/IntegratedPestMgmt/SpecialCircumstances/SC_AddFile/p_Upload_AddDoc_SC' successfully

2019-06-10 13:09:49 - [MESSAGE][PASSED] - Object 'Object Repository/IntegratedPestMgmt/SpecialCircumstances/SC_AddFile/btn_AddFile' has attribute 'class' with value 'tiny ui button'

2019-06-10 13:09:49 - [MESSAGE][PASSED] - File 'G:\Sabareesh\MyGitRepos\Usgbc_LeedOnline_ScoreCard\Usgbc_LeedOnline_ScoreCard\Include\TestData\MultipleFileDiffExt\SampleGIFImage_350kbmb.gif' sent to object: 'Object Repository/IntegratedPestMgmt/SpecialCircumstances/SC_AddFile/input_Addfile'

2019-06-10 13:09:50 - [MESSAGE][PASSED] - Delayed 1 second(s)

2019-06-10 13:09:53 - [MESSAGE][PASSED] - Object 'Object Repository/IntegratedPestMgmt/SpecialCircumstances/SC_AddFile/btn_AddFile' has attribute 'class' with value 'tiny ui button'

2019-06-10 13:09:53 - [MESSAGE][PASSED] - File 'G:\Sabareesh\MyGitRepos\Usgbc_LeedOnline_ScoreCard\Usgbc_LeedOnline_ScoreCard\Include\TestData\MultipleFileDiffExt\SamplePPTFile_1000kb.ppt' sent to object: 'Object Repository/IntegratedPestMgmt/SpecialCircumstances/SC_AddFile/input_Addfile'

2019-06-10 13:09:54 - [MESSAGE][PASSED] - Delayed 1 second(s)

2019-06-10 13:10:04 - [MESSAGE][PASSED] - Object 'Object Repository/IntegratedPestMgmt/SpecialCircumstances/SC_AddFile/btn_AddFile' has attribute 'class' with value 'tiny ui button'

2019-06-10 13:10:04 - [MESSAGE][PASSED] - File 'G:\Sabareesh\MyGitRepos\Usgbc_LeedOnline_ScoreCard\Usgbc_LeedOnline_ScoreCard\Include\TestData\MultipleFileDiffExt\ZZ.pdf' sent to object: 'Object Repository/IntegratedPestMgmt/SpecialCircumstances/SC_AddFile/input_Addfile'

2019-06-10 13:10:05 - [MESSAGE][PASSED] - Delayed 1 second(s)

2019-06-10 13:10:05 - [MESSAGE][PASSED] - Scroll to object 'Object Repository/IntegratedPestMgmt/SpecialCircumstances/SC_EditorBox/P_SC_EditorBox' successfully

2019-06-10 13:10:05 - [MESSAGE][PASSED] - Object 'Object Repository/IntegratedPestMgmt/SpecialCircumstances/SC_EditorBox/P_SC_EditorBox' is present

2019-06-10 13:10:10 - [MESSAGE][PASSED] - Text 'Known that everybody have the personal aim. It is defferent . For example, there are some people think that the most important thing in them life is career. While there are other people think that is family. me too. The most important thing with my life is my small and big family. Because I see the mind is the most important. Let think that if you are verry rich while you alway are worry and sad, you will feel not happy. So I think we should spend many time for looking after our family. When we have a happy family, we will have power to try. At that time we will work better. How do you think. Anna and Henry go to the doctor. Anna has an ultrasound scan. 0CKPV' is set on object 'Object Repository/IntegratedPestMgmt/SpecialCircumstances/SC_EditorBox/Body_SC_EditorBox'

2019-06-10 13:10:13 - [MESSAGE][PASSED] - Delayed 3 second(s)

2019-06-10 13:10:13 - [MESSAGE][PASSED] - Text of object 'Object Repository/IntegratedPestMgmt/SpecialCircumstances/SC_EditorBox/Body_SC_EditorBox' is: 'Known that everybody have the personal aim. It is defferent . For example, there are some people think that the most important thing in them life is career. While there are other people think that is family. me too. The most important thing with my life is my small and big family. Because I see the mind is the most important. Let think that if you are verry rich while you alway are worry and sad, you will feel not happy. So I think we should spend many time for looking after our family. When we have a happy family, we will have power to try. At that time we will work better. How do you think. Anna and Henry go to the doctor. Anna has an ultrasound scan. 0CKPV'

2019-06-10 13:10:13 - [MESSAGE][PASSED] - Actual text 'Known that everybody have the personal aim. It is defferent . For example, there are some people think that the most important thing in them life is career. While there are other people think that is family. me too. The most important thing with my life is my small and big family. Because I see the mind is the most important. Let think that if you are verry rich while you alway are worry and sad, you will feel not happy. So I think we should spend many time for looking after our family. When we have a happy family, we will have power to try. At that time we will work better. How do you think. Anna and Henry go to the doctor. Anna has an ultrasound scan. 0CKPV' and expected text 'Known that everybody have the personal aim. It is defferent . For example, there are some people think that the most important thing in them life is career. While there are other people think that is family. me too. The most important thing with my life is my small and big family. Because I see the mind is the most important. Let think that if you are verry rich while you alway are worry and sad, you will feel not happy. So I think we should spend many time for looking after our family. When we have a happy family, we will have power to try. At that time we will work better. How do you think. Anna and Henry go to the doctor. Anna has an ultrasound scan. 0CKPV' are matched 

2019-06-10 13:10:13 - [MESSAGE][PASSED] - Object 'Object Repository/LightPollutionReduction/FixtureShielding/Saveform/btn_Save' is visible

2019-06-10 13:10:13 - [MESSAGE][PASSED] - Object: 'Object Repository/LightPollutionReduction/FixtureShielding/Saveform/btn_Save' is clicked on

2019-06-10 13:10:15 - [MESSAGE][PASSED] - Delayed 2 second(s)

2019-06-10 13:10:15 - [MESSAGE][PASSED] - Text 'Form data saved successfully.' is present on page 

2019-06-10 13:10:15 - [MESSAGE][PASSED] - Scroll to object 'Object Repository/LightPollutionReduction/FixtureShielding/icon_pdf' successfully

2019-06-10 13:10:15 - [MESSAGE][PASSED] - Object 'Object Repository/LightPollutionReduction/FixtureShielding/icon_pdf' is present

2019-06-10 13:10:20 - [MESSAGE][PASSED] - Delayed 5 second(s)

2019-06-10 13:10:21 - [MESSAGE][PASSED] - Object: 'Object Repository/LightPollutionReduction/FixtureShielding/icon_pdf' is clicked on

2019-06-10 13:10:31 - [MESSAGE][PASSED] - Delayed 10 second(s)

2019-06-10 13:10:36 - [MESSAGE][PASSED] - Delayed 5 second(s)

2019-06-10 13:10:36 - [MESSAGE][PASSED] - Scroll to object 'Object Repository/IntegratedPestMgmt/Option_IPMProgram/AddFile_IntegratedPestMngmnt/p_IntegrartedPestMngnt' successfully

2019-06-10 13:10:39 - [MESSAGE][PASSED] - Delayed 2 second(s)

2019-06-10 13:10:44 - [MESSAGE][PASSED] - Delayed 5 second(s)

2019-06-10 13:10:44 - [MESSAGE][PASSED] - Scroll to object 'Object Repository/IntegratedPestMgmt/Option_IPMProgram/AddFile_Examples_Documentation/p_AddFileDocumentation' successfully

2019-06-10 13:10:46 - [MESSAGE][PASSED] - Delayed 2 second(s)

2019-06-10 13:10:51 - [MESSAGE][PASSED] - Delayed 5 second(s)

2019-06-10 13:10:51 - [MESSAGE][PASSED] - Scroll to object 'Object Repository/IntegratedPestMgmt/Option_IPMProgram/AddFile_PestcideAppList/p_Pesticide_AddFile' successfully

2019-06-10 13:10:53 - [MESSAGE][PASSED] - Delayed 2 second(s)

2019-06-10 13:10:58 - [MESSAGE][PASSED] - Delayed 5 second(s)

2019-06-10 13:10:59 - [MESSAGE][PASSED] - Scroll to object 'Object Repository/IntegratedPestMgmt/SpecialCircumstances/SC_EditorBox/P_SC_EditorBox' successfully

2019-06-10 13:10:59 - [MESSAGE][PASSED] - Text of object 'Object Repository/IntegratedPestMgmt/SpecialCircumstances/SC_EditorBox/Body_SC_EditorBox' is: 'Known that everybody have the personal aim. It is defferent . For example, there are some people think that the most important thing in them life is career. While there are other people think that is family. me too. The most important thing with my life is my small and big family. Because I see the mind is the most important. Let think that if you are verry rich while you alway are worry and sad, you will feel not happy. So I think we should spend many time for looking after our family. When we have a happy family, we will have power to try. At that time we will work better. How do you think. Anna and Henry go to the doctor. Anna has an ultrasound scan. 0CKPV'

2019-06-10 13:11:01 - [MESSAGE][PASSED] - Delayed 2 second(s)

2019-06-10 13:11:06 - [MESSAGE][PASSED] - Delayed 5 second(s)

2019-06-10 13:11:06 - [MESSAGE][PASSED] - Scroll to object 'Object Repository/IntegratedPestMgmt/SpecialCircumstances/SC_AddFile/p_Upload_AddDoc_SC' successfully

2019-06-10 13:11:08 - [MESSAGE][PASSED] - Delayed 2 second(s)

2019-06-10 13:11:10 - [MESSAGE][PASSED] - Refresh successfully

2019-06-10 13:11:10 - [MESSAGE][PASSED] - Text of object 'Object Repository/IntegratedPestMgmt/SpecialCircumstances/SC_EditorBox/Body_SC_EditorBox' is: 'Known that everybody have the personal aim. It is defferent . For example, there are some people think that the most important thing in them life is career. While there are other people think that is family. me too. The most important thing with my life is my small and big family. Because I see the mind is the most important. Let think that if you are verry rich while you alway are worry and sad, you will feel not happy. So I think we should spend many time for looking after our family. When we have a happy family, we will have power to try. At that time we will work better. How do you think. Anna and Henry go to the doctor. Anna has an ultrasound scan. 0CKPV'

2019-06-10 13:11:10 - [MESSAGE][PASSED] - Actual text 'Known that everybody have the personal aim. It is defferent . For example, there are some people think that the most important thing in them life is career. While there are other people think that is family. me too. The most important thing with my life is my small and big family. Because I see the mind is the most important. Let think that if you are verry rich while you alway are worry and sad, you will feel not happy. So I think we should spend many time for looking after our family. When we have a happy family, we will have power to try. At that time we will work better. How do you think. Anna and Henry go to the doctor. Anna has an ultrasound scan. 0CKPV' and expected text 'Known that everybody have the personal aim. It is defferent . For example, there are some people think that the most important thing in them life is career. While there are other people think that is family. me too. The most important thing with my life is my small and big family. Because I see the mind is the most important. Let think that if you are verry rich while you alway are worry and sad, you will feel not happy. So I think we should spend many time for looking after our family. When we have a happy family, we will have power to try. At that time we will work better. How do you think. Anna and Henry go to the doctor. Anna has an ultrasound scan. 0CKPV' are matched 

2019-06-10 13:11:12 - [MESSAGE][PASSED] - Delayed 2 second(s)

2019-06-10 13:11:13 - [MESSAGE][PASSED] - Navigate back successfully

2019-06-10 13:11:15 - [MESSAGE][PASSED] - Delayed 2 second(s)

2019-06-10 13:11:15 - [MESSAGE][PASSED] - Text of object 'Object Repository/IntegratedPestMgmt/Navigation/h3_Status' is: 'ATTEMPTED'

2019-06-10 13:11:15 - [MESSAGE][PASSED] - Object: 'Object Repository/IntegratedPestMgmt/Navigation/a_MarkReadyForReview' is clicked on

2019-06-10 13:11:20 - [MESSAGE][PASSED] - Delayed 5 second(s)

2019-06-10 13:11:20 - [MESSAGE][PASSED] - Text of object 'Object Repository/IntegratedPestMgmt/Navigation/h3_Status' is: 'READY FOR REVIEW'

2019-06-10 13:11:20 - [MESSAGE][PASSED] - Run with 'integratedPestMgmtForm.Runner_IPM_InHouseProgram' was passed

2019-06-10 13:11:20 - [TEST_STEP][PASSED] - Start listener action : sampleAfterTestCase: Browser is closed

2019-06-10 13:11:20 - [TEST_STEP][PASSED] - closeBrowser(): Browser is closed

2019-06-10 13:11:21 - [MESSAGE][PASSED] - Browser is closed]]></system-out>
         <system-err><![CDATA[]]></system-err>
      </testcase>
      <system-out><![CDATA[2019-06-10 13:08:03 - [TEST_SUITE][PASSED] - IPM_SmokeTest: Test Cases/IntegratedPestManagement/TC_IPM_InHouseProgram]]></system-out>
      <system-err><![CDATA[]]></system-err>
   </testsuite>
</testsuites>
