<?xml version="1.0" encoding="UTF-8"?>
<testsuites name="EEBM_SmokeTest" time="8" tests="1" failures="0" errors="0">
   <testsuite name="EEBM_SmokeTest" tests="1" failures="0" errors="0" time="8" timestamp="2019-06-26 16:02:42" hostname="promantus inc - G10PROLT025" id="Test Suites/EEBM_SmokeTest">
      <properties>
         <property name="deviceName" value=""/>
         <property name="devicePlatform" value=""/>
         <property name="logFolder" value="H:\\Git Projects\\Usgbc_LeedOnline_ScoreCard\\Usgbc_LeedOnline_ScoreCard\\Reports\\EEBM_SmokeTest\\20190626_160231"/>
         <property name="logFiles" value="H:\\Git Projects\\Usgbc_LeedOnline_ScoreCard\\Usgbc_LeedOnline_ScoreCard\\Reports\\EEBM_SmokeTest\\20190626_160231\\execution0.log"/>
         <property name="attachments" value=""/>
         <property name="hostName" value="promantus inc - G10PROLT025"/>
         <property name="os" value="Windows 10 64bit"/>
         <property name="katalonVersion" value="6.1.3.3"/>
         <property name="browser" value="Chrome 75.0.3770.100"/>
         <property name="hostAddress" value="192.168.232.1"/>
         <property name="sessionId" value="cf5f9fc8f6bc2d4c3b41b5f97cb63b19"/>
         <property name="seleniumVersion" value="3.7.1"/>
         <property name="proxyInformation" value="ProxyInformation{proxyOption=NO_PROXY, proxyServerType=HTTP, password=, proxyServerAddress=, proxyServerPort=0}"/>
         <property name="platform" value="Windows 10"/>
      </properties>
      <testcase name="Test Cases/EnergyEfficiencyBestManagementPractices/TC_EEBM_DeleteUploadedFiles" classname="Test Cases/EnergyEfficiencyBestManagementPractices/TC_EEBM_DeleteUploadedFiles" status="PASSED">
         <system-out><![CDATA[2019-06-26 16:02:43 - [TEST_CASE][PASSED] - Test Cases/EnergyEfficiencyBestManagementPractices/TC_EEBM_DeleteUploadedFiles: Test Cases/EnergyEfficiencyBestManagementPractices/TC_EEBM_DeleteUploadedFiles

2019-06-26 16:02:43 - [TEST_STEP][PASSED] - Start listener action : sampleBeforeTestCase: null

2019-06-26 16:02:43 - [TEST_STEP][PASSED] - openBrowser(""): Browser is opened with url: ''

2019-06-26 16:02:43 - [MESSAGE][INFO] - Starting 'Chrome' driver

2019-06-26 16:02:43 - [MESSAGE][INFO] - User set preference: ['args', '[--window-size=1920,1080]']

2019-06-26 16:02:43 - [MESSAGE][INFO] - Action delay is set to 0 seconds

2019-06-26 16:02:47 - [MESSAGE][PASSED] - Browser is opened with url: ''

2019-06-26 16:02:47 - [TEST_STEP][PASSED] - driver = getWebDriver(): null

2019-06-26 16:02:47 - [TEST_STEP][PASSED] - println("The driver is ########### " + driver): null

2019-06-26 16:02:47 - [TEST_STEP][PASSED] - downloadPath = "H:\Git Projects\Usgbc_LeedOnline_ScoreCard\Usgbc_LeedOnline_ScoreCard\Include\TestData\DownloadedFiles": null

2019-06-26 16:02:47 - [TEST_STEP][PASSED] - projectKeywords().sendCommandForDownloadChromeHeadLess(driver.getCommandExecutor(), driver.getSessionId(), downloadPath): null

2019-06-26 16:02:48 - [TEST_STEP][PASSED] - runWithCucumberRunner(energyEfficiencyBestManagementPractices.Runner_EEBM_DeleteUploadedFiles): Run with 'energyEfficiencyBestManagementPractices.Runner_EEBM_DeleteUploadedFiles' was passed

2019-06-26 16:02:49 - [MESSAGE][PASSED] - Run with 'energyEfficiencyBestManagementPractices.Runner_EEBM_DeleteUploadedFiles' was passed

2019-06-26 16:02:49 - [TEST_STEP][PASSED] - Start listener action : sampleAfterTestCase: Browser is closed

2019-06-26 16:02:49 - [TEST_STEP][PASSED] - closeBrowser(): Browser is closed

2019-06-26 16:02:50 - [MESSAGE][PASSED] - Browser is closed]]></system-out>
         <system-err><![CDATA[]]></system-err>
      </testcase>
      <system-out><![CDATA[2019-06-26 16:02:42 - [TEST_SUITE][PASSED] - EEBM_SmokeTest: Test Cases/EnergyEfficiencyBestManagementPractices/TC_EEBM_DeleteUploadedFiles]]></system-out>
      <system-err><![CDATA[]]></system-err>
   </testsuite>
</testsuites>
